[2023-02-02 17:18:43,883] {processor.py:163} INFO - Started process (PID=102) to work on /home/airflow/.local/lib/python3.7/site-packages/airflow/example_dags/example_xcomargs.py
[2023-02-02 17:18:43,886] {processor.py:642} INFO - Processing file /home/airflow/.local/lib/python3.7/site-packages/airflow/example_dags/example_xcomargs.py for tasks to queue
[2023-02-02 17:18:43,900] {logging_mixin.py:109} INFO - [2023-02-02 17:18:43,900] {dagbag.py:500} INFO - Filling up the DagBag from /home/airflow/.local/lib/python3.7/site-packages/airflow/example_dags/example_xcomargs.py
[2023-02-02 17:18:44,066] {processor.py:654} INFO - DAG(s) dict_keys(['example_xcom_args', 'example_xcom_args_with_operators']) retrieved from /home/airflow/.local/lib/python3.7/site-packages/airflow/example_dags/example_xcomargs.py
[2023-02-02 17:18:47,309] {logging_mixin.py:109} INFO - [2023-02-02 17:18:47,309] {dag.py:2396} INFO - Sync 2 DAGs
[2023-02-02 17:18:47,401] {logging_mixin.py:109} INFO - [2023-02-02 17:18:47,401] {dag.py:2935} INFO - Setting next_dagrun for example_xcom_args to None
[2023-02-02 17:18:47,402] {logging_mixin.py:109} INFO - [2023-02-02 17:18:47,402] {dag.py:2935} INFO - Setting next_dagrun for example_xcom_args_with_operators to None
[2023-02-02 17:18:47,491] {processor.py:171} INFO - Processing /home/airflow/.local/lib/python3.7/site-packages/airflow/example_dags/example_xcomargs.py took 3.630 seconds
[2023-02-02 17:19:17,834] {processor.py:163} INFO - Started process (PID=153) to work on /home/airflow/.local/lib/python3.7/site-packages/airflow/example_dags/example_xcomargs.py
[2023-02-02 17:19:17,856] {processor.py:642} INFO - Processing file /home/airflow/.local/lib/python3.7/site-packages/airflow/example_dags/example_xcomargs.py for tasks to queue
[2023-02-02 17:19:17,863] {logging_mixin.py:109} INFO - [2023-02-02 17:19:17,863] {dagbag.py:500} INFO - Filling up the DagBag from /home/airflow/.local/lib/python3.7/site-packages/airflow/example_dags/example_xcomargs.py
[2023-02-02 17:19:17,972] {processor.py:654} INFO - DAG(s) dict_keys(['example_xcom_args', 'example_xcom_args_with_operators']) retrieved from /home/airflow/.local/lib/python3.7/site-packages/airflow/example_dags/example_xcomargs.py
[2023-02-02 17:19:18,648] {logging_mixin.py:109} INFO - [2023-02-02 17:19:18,647] {dag.py:2396} INFO - Sync 2 DAGs
[2023-02-02 17:19:18,673] {logging_mixin.py:109} INFO - [2023-02-02 17:19:18,673] {dag.py:2935} INFO - Setting next_dagrun for example_xcom_args to None
[2023-02-02 17:19:18,674] {logging_mixin.py:109} INFO - [2023-02-02 17:19:18,673] {dag.py:2935} INFO - Setting next_dagrun for example_xcom_args_with_operators to None
[2023-02-02 17:19:18,696] {processor.py:171} INFO - Processing /home/airflow/.local/lib/python3.7/site-packages/airflow/example_dags/example_xcomargs.py took 0.880 seconds
[2023-02-02 17:19:51,708] {processor.py:163} INFO - Started process (PID=202) to work on /home/airflow/.local/lib/python3.7/site-packages/airflow/example_dags/example_xcomargs.py
[2023-02-02 17:19:51,732] {processor.py:642} INFO - Processing file /home/airflow/.local/lib/python3.7/site-packages/airflow/example_dags/example_xcomargs.py for tasks to queue
[2023-02-02 17:19:51,734] {logging_mixin.py:109} INFO - [2023-02-02 17:19:51,733] {dagbag.py:500} INFO - Filling up the DagBag from /home/airflow/.local/lib/python3.7/site-packages/airflow/example_dags/example_xcomargs.py
[2023-02-02 17:19:51,993] {processor.py:654} INFO - DAG(s) dict_keys(['example_xcom_args', 'example_xcom_args_with_operators']) retrieved from /home/airflow/.local/lib/python3.7/site-packages/airflow/example_dags/example_xcomargs.py
[2023-02-02 17:19:54,189] {logging_mixin.py:109} INFO - [2023-02-02 17:19:54,189] {dag.py:2396} INFO - Sync 2 DAGs
[2023-02-02 17:19:54,313] {logging_mixin.py:109} INFO - [2023-02-02 17:19:54,313] {dag.py:2935} INFO - Setting next_dagrun for example_xcom_args to None
[2023-02-02 17:19:54,314] {logging_mixin.py:109} INFO - [2023-02-02 17:19:54,314] {dag.py:2935} INFO - Setting next_dagrun for example_xcom_args_with_operators to None
[2023-02-02 17:19:54,426] {processor.py:171} INFO - Processing /home/airflow/.local/lib/python3.7/site-packages/airflow/example_dags/example_xcomargs.py took 2.745 seconds
[2023-02-02 17:20:24,570] {processor.py:163} INFO - Started process (PID=243) to work on /home/airflow/.local/lib/python3.7/site-packages/airflow/example_dags/example_xcomargs.py
[2023-02-02 17:20:24,572] {processor.py:642} INFO - Processing file /home/airflow/.local/lib/python3.7/site-packages/airflow/example_dags/example_xcomargs.py for tasks to queue
[2023-02-02 17:20:24,573] {logging_mixin.py:109} INFO - [2023-02-02 17:20:24,573] {dagbag.py:500} INFO - Filling up the DagBag from /home/airflow/.local/lib/python3.7/site-packages/airflow/example_dags/example_xcomargs.py
[2023-02-02 17:20:24,682] {processor.py:654} INFO - DAG(s) dict_keys(['example_xcom_args', 'example_xcom_args_with_operators']) retrieved from /home/airflow/.local/lib/python3.7/site-packages/airflow/example_dags/example_xcomargs.py
[2023-02-02 17:20:25,650] {logging_mixin.py:109} INFO - [2023-02-02 17:20:25,650] {dag.py:2396} INFO - Sync 2 DAGs
[2023-02-02 17:20:25,742] {logging_mixin.py:109} INFO - [2023-02-02 17:20:25,742] {dag.py:2935} INFO - Setting next_dagrun for example_xcom_args to None
[2023-02-02 17:20:25,742] {logging_mixin.py:109} INFO - [2023-02-02 17:20:25,742] {dag.py:2935} INFO - Setting next_dagrun for example_xcom_args_with_operators to None
[2023-02-02 17:20:25,851] {processor.py:171} INFO - Processing /home/airflow/.local/lib/python3.7/site-packages/airflow/example_dags/example_xcomargs.py took 1.288 seconds
[2023-02-02 17:20:56,454] {processor.py:163} INFO - Started process (PID=292) to work on /home/airflow/.local/lib/python3.7/site-packages/airflow/example_dags/example_xcomargs.py
[2023-02-02 17:20:56,469] {processor.py:642} INFO - Processing file /home/airflow/.local/lib/python3.7/site-packages/airflow/example_dags/example_xcomargs.py for tasks to queue
[2023-02-02 17:20:56,470] {logging_mixin.py:109} INFO - [2023-02-02 17:20:56,470] {dagbag.py:500} INFO - Filling up the DagBag from /home/airflow/.local/lib/python3.7/site-packages/airflow/example_dags/example_xcomargs.py
[2023-02-02 17:20:56,809] {processor.py:654} INFO - DAG(s) dict_keys(['example_xcom_args', 'example_xcom_args_with_operators']) retrieved from /home/airflow/.local/lib/python3.7/site-packages/airflow/example_dags/example_xcomargs.py
[2023-02-02 17:20:57,949] {logging_mixin.py:109} INFO - [2023-02-02 17:20:57,949] {dag.py:2396} INFO - Sync 2 DAGs
[2023-02-02 17:20:58,016] {logging_mixin.py:109} INFO - [2023-02-02 17:20:58,012] {dag.py:2935} INFO - Setting next_dagrun for example_xcom_args to None
[2023-02-02 17:20:58,017] {logging_mixin.py:109} INFO - [2023-02-02 17:20:58,017] {dag.py:2935} INFO - Setting next_dagrun for example_xcom_args_with_operators to None
[2023-02-02 17:20:58,064] {processor.py:171} INFO - Processing /home/airflow/.local/lib/python3.7/site-packages/airflow/example_dags/example_xcomargs.py took 1.629 seconds
[2023-02-02 17:21:28,334] {processor.py:163} INFO - Started process (PID=343) to work on /home/airflow/.local/lib/python3.7/site-packages/airflow/example_dags/example_xcomargs.py
[2023-02-02 17:21:28,336] {processor.py:642} INFO - Processing file /home/airflow/.local/lib/python3.7/site-packages/airflow/example_dags/example_xcomargs.py for tasks to queue
[2023-02-02 17:21:28,348] {logging_mixin.py:109} INFO - [2023-02-02 17:21:28,348] {dagbag.py:500} INFO - Filling up the DagBag from /home/airflow/.local/lib/python3.7/site-packages/airflow/example_dags/example_xcomargs.py
[2023-02-02 17:21:28,574] {processor.py:654} INFO - DAG(s) dict_keys(['example_xcom_args', 'example_xcom_args_with_operators']) retrieved from /home/airflow/.local/lib/python3.7/site-packages/airflow/example_dags/example_xcomargs.py
[2023-02-02 17:21:29,895] {logging_mixin.py:109} INFO - [2023-02-02 17:21:29,895] {dag.py:2396} INFO - Sync 2 DAGs
[2023-02-02 17:21:30,030] {logging_mixin.py:109} INFO - [2023-02-02 17:21:30,029] {dag.py:2935} INFO - Setting next_dagrun for example_xcom_args to None
[2023-02-02 17:21:30,035] {logging_mixin.py:109} INFO - [2023-02-02 17:21:30,031] {dag.py:2935} INFO - Setting next_dagrun for example_xcom_args_with_operators to None
[2023-02-02 17:21:30,122] {processor.py:171} INFO - Processing /home/airflow/.local/lib/python3.7/site-packages/airflow/example_dags/example_xcomargs.py took 1.794 seconds
[2023-02-02 17:22:00,671] {processor.py:163} INFO - Started process (PID=385) to work on /home/airflow/.local/lib/python3.7/site-packages/airflow/example_dags/example_xcomargs.py
[2023-02-02 17:22:00,673] {processor.py:642} INFO - Processing file /home/airflow/.local/lib/python3.7/site-packages/airflow/example_dags/example_xcomargs.py for tasks to queue
[2023-02-02 17:22:00,676] {logging_mixin.py:109} INFO - [2023-02-02 17:22:00,674] {dagbag.py:500} INFO - Filling up the DagBag from /home/airflow/.local/lib/python3.7/site-packages/airflow/example_dags/example_xcomargs.py
[2023-02-02 17:22:00,797] {processor.py:654} INFO - DAG(s) dict_keys(['example_xcom_args', 'example_xcom_args_with_operators']) retrieved from /home/airflow/.local/lib/python3.7/site-packages/airflow/example_dags/example_xcomargs.py
[2023-02-02 17:22:02,265] {logging_mixin.py:109} INFO - [2023-02-02 17:22:02,265] {dag.py:2396} INFO - Sync 2 DAGs
[2023-02-02 17:22:02,319] {logging_mixin.py:109} INFO - [2023-02-02 17:22:02,319] {dag.py:2935} INFO - Setting next_dagrun for example_xcom_args to None
[2023-02-02 17:22:02,320] {logging_mixin.py:109} INFO - [2023-02-02 17:22:02,320] {dag.py:2935} INFO - Setting next_dagrun for example_xcom_args_with_operators to None
[2023-02-02 17:22:02,377] {processor.py:171} INFO - Processing /home/airflow/.local/lib/python3.7/site-packages/airflow/example_dags/example_xcomargs.py took 1.714 seconds
[2023-02-02 17:22:32,778] {processor.py:163} INFO - Started process (PID=435) to work on /home/airflow/.local/lib/python3.7/site-packages/airflow/example_dags/example_xcomargs.py
[2023-02-02 17:22:32,780] {processor.py:642} INFO - Processing file /home/airflow/.local/lib/python3.7/site-packages/airflow/example_dags/example_xcomargs.py for tasks to queue
[2023-02-02 17:22:32,793] {logging_mixin.py:109} INFO - [2023-02-02 17:22:32,793] {dagbag.py:500} INFO - Filling up the DagBag from /home/airflow/.local/lib/python3.7/site-packages/airflow/example_dags/example_xcomargs.py
[2023-02-02 17:22:33,061] {processor.py:654} INFO - DAG(s) dict_keys(['example_xcom_args', 'example_xcom_args_with_operators']) retrieved from /home/airflow/.local/lib/python3.7/site-packages/airflow/example_dags/example_xcomargs.py
[2023-02-02 17:22:34,944] {logging_mixin.py:109} INFO - [2023-02-02 17:22:34,944] {dag.py:2396} INFO - Sync 2 DAGs
[2023-02-02 17:22:35,058] {logging_mixin.py:109} INFO - [2023-02-02 17:22:35,058] {dag.py:2935} INFO - Setting next_dagrun for example_xcom_args to None
[2023-02-02 17:22:35,059] {logging_mixin.py:109} INFO - [2023-02-02 17:22:35,058] {dag.py:2935} INFO - Setting next_dagrun for example_xcom_args_with_operators to None
[2023-02-02 17:22:35,085] {processor.py:171} INFO - Processing /home/airflow/.local/lib/python3.7/site-packages/airflow/example_dags/example_xcomargs.py took 2.332 seconds
[2023-02-02 17:23:06,047] {processor.py:163} INFO - Started process (PID=486) to work on /home/airflow/.local/lib/python3.7/site-packages/airflow/example_dags/example_xcomargs.py
[2023-02-02 17:23:06,061] {processor.py:642} INFO - Processing file /home/airflow/.local/lib/python3.7/site-packages/airflow/example_dags/example_xcomargs.py for tasks to queue
[2023-02-02 17:23:06,062] {logging_mixin.py:109} INFO - [2023-02-02 17:23:06,062] {dagbag.py:500} INFO - Filling up the DagBag from /home/airflow/.local/lib/python3.7/site-packages/airflow/example_dags/example_xcomargs.py
[2023-02-02 17:23:06,202] {processor.py:654} INFO - DAG(s) dict_keys(['example_xcom_args', 'example_xcom_args_with_operators']) retrieved from /home/airflow/.local/lib/python3.7/site-packages/airflow/example_dags/example_xcomargs.py
[2023-02-02 17:23:07,833] {logging_mixin.py:109} INFO - [2023-02-02 17:23:07,833] {dag.py:2396} INFO - Sync 2 DAGs
[2023-02-02 17:23:07,905] {logging_mixin.py:109} INFO - [2023-02-02 17:23:07,905] {dag.py:2935} INFO - Setting next_dagrun for example_xcom_args to None
[2023-02-02 17:23:07,906] {logging_mixin.py:109} INFO - [2023-02-02 17:23:07,906] {dag.py:2935} INFO - Setting next_dagrun for example_xcom_args_with_operators to None
[2023-02-02 17:23:07,949] {processor.py:171} INFO - Processing /home/airflow/.local/lib/python3.7/site-packages/airflow/example_dags/example_xcomargs.py took 1.924 seconds
[2023-02-02 17:23:38,647] {processor.py:163} INFO - Started process (PID=536) to work on /home/airflow/.local/lib/python3.7/site-packages/airflow/example_dags/example_xcomargs.py
[2023-02-02 17:23:38,648] {processor.py:642} INFO - Processing file /home/airflow/.local/lib/python3.7/site-packages/airflow/example_dags/example_xcomargs.py for tasks to queue
[2023-02-02 17:23:38,650] {logging_mixin.py:109} INFO - [2023-02-02 17:23:38,650] {dagbag.py:500} INFO - Filling up the DagBag from /home/airflow/.local/lib/python3.7/site-packages/airflow/example_dags/example_xcomargs.py
[2023-02-02 17:23:38,705] {processor.py:654} INFO - DAG(s) dict_keys(['example_xcom_args', 'example_xcom_args_with_operators']) retrieved from /home/airflow/.local/lib/python3.7/site-packages/airflow/example_dags/example_xcomargs.py
[2023-02-02 17:23:39,827] {logging_mixin.py:109} INFO - [2023-02-02 17:23:39,827] {dag.py:2396} INFO - Sync 2 DAGs
[2023-02-02 17:23:39,887] {logging_mixin.py:109} INFO - [2023-02-02 17:23:39,887] {dag.py:2935} INFO - Setting next_dagrun for example_xcom_args to None
[2023-02-02 17:23:39,888] {logging_mixin.py:109} INFO - [2023-02-02 17:23:39,888] {dag.py:2935} INFO - Setting next_dagrun for example_xcom_args_with_operators to None
[2023-02-02 17:23:39,959] {processor.py:171} INFO - Processing /home/airflow/.local/lib/python3.7/site-packages/airflow/example_dags/example_xcomargs.py took 1.317 seconds
[2023-02-02 17:24:12,225] {processor.py:163} INFO - Started process (PID=586) to work on /home/airflow/.local/lib/python3.7/site-packages/airflow/example_dags/example_xcomargs.py
[2023-02-02 17:24:12,231] {processor.py:642} INFO - Processing file /home/airflow/.local/lib/python3.7/site-packages/airflow/example_dags/example_xcomargs.py for tasks to queue
[2023-02-02 17:24:12,241] {logging_mixin.py:109} INFO - [2023-02-02 17:24:12,241] {dagbag.py:500} INFO - Filling up the DagBag from /home/airflow/.local/lib/python3.7/site-packages/airflow/example_dags/example_xcomargs.py
[2023-02-02 17:24:12,499] {processor.py:654} INFO - DAG(s) dict_keys(['example_xcom_args', 'example_xcom_args_with_operators']) retrieved from /home/airflow/.local/lib/python3.7/site-packages/airflow/example_dags/example_xcomargs.py
[2023-02-02 17:24:14,869] {logging_mixin.py:109} INFO - [2023-02-02 17:24:14,869] {dag.py:2396} INFO - Sync 2 DAGs
[2023-02-02 17:24:14,978] {logging_mixin.py:109} INFO - [2023-02-02 17:24:14,978] {dag.py:2935} INFO - Setting next_dagrun for example_xcom_args to None
[2023-02-02 17:24:14,979] {logging_mixin.py:109} INFO - [2023-02-02 17:24:14,979] {dag.py:2935} INFO - Setting next_dagrun for example_xcom_args_with_operators to None
[2023-02-02 17:24:15,029] {processor.py:171} INFO - Processing /home/airflow/.local/lib/python3.7/site-packages/airflow/example_dags/example_xcomargs.py took 2.820 seconds
[2023-02-02 17:24:45,338] {processor.py:163} INFO - Started process (PID=640) to work on /home/airflow/.local/lib/python3.7/site-packages/airflow/example_dags/example_xcomargs.py
[2023-02-02 17:24:45,342] {processor.py:642} INFO - Processing file /home/airflow/.local/lib/python3.7/site-packages/airflow/example_dags/example_xcomargs.py for tasks to queue
[2023-02-02 17:24:45,344] {logging_mixin.py:109} INFO - [2023-02-02 17:24:45,343] {dagbag.py:500} INFO - Filling up the DagBag from /home/airflow/.local/lib/python3.7/site-packages/airflow/example_dags/example_xcomargs.py
[2023-02-02 17:24:45,427] {processor.py:654} INFO - DAG(s) dict_keys(['example_xcom_args', 'example_xcom_args_with_operators']) retrieved from /home/airflow/.local/lib/python3.7/site-packages/airflow/example_dags/example_xcomargs.py
[2023-02-02 17:24:46,214] {logging_mixin.py:109} INFO - [2023-02-02 17:24:46,214] {dag.py:2396} INFO - Sync 2 DAGs
[2023-02-02 17:24:46,311] {logging_mixin.py:109} INFO - [2023-02-02 17:24:46,311] {dag.py:2935} INFO - Setting next_dagrun for example_xcom_args to None
[2023-02-02 17:24:46,311] {logging_mixin.py:109} INFO - [2023-02-02 17:24:46,311] {dag.py:2935} INFO - Setting next_dagrun for example_xcom_args_with_operators to None
[2023-02-02 17:24:46,411] {processor.py:171} INFO - Processing /home/airflow/.local/lib/python3.7/site-packages/airflow/example_dags/example_xcomargs.py took 1.081 seconds
[2023-02-02 17:25:16,684] {processor.py:163} INFO - Started process (PID=691) to work on /home/airflow/.local/lib/python3.7/site-packages/airflow/example_dags/example_xcomargs.py
[2023-02-02 17:25:16,687] {processor.py:642} INFO - Processing file /home/airflow/.local/lib/python3.7/site-packages/airflow/example_dags/example_xcomargs.py for tasks to queue
[2023-02-02 17:25:16,712] {logging_mixin.py:109} INFO - [2023-02-02 17:25:16,688] {dagbag.py:500} INFO - Filling up the DagBag from /home/airflow/.local/lib/python3.7/site-packages/airflow/example_dags/example_xcomargs.py
[2023-02-02 17:25:16,980] {processor.py:654} INFO - DAG(s) dict_keys(['example_xcom_args', 'example_xcom_args_with_operators']) retrieved from /home/airflow/.local/lib/python3.7/site-packages/airflow/example_dags/example_xcomargs.py
[2023-02-02 17:25:18,384] {logging_mixin.py:109} INFO - [2023-02-02 17:25:18,384] {dag.py:2396} INFO - Sync 2 DAGs
[2023-02-02 17:25:18,448] {logging_mixin.py:109} INFO - [2023-02-02 17:25:18,448] {dag.py:2935} INFO - Setting next_dagrun for example_xcom_args to None
[2023-02-02 17:25:18,448] {logging_mixin.py:109} INFO - [2023-02-02 17:25:18,448] {dag.py:2935} INFO - Setting next_dagrun for example_xcom_args_with_operators to None
[2023-02-02 17:25:18,516] {processor.py:171} INFO - Processing /home/airflow/.local/lib/python3.7/site-packages/airflow/example_dags/example_xcomargs.py took 1.869 seconds
[2023-02-02 17:25:49,876] {processor.py:163} INFO - Started process (PID=738) to work on /home/airflow/.local/lib/python3.7/site-packages/airflow/example_dags/example_xcomargs.py
[2023-02-02 17:25:49,878] {processor.py:642} INFO - Processing file /home/airflow/.local/lib/python3.7/site-packages/airflow/example_dags/example_xcomargs.py for tasks to queue
[2023-02-02 17:25:49,879] {logging_mixin.py:109} INFO - [2023-02-02 17:25:49,879] {dagbag.py:500} INFO - Filling up the DagBag from /home/airflow/.local/lib/python3.7/site-packages/airflow/example_dags/example_xcomargs.py
[2023-02-02 17:25:50,031] {processor.py:654} INFO - DAG(s) dict_keys(['example_xcom_args', 'example_xcom_args_with_operators']) retrieved from /home/airflow/.local/lib/python3.7/site-packages/airflow/example_dags/example_xcomargs.py
[2023-02-02 17:25:50,089] {logging_mixin.py:109} INFO - [2023-02-02 17:25:50,089] {dag.py:2396} INFO - Sync 2 DAGs
[2023-02-02 17:25:50,137] {logging_mixin.py:109} INFO - [2023-02-02 17:25:50,136] {dag.py:2935} INFO - Setting next_dagrun for example_xcom_args to None
[2023-02-02 17:25:50,138] {logging_mixin.py:109} INFO - [2023-02-02 17:25:50,137] {dag.py:2935} INFO - Setting next_dagrun for example_xcom_args_with_operators to None
[2023-02-02 17:25:50,179] {processor.py:171} INFO - Processing /home/airflow/.local/lib/python3.7/site-packages/airflow/example_dags/example_xcomargs.py took 0.312 seconds
[2023-02-02 17:26:21,088] {processor.py:163} INFO - Started process (PID=787) to work on /home/airflow/.local/lib/python3.7/site-packages/airflow/example_dags/example_xcomargs.py
[2023-02-02 17:26:21,108] {processor.py:642} INFO - Processing file /home/airflow/.local/lib/python3.7/site-packages/airflow/example_dags/example_xcomargs.py for tasks to queue
[2023-02-02 17:26:21,109] {logging_mixin.py:109} INFO - [2023-02-02 17:26:21,109] {dagbag.py:500} INFO - Filling up the DagBag from /home/airflow/.local/lib/python3.7/site-packages/airflow/example_dags/example_xcomargs.py
[2023-02-02 17:26:21,251] {processor.py:654} INFO - DAG(s) dict_keys(['example_xcom_args', 'example_xcom_args_with_operators']) retrieved from /home/airflow/.local/lib/python3.7/site-packages/airflow/example_dags/example_xcomargs.py
[2023-02-02 17:26:22,112] {logging_mixin.py:109} INFO - [2023-02-02 17:26:22,112] {dag.py:2396} INFO - Sync 2 DAGs
[2023-02-02 17:26:22,150] {logging_mixin.py:109} INFO - [2023-02-02 17:26:22,150] {dag.py:2935} INFO - Setting next_dagrun for example_xcom_args to None
[2023-02-02 17:26:22,150] {logging_mixin.py:109} INFO - [2023-02-02 17:26:22,150] {dag.py:2935} INFO - Setting next_dagrun for example_xcom_args_with_operators to None
[2023-02-02 17:26:22,185] {processor.py:171} INFO - Processing /home/airflow/.local/lib/python3.7/site-packages/airflow/example_dags/example_xcomargs.py took 1.108 seconds
[2023-02-02 17:26:53,951] {processor.py:163} INFO - Started process (PID=837) to work on /home/airflow/.local/lib/python3.7/site-packages/airflow/example_dags/example_xcomargs.py
[2023-02-02 17:26:53,976] {processor.py:642} INFO - Processing file /home/airflow/.local/lib/python3.7/site-packages/airflow/example_dags/example_xcomargs.py for tasks to queue
[2023-02-02 17:26:54,005] {logging_mixin.py:109} INFO - [2023-02-02 17:26:54,003] {dagbag.py:500} INFO - Filling up the DagBag from /home/airflow/.local/lib/python3.7/site-packages/airflow/example_dags/example_xcomargs.py
[2023-02-02 17:26:54,328] {processor.py:654} INFO - DAG(s) dict_keys(['example_xcom_args', 'example_xcom_args_with_operators']) retrieved from /home/airflow/.local/lib/python3.7/site-packages/airflow/example_dags/example_xcomargs.py
[2023-02-02 17:26:55,805] {logging_mixin.py:109} INFO - [2023-02-02 17:26:55,805] {dag.py:2396} INFO - Sync 2 DAGs
[2023-02-02 17:26:55,855] {logging_mixin.py:109} INFO - [2023-02-02 17:26:55,855] {dag.py:2935} INFO - Setting next_dagrun for example_xcom_args to None
[2023-02-02 17:26:55,856] {logging_mixin.py:109} INFO - [2023-02-02 17:26:55,855] {dag.py:2935} INFO - Setting next_dagrun for example_xcom_args_with_operators to None
[2023-02-02 17:26:55,904] {processor.py:171} INFO - Processing /home/airflow/.local/lib/python3.7/site-packages/airflow/example_dags/example_xcomargs.py took 1.994 seconds
[2023-02-02 17:27:26,029] {processor.py:163} INFO - Started process (PID=878) to work on /home/airflow/.local/lib/python3.7/site-packages/airflow/example_dags/example_xcomargs.py
[2023-02-02 17:27:26,035] {processor.py:642} INFO - Processing file /home/airflow/.local/lib/python3.7/site-packages/airflow/example_dags/example_xcomargs.py for tasks to queue
[2023-02-02 17:27:26,036] {logging_mixin.py:109} INFO - [2023-02-02 17:27:26,036] {dagbag.py:500} INFO - Filling up the DagBag from /home/airflow/.local/lib/python3.7/site-packages/airflow/example_dags/example_xcomargs.py
[2023-02-02 17:27:26,122] {processor.py:654} INFO - DAG(s) dict_keys(['example_xcom_args', 'example_xcom_args_with_operators']) retrieved from /home/airflow/.local/lib/python3.7/site-packages/airflow/example_dags/example_xcomargs.py
[2023-02-02 17:27:26,897] {logging_mixin.py:109} INFO - [2023-02-02 17:27:26,896] {dag.py:2396} INFO - Sync 2 DAGs
[2023-02-02 17:27:26,938] {logging_mixin.py:109} INFO - [2023-02-02 17:27:26,938] {dag.py:2935} INFO - Setting next_dagrun for example_xcom_args to None
[2023-02-02 17:27:26,939] {logging_mixin.py:109} INFO - [2023-02-02 17:27:26,939] {dag.py:2935} INFO - Setting next_dagrun for example_xcom_args_with_operators to None
[2023-02-02 17:27:26,970] {processor.py:171} INFO - Processing /home/airflow/.local/lib/python3.7/site-packages/airflow/example_dags/example_xcomargs.py took 0.947 seconds
[2023-02-02 17:27:57,340] {processor.py:163} INFO - Started process (PID=927) to work on /home/airflow/.local/lib/python3.7/site-packages/airflow/example_dags/example_xcomargs.py
[2023-02-02 17:27:57,353] {processor.py:642} INFO - Processing file /home/airflow/.local/lib/python3.7/site-packages/airflow/example_dags/example_xcomargs.py for tasks to queue
[2023-02-02 17:27:57,354] {logging_mixin.py:109} INFO - [2023-02-02 17:27:57,354] {dagbag.py:500} INFO - Filling up the DagBag from /home/airflow/.local/lib/python3.7/site-packages/airflow/example_dags/example_xcomargs.py
[2023-02-02 17:27:57,516] {processor.py:654} INFO - DAG(s) dict_keys(['example_xcom_args', 'example_xcom_args_with_operators']) retrieved from /home/airflow/.local/lib/python3.7/site-packages/airflow/example_dags/example_xcomargs.py
[2023-02-02 17:27:59,727] {logging_mixin.py:109} INFO - [2023-02-02 17:27:59,727] {dag.py:2396} INFO - Sync 2 DAGs
[2023-02-02 17:27:59,761] {logging_mixin.py:109} INFO - [2023-02-02 17:27:59,761] {dag.py:2935} INFO - Setting next_dagrun for example_xcom_args to None
[2023-02-02 17:27:59,762] {logging_mixin.py:109} INFO - [2023-02-02 17:27:59,762] {dag.py:2935} INFO - Setting next_dagrun for example_xcom_args_with_operators to None
[2023-02-02 17:27:59,804] {processor.py:171} INFO - Processing /home/airflow/.local/lib/python3.7/site-packages/airflow/example_dags/example_xcomargs.py took 2.470 seconds
[2023-02-02 17:28:29,964] {processor.py:163} INFO - Started process (PID=977) to work on /home/airflow/.local/lib/python3.7/site-packages/airflow/example_dags/example_xcomargs.py
[2023-02-02 17:28:29,966] {processor.py:642} INFO - Processing file /home/airflow/.local/lib/python3.7/site-packages/airflow/example_dags/example_xcomargs.py for tasks to queue
[2023-02-02 17:28:29,967] {logging_mixin.py:109} INFO - [2023-02-02 17:28:29,967] {dagbag.py:500} INFO - Filling up the DagBag from /home/airflow/.local/lib/python3.7/site-packages/airflow/example_dags/example_xcomargs.py
[2023-02-02 17:28:30,168] {processor.py:654} INFO - DAG(s) dict_keys(['example_xcom_args', 'example_xcom_args_with_operators']) retrieved from /home/airflow/.local/lib/python3.7/site-packages/airflow/example_dags/example_xcomargs.py
[2023-02-02 17:28:32,227] {logging_mixin.py:109} INFO - [2023-02-02 17:28:32,227] {dag.py:2396} INFO - Sync 2 DAGs
[2023-02-02 17:28:32,296] {logging_mixin.py:109} INFO - [2023-02-02 17:28:32,296] {dag.py:2935} INFO - Setting next_dagrun for example_xcom_args to None
[2023-02-02 17:28:32,297] {logging_mixin.py:109} INFO - [2023-02-02 17:28:32,297] {dag.py:2935} INFO - Setting next_dagrun for example_xcom_args_with_operators to None
[2023-02-02 17:28:32,346] {processor.py:171} INFO - Processing /home/airflow/.local/lib/python3.7/site-packages/airflow/example_dags/example_xcomargs.py took 2.401 seconds
[2023-02-02 17:29:02,428] {processor.py:163} INFO - Started process (PID=1020) to work on /home/airflow/.local/lib/python3.7/site-packages/airflow/example_dags/example_xcomargs.py
[2023-02-02 17:29:02,434] {processor.py:642} INFO - Processing file /home/airflow/.local/lib/python3.7/site-packages/airflow/example_dags/example_xcomargs.py for tasks to queue
[2023-02-02 17:29:02,436] {logging_mixin.py:109} INFO - [2023-02-02 17:29:02,435] {dagbag.py:500} INFO - Filling up the DagBag from /home/airflow/.local/lib/python3.7/site-packages/airflow/example_dags/example_xcomargs.py
[2023-02-02 17:29:02,556] {processor.py:654} INFO - DAG(s) dict_keys(['example_xcom_args', 'example_xcom_args_with_operators']) retrieved from /home/airflow/.local/lib/python3.7/site-packages/airflow/example_dags/example_xcomargs.py
[2023-02-02 17:29:03,345] {logging_mixin.py:109} INFO - [2023-02-02 17:29:03,345] {dag.py:2396} INFO - Sync 2 DAGs
[2023-02-02 17:29:03,382] {logging_mixin.py:109} INFO - [2023-02-02 17:29:03,382] {dag.py:2935} INFO - Setting next_dagrun for example_xcom_args to None
[2023-02-02 17:29:03,383] {logging_mixin.py:109} INFO - [2023-02-02 17:29:03,382] {dag.py:2935} INFO - Setting next_dagrun for example_xcom_args_with_operators to None
[2023-02-02 17:29:03,446] {processor.py:171} INFO - Processing /home/airflow/.local/lib/python3.7/site-packages/airflow/example_dags/example_xcomargs.py took 1.027 seconds
[2023-02-02 17:29:35,051] {processor.py:163} INFO - Started process (PID=1070) to work on /home/airflow/.local/lib/python3.7/site-packages/airflow/example_dags/example_xcomargs.py
[2023-02-02 17:29:35,064] {processor.py:642} INFO - Processing file /home/airflow/.local/lib/python3.7/site-packages/airflow/example_dags/example_xcomargs.py for tasks to queue
[2023-02-02 17:29:35,066] {logging_mixin.py:109} INFO - [2023-02-02 17:29:35,066] {dagbag.py:500} INFO - Filling up the DagBag from /home/airflow/.local/lib/python3.7/site-packages/airflow/example_dags/example_xcomargs.py
[2023-02-02 17:29:35,392] {processor.py:654} INFO - DAG(s) dict_keys(['example_xcom_args', 'example_xcom_args_with_operators']) retrieved from /home/airflow/.local/lib/python3.7/site-packages/airflow/example_dags/example_xcomargs.py
[2023-02-02 17:29:36,613] {logging_mixin.py:109} INFO - [2023-02-02 17:29:36,613] {dag.py:2396} INFO - Sync 2 DAGs
[2023-02-02 17:29:36,694] {logging_mixin.py:109} INFO - [2023-02-02 17:29:36,694] {dag.py:2935} INFO - Setting next_dagrun for example_xcom_args to None
[2023-02-02 17:29:36,695] {logging_mixin.py:109} INFO - [2023-02-02 17:29:36,695] {dag.py:2935} INFO - Setting next_dagrun for example_xcom_args_with_operators to None
[2023-02-02 17:29:36,764] {processor.py:171} INFO - Processing /home/airflow/.local/lib/python3.7/site-packages/airflow/example_dags/example_xcomargs.py took 1.736 seconds
[2023-02-02 17:30:07,159] {processor.py:163} INFO - Started process (PID=1117) to work on /home/airflow/.local/lib/python3.7/site-packages/airflow/example_dags/example_xcomargs.py
[2023-02-02 17:30:07,185] {processor.py:642} INFO - Processing file /home/airflow/.local/lib/python3.7/site-packages/airflow/example_dags/example_xcomargs.py for tasks to queue
[2023-02-02 17:30:07,186] {logging_mixin.py:109} INFO - [2023-02-02 17:30:07,186] {dagbag.py:500} INFO - Filling up the DagBag from /home/airflow/.local/lib/python3.7/site-packages/airflow/example_dags/example_xcomargs.py
[2023-02-02 17:30:07,414] {processor.py:654} INFO - DAG(s) dict_keys(['example_xcom_args', 'example_xcom_args_with_operators']) retrieved from /home/airflow/.local/lib/python3.7/site-packages/airflow/example_dags/example_xcomargs.py
[2023-02-02 17:30:08,635] {logging_mixin.py:109} INFO - [2023-02-02 17:30:08,635] {dag.py:2396} INFO - Sync 2 DAGs
[2023-02-02 17:30:08,694] {logging_mixin.py:109} INFO - [2023-02-02 17:30:08,694] {dag.py:2935} INFO - Setting next_dagrun for example_xcom_args to None
[2023-02-02 17:30:08,694] {logging_mixin.py:109} INFO - [2023-02-02 17:30:08,694] {dag.py:2935} INFO - Setting next_dagrun for example_xcom_args_with_operators to None
[2023-02-02 17:30:08,765] {processor.py:171} INFO - Processing /home/airflow/.local/lib/python3.7/site-packages/airflow/example_dags/example_xcomargs.py took 1.611 seconds
[2023-02-02 17:30:39,310] {processor.py:163} INFO - Started process (PID=1161) to work on /home/airflow/.local/lib/python3.7/site-packages/airflow/example_dags/example_xcomargs.py
[2023-02-02 17:30:39,312] {processor.py:642} INFO - Processing file /home/airflow/.local/lib/python3.7/site-packages/airflow/example_dags/example_xcomargs.py for tasks to queue
[2023-02-02 17:30:39,325] {logging_mixin.py:109} INFO - [2023-02-02 17:30:39,325] {dagbag.py:500} INFO - Filling up the DagBag from /home/airflow/.local/lib/python3.7/site-packages/airflow/example_dags/example_xcomargs.py
[2023-02-02 17:30:39,485] {processor.py:654} INFO - DAG(s) dict_keys(['example_xcom_args', 'example_xcom_args_with_operators']) retrieved from /home/airflow/.local/lib/python3.7/site-packages/airflow/example_dags/example_xcomargs.py
[2023-02-02 17:30:40,576] {logging_mixin.py:109} INFO - [2023-02-02 17:30:40,576] {dag.py:2396} INFO - Sync 2 DAGs
[2023-02-02 17:30:40,614] {logging_mixin.py:109} INFO - [2023-02-02 17:30:40,614] {dag.py:2935} INFO - Setting next_dagrun for example_xcom_args to None
[2023-02-02 17:30:40,618] {logging_mixin.py:109} INFO - [2023-02-02 17:30:40,617] {dag.py:2935} INFO - Setting next_dagrun for example_xcom_args_with_operators to None
[2023-02-02 17:30:40,673] {processor.py:171} INFO - Processing /home/airflow/.local/lib/python3.7/site-packages/airflow/example_dags/example_xcomargs.py took 1.378 seconds
[2023-02-02 17:31:11,998] {processor.py:163} INFO - Started process (PID=1212) to work on /home/airflow/.local/lib/python3.7/site-packages/airflow/example_dags/example_xcomargs.py
[2023-02-02 17:31:12,016] {processor.py:642} INFO - Processing file /home/airflow/.local/lib/python3.7/site-packages/airflow/example_dags/example_xcomargs.py for tasks to queue
[2023-02-02 17:31:12,034] {logging_mixin.py:109} INFO - [2023-02-02 17:31:12,034] {dagbag.py:500} INFO - Filling up the DagBag from /home/airflow/.local/lib/python3.7/site-packages/airflow/example_dags/example_xcomargs.py
[2023-02-02 17:31:12,336] {processor.py:654} INFO - DAG(s) dict_keys(['example_xcom_args', 'example_xcom_args_with_operators']) retrieved from /home/airflow/.local/lib/python3.7/site-packages/airflow/example_dags/example_xcomargs.py
[2023-02-02 17:31:14,864] {logging_mixin.py:109} INFO - [2023-02-02 17:31:14,864] {dag.py:2396} INFO - Sync 2 DAGs
[2023-02-02 17:31:14,982] {logging_mixin.py:109} INFO - [2023-02-02 17:31:14,982] {dag.py:2935} INFO - Setting next_dagrun for example_xcom_args to None
[2023-02-02 17:31:14,982] {logging_mixin.py:109} INFO - [2023-02-02 17:31:14,982] {dag.py:2935} INFO - Setting next_dagrun for example_xcom_args_with_operators to None
[2023-02-02 17:31:15,085] {processor.py:171} INFO - Processing /home/airflow/.local/lib/python3.7/site-packages/airflow/example_dags/example_xcomargs.py took 3.128 seconds
[2023-02-02 17:31:45,634] {processor.py:163} INFO - Started process (PID=1254) to work on /home/airflow/.local/lib/python3.7/site-packages/airflow/example_dags/example_xcomargs.py
[2023-02-02 17:31:45,638] {processor.py:642} INFO - Processing file /home/airflow/.local/lib/python3.7/site-packages/airflow/example_dags/example_xcomargs.py for tasks to queue
[2023-02-02 17:31:45,640] {logging_mixin.py:109} INFO - [2023-02-02 17:31:45,640] {dagbag.py:500} INFO - Filling up the DagBag from /home/airflow/.local/lib/python3.7/site-packages/airflow/example_dags/example_xcomargs.py
[2023-02-02 17:31:45,767] {processor.py:654} INFO - DAG(s) dict_keys(['example_xcom_args', 'example_xcom_args_with_operators']) retrieved from /home/airflow/.local/lib/python3.7/site-packages/airflow/example_dags/example_xcomargs.py
[2023-02-02 17:31:46,620] {logging_mixin.py:109} INFO - [2023-02-02 17:31:46,619] {dag.py:2396} INFO - Sync 2 DAGs
[2023-02-02 17:31:46,665] {logging_mixin.py:109} INFO - [2023-02-02 17:31:46,665] {dag.py:2935} INFO - Setting next_dagrun for example_xcom_args to None
[2023-02-02 17:31:46,666] {logging_mixin.py:109} INFO - [2023-02-02 17:31:46,666] {dag.py:2935} INFO - Setting next_dagrun for example_xcom_args_with_operators to None
[2023-02-02 17:31:46,736] {processor.py:171} INFO - Processing /home/airflow/.local/lib/python3.7/site-packages/airflow/example_dags/example_xcomargs.py took 1.117 seconds
[2023-02-02 17:32:18,420] {processor.py:163} INFO - Started process (PID=1302) to work on /home/airflow/.local/lib/python3.7/site-packages/airflow/example_dags/example_xcomargs.py
[2023-02-02 17:32:18,438] {processor.py:642} INFO - Processing file /home/airflow/.local/lib/python3.7/site-packages/airflow/example_dags/example_xcomargs.py for tasks to queue
[2023-02-02 17:32:18,439] {logging_mixin.py:109} INFO - [2023-02-02 17:32:18,439] {dagbag.py:500} INFO - Filling up the DagBag from /home/airflow/.local/lib/python3.7/site-packages/airflow/example_dags/example_xcomargs.py
[2023-02-02 17:32:18,675] {processor.py:654} INFO - DAG(s) dict_keys(['example_xcom_args', 'example_xcom_args_with_operators']) retrieved from /home/airflow/.local/lib/python3.7/site-packages/airflow/example_dags/example_xcomargs.py
[2023-02-02 17:32:19,613] {logging_mixin.py:109} INFO - [2023-02-02 17:32:19,613] {dag.py:2396} INFO - Sync 2 DAGs
[2023-02-02 17:32:19,693] {logging_mixin.py:109} INFO - [2023-02-02 17:32:19,693] {dag.py:2935} INFO - Setting next_dagrun for example_xcom_args to None
[2023-02-02 17:32:19,693] {logging_mixin.py:109} INFO - [2023-02-02 17:32:19,693] {dag.py:2935} INFO - Setting next_dagrun for example_xcom_args_with_operators to None
[2023-02-02 17:32:19,728] {processor.py:171} INFO - Processing /home/airflow/.local/lib/python3.7/site-packages/airflow/example_dags/example_xcomargs.py took 1.329 seconds
[2023-02-02 17:32:50,551] {processor.py:163} INFO - Started process (PID=1350) to work on /home/airflow/.local/lib/python3.7/site-packages/airflow/example_dags/example_xcomargs.py
[2023-02-02 17:32:50,567] {processor.py:642} INFO - Processing file /home/airflow/.local/lib/python3.7/site-packages/airflow/example_dags/example_xcomargs.py for tasks to queue
[2023-02-02 17:32:50,577] {logging_mixin.py:109} INFO - [2023-02-02 17:32:50,576] {dagbag.py:500} INFO - Filling up the DagBag from /home/airflow/.local/lib/python3.7/site-packages/airflow/example_dags/example_xcomargs.py
[2023-02-02 17:32:50,742] {processor.py:654} INFO - DAG(s) dict_keys(['example_xcom_args', 'example_xcom_args_with_operators']) retrieved from /home/airflow/.local/lib/python3.7/site-packages/airflow/example_dags/example_xcomargs.py
[2023-02-02 17:32:53,529] {logging_mixin.py:109} INFO - [2023-02-02 17:32:53,529] {dag.py:2396} INFO - Sync 2 DAGs
[2023-02-02 17:32:53,700] {logging_mixin.py:109} INFO - [2023-02-02 17:32:53,700] {dag.py:2935} INFO - Setting next_dagrun for example_xcom_args to None
[2023-02-02 17:32:53,702] {logging_mixin.py:109} INFO - [2023-02-02 17:32:53,702] {dag.py:2935} INFO - Setting next_dagrun for example_xcom_args_with_operators to None
[2023-02-02 17:32:53,765] {processor.py:171} INFO - Processing /home/airflow/.local/lib/python3.7/site-packages/airflow/example_dags/example_xcomargs.py took 3.232 seconds
[2023-02-02 17:33:24,542] {processor.py:163} INFO - Started process (PID=1391) to work on /home/airflow/.local/lib/python3.7/site-packages/airflow/example_dags/example_xcomargs.py
[2023-02-02 17:33:24,544] {processor.py:642} INFO - Processing file /home/airflow/.local/lib/python3.7/site-packages/airflow/example_dags/example_xcomargs.py for tasks to queue
[2023-02-02 17:33:24,545] {logging_mixin.py:109} INFO - [2023-02-02 17:33:24,545] {dagbag.py:500} INFO - Filling up the DagBag from /home/airflow/.local/lib/python3.7/site-packages/airflow/example_dags/example_xcomargs.py
[2023-02-02 17:33:24,707] {processor.py:654} INFO - DAG(s) dict_keys(['example_xcom_args', 'example_xcom_args_with_operators']) retrieved from /home/airflow/.local/lib/python3.7/site-packages/airflow/example_dags/example_xcomargs.py
[2023-02-02 17:33:24,977] {logging_mixin.py:109} INFO - [2023-02-02 17:33:24,977] {dag.py:2396} INFO - Sync 2 DAGs
[2023-02-02 17:33:24,991] {logging_mixin.py:109} INFO - [2023-02-02 17:33:24,991] {dag.py:2935} INFO - Setting next_dagrun for example_xcom_args to None
[2023-02-02 17:33:24,991] {logging_mixin.py:109} INFO - [2023-02-02 17:33:24,991] {dag.py:2935} INFO - Setting next_dagrun for example_xcom_args_with_operators to None
[2023-02-02 17:33:25,011] {processor.py:171} INFO - Processing /home/airflow/.local/lib/python3.7/site-packages/airflow/example_dags/example_xcomargs.py took 0.477 seconds
