[2023-02-02 17:18:39,985] {processor.py:163} INFO - Started process (PID=100) to work on /home/airflow/.local/lib/python3.7/site-packages/airflow/example_dags/example_task_group_decorator.py
[2023-02-02 17:18:39,990] {processor.py:642} INFO - Processing file /home/airflow/.local/lib/python3.7/site-packages/airflow/example_dags/example_task_group_decorator.py for tasks to queue
[2023-02-02 17:18:39,992] {logging_mixin.py:109} INFO - [2023-02-02 17:18:39,992] {dagbag.py:500} INFO - Filling up the DagBag from /home/airflow/.local/lib/python3.7/site-packages/airflow/example_dags/example_task_group_decorator.py
[2023-02-02 17:18:40,572] {processor.py:654} INFO - DAG(s) dict_keys(['example_task_group_decorator']) retrieved from /home/airflow/.local/lib/python3.7/site-packages/airflow/example_dags/example_task_group_decorator.py
[2023-02-02 17:18:43,475] {logging_mixin.py:109} INFO - [2023-02-02 17:18:43,475] {dag.py:2396} INFO - Sync 1 DAGs
[2023-02-02 17:18:43,570] {logging_mixin.py:109} INFO - [2023-02-02 17:18:43,569] {dag.py:2935} INFO - Setting next_dagrun for example_task_group_decorator to 2023-02-01T17:18:43.569671+00:00
[2023-02-02 17:18:43,633] {processor.py:171} INFO - Processing /home/airflow/.local/lib/python3.7/site-packages/airflow/example_dags/example_task_group_decorator.py took 3.670 seconds
[2023-02-02 17:19:14,066] {processor.py:163} INFO - Started process (PID=150) to work on /home/airflow/.local/lib/python3.7/site-packages/airflow/example_dags/example_task_group_decorator.py
[2023-02-02 17:19:14,070] {processor.py:642} INFO - Processing file /home/airflow/.local/lib/python3.7/site-packages/airflow/example_dags/example_task_group_decorator.py for tasks to queue
[2023-02-02 17:19:14,074] {logging_mixin.py:109} INFO - [2023-02-02 17:19:14,074] {dagbag.py:500} INFO - Filling up the DagBag from /home/airflow/.local/lib/python3.7/site-packages/airflow/example_dags/example_task_group_decorator.py
[2023-02-02 17:19:14,385] {processor.py:654} INFO - DAG(s) dict_keys(['example_task_group_decorator']) retrieved from /home/airflow/.local/lib/python3.7/site-packages/airflow/example_dags/example_task_group_decorator.py
[2023-02-02 17:19:15,788] {logging_mixin.py:109} INFO - [2023-02-02 17:19:15,788] {dag.py:2396} INFO - Sync 1 DAGs
[2023-02-02 17:19:15,902] {logging_mixin.py:109} INFO - [2023-02-02 17:19:15,902] {dag.py:2935} INFO - Setting next_dagrun for example_task_group_decorator to 2023-02-01T17:19:15.901546+00:00
[2023-02-02 17:19:16,066] {processor.py:171} INFO - Processing /home/airflow/.local/lib/python3.7/site-packages/airflow/example_dags/example_task_group_decorator.py took 2.005 seconds
[2023-02-02 17:19:47,064] {processor.py:163} INFO - Started process (PID=199) to work on /home/airflow/.local/lib/python3.7/site-packages/airflow/example_dags/example_task_group_decorator.py
[2023-02-02 17:19:47,069] {processor.py:642} INFO - Processing file /home/airflow/.local/lib/python3.7/site-packages/airflow/example_dags/example_task_group_decorator.py for tasks to queue
[2023-02-02 17:19:47,071] {logging_mixin.py:109} INFO - [2023-02-02 17:19:47,070] {dagbag.py:500} INFO - Filling up the DagBag from /home/airflow/.local/lib/python3.7/site-packages/airflow/example_dags/example_task_group_decorator.py
[2023-02-02 17:19:47,279] {processor.py:654} INFO - DAG(s) dict_keys(['example_task_group_decorator']) retrieved from /home/airflow/.local/lib/python3.7/site-packages/airflow/example_dags/example_task_group_decorator.py
[2023-02-02 17:19:50,631] {logging_mixin.py:109} INFO - [2023-02-02 17:19:50,631] {dag.py:2396} INFO - Sync 1 DAGs
[2023-02-02 17:19:50,707] {logging_mixin.py:109} INFO - [2023-02-02 17:19:50,707] {dag.py:2935} INFO - Setting next_dagrun for example_task_group_decorator to 2023-02-01T17:19:50.707333+00:00
[2023-02-02 17:19:50,783] {processor.py:171} INFO - Processing /home/airflow/.local/lib/python3.7/site-packages/airflow/example_dags/example_task_group_decorator.py took 3.729 seconds
[2023-02-02 17:20:21,025] {processor.py:163} INFO - Started process (PID=240) to work on /home/airflow/.local/lib/python3.7/site-packages/airflow/example_dags/example_task_group_decorator.py
[2023-02-02 17:20:21,029] {processor.py:642} INFO - Processing file /home/airflow/.local/lib/python3.7/site-packages/airflow/example_dags/example_task_group_decorator.py for tasks to queue
[2023-02-02 17:20:21,030] {logging_mixin.py:109} INFO - [2023-02-02 17:20:21,030] {dagbag.py:500} INFO - Filling up the DagBag from /home/airflow/.local/lib/python3.7/site-packages/airflow/example_dags/example_task_group_decorator.py
[2023-02-02 17:20:21,233] {processor.py:654} INFO - DAG(s) dict_keys(['example_task_group_decorator']) retrieved from /home/airflow/.local/lib/python3.7/site-packages/airflow/example_dags/example_task_group_decorator.py
[2023-02-02 17:20:22,179] {logging_mixin.py:109} INFO - [2023-02-02 17:20:22,179] {dag.py:2396} INFO - Sync 1 DAGs
[2023-02-02 17:20:22,212] {logging_mixin.py:109} INFO - [2023-02-02 17:20:22,212] {dag.py:2935} INFO - Setting next_dagrun for example_task_group_decorator to 2023-02-01T17:20:22.212003+00:00
[2023-02-02 17:20:22,236] {processor.py:171} INFO - Processing /home/airflow/.local/lib/python3.7/site-packages/airflow/example_dags/example_task_group_decorator.py took 1.242 seconds
[2023-02-02 17:20:52,773] {processor.py:163} INFO - Started process (PID=289) to work on /home/airflow/.local/lib/python3.7/site-packages/airflow/example_dags/example_task_group_decorator.py
[2023-02-02 17:20:52,775] {processor.py:642} INFO - Processing file /home/airflow/.local/lib/python3.7/site-packages/airflow/example_dags/example_task_group_decorator.py for tasks to queue
[2023-02-02 17:20:52,777] {logging_mixin.py:109} INFO - [2023-02-02 17:20:52,776] {dagbag.py:500} INFO - Filling up the DagBag from /home/airflow/.local/lib/python3.7/site-packages/airflow/example_dags/example_task_group_decorator.py
[2023-02-02 17:20:52,967] {processor.py:654} INFO - DAG(s) dict_keys(['example_task_group_decorator']) retrieved from /home/airflow/.local/lib/python3.7/site-packages/airflow/example_dags/example_task_group_decorator.py
[2023-02-02 17:20:54,829] {logging_mixin.py:109} INFO - [2023-02-02 17:20:54,829] {dag.py:2396} INFO - Sync 1 DAGs
[2023-02-02 17:20:54,878] {logging_mixin.py:109} INFO - [2023-02-02 17:20:54,877] {dag.py:2935} INFO - Setting next_dagrun for example_task_group_decorator to 2023-02-01T17:20:54.877562+00:00
[2023-02-02 17:20:54,972] {processor.py:171} INFO - Processing /home/airflow/.local/lib/python3.7/site-packages/airflow/example_dags/example_task_group_decorator.py took 2.209 seconds
[2023-02-02 17:21:25,529] {processor.py:163} INFO - Started process (PID=337) to work on /home/airflow/.local/lib/python3.7/site-packages/airflow/example_dags/example_task_group_decorator.py
[2023-02-02 17:21:25,532] {processor.py:642} INFO - Processing file /home/airflow/.local/lib/python3.7/site-packages/airflow/example_dags/example_task_group_decorator.py for tasks to queue
[2023-02-02 17:21:25,533] {logging_mixin.py:109} INFO - [2023-02-02 17:21:25,532] {dagbag.py:500} INFO - Filling up the DagBag from /home/airflow/.local/lib/python3.7/site-packages/airflow/example_dags/example_task_group_decorator.py
[2023-02-02 17:21:25,736] {processor.py:654} INFO - DAG(s) dict_keys(['example_task_group_decorator']) retrieved from /home/airflow/.local/lib/python3.7/site-packages/airflow/example_dags/example_task_group_decorator.py
[2023-02-02 17:21:27,835] {logging_mixin.py:109} INFO - [2023-02-02 17:21:27,835] {dag.py:2396} INFO - Sync 1 DAGs
[2023-02-02 17:21:27,870] {logging_mixin.py:109} INFO - [2023-02-02 17:21:27,869] {dag.py:2935} INFO - Setting next_dagrun for example_task_group_decorator to 2023-02-01T17:21:27.869419+00:00
[2023-02-02 17:21:27,922] {processor.py:171} INFO - Processing /home/airflow/.local/lib/python3.7/site-packages/airflow/example_dags/example_task_group_decorator.py took 2.423 seconds
[2023-02-02 17:21:58,047] {processor.py:163} INFO - Started process (PID=381) to work on /home/airflow/.local/lib/python3.7/site-packages/airflow/example_dags/example_task_group_decorator.py
[2023-02-02 17:21:58,048] {processor.py:642} INFO - Processing file /home/airflow/.local/lib/python3.7/site-packages/airflow/example_dags/example_task_group_decorator.py for tasks to queue
[2023-02-02 17:21:58,050] {logging_mixin.py:109} INFO - [2023-02-02 17:21:58,049] {dagbag.py:500} INFO - Filling up the DagBag from /home/airflow/.local/lib/python3.7/site-packages/airflow/example_dags/example_task_group_decorator.py
[2023-02-02 17:21:58,216] {processor.py:654} INFO - DAG(s) dict_keys(['example_task_group_decorator']) retrieved from /home/airflow/.local/lib/python3.7/site-packages/airflow/example_dags/example_task_group_decorator.py
[2023-02-02 17:21:59,308] {logging_mixin.py:109} INFO - [2023-02-02 17:21:59,307] {dag.py:2396} INFO - Sync 1 DAGs
[2023-02-02 17:21:59,351] {logging_mixin.py:109} INFO - [2023-02-02 17:21:59,351] {dag.py:2935} INFO - Setting next_dagrun for example_task_group_decorator to 2023-02-01T17:21:59.350654+00:00
[2023-02-02 17:21:59,384] {processor.py:171} INFO - Processing /home/airflow/.local/lib/python3.7/site-packages/airflow/example_dags/example_task_group_decorator.py took 1.356 seconds
[2023-02-02 17:22:30,681] {processor.py:163} INFO - Started process (PID=432) to work on /home/airflow/.local/lib/python3.7/site-packages/airflow/example_dags/example_task_group_decorator.py
[2023-02-02 17:22:30,691] {processor.py:642} INFO - Processing file /home/airflow/.local/lib/python3.7/site-packages/airflow/example_dags/example_task_group_decorator.py for tasks to queue
[2023-02-02 17:22:30,704] {logging_mixin.py:109} INFO - [2023-02-02 17:22:30,692] {dagbag.py:500} INFO - Filling up the DagBag from /home/airflow/.local/lib/python3.7/site-packages/airflow/example_dags/example_task_group_decorator.py
[2023-02-02 17:22:30,924] {processor.py:654} INFO - DAG(s) dict_keys(['example_task_group_decorator']) retrieved from /home/airflow/.local/lib/python3.7/site-packages/airflow/example_dags/example_task_group_decorator.py
[2023-02-02 17:22:32,426] {logging_mixin.py:109} INFO - [2023-02-02 17:22:32,426] {dag.py:2396} INFO - Sync 1 DAGs
[2023-02-02 17:22:32,497] {logging_mixin.py:109} INFO - [2023-02-02 17:22:32,496] {dag.py:2935} INFO - Setting next_dagrun for example_task_group_decorator to 2023-02-01T17:22:32.496531+00:00
[2023-02-02 17:22:32,588] {processor.py:171} INFO - Processing /home/airflow/.local/lib/python3.7/site-packages/airflow/example_dags/example_task_group_decorator.py took 1.938 seconds
[2023-02-02 17:23:02,828] {processor.py:163} INFO - Started process (PID=483) to work on /home/airflow/.local/lib/python3.7/site-packages/airflow/example_dags/example_task_group_decorator.py
[2023-02-02 17:23:02,843] {processor.py:642} INFO - Processing file /home/airflow/.local/lib/python3.7/site-packages/airflow/example_dags/example_task_group_decorator.py for tasks to queue
[2023-02-02 17:23:02,845] {logging_mixin.py:109} INFO - [2023-02-02 17:23:02,845] {dagbag.py:500} INFO - Filling up the DagBag from /home/airflow/.local/lib/python3.7/site-packages/airflow/example_dags/example_task_group_decorator.py
[2023-02-02 17:23:03,068] {processor.py:654} INFO - DAG(s) dict_keys(['example_task_group_decorator']) retrieved from /home/airflow/.local/lib/python3.7/site-packages/airflow/example_dags/example_task_group_decorator.py
[2023-02-02 17:23:03,877] {logging_mixin.py:109} INFO - [2023-02-02 17:23:03,877] {dag.py:2396} INFO - Sync 1 DAGs
[2023-02-02 17:23:03,918] {logging_mixin.py:109} INFO - [2023-02-02 17:23:03,918] {dag.py:2935} INFO - Setting next_dagrun for example_task_group_decorator to 2023-02-01T17:23:03.918038+00:00
[2023-02-02 17:23:03,952] {processor.py:171} INFO - Processing /home/airflow/.local/lib/python3.7/site-packages/airflow/example_dags/example_task_group_decorator.py took 1.134 seconds
[2023-02-02 17:23:34,292] {processor.py:163} INFO - Started process (PID=525) to work on /home/airflow/.local/lib/python3.7/site-packages/airflow/example_dags/example_task_group_decorator.py
[2023-02-02 17:23:34,309] {processor.py:642} INFO - Processing file /home/airflow/.local/lib/python3.7/site-packages/airflow/example_dags/example_task_group_decorator.py for tasks to queue
[2023-02-02 17:23:34,311] {logging_mixin.py:109} INFO - [2023-02-02 17:23:34,310] {dagbag.py:500} INFO - Filling up the DagBag from /home/airflow/.local/lib/python3.7/site-packages/airflow/example_dags/example_task_group_decorator.py
[2023-02-02 17:23:34,699] {processor.py:654} INFO - DAG(s) dict_keys(['example_task_group_decorator']) retrieved from /home/airflow/.local/lib/python3.7/site-packages/airflow/example_dags/example_task_group_decorator.py
[2023-02-02 17:23:35,793] {logging_mixin.py:109} INFO - [2023-02-02 17:23:35,793] {dag.py:2396} INFO - Sync 1 DAGs
[2023-02-02 17:23:35,864] {logging_mixin.py:109} INFO - [2023-02-02 17:23:35,864] {dag.py:2935} INFO - Setting next_dagrun for example_task_group_decorator to 2023-02-01T17:23:35.864287+00:00
[2023-02-02 17:23:35,905] {processor.py:171} INFO - Processing /home/airflow/.local/lib/python3.7/site-packages/airflow/example_dags/example_task_group_decorator.py took 1.619 seconds
[2023-02-02 17:24:06,228] {processor.py:163} INFO - Started process (PID=577) to work on /home/airflow/.local/lib/python3.7/site-packages/airflow/example_dags/example_task_group_decorator.py
[2023-02-02 17:24:06,234] {processor.py:642} INFO - Processing file /home/airflow/.local/lib/python3.7/site-packages/airflow/example_dags/example_task_group_decorator.py for tasks to queue
[2023-02-02 17:24:06,235] {logging_mixin.py:109} INFO - [2023-02-02 17:24:06,235] {dagbag.py:500} INFO - Filling up the DagBag from /home/airflow/.local/lib/python3.7/site-packages/airflow/example_dags/example_task_group_decorator.py
[2023-02-02 17:24:06,351] {processor.py:654} INFO - DAG(s) dict_keys(['example_task_group_decorator']) retrieved from /home/airflow/.local/lib/python3.7/site-packages/airflow/example_dags/example_task_group_decorator.py
[2023-02-02 17:24:07,165] {logging_mixin.py:109} INFO - [2023-02-02 17:24:07,164] {dag.py:2396} INFO - Sync 1 DAGs
[2023-02-02 17:24:07,201] {logging_mixin.py:109} INFO - [2023-02-02 17:24:07,201] {dag.py:2935} INFO - Setting next_dagrun for example_task_group_decorator to 2023-02-01T17:24:07.201156+00:00
[2023-02-02 17:24:07,233] {processor.py:171} INFO - Processing /home/airflow/.local/lib/python3.7/site-packages/airflow/example_dags/example_task_group_decorator.py took 1.012 seconds
[2023-02-02 17:24:37,470] {processor.py:163} INFO - Started process (PID=627) to work on /home/airflow/.local/lib/python3.7/site-packages/airflow/example_dags/example_task_group_decorator.py
[2023-02-02 17:24:37,472] {processor.py:642} INFO - Processing file /home/airflow/.local/lib/python3.7/site-packages/airflow/example_dags/example_task_group_decorator.py for tasks to queue
[2023-02-02 17:24:37,487] {logging_mixin.py:109} INFO - [2023-02-02 17:24:37,487] {dagbag.py:500} INFO - Filling up the DagBag from /home/airflow/.local/lib/python3.7/site-packages/airflow/example_dags/example_task_group_decorator.py
[2023-02-02 17:24:37,755] {processor.py:654} INFO - DAG(s) dict_keys(['example_task_group_decorator']) retrieved from /home/airflow/.local/lib/python3.7/site-packages/airflow/example_dags/example_task_group_decorator.py
[2023-02-02 17:24:38,510] {logging_mixin.py:109} INFO - [2023-02-02 17:24:38,509] {dag.py:2396} INFO - Sync 1 DAGs
[2023-02-02 17:24:38,545] {logging_mixin.py:109} INFO - [2023-02-02 17:24:38,545] {dag.py:2935} INFO - Setting next_dagrun for example_task_group_decorator to 2023-02-01T17:24:38.544791+00:00
[2023-02-02 17:24:38,596] {processor.py:171} INFO - Processing /home/airflow/.local/lib/python3.7/site-packages/airflow/example_dags/example_task_group_decorator.py took 1.151 seconds
[2023-02-02 17:25:09,053] {processor.py:163} INFO - Started process (PID=668) to work on /home/airflow/.local/lib/python3.7/site-packages/airflow/example_dags/example_task_group_decorator.py
[2023-02-02 17:25:09,058] {processor.py:642} INFO - Processing file /home/airflow/.local/lib/python3.7/site-packages/airflow/example_dags/example_task_group_decorator.py for tasks to queue
[2023-02-02 17:25:09,060] {logging_mixin.py:109} INFO - [2023-02-02 17:25:09,060] {dagbag.py:500} INFO - Filling up the DagBag from /home/airflow/.local/lib/python3.7/site-packages/airflow/example_dags/example_task_group_decorator.py
[2023-02-02 17:25:09,158] {processor.py:654} INFO - DAG(s) dict_keys(['example_task_group_decorator']) retrieved from /home/airflow/.local/lib/python3.7/site-packages/airflow/example_dags/example_task_group_decorator.py
[2023-02-02 17:25:10,220] {logging_mixin.py:109} INFO - [2023-02-02 17:25:10,219] {dag.py:2396} INFO - Sync 1 DAGs
[2023-02-02 17:25:10,278] {logging_mixin.py:109} INFO - [2023-02-02 17:25:10,278] {dag.py:2935} INFO - Setting next_dagrun for example_task_group_decorator to 2023-02-01T17:25:10.277903+00:00
[2023-02-02 17:25:10,349] {processor.py:171} INFO - Processing /home/airflow/.local/lib/python3.7/site-packages/airflow/example_dags/example_task_group_decorator.py took 1.347 seconds
[2023-02-02 17:25:41,174] {processor.py:163} INFO - Started process (PID=718) to work on /home/airflow/.local/lib/python3.7/site-packages/airflow/example_dags/example_task_group_decorator.py
[2023-02-02 17:25:41,176] {processor.py:642} INFO - Processing file /home/airflow/.local/lib/python3.7/site-packages/airflow/example_dags/example_task_group_decorator.py for tasks to queue
[2023-02-02 17:25:41,179] {logging_mixin.py:109} INFO - [2023-02-02 17:25:41,178] {dagbag.py:500} INFO - Filling up the DagBag from /home/airflow/.local/lib/python3.7/site-packages/airflow/example_dags/example_task_group_decorator.py
[2023-02-02 17:25:41,374] {processor.py:654} INFO - DAG(s) dict_keys(['example_task_group_decorator']) retrieved from /home/airflow/.local/lib/python3.7/site-packages/airflow/example_dags/example_task_group_decorator.py
[2023-02-02 17:25:42,454] {logging_mixin.py:109} INFO - [2023-02-02 17:25:42,454] {dag.py:2396} INFO - Sync 1 DAGs
[2023-02-02 17:25:42,514] {logging_mixin.py:109} INFO - [2023-02-02 17:25:42,513] {dag.py:2935} INFO - Setting next_dagrun for example_task_group_decorator to 2023-02-01T17:25:42.513582+00:00
[2023-02-02 17:25:42,573] {processor.py:171} INFO - Processing /home/airflow/.local/lib/python3.7/site-packages/airflow/example_dags/example_task_group_decorator.py took 1.407 seconds
[2023-02-02 17:26:13,699] {processor.py:163} INFO - Started process (PID=769) to work on /home/airflow/.local/lib/python3.7/site-packages/airflow/example_dags/example_task_group_decorator.py
[2023-02-02 17:26:13,728] {processor.py:642} INFO - Processing file /home/airflow/.local/lib/python3.7/site-packages/airflow/example_dags/example_task_group_decorator.py for tasks to queue
[2023-02-02 17:26:13,736] {logging_mixin.py:109} INFO - [2023-02-02 17:26:13,736] {dagbag.py:500} INFO - Filling up the DagBag from /home/airflow/.local/lib/python3.7/site-packages/airflow/example_dags/example_task_group_decorator.py
[2023-02-02 17:26:14,002] {processor.py:654} INFO - DAG(s) dict_keys(['example_task_group_decorator']) retrieved from /home/airflow/.local/lib/python3.7/site-packages/airflow/example_dags/example_task_group_decorator.py
[2023-02-02 17:26:15,839] {logging_mixin.py:109} INFO - [2023-02-02 17:26:15,838] {dag.py:2396} INFO - Sync 1 DAGs
[2023-02-02 17:26:15,876] {logging_mixin.py:109} INFO - [2023-02-02 17:26:15,876] {dag.py:2935} INFO - Setting next_dagrun for example_task_group_decorator to 2023-02-01T17:26:15.876154+00:00
[2023-02-02 17:26:15,906] {processor.py:171} INFO - Processing /home/airflow/.local/lib/python3.7/site-packages/airflow/example_dags/example_task_group_decorator.py took 2.235 seconds
[2023-02-02 17:26:46,123] {processor.py:163} INFO - Started process (PID=814) to work on /home/airflow/.local/lib/python3.7/site-packages/airflow/example_dags/example_task_group_decorator.py
[2023-02-02 17:26:46,139] {processor.py:642} INFO - Processing file /home/airflow/.local/lib/python3.7/site-packages/airflow/example_dags/example_task_group_decorator.py for tasks to queue
[2023-02-02 17:26:46,140] {logging_mixin.py:109} INFO - [2023-02-02 17:26:46,140] {dagbag.py:500} INFO - Filling up the DagBag from /home/airflow/.local/lib/python3.7/site-packages/airflow/example_dags/example_task_group_decorator.py
[2023-02-02 17:26:46,326] {processor.py:654} INFO - DAG(s) dict_keys(['example_task_group_decorator']) retrieved from /home/airflow/.local/lib/python3.7/site-packages/airflow/example_dags/example_task_group_decorator.py
[2023-02-02 17:26:47,447] {logging_mixin.py:109} INFO - [2023-02-02 17:26:47,446] {dag.py:2396} INFO - Sync 1 DAGs
[2023-02-02 17:26:47,493] {logging_mixin.py:109} INFO - [2023-02-02 17:26:47,492] {dag.py:2935} INFO - Setting next_dagrun for example_task_group_decorator to 2023-02-01T17:26:47.492107+00:00
[2023-02-02 17:26:47,526] {processor.py:171} INFO - Processing /home/airflow/.local/lib/python3.7/site-packages/airflow/example_dags/example_task_group_decorator.py took 1.422 seconds
[2023-02-02 17:27:19,053] {processor.py:163} INFO - Started process (PID=864) to work on /home/airflow/.local/lib/python3.7/site-packages/airflow/example_dags/example_task_group_decorator.py
[2023-02-02 17:27:19,060] {processor.py:642} INFO - Processing file /home/airflow/.local/lib/python3.7/site-packages/airflow/example_dags/example_task_group_decorator.py for tasks to queue
[2023-02-02 17:27:19,061] {logging_mixin.py:109} INFO - [2023-02-02 17:27:19,061] {dagbag.py:500} INFO - Filling up the DagBag from /home/airflow/.local/lib/python3.7/site-packages/airflow/example_dags/example_task_group_decorator.py
[2023-02-02 17:27:19,272] {processor.py:654} INFO - DAG(s) dict_keys(['example_task_group_decorator']) retrieved from /home/airflow/.local/lib/python3.7/site-packages/airflow/example_dags/example_task_group_decorator.py
[2023-02-02 17:27:21,825] {logging_mixin.py:109} INFO - [2023-02-02 17:27:21,825] {dag.py:2396} INFO - Sync 1 DAGs
[2023-02-02 17:27:21,866] {logging_mixin.py:109} INFO - [2023-02-02 17:27:21,866] {dag.py:2935} INFO - Setting next_dagrun for example_task_group_decorator to 2023-02-01T17:27:21.865963+00:00
[2023-02-02 17:27:21,899] {processor.py:171} INFO - Processing /home/airflow/.local/lib/python3.7/site-packages/airflow/example_dags/example_task_group_decorator.py took 2.863 seconds
[2023-02-02 17:27:54,933] {processor.py:163} INFO - Started process (PID=923) to work on /home/airflow/.local/lib/python3.7/site-packages/airflow/example_dags/example_task_group_decorator.py
[2023-02-02 17:27:54,935] {processor.py:642} INFO - Processing file /home/airflow/.local/lib/python3.7/site-packages/airflow/example_dags/example_task_group_decorator.py for tasks to queue
[2023-02-02 17:27:54,979] {logging_mixin.py:109} INFO - [2023-02-02 17:27:54,979] {dagbag.py:500} INFO - Filling up the DagBag from /home/airflow/.local/lib/python3.7/site-packages/airflow/example_dags/example_task_group_decorator.py
[2023-02-02 17:27:55,310] {processor.py:654} INFO - DAG(s) dict_keys(['example_task_group_decorator']) retrieved from /home/airflow/.local/lib/python3.7/site-packages/airflow/example_dags/example_task_group_decorator.py
[2023-02-02 17:27:56,697] {logging_mixin.py:109} INFO - [2023-02-02 17:27:56,696] {dag.py:2396} INFO - Sync 1 DAGs
[2023-02-02 17:27:56,768] {logging_mixin.py:109} INFO - [2023-02-02 17:27:56,762] {dag.py:2935} INFO - Setting next_dagrun for example_task_group_decorator to 2023-02-01T17:27:56.761968+00:00
[2023-02-02 17:27:56,863] {processor.py:171} INFO - Processing /home/airflow/.local/lib/python3.7/site-packages/airflow/example_dags/example_task_group_decorator.py took 1.988 seconds
[2023-02-02 17:28:27,468] {processor.py:163} INFO - Started process (PID=966) to work on /home/airflow/.local/lib/python3.7/site-packages/airflow/example_dags/example_task_group_decorator.py
[2023-02-02 17:28:27,469] {processor.py:642} INFO - Processing file /home/airflow/.local/lib/python3.7/site-packages/airflow/example_dags/example_task_group_decorator.py for tasks to queue
[2023-02-02 17:28:27,471] {logging_mixin.py:109} INFO - [2023-02-02 17:28:27,471] {dagbag.py:500} INFO - Filling up the DagBag from /home/airflow/.local/lib/python3.7/site-packages/airflow/example_dags/example_task_group_decorator.py
[2023-02-02 17:28:27,677] {processor.py:654} INFO - DAG(s) dict_keys(['example_task_group_decorator']) retrieved from /home/airflow/.local/lib/python3.7/site-packages/airflow/example_dags/example_task_group_decorator.py
[2023-02-02 17:28:29,250] {logging_mixin.py:109} INFO - [2023-02-02 17:28:29,250] {dag.py:2396} INFO - Sync 1 DAGs
[2023-02-02 17:28:29,310] {logging_mixin.py:109} INFO - [2023-02-02 17:28:29,310] {dag.py:2935} INFO - Setting next_dagrun for example_task_group_decorator to 2023-02-01T17:28:29.310396+00:00
[2023-02-02 17:28:29,406] {processor.py:171} INFO - Processing /home/airflow/.local/lib/python3.7/site-packages/airflow/example_dags/example_task_group_decorator.py took 1.951 seconds
[2023-02-02 17:29:00,051] {processor.py:163} INFO - Started process (PID=1016) to work on /home/airflow/.local/lib/python3.7/site-packages/airflow/example_dags/example_task_group_decorator.py
[2023-02-02 17:29:00,053] {processor.py:642} INFO - Processing file /home/airflow/.local/lib/python3.7/site-packages/airflow/example_dags/example_task_group_decorator.py for tasks to queue
[2023-02-02 17:29:00,054] {logging_mixin.py:109} INFO - [2023-02-02 17:29:00,054] {dagbag.py:500} INFO - Filling up the DagBag from /home/airflow/.local/lib/python3.7/site-packages/airflow/example_dags/example_task_group_decorator.py
[2023-02-02 17:29:00,165] {processor.py:654} INFO - DAG(s) dict_keys(['example_task_group_decorator']) retrieved from /home/airflow/.local/lib/python3.7/site-packages/airflow/example_dags/example_task_group_decorator.py
[2023-02-02 17:29:01,232] {logging_mixin.py:109} INFO - [2023-02-02 17:29:01,231] {dag.py:2396} INFO - Sync 1 DAGs
[2023-02-02 17:29:01,303] {logging_mixin.py:109} INFO - [2023-02-02 17:29:01,302] {dag.py:2935} INFO - Setting next_dagrun for example_task_group_decorator to 2023-02-01T17:29:01.300993+00:00
[2023-02-02 17:29:01,379] {processor.py:171} INFO - Processing /home/airflow/.local/lib/python3.7/site-packages/airflow/example_dags/example_task_group_decorator.py took 1.342 seconds
[2023-02-02 17:29:32,319] {processor.py:163} INFO - Started process (PID=1067) to work on /home/airflow/.local/lib/python3.7/site-packages/airflow/example_dags/example_task_group_decorator.py
[2023-02-02 17:29:32,321] {processor.py:642} INFO - Processing file /home/airflow/.local/lib/python3.7/site-packages/airflow/example_dags/example_task_group_decorator.py for tasks to queue
[2023-02-02 17:29:32,323] {logging_mixin.py:109} INFO - [2023-02-02 17:29:32,323] {dagbag.py:500} INFO - Filling up the DagBag from /home/airflow/.local/lib/python3.7/site-packages/airflow/example_dags/example_task_group_decorator.py
[2023-02-02 17:29:32,525] {processor.py:654} INFO - DAG(s) dict_keys(['example_task_group_decorator']) retrieved from /home/airflow/.local/lib/python3.7/site-packages/airflow/example_dags/example_task_group_decorator.py
[2023-02-02 17:29:34,522] {logging_mixin.py:109} INFO - [2023-02-02 17:29:34,521] {dag.py:2396} INFO - Sync 1 DAGs
[2023-02-02 17:29:34,607] {logging_mixin.py:109} INFO - [2023-02-02 17:29:34,606] {dag.py:2935} INFO - Setting next_dagrun for example_task_group_decorator to 2023-02-01T17:29:34.605671+00:00
[2023-02-02 17:29:34,673] {processor.py:171} INFO - Processing /home/airflow/.local/lib/python3.7/site-packages/airflow/example_dags/example_task_group_decorator.py took 2.375 seconds
[2023-02-02 17:30:05,292] {processor.py:163} INFO - Started process (PID=1108) to work on /home/airflow/.local/lib/python3.7/site-packages/airflow/example_dags/example_task_group_decorator.py
[2023-02-02 17:30:05,295] {processor.py:642} INFO - Processing file /home/airflow/.local/lib/python3.7/site-packages/airflow/example_dags/example_task_group_decorator.py for tasks to queue
[2023-02-02 17:30:05,299] {logging_mixin.py:109} INFO - [2023-02-02 17:30:05,298] {dagbag.py:500} INFO - Filling up the DagBag from /home/airflow/.local/lib/python3.7/site-packages/airflow/example_dags/example_task_group_decorator.py
[2023-02-02 17:30:05,502] {processor.py:654} INFO - DAG(s) dict_keys(['example_task_group_decorator']) retrieved from /home/airflow/.local/lib/python3.7/site-packages/airflow/example_dags/example_task_group_decorator.py
[2023-02-02 17:30:06,641] {logging_mixin.py:109} INFO - [2023-02-02 17:30:06,641] {dag.py:2396} INFO - Sync 1 DAGs
[2023-02-02 17:30:06,672] {logging_mixin.py:109} INFO - [2023-02-02 17:30:06,672] {dag.py:2935} INFO - Setting next_dagrun for example_task_group_decorator to 2023-02-01T17:30:06.672308+00:00
[2023-02-02 17:30:06,702] {processor.py:171} INFO - Processing /home/airflow/.local/lib/python3.7/site-packages/airflow/example_dags/example_task_group_decorator.py took 1.420 seconds
[2023-02-02 17:30:36,827] {processor.py:163} INFO - Started process (PID=1158) to work on /home/airflow/.local/lib/python3.7/site-packages/airflow/example_dags/example_task_group_decorator.py
[2023-02-02 17:30:36,832] {processor.py:642} INFO - Processing file /home/airflow/.local/lib/python3.7/site-packages/airflow/example_dags/example_task_group_decorator.py for tasks to queue
[2023-02-02 17:30:36,834] {logging_mixin.py:109} INFO - [2023-02-02 17:30:36,834] {dagbag.py:500} INFO - Filling up the DagBag from /home/airflow/.local/lib/python3.7/site-packages/airflow/example_dags/example_task_group_decorator.py
[2023-02-02 17:30:37,012] {processor.py:654} INFO - DAG(s) dict_keys(['example_task_group_decorator']) retrieved from /home/airflow/.local/lib/python3.7/site-packages/airflow/example_dags/example_task_group_decorator.py
[2023-02-02 17:30:38,335] {logging_mixin.py:109} INFO - [2023-02-02 17:30:38,335] {dag.py:2396} INFO - Sync 1 DAGs
[2023-02-02 17:30:38,372] {logging_mixin.py:109} INFO - [2023-02-02 17:30:38,372] {dag.py:2935} INFO - Setting next_dagrun for example_task_group_decorator to 2023-02-01T17:30:38.371199+00:00
[2023-02-02 17:30:38,417] {processor.py:171} INFO - Processing /home/airflow/.local/lib/python3.7/site-packages/airflow/example_dags/example_task_group_decorator.py took 1.596 seconds
[2023-02-02 17:31:08,847] {processor.py:163} INFO - Started process (PID=1209) to work on /home/airflow/.local/lib/python3.7/site-packages/airflow/example_dags/example_task_group_decorator.py
[2023-02-02 17:31:08,848] {processor.py:642} INFO - Processing file /home/airflow/.local/lib/python3.7/site-packages/airflow/example_dags/example_task_group_decorator.py for tasks to queue
[2023-02-02 17:31:08,862] {logging_mixin.py:109} INFO - [2023-02-02 17:31:08,862] {dagbag.py:500} INFO - Filling up the DagBag from /home/airflow/.local/lib/python3.7/site-packages/airflow/example_dags/example_task_group_decorator.py
[2023-02-02 17:31:09,212] {processor.py:654} INFO - DAG(s) dict_keys(['example_task_group_decorator']) retrieved from /home/airflow/.local/lib/python3.7/site-packages/airflow/example_dags/example_task_group_decorator.py
[2023-02-02 17:31:10,772] {logging_mixin.py:109} INFO - [2023-02-02 17:31:10,772] {dag.py:2396} INFO - Sync 1 DAGs
[2023-02-02 17:31:10,882] {logging_mixin.py:109} INFO - [2023-02-02 17:31:10,882] {dag.py:2935} INFO - Setting next_dagrun for example_task_group_decorator to 2023-02-01T17:31:10.881818+00:00
[2023-02-02 17:31:10,941] {processor.py:171} INFO - Processing /home/airflow/.local/lib/python3.7/site-packages/airflow/example_dags/example_task_group_decorator.py took 2.107 seconds
[2023-02-02 17:31:41,121] {processor.py:163} INFO - Started process (PID=1250) to work on /home/airflow/.local/lib/python3.7/site-packages/airflow/example_dags/example_task_group_decorator.py
[2023-02-02 17:31:41,124] {processor.py:642} INFO - Processing file /home/airflow/.local/lib/python3.7/site-packages/airflow/example_dags/example_task_group_decorator.py for tasks to queue
[2023-02-02 17:31:41,125] {logging_mixin.py:109} INFO - [2023-02-02 17:31:41,125] {dagbag.py:500} INFO - Filling up the DagBag from /home/airflow/.local/lib/python3.7/site-packages/airflow/example_dags/example_task_group_decorator.py
[2023-02-02 17:31:41,246] {processor.py:654} INFO - DAG(s) dict_keys(['example_task_group_decorator']) retrieved from /home/airflow/.local/lib/python3.7/site-packages/airflow/example_dags/example_task_group_decorator.py
[2023-02-02 17:31:42,063] {logging_mixin.py:109} INFO - [2023-02-02 17:31:42,063] {dag.py:2396} INFO - Sync 1 DAGs
[2023-02-02 17:31:42,138] {logging_mixin.py:109} INFO - [2023-02-02 17:31:42,138] {dag.py:2935} INFO - Setting next_dagrun for example_task_group_decorator to 2023-02-01T17:31:42.137995+00:00
[2023-02-02 17:31:42,193] {processor.py:171} INFO - Processing /home/airflow/.local/lib/python3.7/site-packages/airflow/example_dags/example_task_group_decorator.py took 1.083 seconds
[2023-02-02 17:32:12,997] {processor.py:163} INFO - Started process (PID=1299) to work on /home/airflow/.local/lib/python3.7/site-packages/airflow/example_dags/example_task_group_decorator.py
[2023-02-02 17:32:13,002] {processor.py:642} INFO - Processing file /home/airflow/.local/lib/python3.7/site-packages/airflow/example_dags/example_task_group_decorator.py for tasks to queue
[2023-02-02 17:32:13,003] {logging_mixin.py:109} INFO - [2023-02-02 17:32:13,003] {dagbag.py:500} INFO - Filling up the DagBag from /home/airflow/.local/lib/python3.7/site-packages/airflow/example_dags/example_task_group_decorator.py
[2023-02-02 17:32:13,469] {processor.py:654} INFO - DAG(s) dict_keys(['example_task_group_decorator']) retrieved from /home/airflow/.local/lib/python3.7/site-packages/airflow/example_dags/example_task_group_decorator.py
[2023-02-02 17:32:16,343] {logging_mixin.py:109} INFO - [2023-02-02 17:32:16,333] {dag.py:2396} INFO - Sync 1 DAGs
[2023-02-02 17:32:16,565] {logging_mixin.py:109} INFO - [2023-02-02 17:32:16,554] {dag.py:2935} INFO - Setting next_dagrun for example_task_group_decorator to 2023-02-01T17:32:16.553360+00:00
[2023-02-02 17:32:16,650] {processor.py:171} INFO - Processing /home/airflow/.local/lib/python3.7/site-packages/airflow/example_dags/example_task_group_decorator.py took 3.694 seconds
[2023-02-02 17:32:47,036] {processor.py:163} INFO - Started process (PID=1346) to work on /home/airflow/.local/lib/python3.7/site-packages/airflow/example_dags/example_task_group_decorator.py
[2023-02-02 17:32:47,038] {processor.py:642} INFO - Processing file /home/airflow/.local/lib/python3.7/site-packages/airflow/example_dags/example_task_group_decorator.py for tasks to queue
[2023-02-02 17:32:47,039] {logging_mixin.py:109} INFO - [2023-02-02 17:32:47,038] {dagbag.py:500} INFO - Filling up the DagBag from /home/airflow/.local/lib/python3.7/site-packages/airflow/example_dags/example_task_group_decorator.py
[2023-02-02 17:32:48,005] {processor.py:654} INFO - DAG(s) dict_keys(['example_task_group_decorator']) retrieved from /home/airflow/.local/lib/python3.7/site-packages/airflow/example_dags/example_task_group_decorator.py
[2023-02-02 17:32:49,707] {logging_mixin.py:109} INFO - [2023-02-02 17:32:49,707] {dag.py:2396} INFO - Sync 1 DAGs
[2023-02-02 17:32:49,816] {logging_mixin.py:109} INFO - [2023-02-02 17:32:49,816] {dag.py:2935} INFO - Setting next_dagrun for example_task_group_decorator to 2023-02-01T17:32:49.815816+00:00
[2023-02-02 17:32:49,975] {processor.py:171} INFO - Processing /home/airflow/.local/lib/python3.7/site-packages/airflow/example_dags/example_task_group_decorator.py took 2.972 seconds
[2023-02-02 17:33:20,731] {processor.py:163} INFO - Started process (PID=1388) to work on /home/airflow/.local/lib/python3.7/site-packages/airflow/example_dags/example_task_group_decorator.py
[2023-02-02 17:33:20,745] {processor.py:642} INFO - Processing file /home/airflow/.local/lib/python3.7/site-packages/airflow/example_dags/example_task_group_decorator.py for tasks to queue
[2023-02-02 17:33:20,746] {logging_mixin.py:109} INFO - [2023-02-02 17:33:20,746] {dagbag.py:500} INFO - Filling up the DagBag from /home/airflow/.local/lib/python3.7/site-packages/airflow/example_dags/example_task_group_decorator.py
[2023-02-02 17:33:20,978] {processor.py:654} INFO - DAG(s) dict_keys(['example_task_group_decorator']) retrieved from /home/airflow/.local/lib/python3.7/site-packages/airflow/example_dags/example_task_group_decorator.py
[2023-02-02 17:33:21,298] {logging_mixin.py:109} INFO - [2023-02-02 17:33:21,297] {dag.py:2396} INFO - Sync 1 DAGs
[2023-02-02 17:33:21,311] {logging_mixin.py:109} INFO - [2023-02-02 17:33:21,311] {dag.py:2935} INFO - Setting next_dagrun for example_task_group_decorator to 2023-02-01T17:33:21.311628+00:00
[2023-02-02 17:33:21,326] {processor.py:171} INFO - Processing /home/airflow/.local/lib/python3.7/site-packages/airflow/example_dags/example_task_group_decorator.py took 0.600 seconds
[2023-02-02 17:33:51,717] {processor.py:163} INFO - Started process (PID=1438) to work on /home/airflow/.local/lib/python3.7/site-packages/airflow/example_dags/example_task_group_decorator.py
[2023-02-02 17:33:51,734] {processor.py:642} INFO - Processing file /home/airflow/.local/lib/python3.7/site-packages/airflow/example_dags/example_task_group_decorator.py for tasks to queue
[2023-02-02 17:33:51,743] {logging_mixin.py:109} INFO - [2023-02-02 17:33:51,742] {dagbag.py:500} INFO - Filling up the DagBag from /home/airflow/.local/lib/python3.7/site-packages/airflow/example_dags/example_task_group_decorator.py
[2023-02-02 17:33:52,326] {processor.py:174} ERROR - Got an exception! Propagating...
Traceback (most recent call last):
  File "/home/airflow/.local/lib/python3.7/site-packages/sqlalchemy/engine/base.py", line 2336, in _wrap_pool_connect
    return fn()
  File "/home/airflow/.local/lib/python3.7/site-packages/sqlalchemy/pool/base.py", line 364, in connect
    return _ConnectionFairy._checkout(self)
  File "/home/airflow/.local/lib/python3.7/site-packages/sqlalchemy/pool/base.py", line 778, in _checkout
    fairy = _ConnectionRecord.checkout(pool)
  File "/home/airflow/.local/lib/python3.7/site-packages/sqlalchemy/pool/base.py", line 495, in checkout
    rec = pool._do_get()
  File "/home/airflow/.local/lib/python3.7/site-packages/sqlalchemy/pool/impl.py", line 140, in _do_get
    self._dec_overflow()
  File "/home/airflow/.local/lib/python3.7/site-packages/sqlalchemy/util/langhelpers.py", line 70, in __exit__
    with_traceback=exc_tb,
  File "/home/airflow/.local/lib/python3.7/site-packages/sqlalchemy/util/compat.py", line 182, in raise_
    raise exception
  File "/home/airflow/.local/lib/python3.7/site-packages/sqlalchemy/pool/impl.py", line 137, in _do_get
    return self._create_connection()
  File "/home/airflow/.local/lib/python3.7/site-packages/sqlalchemy/pool/base.py", line 309, in _create_connection
    return _ConnectionRecord(self)
  File "/home/airflow/.local/lib/python3.7/site-packages/sqlalchemy/pool/base.py", line 440, in __init__
    self.__connect(first_connect_check=True)
  File "/home/airflow/.local/lib/python3.7/site-packages/sqlalchemy/pool/base.py", line 661, in __connect
    pool.logger.debug("Error on connect(): %s", e)
  File "/home/airflow/.local/lib/python3.7/site-packages/sqlalchemy/util/langhelpers.py", line 70, in __exit__
    with_traceback=exc_tb,
  File "/home/airflow/.local/lib/python3.7/site-packages/sqlalchemy/util/compat.py", line 182, in raise_
    raise exception
  File "/home/airflow/.local/lib/python3.7/site-packages/sqlalchemy/pool/base.py", line 656, in __connect
    connection = pool._invoke_creator(self)
  File "/home/airflow/.local/lib/python3.7/site-packages/sqlalchemy/engine/strategies.py", line 114, in connect
    return dialect.connect(*cargs, **cparams)
  File "/home/airflow/.local/lib/python3.7/site-packages/sqlalchemy/engine/default.py", line 508, in connect
    return self.dbapi.connect(*cargs, **cparams)
  File "/home/airflow/.local/lib/python3.7/site-packages/psycopg2/__init__.py", line 122, in connect
    conn = _connect(dsn, connection_factory=connection_factory, **kwasync)
psycopg2.OperationalError: connection to server at "postgres" (172.25.0.3), port 5432 failed: FATAL:  the database system is shutting down


The above exception was the direct cause of the following exception:

Traceback (most recent call last):
  File "/home/airflow/.local/lib/python3.7/site-packages/airflow/dag_processing/processor.py", line 168, in _run_file_processor
    callback_requests=callback_requests,
  File "/home/airflow/.local/lib/python3.7/site-packages/airflow/utils/session.py", line 70, in wrapper
    return func(*args, session=session, **kwargs)
  File "/home/airflow/.local/lib/python3.7/site-packages/airflow/dag_processing/processor.py", line 651, in process_file
    self._deactivate_missing_dags(session, dagbag, file_path)
  File "/home/airflow/.local/lib/python3.7/site-packages/airflow/dag_processing/processor.py", line 687, in _deactivate_missing_dags
    .update({DagModel.is_active: False}, synchronize_session="fetch")
  File "/home/airflow/.local/lib/python3.7/site-packages/sqlalchemy/orm/query.py", line 4063, in update
    update_op.exec_()
  File "/home/airflow/.local/lib/python3.7/site-packages/sqlalchemy/orm/persistence.py", line 1696, in exec_
    self._do_pre_synchronize()
  File "/home/airflow/.local/lib/python3.7/site-packages/sqlalchemy/orm/persistence.py", line 1806, in _do_pre_synchronize
    select_stmt, mapper=self.mapper, params=query._params
  File "/home/airflow/.local/lib/python3.7/site-packages/sqlalchemy/orm/session.py", line 1295, in execute
    return self._connection_for_bind(bind, close_with_result=True).execute(
  File "/home/airflow/.local/lib/python3.7/site-packages/sqlalchemy/orm/session.py", line 1151, in _connection_for_bind
    engine, execution_options
  File "/home/airflow/.local/lib/python3.7/site-packages/sqlalchemy/orm/session.py", line 433, in _connection_for_bind
    conn = bind._contextual_connect()
  File "/home/airflow/.local/lib/python3.7/site-packages/sqlalchemy/engine/base.py", line 2302, in _contextual_connect
    self._wrap_pool_connect(self.pool.connect, None),
  File "/home/airflow/.local/lib/python3.7/site-packages/sqlalchemy/engine/base.py", line 2340, in _wrap_pool_connect
    e, dialect, self
  File "/home/airflow/.local/lib/python3.7/site-packages/sqlalchemy/engine/base.py", line 1584, in _handle_dbapi_exception_noconnection
    sqlalchemy_exception, with_traceback=exc_info[2], from_=e
  File "/home/airflow/.local/lib/python3.7/site-packages/sqlalchemy/util/compat.py", line 182, in raise_
    raise exception
  File "/home/airflow/.local/lib/python3.7/site-packages/sqlalchemy/engine/base.py", line 2336, in _wrap_pool_connect
    return fn()
  File "/home/airflow/.local/lib/python3.7/site-packages/sqlalchemy/pool/base.py", line 364, in connect
    return _ConnectionFairy._checkout(self)
  File "/home/airflow/.local/lib/python3.7/site-packages/sqlalchemy/pool/base.py", line 778, in _checkout
    fairy = _ConnectionRecord.checkout(pool)
  File "/home/airflow/.local/lib/python3.7/site-packages/sqlalchemy/pool/base.py", line 495, in checkout
    rec = pool._do_get()
  File "/home/airflow/.local/lib/python3.7/site-packages/sqlalchemy/pool/impl.py", line 140, in _do_get
    self._dec_overflow()
  File "/home/airflow/.local/lib/python3.7/site-packages/sqlalchemy/util/langhelpers.py", line 70, in __exit__
    with_traceback=exc_tb,
  File "/home/airflow/.local/lib/python3.7/site-packages/sqlalchemy/util/compat.py", line 182, in raise_
    raise exception
  File "/home/airflow/.local/lib/python3.7/site-packages/sqlalchemy/pool/impl.py", line 137, in _do_get
    return self._create_connection()
  File "/home/airflow/.local/lib/python3.7/site-packages/sqlalchemy/pool/base.py", line 309, in _create_connection
    return _ConnectionRecord(self)
  File "/home/airflow/.local/lib/python3.7/site-packages/sqlalchemy/pool/base.py", line 440, in __init__
    self.__connect(first_connect_check=True)
  File "/home/airflow/.local/lib/python3.7/site-packages/sqlalchemy/pool/base.py", line 661, in __connect
    pool.logger.debug("Error on connect(): %s", e)
  File "/home/airflow/.local/lib/python3.7/site-packages/sqlalchemy/util/langhelpers.py", line 70, in __exit__
    with_traceback=exc_tb,
  File "/home/airflow/.local/lib/python3.7/site-packages/sqlalchemy/util/compat.py", line 182, in raise_
    raise exception
  File "/home/airflow/.local/lib/python3.7/site-packages/sqlalchemy/pool/base.py", line 656, in __connect
    connection = pool._invoke_creator(self)
  File "/home/airflow/.local/lib/python3.7/site-packages/sqlalchemy/engine/strategies.py", line 114, in connect
    return dialect.connect(*cargs, **cparams)
  File "/home/airflow/.local/lib/python3.7/site-packages/sqlalchemy/engine/default.py", line 508, in connect
    return self.dbapi.connect(*cargs, **cparams)
  File "/home/airflow/.local/lib/python3.7/site-packages/psycopg2/__init__.py", line 122, in connect
    conn = _connect(dsn, connection_factory=connection_factory, **kwasync)
sqlalchemy.exc.OperationalError: (psycopg2.OperationalError) connection to server at "postgres" (172.25.0.3), port 5432 failed: FATAL:  the database system is shutting down

(Background on this error at: http://sqlalche.me/e/13/e3q8)
