[2023-02-02 17:18:30,950] {processor.py:163} INFO - Started process (PID=92) to work on /home/airflow/.local/lib/python3.7/site-packages/airflow/example_dags/example_branch_labels.py
[2023-02-02 17:18:30,951] {processor.py:642} INFO - Processing file /home/airflow/.local/lib/python3.7/site-packages/airflow/example_dags/example_branch_labels.py for tasks to queue
[2023-02-02 17:18:30,953] {logging_mixin.py:109} INFO - [2023-02-02 17:18:30,952] {dagbag.py:500} INFO - Filling up the DagBag from /home/airflow/.local/lib/python3.7/site-packages/airflow/example_dags/example_branch_labels.py
[2023-02-02 17:18:31,285] {processor.py:654} INFO - DAG(s) dict_keys(['example_branch_labels']) retrieved from /home/airflow/.local/lib/python3.7/site-packages/airflow/example_dags/example_branch_labels.py
[2023-02-02 17:18:31,393] {logging_mixin.py:109} INFO - [2023-02-02 17:18:31,388] {dag.py:2396} INFO - Sync 1 DAGs
[2023-02-02 17:18:31,608] {logging_mixin.py:109} INFO - [2023-02-02 17:18:31,607] {dag.py:2935} INFO - Setting next_dagrun for example_branch_labels to 2023-02-01 00:00:00+00:00
[2023-02-02 17:18:31,816] {processor.py:171} INFO - Processing /home/airflow/.local/lib/python3.7/site-packages/airflow/example_dags/example_branch_labels.py took 0.916 seconds
[2023-02-02 17:19:02,805] {processor.py:163} INFO - Started process (PID=132) to work on /home/airflow/.local/lib/python3.7/site-packages/airflow/example_dags/example_branch_labels.py
[2023-02-02 17:19:02,807] {processor.py:642} INFO - Processing file /home/airflow/.local/lib/python3.7/site-packages/airflow/example_dags/example_branch_labels.py for tasks to queue
[2023-02-02 17:19:02,808] {logging_mixin.py:109} INFO - [2023-02-02 17:19:02,808] {dagbag.py:500} INFO - Filling up the DagBag from /home/airflow/.local/lib/python3.7/site-packages/airflow/example_dags/example_branch_labels.py
[2023-02-02 17:19:03,100] {processor.py:654} INFO - DAG(s) dict_keys(['example_branch_labels']) retrieved from /home/airflow/.local/lib/python3.7/site-packages/airflow/example_dags/example_branch_labels.py
[2023-02-02 17:19:03,129] {logging_mixin.py:109} INFO - [2023-02-02 17:19:03,128] {dag.py:2396} INFO - Sync 1 DAGs
[2023-02-02 17:19:03,250] {logging_mixin.py:109} INFO - [2023-02-02 17:19:03,250] {dag.py:2935} INFO - Setting next_dagrun for example_branch_labels to 2023-02-01 00:00:00+00:00
[2023-02-02 17:19:03,325] {processor.py:171} INFO - Processing /home/airflow/.local/lib/python3.7/site-packages/airflow/example_dags/example_branch_labels.py took 0.545 seconds
[2023-02-02 17:19:34,128] {processor.py:163} INFO - Started process (PID=182) to work on /home/airflow/.local/lib/python3.7/site-packages/airflow/example_dags/example_branch_labels.py
[2023-02-02 17:19:34,146] {processor.py:642} INFO - Processing file /home/airflow/.local/lib/python3.7/site-packages/airflow/example_dags/example_branch_labels.py for tasks to queue
[2023-02-02 17:19:34,149] {logging_mixin.py:109} INFO - [2023-02-02 17:19:34,149] {dagbag.py:500} INFO - Filling up the DagBag from /home/airflow/.local/lib/python3.7/site-packages/airflow/example_dags/example_branch_labels.py
[2023-02-02 17:19:34,350] {processor.py:654} INFO - DAG(s) dict_keys(['example_branch_labels']) retrieved from /home/airflow/.local/lib/python3.7/site-packages/airflow/example_dags/example_branch_labels.py
[2023-02-02 17:19:34,485] {logging_mixin.py:109} INFO - [2023-02-02 17:19:34,485] {dag.py:2396} INFO - Sync 1 DAGs
[2023-02-02 17:19:34,633] {logging_mixin.py:109} INFO - [2023-02-02 17:19:34,633] {dag.py:2935} INFO - Setting next_dagrun for example_branch_labels to 2023-02-01 00:00:00+00:00
[2023-02-02 17:19:34,711] {processor.py:171} INFO - Processing /home/airflow/.local/lib/python3.7/site-packages/airflow/example_dags/example_branch_labels.py took 0.599 seconds
[2023-02-02 17:20:05,715] {processor.py:163} INFO - Started process (PID=222) to work on /home/airflow/.local/lib/python3.7/site-packages/airflow/example_dags/example_branch_labels.py
[2023-02-02 17:20:05,722] {processor.py:642} INFO - Processing file /home/airflow/.local/lib/python3.7/site-packages/airflow/example_dags/example_branch_labels.py for tasks to queue
[2023-02-02 17:20:05,727] {logging_mixin.py:109} INFO - [2023-02-02 17:20:05,727] {dagbag.py:500} INFO - Filling up the DagBag from /home/airflow/.local/lib/python3.7/site-packages/airflow/example_dags/example_branch_labels.py
[2023-02-02 17:20:05,845] {processor.py:654} INFO - DAG(s) dict_keys(['example_branch_labels']) retrieved from /home/airflow/.local/lib/python3.7/site-packages/airflow/example_dags/example_branch_labels.py
[2023-02-02 17:20:05,866] {logging_mixin.py:109} INFO - [2023-02-02 17:20:05,866] {dag.py:2396} INFO - Sync 1 DAGs
[2023-02-02 17:20:05,922] {logging_mixin.py:109} INFO - [2023-02-02 17:20:05,922] {dag.py:2935} INFO - Setting next_dagrun for example_branch_labels to 2023-02-01 00:00:00+00:00
[2023-02-02 17:20:05,944] {processor.py:171} INFO - Processing /home/airflow/.local/lib/python3.7/site-packages/airflow/example_dags/example_branch_labels.py took 0.243 seconds
[2023-02-02 17:20:36,215] {processor.py:163} INFO - Started process (PID=272) to work on /home/airflow/.local/lib/python3.7/site-packages/airflow/example_dags/example_branch_labels.py
[2023-02-02 17:20:36,222] {processor.py:642} INFO - Processing file /home/airflow/.local/lib/python3.7/site-packages/airflow/example_dags/example_branch_labels.py for tasks to queue
[2023-02-02 17:20:36,223] {logging_mixin.py:109} INFO - [2023-02-02 17:20:36,223] {dagbag.py:500} INFO - Filling up the DagBag from /home/airflow/.local/lib/python3.7/site-packages/airflow/example_dags/example_branch_labels.py
[2023-02-02 17:20:36,351] {processor.py:654} INFO - DAG(s) dict_keys(['example_branch_labels']) retrieved from /home/airflow/.local/lib/python3.7/site-packages/airflow/example_dags/example_branch_labels.py
[2023-02-02 17:20:36,420] {logging_mixin.py:109} INFO - [2023-02-02 17:20:36,420] {dag.py:2396} INFO - Sync 1 DAGs
[2023-02-02 17:20:36,549] {logging_mixin.py:109} INFO - [2023-02-02 17:20:36,548] {dag.py:2935} INFO - Setting next_dagrun for example_branch_labels to 2023-02-01 00:00:00+00:00
[2023-02-02 17:20:36,599] {processor.py:171} INFO - Processing /home/airflow/.local/lib/python3.7/site-packages/airflow/example_dags/example_branch_labels.py took 0.400 seconds
[2023-02-02 17:21:06,944] {processor.py:163} INFO - Started process (PID=319) to work on /home/airflow/.local/lib/python3.7/site-packages/airflow/example_dags/example_branch_labels.py
[2023-02-02 17:21:07,003] {processor.py:642} INFO - Processing file /home/airflow/.local/lib/python3.7/site-packages/airflow/example_dags/example_branch_labels.py for tasks to queue
[2023-02-02 17:21:07,004] {logging_mixin.py:109} INFO - [2023-02-02 17:21:07,004] {dagbag.py:500} INFO - Filling up the DagBag from /home/airflow/.local/lib/python3.7/site-packages/airflow/example_dags/example_branch_labels.py
[2023-02-02 17:21:07,189] {processor.py:654} INFO - DAG(s) dict_keys(['example_branch_labels']) retrieved from /home/airflow/.local/lib/python3.7/site-packages/airflow/example_dags/example_branch_labels.py
[2023-02-02 17:21:07,226] {logging_mixin.py:109} INFO - [2023-02-02 17:21:07,225] {dag.py:2396} INFO - Sync 1 DAGs
[2023-02-02 17:21:07,356] {logging_mixin.py:109} INFO - [2023-02-02 17:21:07,352] {dag.py:2935} INFO - Setting next_dagrun for example_branch_labels to 2023-02-01 00:00:00+00:00
[2023-02-02 17:21:07,405] {processor.py:171} INFO - Processing /home/airflow/.local/lib/python3.7/site-packages/airflow/example_dags/example_branch_labels.py took 0.498 seconds
[2023-02-02 17:21:38,237] {processor.py:163} INFO - Started process (PID=362) to work on /home/airflow/.local/lib/python3.7/site-packages/airflow/example_dags/example_branch_labels.py
[2023-02-02 17:21:38,239] {processor.py:642} INFO - Processing file /home/airflow/.local/lib/python3.7/site-packages/airflow/example_dags/example_branch_labels.py for tasks to queue
[2023-02-02 17:21:38,241] {logging_mixin.py:109} INFO - [2023-02-02 17:21:38,240] {dagbag.py:500} INFO - Filling up the DagBag from /home/airflow/.local/lib/python3.7/site-packages/airflow/example_dags/example_branch_labels.py
[2023-02-02 17:21:38,320] {processor.py:654} INFO - DAG(s) dict_keys(['example_branch_labels']) retrieved from /home/airflow/.local/lib/python3.7/site-packages/airflow/example_dags/example_branch_labels.py
[2023-02-02 17:21:38,349] {logging_mixin.py:109} INFO - [2023-02-02 17:21:38,348] {dag.py:2396} INFO - Sync 1 DAGs
[2023-02-02 17:21:38,420] {logging_mixin.py:109} INFO - [2023-02-02 17:21:38,420] {dag.py:2935} INFO - Setting next_dagrun for example_branch_labels to 2023-02-01 00:00:00+00:00
[2023-02-02 17:21:38,497] {processor.py:171} INFO - Processing /home/airflow/.local/lib/python3.7/site-packages/airflow/example_dags/example_branch_labels.py took 0.266 seconds
[2023-02-02 17:22:08,993] {processor.py:163} INFO - Started process (PID=411) to work on /home/airflow/.local/lib/python3.7/site-packages/airflow/example_dags/example_branch_labels.py
[2023-02-02 17:22:09,024] {processor.py:642} INFO - Processing file /home/airflow/.local/lib/python3.7/site-packages/airflow/example_dags/example_branch_labels.py for tasks to queue
[2023-02-02 17:22:09,033] {logging_mixin.py:109} INFO - [2023-02-02 17:22:09,033] {dagbag.py:500} INFO - Filling up the DagBag from /home/airflow/.local/lib/python3.7/site-packages/airflow/example_dags/example_branch_labels.py
[2023-02-02 17:22:09,198] {processor.py:654} INFO - DAG(s) dict_keys(['example_branch_labels']) retrieved from /home/airflow/.local/lib/python3.7/site-packages/airflow/example_dags/example_branch_labels.py
[2023-02-02 17:22:09,280] {logging_mixin.py:109} INFO - [2023-02-02 17:22:09,272] {dag.py:2396} INFO - Sync 1 DAGs
[2023-02-02 17:22:09,429] {logging_mixin.py:109} INFO - [2023-02-02 17:22:09,428] {dag.py:2935} INFO - Setting next_dagrun for example_branch_labels to 2023-02-01 00:00:00+00:00
[2023-02-02 17:22:09,480] {processor.py:171} INFO - Processing /home/airflow/.local/lib/python3.7/site-packages/airflow/example_dags/example_branch_labels.py took 0.512 seconds
[2023-02-02 17:22:39,796] {processor.py:163} INFO - Started process (PID=452) to work on /home/airflow/.local/lib/python3.7/site-packages/airflow/example_dags/example_branch_labels.py
[2023-02-02 17:22:39,811] {processor.py:642} INFO - Processing file /home/airflow/.local/lib/python3.7/site-packages/airflow/example_dags/example_branch_labels.py for tasks to queue
[2023-02-02 17:22:39,813] {logging_mixin.py:109} INFO - [2023-02-02 17:22:39,813] {dagbag.py:500} INFO - Filling up the DagBag from /home/airflow/.local/lib/python3.7/site-packages/airflow/example_dags/example_branch_labels.py
[2023-02-02 17:22:39,923] {processor.py:654} INFO - DAG(s) dict_keys(['example_branch_labels']) retrieved from /home/airflow/.local/lib/python3.7/site-packages/airflow/example_dags/example_branch_labels.py
[2023-02-02 17:22:39,958] {logging_mixin.py:109} INFO - [2023-02-02 17:22:39,957] {dag.py:2396} INFO - Sync 1 DAGs
[2023-02-02 17:22:40,087] {logging_mixin.py:109} INFO - [2023-02-02 17:22:40,087] {dag.py:2935} INFO - Setting next_dagrun for example_branch_labels to 2023-02-01 00:00:00+00:00
[2023-02-02 17:22:40,163] {processor.py:171} INFO - Processing /home/airflow/.local/lib/python3.7/site-packages/airflow/example_dags/example_branch_labels.py took 0.372 seconds
[2023-02-02 17:23:11,465] {processor.py:163} INFO - Started process (PID=502) to work on /home/airflow/.local/lib/python3.7/site-packages/airflow/example_dags/example_branch_labels.py
[2023-02-02 17:23:11,477] {processor.py:642} INFO - Processing file /home/airflow/.local/lib/python3.7/site-packages/airflow/example_dags/example_branch_labels.py for tasks to queue
[2023-02-02 17:23:11,478] {logging_mixin.py:109} INFO - [2023-02-02 17:23:11,478] {dagbag.py:500} INFO - Filling up the DagBag from /home/airflow/.local/lib/python3.7/site-packages/airflow/example_dags/example_branch_labels.py
[2023-02-02 17:23:11,771] {processor.py:654} INFO - DAG(s) dict_keys(['example_branch_labels']) retrieved from /home/airflow/.local/lib/python3.7/site-packages/airflow/example_dags/example_branch_labels.py
[2023-02-02 17:23:11,791] {logging_mixin.py:109} INFO - [2023-02-02 17:23:11,791] {dag.py:2396} INFO - Sync 1 DAGs
[2023-02-02 17:23:11,918] {logging_mixin.py:109} INFO - [2023-02-02 17:23:11,913] {dag.py:2935} INFO - Setting next_dagrun for example_branch_labels to 2023-02-01 00:00:00+00:00
[2023-02-02 17:23:12,008] {processor.py:171} INFO - Processing /home/airflow/.local/lib/python3.7/site-packages/airflow/example_dags/example_branch_labels.py took 0.569 seconds
[2023-02-02 17:23:42,094] {processor.py:163} INFO - Started process (PID=552) to work on /home/airflow/.local/lib/python3.7/site-packages/airflow/example_dags/example_branch_labels.py
[2023-02-02 17:23:42,096] {processor.py:642} INFO - Processing file /home/airflow/.local/lib/python3.7/site-packages/airflow/example_dags/example_branch_labels.py for tasks to queue
[2023-02-02 17:23:42,096] {logging_mixin.py:109} INFO - [2023-02-02 17:23:42,096] {dagbag.py:500} INFO - Filling up the DagBag from /home/airflow/.local/lib/python3.7/site-packages/airflow/example_dags/example_branch_labels.py
[2023-02-02 17:23:42,140] {processor.py:654} INFO - DAG(s) dict_keys(['example_branch_labels']) retrieved from /home/airflow/.local/lib/python3.7/site-packages/airflow/example_dags/example_branch_labels.py
[2023-02-02 17:23:42,157] {logging_mixin.py:109} INFO - [2023-02-02 17:23:42,156] {dag.py:2396} INFO - Sync 1 DAGs
[2023-02-02 17:23:42,188] {logging_mixin.py:109} INFO - [2023-02-02 17:23:42,187] {dag.py:2935} INFO - Setting next_dagrun for example_branch_labels to 2023-02-01 00:00:00+00:00
[2023-02-02 17:23:42,210] {processor.py:171} INFO - Processing /home/airflow/.local/lib/python3.7/site-packages/airflow/example_dags/example_branch_labels.py took 0.121 seconds
[2023-02-02 17:24:15,607] {processor.py:163} INFO - Started process (PID=594) to work on /home/airflow/.local/lib/python3.7/site-packages/airflow/example_dags/example_branch_labels.py
[2023-02-02 17:24:15,614] {processor.py:642} INFO - Processing file /home/airflow/.local/lib/python3.7/site-packages/airflow/example_dags/example_branch_labels.py for tasks to queue
[2023-02-02 17:24:15,616] {logging_mixin.py:109} INFO - [2023-02-02 17:24:15,615] {dagbag.py:500} INFO - Filling up the DagBag from /home/airflow/.local/lib/python3.7/site-packages/airflow/example_dags/example_branch_labels.py
[2023-02-02 17:24:15,791] {processor.py:654} INFO - DAG(s) dict_keys(['example_branch_labels']) retrieved from /home/airflow/.local/lib/python3.7/site-packages/airflow/example_dags/example_branch_labels.py
[2023-02-02 17:24:15,827] {logging_mixin.py:109} INFO - [2023-02-02 17:24:15,827] {dag.py:2396} INFO - Sync 1 DAGs
[2023-02-02 17:24:15,885] {logging_mixin.py:109} INFO - [2023-02-02 17:24:15,885] {dag.py:2935} INFO - Setting next_dagrun for example_branch_labels to 2023-02-01 00:00:00+00:00
[2023-02-02 17:24:15,935] {processor.py:171} INFO - Processing /home/airflow/.local/lib/python3.7/site-packages/airflow/example_dags/example_branch_labels.py took 0.346 seconds
[2023-02-02 17:24:46,933] {processor.py:163} INFO - Started process (PID=644) to work on /home/airflow/.local/lib/python3.7/site-packages/airflow/example_dags/example_branch_labels.py
[2023-02-02 17:24:46,937] {processor.py:642} INFO - Processing file /home/airflow/.local/lib/python3.7/site-packages/airflow/example_dags/example_branch_labels.py for tasks to queue
[2023-02-02 17:24:46,938] {logging_mixin.py:109} INFO - [2023-02-02 17:24:46,938] {dagbag.py:500} INFO - Filling up the DagBag from /home/airflow/.local/lib/python3.7/site-packages/airflow/example_dags/example_branch_labels.py
[2023-02-02 17:24:47,019] {processor.py:654} INFO - DAG(s) dict_keys(['example_branch_labels']) retrieved from /home/airflow/.local/lib/python3.7/site-packages/airflow/example_dags/example_branch_labels.py
[2023-02-02 17:24:47,054] {logging_mixin.py:109} INFO - [2023-02-02 17:24:47,053] {dag.py:2396} INFO - Sync 1 DAGs
[2023-02-02 17:24:47,128] {logging_mixin.py:109} INFO - [2023-02-02 17:24:47,128] {dag.py:2935} INFO - Setting next_dagrun for example_branch_labels to 2023-02-01 00:00:00+00:00
[2023-02-02 17:24:47,181] {processor.py:171} INFO - Processing /home/airflow/.local/lib/python3.7/site-packages/airflow/example_dags/example_branch_labels.py took 0.260 seconds
[2023-02-02 17:25:18,119] {processor.py:163} INFO - Started process (PID=694) to work on /home/airflow/.local/lib/python3.7/site-packages/airflow/example_dags/example_branch_labels.py
[2023-02-02 17:25:18,120] {processor.py:642} INFO - Processing file /home/airflow/.local/lib/python3.7/site-packages/airflow/example_dags/example_branch_labels.py for tasks to queue
[2023-02-02 17:25:18,121] {logging_mixin.py:109} INFO - [2023-02-02 17:25:18,121] {dagbag.py:500} INFO - Filling up the DagBag from /home/airflow/.local/lib/python3.7/site-packages/airflow/example_dags/example_branch_labels.py
[2023-02-02 17:25:18,186] {processor.py:654} INFO - DAG(s) dict_keys(['example_branch_labels']) retrieved from /home/airflow/.local/lib/python3.7/site-packages/airflow/example_dags/example_branch_labels.py
[2023-02-02 17:25:18,205] {logging_mixin.py:109} INFO - [2023-02-02 17:25:18,204] {dag.py:2396} INFO - Sync 1 DAGs
[2023-02-02 17:25:18,249] {logging_mixin.py:109} INFO - [2023-02-02 17:25:18,248] {dag.py:2935} INFO - Setting next_dagrun for example_branch_labels to 2023-02-01 00:00:00+00:00
[2023-02-02 17:25:18,285] {processor.py:171} INFO - Processing /home/airflow/.local/lib/python3.7/site-packages/airflow/example_dags/example_branch_labels.py took 0.174 seconds
[2023-02-02 17:25:48,400] {processor.py:163} INFO - Started process (PID=734) to work on /home/airflow/.local/lib/python3.7/site-packages/airflow/example_dags/example_branch_labels.py
[2023-02-02 17:25:48,402] {processor.py:642} INFO - Processing file /home/airflow/.local/lib/python3.7/site-packages/airflow/example_dags/example_branch_labels.py for tasks to queue
[2023-02-02 17:25:48,403] {logging_mixin.py:109} INFO - [2023-02-02 17:25:48,403] {dagbag.py:500} INFO - Filling up the DagBag from /home/airflow/.local/lib/python3.7/site-packages/airflow/example_dags/example_branch_labels.py
[2023-02-02 17:25:48,474] {processor.py:654} INFO - DAG(s) dict_keys(['example_branch_labels']) retrieved from /home/airflow/.local/lib/python3.7/site-packages/airflow/example_dags/example_branch_labels.py
[2023-02-02 17:25:48,502] {logging_mixin.py:109} INFO - [2023-02-02 17:25:48,501] {dag.py:2396} INFO - Sync 1 DAGs
[2023-02-02 17:25:48,542] {logging_mixin.py:109} INFO - [2023-02-02 17:25:48,541] {dag.py:2935} INFO - Setting next_dagrun for example_branch_labels to 2023-02-01 00:00:00+00:00
[2023-02-02 17:25:48,571] {processor.py:171} INFO - Processing /home/airflow/.local/lib/python3.7/site-packages/airflow/example_dags/example_branch_labels.py took 0.185 seconds
[2023-02-02 17:26:20,034] {processor.py:163} INFO - Started process (PID=783) to work on /home/airflow/.local/lib/python3.7/site-packages/airflow/example_dags/example_branch_labels.py
[2023-02-02 17:26:20,037] {processor.py:642} INFO - Processing file /home/airflow/.local/lib/python3.7/site-packages/airflow/example_dags/example_branch_labels.py for tasks to queue
[2023-02-02 17:26:20,039] {logging_mixin.py:109} INFO - [2023-02-02 17:26:20,039] {dagbag.py:500} INFO - Filling up the DagBag from /home/airflow/.local/lib/python3.7/site-packages/airflow/example_dags/example_branch_labels.py
[2023-02-02 17:26:20,120] {processor.py:654} INFO - DAG(s) dict_keys(['example_branch_labels']) retrieved from /home/airflow/.local/lib/python3.7/site-packages/airflow/example_dags/example_branch_labels.py
[2023-02-02 17:26:20,197] {logging_mixin.py:109} INFO - [2023-02-02 17:26:20,197] {dag.py:2396} INFO - Sync 1 DAGs
[2023-02-02 17:26:20,282] {logging_mixin.py:109} INFO - [2023-02-02 17:26:20,282] {dag.py:2935} INFO - Setting next_dagrun for example_branch_labels to 2023-02-01 00:00:00+00:00
[2023-02-02 17:26:20,323] {processor.py:171} INFO - Processing /home/airflow/.local/lib/python3.7/site-packages/airflow/example_dags/example_branch_labels.py took 0.294 seconds
[2023-02-02 17:26:51,105] {processor.py:163} INFO - Started process (PID=832) to work on /home/airflow/.local/lib/python3.7/site-packages/airflow/example_dags/example_branch_labels.py
[2023-02-02 17:26:51,112] {processor.py:642} INFO - Processing file /home/airflow/.local/lib/python3.7/site-packages/airflow/example_dags/example_branch_labels.py for tasks to queue
[2023-02-02 17:26:51,118] {logging_mixin.py:109} INFO - [2023-02-02 17:26:51,117] {dagbag.py:500} INFO - Filling up the DagBag from /home/airflow/.local/lib/python3.7/site-packages/airflow/example_dags/example_branch_labels.py
[2023-02-02 17:26:51,364] {processor.py:654} INFO - DAG(s) dict_keys(['example_branch_labels']) retrieved from /home/airflow/.local/lib/python3.7/site-packages/airflow/example_dags/example_branch_labels.py
[2023-02-02 17:26:51,414] {logging_mixin.py:109} INFO - [2023-02-02 17:26:51,413] {dag.py:2396} INFO - Sync 1 DAGs
[2023-02-02 17:26:51,463] {logging_mixin.py:109} INFO - [2023-02-02 17:26:51,462] {dag.py:2935} INFO - Setting next_dagrun for example_branch_labels to 2023-02-01 00:00:00+00:00
[2023-02-02 17:26:51,495] {processor.py:171} INFO - Processing /home/airflow/.local/lib/python3.7/site-packages/airflow/example_dags/example_branch_labels.py took 0.403 seconds
[2023-02-02 17:27:22,255] {processor.py:163} INFO - Started process (PID=873) to work on /home/airflow/.local/lib/python3.7/site-packages/airflow/example_dags/example_branch_labels.py
[2023-02-02 17:27:22,261] {processor.py:642} INFO - Processing file /home/airflow/.local/lib/python3.7/site-packages/airflow/example_dags/example_branch_labels.py for tasks to queue
[2023-02-02 17:27:22,262] {logging_mixin.py:109} INFO - [2023-02-02 17:27:22,262] {dagbag.py:500} INFO - Filling up the DagBag from /home/airflow/.local/lib/python3.7/site-packages/airflow/example_dags/example_branch_labels.py
[2023-02-02 17:27:22,329] {processor.py:654} INFO - DAG(s) dict_keys(['example_branch_labels']) retrieved from /home/airflow/.local/lib/python3.7/site-packages/airflow/example_dags/example_branch_labels.py
[2023-02-02 17:27:22,358] {logging_mixin.py:109} INFO - [2023-02-02 17:27:22,358] {dag.py:2396} INFO - Sync 1 DAGs
[2023-02-02 17:27:22,417] {logging_mixin.py:109} INFO - [2023-02-02 17:27:22,417] {dag.py:2935} INFO - Setting next_dagrun for example_branch_labels to 2023-02-01 00:00:00+00:00
[2023-02-02 17:27:22,446] {processor.py:171} INFO - Processing /home/airflow/.local/lib/python3.7/site-packages/airflow/example_dags/example_branch_labels.py took 0.203 seconds
[2023-02-02 17:27:54,180] {processor.py:163} INFO - Started process (PID=921) to work on /home/airflow/.local/lib/python3.7/site-packages/airflow/example_dags/example_branch_labels.py
[2023-02-02 17:27:54,184] {processor.py:642} INFO - Processing file /home/airflow/.local/lib/python3.7/site-packages/airflow/example_dags/example_branch_labels.py for tasks to queue
[2023-02-02 17:27:54,188] {logging_mixin.py:109} INFO - [2023-02-02 17:27:54,188] {dagbag.py:500} INFO - Filling up the DagBag from /home/airflow/.local/lib/python3.7/site-packages/airflow/example_dags/example_branch_labels.py
[2023-02-02 17:27:54,341] {processor.py:654} INFO - DAG(s) dict_keys(['example_branch_labels']) retrieved from /home/airflow/.local/lib/python3.7/site-packages/airflow/example_dags/example_branch_labels.py
[2023-02-02 17:27:54,458] {logging_mixin.py:109} INFO - [2023-02-02 17:27:54,457] {dag.py:2396} INFO - Sync 1 DAGs
[2023-02-02 17:27:54,562] {logging_mixin.py:109} INFO - [2023-02-02 17:27:54,562] {dag.py:2935} INFO - Setting next_dagrun for example_branch_labels to 2023-02-01 00:00:00+00:00
[2023-02-02 17:27:54,714] {processor.py:171} INFO - Processing /home/airflow/.local/lib/python3.7/site-packages/airflow/example_dags/example_branch_labels.py took 0.574 seconds
[2023-02-02 17:28:25,527] {processor.py:163} INFO - Started process (PID=962) to work on /home/airflow/.local/lib/python3.7/site-packages/airflow/example_dags/example_branch_labels.py
[2023-02-02 17:28:25,529] {processor.py:642} INFO - Processing file /home/airflow/.local/lib/python3.7/site-packages/airflow/example_dags/example_branch_labels.py for tasks to queue
[2023-02-02 17:28:25,533] {logging_mixin.py:109} INFO - [2023-02-02 17:28:25,531] {dagbag.py:500} INFO - Filling up the DagBag from /home/airflow/.local/lib/python3.7/site-packages/airflow/example_dags/example_branch_labels.py
[2023-02-02 17:28:25,616] {processor.py:654} INFO - DAG(s) dict_keys(['example_branch_labels']) retrieved from /home/airflow/.local/lib/python3.7/site-packages/airflow/example_dags/example_branch_labels.py
[2023-02-02 17:28:25,650] {logging_mixin.py:109} INFO - [2023-02-02 17:28:25,650] {dag.py:2396} INFO - Sync 1 DAGs
[2023-02-02 17:28:25,699] {logging_mixin.py:109} INFO - [2023-02-02 17:28:25,699] {dag.py:2935} INFO - Setting next_dagrun for example_branch_labels to 2023-02-01 00:00:00+00:00
[2023-02-02 17:28:25,729] {processor.py:171} INFO - Processing /home/airflow/.local/lib/python3.7/site-packages/airflow/example_dags/example_branch_labels.py took 0.218 seconds
[2023-02-02 17:28:56,705] {processor.py:163} INFO - Started process (PID=1012) to work on /home/airflow/.local/lib/python3.7/site-packages/airflow/example_dags/example_branch_labels.py
[2023-02-02 17:28:56,707] {processor.py:642} INFO - Processing file /home/airflow/.local/lib/python3.7/site-packages/airflow/example_dags/example_branch_labels.py for tasks to queue
[2023-02-02 17:28:56,709] {logging_mixin.py:109} INFO - [2023-02-02 17:28:56,709] {dagbag.py:500} INFO - Filling up the DagBag from /home/airflow/.local/lib/python3.7/site-packages/airflow/example_dags/example_branch_labels.py
[2023-02-02 17:28:56,819] {processor.py:654} INFO - DAG(s) dict_keys(['example_branch_labels']) retrieved from /home/airflow/.local/lib/python3.7/site-packages/airflow/example_dags/example_branch_labels.py
[2023-02-02 17:28:56,860] {logging_mixin.py:109} INFO - [2023-02-02 17:28:56,859] {dag.py:2396} INFO - Sync 1 DAGs
[2023-02-02 17:28:56,969] {logging_mixin.py:109} INFO - [2023-02-02 17:28:56,968] {dag.py:2935} INFO - Setting next_dagrun for example_branch_labels to 2023-02-01 00:00:00+00:00
[2023-02-02 17:28:57,045] {processor.py:171} INFO - Processing /home/airflow/.local/lib/python3.7/site-packages/airflow/example_dags/example_branch_labels.py took 0.366 seconds
[2023-02-02 17:29:27,128] {processor.py:163} INFO - Started process (PID=1059) to work on /home/airflow/.local/lib/python3.7/site-packages/airflow/example_dags/example_branch_labels.py
[2023-02-02 17:29:27,130] {processor.py:642} INFO - Processing file /home/airflow/.local/lib/python3.7/site-packages/airflow/example_dags/example_branch_labels.py for tasks to queue
[2023-02-02 17:29:27,131] {logging_mixin.py:109} INFO - [2023-02-02 17:29:27,131] {dagbag.py:500} INFO - Filling up the DagBag from /home/airflow/.local/lib/python3.7/site-packages/airflow/example_dags/example_branch_labels.py
[2023-02-02 17:29:27,234] {processor.py:654} INFO - DAG(s) dict_keys(['example_branch_labels']) retrieved from /home/airflow/.local/lib/python3.7/site-packages/airflow/example_dags/example_branch_labels.py
[2023-02-02 17:29:27,267] {logging_mixin.py:109} INFO - [2023-02-02 17:29:27,267] {dag.py:2396} INFO - Sync 1 DAGs
[2023-02-02 17:29:27,343] {logging_mixin.py:109} INFO - [2023-02-02 17:29:27,343] {dag.py:2935} INFO - Setting next_dagrun for example_branch_labels to 2023-02-01 00:00:00+00:00
[2023-02-02 17:29:27,375] {processor.py:171} INFO - Processing /home/airflow/.local/lib/python3.7/site-packages/airflow/example_dags/example_branch_labels.py took 0.253 seconds
[2023-02-02 17:29:58,303] {processor.py:163} INFO - Started process (PID=1102) to work on /home/airflow/.local/lib/python3.7/site-packages/airflow/example_dags/example_branch_labels.py
[2023-02-02 17:29:58,310] {processor.py:642} INFO - Processing file /home/airflow/.local/lib/python3.7/site-packages/airflow/example_dags/example_branch_labels.py for tasks to queue
[2023-02-02 17:29:58,312] {logging_mixin.py:109} INFO - [2023-02-02 17:29:58,311] {dagbag.py:500} INFO - Filling up the DagBag from /home/airflow/.local/lib/python3.7/site-packages/airflow/example_dags/example_branch_labels.py
[2023-02-02 17:29:58,458] {processor.py:654} INFO - DAG(s) dict_keys(['example_branch_labels']) retrieved from /home/airflow/.local/lib/python3.7/site-packages/airflow/example_dags/example_branch_labels.py
[2023-02-02 17:29:58,494] {logging_mixin.py:109} INFO - [2023-02-02 17:29:58,494] {dag.py:2396} INFO - Sync 1 DAGs
[2023-02-02 17:29:58,562] {logging_mixin.py:109} INFO - [2023-02-02 17:29:58,562] {dag.py:2935} INFO - Setting next_dagrun for example_branch_labels to 2023-02-01 00:00:00+00:00
[2023-02-02 17:29:58,602] {processor.py:171} INFO - Processing /home/airflow/.local/lib/python3.7/site-packages/airflow/example_dags/example_branch_labels.py took 0.331 seconds
[2023-02-02 17:30:29,767] {processor.py:163} INFO - Started process (PID=1152) to work on /home/airflow/.local/lib/python3.7/site-packages/airflow/example_dags/example_branch_labels.py
[2023-02-02 17:30:29,778] {processor.py:642} INFO - Processing file /home/airflow/.local/lib/python3.7/site-packages/airflow/example_dags/example_branch_labels.py for tasks to queue
[2023-02-02 17:30:29,780] {logging_mixin.py:109} INFO - [2023-02-02 17:30:29,780] {dagbag.py:500} INFO - Filling up the DagBag from /home/airflow/.local/lib/python3.7/site-packages/airflow/example_dags/example_branch_labels.py
[2023-02-02 17:30:30,120] {processor.py:654} INFO - DAG(s) dict_keys(['example_branch_labels']) retrieved from /home/airflow/.local/lib/python3.7/site-packages/airflow/example_dags/example_branch_labels.py
[2023-02-02 17:30:30,148] {logging_mixin.py:109} INFO - [2023-02-02 17:30:30,148] {dag.py:2396} INFO - Sync 1 DAGs
[2023-02-02 17:30:30,270] {logging_mixin.py:109} INFO - [2023-02-02 17:30:30,270] {dag.py:2935} INFO - Setting next_dagrun for example_branch_labels to 2023-02-01 00:00:00+00:00
[2023-02-02 17:30:30,337] {processor.py:171} INFO - Processing /home/airflow/.local/lib/python3.7/site-packages/airflow/example_dags/example_branch_labels.py took 0.596 seconds
[2023-02-02 17:31:00,466] {processor.py:163} INFO - Started process (PID=1192) to work on /home/airflow/.local/lib/python3.7/site-packages/airflow/example_dags/example_branch_labels.py
[2023-02-02 17:31:00,472] {processor.py:642} INFO - Processing file /home/airflow/.local/lib/python3.7/site-packages/airflow/example_dags/example_branch_labels.py for tasks to queue
[2023-02-02 17:31:00,474] {logging_mixin.py:109} INFO - [2023-02-02 17:31:00,474] {dagbag.py:500} INFO - Filling up the DagBag from /home/airflow/.local/lib/python3.7/site-packages/airflow/example_dags/example_branch_labels.py
[2023-02-02 17:31:00,557] {processor.py:654} INFO - DAG(s) dict_keys(['example_branch_labels']) retrieved from /home/airflow/.local/lib/python3.7/site-packages/airflow/example_dags/example_branch_labels.py
[2023-02-02 17:31:00,586] {logging_mixin.py:109} INFO - [2023-02-02 17:31:00,586] {dag.py:2396} INFO - Sync 1 DAGs
[2023-02-02 17:31:00,636] {logging_mixin.py:109} INFO - [2023-02-02 17:31:00,636] {dag.py:2935} INFO - Setting next_dagrun for example_branch_labels to 2023-02-01 00:00:00+00:00
[2023-02-02 17:31:00,674] {processor.py:171} INFO - Processing /home/airflow/.local/lib/python3.7/site-packages/airflow/example_dags/example_branch_labels.py took 0.229 seconds
[2023-02-02 17:31:34,764] {processor.py:163} INFO - Started process (PID=1242) to work on /home/airflow/.local/lib/python3.7/site-packages/airflow/example_dags/example_branch_labels.py
[2023-02-02 17:31:34,795] {processor.py:642} INFO - Processing file /home/airflow/.local/lib/python3.7/site-packages/airflow/example_dags/example_branch_labels.py for tasks to queue
[2023-02-02 17:31:34,806] {logging_mixin.py:109} INFO - [2023-02-02 17:31:34,805] {dagbag.py:500} INFO - Filling up the DagBag from /home/airflow/.local/lib/python3.7/site-packages/airflow/example_dags/example_branch_labels.py
[2023-02-02 17:31:35,081] {processor.py:654} INFO - DAG(s) dict_keys(['example_branch_labels']) retrieved from /home/airflow/.local/lib/python3.7/site-packages/airflow/example_dags/example_branch_labels.py
[2023-02-02 17:31:35,238] {logging_mixin.py:109} INFO - [2023-02-02 17:31:35,238] {dag.py:2396} INFO - Sync 1 DAGs
[2023-02-02 17:31:35,408] {logging_mixin.py:109} INFO - [2023-02-02 17:31:35,407] {dag.py:2935} INFO - Setting next_dagrun for example_branch_labels to 2023-02-01 00:00:00+00:00
[2023-02-02 17:31:35,522] {processor.py:171} INFO - Processing /home/airflow/.local/lib/python3.7/site-packages/airflow/example_dags/example_branch_labels.py took 0.800 seconds
[2023-02-02 17:32:05,816] {processor.py:163} INFO - Started process (PID=1283) to work on /home/airflow/.local/lib/python3.7/site-packages/airflow/example_dags/example_branch_labels.py
[2023-02-02 17:32:05,818] {processor.py:642} INFO - Processing file /home/airflow/.local/lib/python3.7/site-packages/airflow/example_dags/example_branch_labels.py for tasks to queue
[2023-02-02 17:32:05,821] {logging_mixin.py:109} INFO - [2023-02-02 17:32:05,820] {dagbag.py:500} INFO - Filling up the DagBag from /home/airflow/.local/lib/python3.7/site-packages/airflow/example_dags/example_branch_labels.py
[2023-02-02 17:32:05,893] {processor.py:654} INFO - DAG(s) dict_keys(['example_branch_labels']) retrieved from /home/airflow/.local/lib/python3.7/site-packages/airflow/example_dags/example_branch_labels.py
[2023-02-02 17:32:05,920] {logging_mixin.py:109} INFO - [2023-02-02 17:32:05,920] {dag.py:2396} INFO - Sync 1 DAGs
[2023-02-02 17:32:05,970] {logging_mixin.py:109} INFO - [2023-02-02 17:32:05,970] {dag.py:2935} INFO - Setting next_dagrun for example_branch_labels to 2023-02-01 00:00:00+00:00
[2023-02-02 17:32:06,315] {processor.py:171} INFO - Processing /home/airflow/.local/lib/python3.7/site-packages/airflow/example_dags/example_branch_labels.py took 0.527 seconds
[2023-02-02 17:32:38,433] {processor.py:163} INFO - Started process (PID=1331) to work on /home/airflow/.local/lib/python3.7/site-packages/airflow/example_dags/example_branch_labels.py
[2023-02-02 17:32:38,455] {processor.py:642} INFO - Processing file /home/airflow/.local/lib/python3.7/site-packages/airflow/example_dags/example_branch_labels.py for tasks to queue
[2023-02-02 17:32:38,462] {logging_mixin.py:109} INFO - [2023-02-02 17:32:38,462] {dagbag.py:500} INFO - Filling up the DagBag from /home/airflow/.local/lib/python3.7/site-packages/airflow/example_dags/example_branch_labels.py
[2023-02-02 17:32:38,567] {processor.py:654} INFO - DAG(s) dict_keys(['example_branch_labels']) retrieved from /home/airflow/.local/lib/python3.7/site-packages/airflow/example_dags/example_branch_labels.py
[2023-02-02 17:32:38,600] {logging_mixin.py:109} INFO - [2023-02-02 17:32:38,599] {dag.py:2396} INFO - Sync 1 DAGs
[2023-02-02 17:32:38,899] {logging_mixin.py:109} INFO - [2023-02-02 17:32:38,899] {dag.py:2935} INFO - Setting next_dagrun for example_branch_labels to 2023-02-01 00:00:00+00:00
[2023-02-02 17:32:38,927] {processor.py:171} INFO - Processing /home/airflow/.local/lib/python3.7/site-packages/airflow/example_dags/example_branch_labels.py took 0.500 seconds
[2023-02-02 17:33:10,956] {processor.py:163} INFO - Started process (PID=1380) to work on /home/airflow/.local/lib/python3.7/site-packages/airflow/example_dags/example_branch_labels.py
[2023-02-02 17:33:10,978] {processor.py:642} INFO - Processing file /home/airflow/.local/lib/python3.7/site-packages/airflow/example_dags/example_branch_labels.py for tasks to queue
[2023-02-02 17:33:10,980] {logging_mixin.py:109} INFO - [2023-02-02 17:33:10,980] {dagbag.py:500} INFO - Filling up the DagBag from /home/airflow/.local/lib/python3.7/site-packages/airflow/example_dags/example_branch_labels.py
[2023-02-02 17:33:11,180] {processor.py:654} INFO - DAG(s) dict_keys(['example_branch_labels']) retrieved from /home/airflow/.local/lib/python3.7/site-packages/airflow/example_dags/example_branch_labels.py
[2023-02-02 17:33:11,220] {logging_mixin.py:109} INFO - [2023-02-02 17:33:11,219] {dag.py:2396} INFO - Sync 1 DAGs
[2023-02-02 17:33:11,943] {logging_mixin.py:109} INFO - [2023-02-02 17:33:11,943] {dag.py:2935} INFO - Setting next_dagrun for example_branch_labels to 2023-02-01 00:00:00+00:00
[2023-02-02 17:33:12,043] {processor.py:171} INFO - Processing /home/airflow/.local/lib/python3.7/site-packages/airflow/example_dags/example_branch_labels.py took 1.115 seconds
[2023-02-02 17:33:42,724] {processor.py:163} INFO - Started process (PID=1421) to work on /home/airflow/.local/lib/python3.7/site-packages/airflow/example_dags/example_branch_labels.py
[2023-02-02 17:33:42,726] {processor.py:642} INFO - Processing file /home/airflow/.local/lib/python3.7/site-packages/airflow/example_dags/example_branch_labels.py for tasks to queue
[2023-02-02 17:33:42,728] {logging_mixin.py:109} INFO - [2023-02-02 17:33:42,727] {dagbag.py:500} INFO - Filling up the DagBag from /home/airflow/.local/lib/python3.7/site-packages/airflow/example_dags/example_branch_labels.py
[2023-02-02 17:33:42,769] {processor.py:654} INFO - DAG(s) dict_keys(['example_branch_labels']) retrieved from /home/airflow/.local/lib/python3.7/site-packages/airflow/example_dags/example_branch_labels.py
[2023-02-02 17:33:42,957] {logging_mixin.py:109} INFO - [2023-02-02 17:33:42,957] {dag.py:2396} INFO - Sync 1 DAGs
[2023-02-02 17:33:42,988] {logging_mixin.py:109} INFO - [2023-02-02 17:33:42,988] {dag.py:2935} INFO - Setting next_dagrun for example_branch_labels to 2023-02-01 00:00:00+00:00
[2023-02-02 17:33:43,017] {processor.py:171} INFO - Processing /home/airflow/.local/lib/python3.7/site-packages/airflow/example_dags/example_branch_labels.py took 0.296 seconds
