[2023-02-02 17:18:45,116] {processor.py:163} INFO - Started process (PID=104) to work on /home/airflow/.local/lib/python3.7/site-packages/airflow/example_dags/example_dag_decorator.py
[2023-02-02 17:18:45,134] {processor.py:642} INFO - Processing file /home/airflow/.local/lib/python3.7/site-packages/airflow/example_dags/example_dag_decorator.py for tasks to queue
[2023-02-02 17:18:45,138] {logging_mixin.py:109} INFO - [2023-02-02 17:18:45,136] {dagbag.py:500} INFO - Filling up the DagBag from /home/airflow/.local/lib/python3.7/site-packages/airflow/example_dags/example_dag_decorator.py
[2023-02-02 17:18:45,593] {processor.py:654} INFO - DAG(s) dict_keys(['example_dag_decorator']) retrieved from /home/airflow/.local/lib/python3.7/site-packages/airflow/example_dags/example_dag_decorator.py
[2023-02-02 17:18:48,997] {logging_mixin.py:109} INFO - [2023-02-02 17:18:48,997] {dag.py:2396} INFO - Sync 1 DAGs
[2023-02-02 17:18:49,237] {logging_mixin.py:109} INFO - [2023-02-02 17:18:49,237] {dag.py:2935} INFO - Setting next_dagrun for example_dag_decorator to None
[2023-02-02 17:18:49,415] {processor.py:171} INFO - Processing /home/airflow/.local/lib/python3.7/site-packages/airflow/example_dags/example_dag_decorator.py took 4.325 seconds
[2023-02-02 17:19:19,778] {processor.py:163} INFO - Started process (PID=155) to work on /home/airflow/.local/lib/python3.7/site-packages/airflow/example_dags/example_dag_decorator.py
[2023-02-02 17:19:19,782] {processor.py:642} INFO - Processing file /home/airflow/.local/lib/python3.7/site-packages/airflow/example_dags/example_dag_decorator.py for tasks to queue
[2023-02-02 17:19:19,785] {logging_mixin.py:109} INFO - [2023-02-02 17:19:19,785] {dagbag.py:500} INFO - Filling up the DagBag from /home/airflow/.local/lib/python3.7/site-packages/airflow/example_dags/example_dag_decorator.py
[2023-02-02 17:19:19,871] {processor.py:654} INFO - DAG(s) dict_keys(['example_dag_decorator']) retrieved from /home/airflow/.local/lib/python3.7/site-packages/airflow/example_dags/example_dag_decorator.py
[2023-02-02 17:19:20,451] {logging_mixin.py:109} INFO - [2023-02-02 17:19:20,451] {dag.py:2396} INFO - Sync 1 DAGs
[2023-02-02 17:19:20,489] {logging_mixin.py:109} INFO - [2023-02-02 17:19:20,489] {dag.py:2935} INFO - Setting next_dagrun for example_dag_decorator to None
[2023-02-02 17:19:20,523] {processor.py:171} INFO - Processing /home/airflow/.local/lib/python3.7/site-packages/airflow/example_dags/example_dag_decorator.py took 0.761 seconds
[2023-02-02 17:19:51,982] {processor.py:163} INFO - Started process (PID=203) to work on /home/airflow/.local/lib/python3.7/site-packages/airflow/example_dags/example_dag_decorator.py
[2023-02-02 17:19:51,995] {processor.py:642} INFO - Processing file /home/airflow/.local/lib/python3.7/site-packages/airflow/example_dags/example_dag_decorator.py for tasks to queue
[2023-02-02 17:19:51,996] {logging_mixin.py:109} INFO - [2023-02-02 17:19:51,996] {dagbag.py:500} INFO - Filling up the DagBag from /home/airflow/.local/lib/python3.7/site-packages/airflow/example_dags/example_dag_decorator.py
[2023-02-02 17:19:52,225] {processor.py:654} INFO - DAG(s) dict_keys(['example_dag_decorator']) retrieved from /home/airflow/.local/lib/python3.7/site-packages/airflow/example_dags/example_dag_decorator.py
[2023-02-02 17:19:54,357] {logging_mixin.py:109} INFO - [2023-02-02 17:19:54,357] {dag.py:2396} INFO - Sync 1 DAGs
[2023-02-02 17:19:54,474] {logging_mixin.py:109} INFO - [2023-02-02 17:19:54,474] {dag.py:2935} INFO - Setting next_dagrun for example_dag_decorator to None
[2023-02-02 17:19:54,529] {processor.py:171} INFO - Processing /home/airflow/.local/lib/python3.7/site-packages/airflow/example_dags/example_dag_decorator.py took 2.568 seconds
[2023-02-02 17:20:25,514] {processor.py:163} INFO - Started process (PID=244) to work on /home/airflow/.local/lib/python3.7/site-packages/airflow/example_dags/example_dag_decorator.py
[2023-02-02 17:20:25,520] {processor.py:642} INFO - Processing file /home/airflow/.local/lib/python3.7/site-packages/airflow/example_dags/example_dag_decorator.py for tasks to queue
[2023-02-02 17:20:25,533] {logging_mixin.py:109} INFO - [2023-02-02 17:20:25,533] {dagbag.py:500} INFO - Filling up the DagBag from /home/airflow/.local/lib/python3.7/site-packages/airflow/example_dags/example_dag_decorator.py
[2023-02-02 17:20:25,730] {processor.py:654} INFO - DAG(s) dict_keys(['example_dag_decorator']) retrieved from /home/airflow/.local/lib/python3.7/site-packages/airflow/example_dags/example_dag_decorator.py
[2023-02-02 17:20:27,485] {logging_mixin.py:109} INFO - [2023-02-02 17:20:27,484] {dag.py:2396} INFO - Sync 1 DAGs
[2023-02-02 17:20:27,564] {logging_mixin.py:109} INFO - [2023-02-02 17:20:27,563] {dag.py:2935} INFO - Setting next_dagrun for example_dag_decorator to None
[2023-02-02 17:20:27,612] {processor.py:171} INFO - Processing /home/airflow/.local/lib/python3.7/site-packages/airflow/example_dags/example_dag_decorator.py took 2.118 seconds
[2023-02-02 17:20:58,138] {processor.py:163} INFO - Started process (PID=295) to work on /home/airflow/.local/lib/python3.7/site-packages/airflow/example_dags/example_dag_decorator.py
[2023-02-02 17:20:58,140] {processor.py:642} INFO - Processing file /home/airflow/.local/lib/python3.7/site-packages/airflow/example_dags/example_dag_decorator.py for tasks to queue
[2023-02-02 17:20:58,141] {logging_mixin.py:109} INFO - [2023-02-02 17:20:58,141] {dagbag.py:500} INFO - Filling up the DagBag from /home/airflow/.local/lib/python3.7/site-packages/airflow/example_dags/example_dag_decorator.py
[2023-02-02 17:20:58,260] {processor.py:654} INFO - DAG(s) dict_keys(['example_dag_decorator']) retrieved from /home/airflow/.local/lib/python3.7/site-packages/airflow/example_dags/example_dag_decorator.py
[2023-02-02 17:20:59,220] {logging_mixin.py:109} INFO - [2023-02-02 17:20:59,219] {dag.py:2396} INFO - Sync 1 DAGs
[2023-02-02 17:20:59,262] {logging_mixin.py:109} INFO - [2023-02-02 17:20:59,262] {dag.py:2935} INFO - Setting next_dagrun for example_dag_decorator to None
[2023-02-02 17:20:59,328] {processor.py:171} INFO - Processing /home/airflow/.local/lib/python3.7/site-packages/airflow/example_dags/example_dag_decorator.py took 1.197 seconds
[2023-02-02 17:21:29,686] {processor.py:163} INFO - Started process (PID=346) to work on /home/airflow/.local/lib/python3.7/site-packages/airflow/example_dags/example_dag_decorator.py
[2023-02-02 17:21:29,687] {processor.py:642} INFO - Processing file /home/airflow/.local/lib/python3.7/site-packages/airflow/example_dags/example_dag_decorator.py for tasks to queue
[2023-02-02 17:21:29,688] {logging_mixin.py:109} INFO - [2023-02-02 17:21:29,688] {dagbag.py:500} INFO - Filling up the DagBag from /home/airflow/.local/lib/python3.7/site-packages/airflow/example_dags/example_dag_decorator.py
[2023-02-02 17:21:29,924] {processor.py:654} INFO - DAG(s) dict_keys(['example_dag_decorator']) retrieved from /home/airflow/.local/lib/python3.7/site-packages/airflow/example_dags/example_dag_decorator.py
[2023-02-02 17:21:30,938] {logging_mixin.py:109} INFO - [2023-02-02 17:21:30,938] {dag.py:2396} INFO - Sync 1 DAGs
[2023-02-02 17:21:31,008] {logging_mixin.py:109} INFO - [2023-02-02 17:21:31,008] {dag.py:2935} INFO - Setting next_dagrun for example_dag_decorator to None
[2023-02-02 17:21:31,062] {processor.py:171} INFO - Processing /home/airflow/.local/lib/python3.7/site-packages/airflow/example_dags/example_dag_decorator.py took 1.391 seconds
[2023-02-02 17:22:01,180] {processor.py:163} INFO - Started process (PID=387) to work on /home/airflow/.local/lib/python3.7/site-packages/airflow/example_dags/example_dag_decorator.py
[2023-02-02 17:22:01,187] {processor.py:642} INFO - Processing file /home/airflow/.local/lib/python3.7/site-packages/airflow/example_dags/example_dag_decorator.py for tasks to queue
[2023-02-02 17:22:01,188] {logging_mixin.py:109} INFO - [2023-02-02 17:22:01,188] {dagbag.py:500} INFO - Filling up the DagBag from /home/airflow/.local/lib/python3.7/site-packages/airflow/example_dags/example_dag_decorator.py
[2023-02-02 17:22:01,338] {processor.py:654} INFO - DAG(s) dict_keys(['example_dag_decorator']) retrieved from /home/airflow/.local/lib/python3.7/site-packages/airflow/example_dags/example_dag_decorator.py
[2023-02-02 17:22:02,683] {logging_mixin.py:109} INFO - [2023-02-02 17:22:02,683] {dag.py:2396} INFO - Sync 1 DAGs
[2023-02-02 17:22:02,743] {logging_mixin.py:109} INFO - [2023-02-02 17:22:02,743] {dag.py:2935} INFO - Setting next_dagrun for example_dag_decorator to None
[2023-02-02 17:22:02,844] {processor.py:171} INFO - Processing /home/airflow/.local/lib/python3.7/site-packages/airflow/example_dags/example_dag_decorator.py took 1.669 seconds
[2023-02-02 17:22:34,282] {processor.py:163} INFO - Started process (PID=437) to work on /home/airflow/.local/lib/python3.7/site-packages/airflow/example_dags/example_dag_decorator.py
[2023-02-02 17:22:34,286] {processor.py:642} INFO - Processing file /home/airflow/.local/lib/python3.7/site-packages/airflow/example_dags/example_dag_decorator.py for tasks to queue
[2023-02-02 17:22:34,288] {logging_mixin.py:109} INFO - [2023-02-02 17:22:34,287] {dagbag.py:500} INFO - Filling up the DagBag from /home/airflow/.local/lib/python3.7/site-packages/airflow/example_dags/example_dag_decorator.py
[2023-02-02 17:22:34,368] {processor.py:654} INFO - DAG(s) dict_keys(['example_dag_decorator']) retrieved from /home/airflow/.local/lib/python3.7/site-packages/airflow/example_dags/example_dag_decorator.py
[2023-02-02 17:22:35,753] {logging_mixin.py:109} INFO - [2023-02-02 17:22:35,753] {dag.py:2396} INFO - Sync 1 DAGs
[2023-02-02 17:22:35,822] {logging_mixin.py:109} INFO - [2023-02-02 17:22:35,822] {dag.py:2935} INFO - Setting next_dagrun for example_dag_decorator to None
[2023-02-02 17:22:35,875] {processor.py:171} INFO - Processing /home/airflow/.local/lib/python3.7/site-packages/airflow/example_dags/example_dag_decorator.py took 1.602 seconds
[2023-02-02 17:23:06,055] {processor.py:163} INFO - Started process (PID=487) to work on /home/airflow/.local/lib/python3.7/site-packages/airflow/example_dags/example_dag_decorator.py
[2023-02-02 17:23:06,057] {processor.py:642} INFO - Processing file /home/airflow/.local/lib/python3.7/site-packages/airflow/example_dags/example_dag_decorator.py for tasks to queue
[2023-02-02 17:23:06,061] {logging_mixin.py:109} INFO - [2023-02-02 17:23:06,061] {dagbag.py:500} INFO - Filling up the DagBag from /home/airflow/.local/lib/python3.7/site-packages/airflow/example_dags/example_dag_decorator.py
[2023-02-02 17:23:06,179] {processor.py:654} INFO - DAG(s) dict_keys(['example_dag_decorator']) retrieved from /home/airflow/.local/lib/python3.7/site-packages/airflow/example_dags/example_dag_decorator.py
[2023-02-02 17:23:07,232] {logging_mixin.py:109} INFO - [2023-02-02 17:23:07,231] {dag.py:2396} INFO - Sync 1 DAGs
[2023-02-02 17:23:07,310] {logging_mixin.py:109} INFO - [2023-02-02 17:23:07,310] {dag.py:2935} INFO - Setting next_dagrun for example_dag_decorator to None
[2023-02-02 17:23:07,481] {processor.py:171} INFO - Processing /home/airflow/.local/lib/python3.7/site-packages/airflow/example_dags/example_dag_decorator.py took 1.434 seconds
[2023-02-02 17:23:37,710] {processor.py:163} INFO - Started process (PID=527) to work on /home/airflow/.local/lib/python3.7/site-packages/airflow/example_dags/example_dag_decorator.py
[2023-02-02 17:23:37,715] {processor.py:642} INFO - Processing file /home/airflow/.local/lib/python3.7/site-packages/airflow/example_dags/example_dag_decorator.py for tasks to queue
[2023-02-02 17:23:37,718] {logging_mixin.py:109} INFO - [2023-02-02 17:23:37,717] {dagbag.py:500} INFO - Filling up the DagBag from /home/airflow/.local/lib/python3.7/site-packages/airflow/example_dags/example_dag_decorator.py
[2023-02-02 17:23:37,844] {processor.py:654} INFO - DAG(s) dict_keys(['example_dag_decorator']) retrieved from /home/airflow/.local/lib/python3.7/site-packages/airflow/example_dags/example_dag_decorator.py
[2023-02-02 17:23:38,518] {logging_mixin.py:109} INFO - [2023-02-02 17:23:38,517] {dag.py:2396} INFO - Sync 1 DAGs
[2023-02-02 17:23:38,550] {logging_mixin.py:109} INFO - [2023-02-02 17:23:38,549] {dag.py:2935} INFO - Setting next_dagrun for example_dag_decorator to None
[2023-02-02 17:23:38,582] {processor.py:171} INFO - Processing /home/airflow/.local/lib/python3.7/site-packages/airflow/example_dags/example_dag_decorator.py took 0.884 seconds
[2023-02-02 17:24:09,290] {processor.py:163} INFO - Started process (PID=579) to work on /home/airflow/.local/lib/python3.7/site-packages/airflow/example_dags/example_dag_decorator.py
[2023-02-02 17:24:09,291] {processor.py:642} INFO - Processing file /home/airflow/.local/lib/python3.7/site-packages/airflow/example_dags/example_dag_decorator.py for tasks to queue
[2023-02-02 17:24:09,292] {logging_mixin.py:109} INFO - [2023-02-02 17:24:09,292] {dagbag.py:500} INFO - Filling up the DagBag from /home/airflow/.local/lib/python3.7/site-packages/airflow/example_dags/example_dag_decorator.py
[2023-02-02 17:24:09,425] {processor.py:654} INFO - DAG(s) dict_keys(['example_dag_decorator']) retrieved from /home/airflow/.local/lib/python3.7/site-packages/airflow/example_dags/example_dag_decorator.py
[2023-02-02 17:24:10,992] {logging_mixin.py:109} INFO - [2023-02-02 17:24:10,991] {dag.py:2396} INFO - Sync 1 DAGs
[2023-02-02 17:24:11,062] {logging_mixin.py:109} INFO - [2023-02-02 17:24:11,060] {dag.py:2935} INFO - Setting next_dagrun for example_dag_decorator to None
[2023-02-02 17:24:11,166] {processor.py:171} INFO - Processing /home/airflow/.local/lib/python3.7/site-packages/airflow/example_dags/example_dag_decorator.py took 1.899 seconds
[2023-02-02 17:24:41,918] {processor.py:163} INFO - Started process (PID=631) to work on /home/airflow/.local/lib/python3.7/site-packages/airflow/example_dags/example_dag_decorator.py
[2023-02-02 17:24:41,929] {processor.py:642} INFO - Processing file /home/airflow/.local/lib/python3.7/site-packages/airflow/example_dags/example_dag_decorator.py for tasks to queue
[2023-02-02 17:24:41,930] {logging_mixin.py:109} INFO - [2023-02-02 17:24:41,930] {dagbag.py:500} INFO - Filling up the DagBag from /home/airflow/.local/lib/python3.7/site-packages/airflow/example_dags/example_dag_decorator.py
[2023-02-02 17:24:42,077] {processor.py:654} INFO - DAG(s) dict_keys(['example_dag_decorator']) retrieved from /home/airflow/.local/lib/python3.7/site-packages/airflow/example_dags/example_dag_decorator.py
[2023-02-02 17:24:43,408] {logging_mixin.py:109} INFO - [2023-02-02 17:24:43,408] {dag.py:2396} INFO - Sync 1 DAGs
[2023-02-02 17:24:43,497] {logging_mixin.py:109} INFO - [2023-02-02 17:24:43,497] {dag.py:2935} INFO - Setting next_dagrun for example_dag_decorator to None
[2023-02-02 17:24:43,533] {processor.py:171} INFO - Processing /home/airflow/.local/lib/python3.7/site-packages/airflow/example_dags/example_dag_decorator.py took 1.623 seconds
[2023-02-02 17:25:14,357] {processor.py:163} INFO - Started process (PID=685) to work on /home/airflow/.local/lib/python3.7/site-packages/airflow/example_dags/example_dag_decorator.py
[2023-02-02 17:25:14,362] {processor.py:642} INFO - Processing file /home/airflow/.local/lib/python3.7/site-packages/airflow/example_dags/example_dag_decorator.py for tasks to queue
[2023-02-02 17:25:14,377] {logging_mixin.py:109} INFO - [2023-02-02 17:25:14,377] {dagbag.py:500} INFO - Filling up the DagBag from /home/airflow/.local/lib/python3.7/site-packages/airflow/example_dags/example_dag_decorator.py
[2023-02-02 17:25:14,711] {processor.py:654} INFO - DAG(s) dict_keys(['example_dag_decorator']) retrieved from /home/airflow/.local/lib/python3.7/site-packages/airflow/example_dags/example_dag_decorator.py
[2023-02-02 17:25:16,390] {logging_mixin.py:109} INFO - [2023-02-02 17:25:16,384] {dag.py:2396} INFO - Sync 1 DAGs
[2023-02-02 17:25:16,506] {logging_mixin.py:109} INFO - [2023-02-02 17:25:16,506] {dag.py:2935} INFO - Setting next_dagrun for example_dag_decorator to None
[2023-02-02 17:25:16,559] {processor.py:171} INFO - Processing /home/airflow/.local/lib/python3.7/site-packages/airflow/example_dags/example_dag_decorator.py took 2.226 seconds
[2023-02-02 17:25:46,780] {processor.py:163} INFO - Started process (PID=730) to work on /home/airflow/.local/lib/python3.7/site-packages/airflow/example_dags/example_dag_decorator.py
[2023-02-02 17:25:46,782] {processor.py:642} INFO - Processing file /home/airflow/.local/lib/python3.7/site-packages/airflow/example_dags/example_dag_decorator.py for tasks to queue
[2023-02-02 17:25:46,783] {logging_mixin.py:109} INFO - [2023-02-02 17:25:46,783] {dagbag.py:500} INFO - Filling up the DagBag from /home/airflow/.local/lib/python3.7/site-packages/airflow/example_dags/example_dag_decorator.py
[2023-02-02 17:25:47,062] {processor.py:654} INFO - DAG(s) dict_keys(['example_dag_decorator']) retrieved from /home/airflow/.local/lib/python3.7/site-packages/airflow/example_dags/example_dag_decorator.py
[2023-02-02 17:25:47,874] {logging_mixin.py:109} INFO - [2023-02-02 17:25:47,873] {dag.py:2396} INFO - Sync 1 DAGs
[2023-02-02 17:25:47,911] {logging_mixin.py:109} INFO - [2023-02-02 17:25:47,910] {dag.py:2935} INFO - Setting next_dagrun for example_dag_decorator to None
[2023-02-02 17:25:47,955] {processor.py:171} INFO - Processing /home/airflow/.local/lib/python3.7/site-packages/airflow/example_dags/example_dag_decorator.py took 1.188 seconds
[2023-02-02 17:26:18,095] {processor.py:163} INFO - Started process (PID=779) to work on /home/airflow/.local/lib/python3.7/site-packages/airflow/example_dags/example_dag_decorator.py
[2023-02-02 17:26:18,096] {processor.py:642} INFO - Processing file /home/airflow/.local/lib/python3.7/site-packages/airflow/example_dags/example_dag_decorator.py for tasks to queue
[2023-02-02 17:26:18,097] {logging_mixin.py:109} INFO - [2023-02-02 17:26:18,097] {dagbag.py:500} INFO - Filling up the DagBag from /home/airflow/.local/lib/python3.7/site-packages/airflow/example_dags/example_dag_decorator.py
[2023-02-02 17:26:18,328] {processor.py:654} INFO - DAG(s) dict_keys(['example_dag_decorator']) retrieved from /home/airflow/.local/lib/python3.7/site-packages/airflow/example_dags/example_dag_decorator.py
[2023-02-02 17:26:19,882] {logging_mixin.py:109} INFO - [2023-02-02 17:26:19,882] {dag.py:2396} INFO - Sync 1 DAGs
[2023-02-02 17:26:19,945] {logging_mixin.py:109} INFO - [2023-02-02 17:26:19,944] {dag.py:2935} INFO - Setting next_dagrun for example_dag_decorator to None
[2023-02-02 17:26:19,976] {processor.py:171} INFO - Processing /home/airflow/.local/lib/python3.7/site-packages/airflow/example_dags/example_dag_decorator.py took 1.919 seconds
[2023-02-02 17:26:51,483] {processor.py:163} INFO - Started process (PID=833) to work on /home/airflow/.local/lib/python3.7/site-packages/airflow/example_dags/example_dag_decorator.py
[2023-02-02 17:26:51,491] {processor.py:642} INFO - Processing file /home/airflow/.local/lib/python3.7/site-packages/airflow/example_dags/example_dag_decorator.py for tasks to queue
[2023-02-02 17:26:51,492] {logging_mixin.py:109} INFO - [2023-02-02 17:26:51,492] {dagbag.py:500} INFO - Filling up the DagBag from /home/airflow/.local/lib/python3.7/site-packages/airflow/example_dags/example_dag_decorator.py
[2023-02-02 17:26:51,886] {processor.py:654} INFO - DAG(s) dict_keys(['example_dag_decorator']) retrieved from /home/airflow/.local/lib/python3.7/site-packages/airflow/example_dags/example_dag_decorator.py
[2023-02-02 17:26:54,209] {logging_mixin.py:109} INFO - [2023-02-02 17:26:54,208] {dag.py:2396} INFO - Sync 1 DAGs
[2023-02-02 17:26:54,330] {logging_mixin.py:109} INFO - [2023-02-02 17:26:54,329] {dag.py:2935} INFO - Setting next_dagrun for example_dag_decorator to None
[2023-02-02 17:26:54,572] {processor.py:171} INFO - Processing /home/airflow/.local/lib/python3.7/site-packages/airflow/example_dags/example_dag_decorator.py took 3.124 seconds
[2023-02-02 17:27:24,830] {processor.py:163} INFO - Started process (PID=877) to work on /home/airflow/.local/lib/python3.7/site-packages/airflow/example_dags/example_dag_decorator.py
[2023-02-02 17:27:24,832] {processor.py:642} INFO - Processing file /home/airflow/.local/lib/python3.7/site-packages/airflow/example_dags/example_dag_decorator.py for tasks to queue
[2023-02-02 17:27:24,833] {logging_mixin.py:109} INFO - [2023-02-02 17:27:24,833] {dagbag.py:500} INFO - Filling up the DagBag from /home/airflow/.local/lib/python3.7/site-packages/airflow/example_dags/example_dag_decorator.py
[2023-02-02 17:27:24,923] {processor.py:654} INFO - DAG(s) dict_keys(['example_dag_decorator']) retrieved from /home/airflow/.local/lib/python3.7/site-packages/airflow/example_dags/example_dag_decorator.py
[2023-02-02 17:27:25,893] {logging_mixin.py:109} INFO - [2023-02-02 17:27:25,893] {dag.py:2396} INFO - Sync 1 DAGs
[2023-02-02 17:27:25,931] {logging_mixin.py:109} INFO - [2023-02-02 17:27:25,931] {dag.py:2935} INFO - Setting next_dagrun for example_dag_decorator to None
[2023-02-02 17:27:25,969] {processor.py:171} INFO - Processing /home/airflow/.local/lib/python3.7/site-packages/airflow/example_dags/example_dag_decorator.py took 1.147 seconds
[2023-02-02 17:27:56,353] {processor.py:163} INFO - Started process (PID=926) to work on /home/airflow/.local/lib/python3.7/site-packages/airflow/example_dags/example_dag_decorator.py
[2023-02-02 17:27:56,355] {processor.py:642} INFO - Processing file /home/airflow/.local/lib/python3.7/site-packages/airflow/example_dags/example_dag_decorator.py for tasks to queue
[2023-02-02 17:27:56,357] {logging_mixin.py:109} INFO - [2023-02-02 17:27:56,357] {dagbag.py:500} INFO - Filling up the DagBag from /home/airflow/.local/lib/python3.7/site-packages/airflow/example_dags/example_dag_decorator.py
[2023-02-02 17:27:56,526] {processor.py:654} INFO - DAG(s) dict_keys(['example_dag_decorator']) retrieved from /home/airflow/.local/lib/python3.7/site-packages/airflow/example_dags/example_dag_decorator.py
[2023-02-02 17:27:59,033] {logging_mixin.py:109} INFO - [2023-02-02 17:27:59,033] {dag.py:2396} INFO - Sync 1 DAGs
[2023-02-02 17:27:59,155] {logging_mixin.py:109} INFO - [2023-02-02 17:27:59,155] {dag.py:2935} INFO - Setting next_dagrun for example_dag_decorator to None
[2023-02-02 17:27:59,258] {processor.py:171} INFO - Processing /home/airflow/.local/lib/python3.7/site-packages/airflow/example_dags/example_dag_decorator.py took 2.920 seconds
[2023-02-02 17:28:29,498] {processor.py:163} INFO - Started process (PID=976) to work on /home/airflow/.local/lib/python3.7/site-packages/airflow/example_dags/example_dag_decorator.py
[2023-02-02 17:28:29,500] {processor.py:642} INFO - Processing file /home/airflow/.local/lib/python3.7/site-packages/airflow/example_dags/example_dag_decorator.py for tasks to queue
[2023-02-02 17:28:29,529] {logging_mixin.py:109} INFO - [2023-02-02 17:28:29,528] {dagbag.py:500} INFO - Filling up the DagBag from /home/airflow/.local/lib/python3.7/site-packages/airflow/example_dags/example_dag_decorator.py
[2023-02-02 17:28:29,655] {processor.py:654} INFO - DAG(s) dict_keys(['example_dag_decorator']) retrieved from /home/airflow/.local/lib/python3.7/site-packages/airflow/example_dags/example_dag_decorator.py
[2023-02-02 17:28:30,567] {logging_mixin.py:109} INFO - [2023-02-02 17:28:30,566] {dag.py:2396} INFO - Sync 1 DAGs
[2023-02-02 17:28:30,640] {logging_mixin.py:109} INFO - [2023-02-02 17:28:30,640] {dag.py:2935} INFO - Setting next_dagrun for example_dag_decorator to None
[2023-02-02 17:28:30,713] {processor.py:171} INFO - Processing /home/airflow/.local/lib/python3.7/site-packages/airflow/example_dags/example_dag_decorator.py took 1.229 seconds
[2023-02-02 17:29:01,083] {processor.py:163} INFO - Started process (PID=1017) to work on /home/airflow/.local/lib/python3.7/site-packages/airflow/example_dags/example_dag_decorator.py
[2023-02-02 17:29:01,093] {processor.py:642} INFO - Processing file /home/airflow/.local/lib/python3.7/site-packages/airflow/example_dags/example_dag_decorator.py for tasks to queue
[2023-02-02 17:29:01,131] {logging_mixin.py:109} INFO - [2023-02-02 17:29:01,116] {dagbag.py:500} INFO - Filling up the DagBag from /home/airflow/.local/lib/python3.7/site-packages/airflow/example_dags/example_dag_decorator.py
[2023-02-02 17:29:01,251] {processor.py:654} INFO - DAG(s) dict_keys(['example_dag_decorator']) retrieved from /home/airflow/.local/lib/python3.7/site-packages/airflow/example_dags/example_dag_decorator.py
[2023-02-02 17:29:02,105] {logging_mixin.py:109} INFO - [2023-02-02 17:29:02,105] {dag.py:2396} INFO - Sync 1 DAGs
[2023-02-02 17:29:02,139] {logging_mixin.py:109} INFO - [2023-02-02 17:29:02,139] {dag.py:2935} INFO - Setting next_dagrun for example_dag_decorator to None
[2023-02-02 17:29:02,171] {processor.py:171} INFO - Processing /home/airflow/.local/lib/python3.7/site-packages/airflow/example_dags/example_dag_decorator.py took 1.102 seconds
[2023-02-02 17:29:32,880] {processor.py:163} INFO - Started process (PID=1068) to work on /home/airflow/.local/lib/python3.7/site-packages/airflow/example_dags/example_dag_decorator.py
[2023-02-02 17:29:32,903] {processor.py:642} INFO - Processing file /home/airflow/.local/lib/python3.7/site-packages/airflow/example_dags/example_dag_decorator.py for tasks to queue
[2023-02-02 17:29:32,904] {logging_mixin.py:109} INFO - [2023-02-02 17:29:32,904] {dagbag.py:500} INFO - Filling up the DagBag from /home/airflow/.local/lib/python3.7/site-packages/airflow/example_dags/example_dag_decorator.py
[2023-02-02 17:29:33,276] {processor.py:654} INFO - DAG(s) dict_keys(['example_dag_decorator']) retrieved from /home/airflow/.local/lib/python3.7/site-packages/airflow/example_dags/example_dag_decorator.py
[2023-02-02 17:29:34,752] {logging_mixin.py:109} INFO - [2023-02-02 17:29:34,752] {dag.py:2396} INFO - Sync 1 DAGs
[2023-02-02 17:29:34,838] {logging_mixin.py:109} INFO - [2023-02-02 17:29:34,838] {dag.py:2935} INFO - Setting next_dagrun for example_dag_decorator to None
[2023-02-02 17:29:34,889] {processor.py:171} INFO - Processing /home/airflow/.local/lib/python3.7/site-packages/airflow/example_dags/example_dag_decorator.py took 2.053 seconds
[2023-02-02 17:30:05,319] {processor.py:163} INFO - Started process (PID=1109) to work on /home/airflow/.local/lib/python3.7/site-packages/airflow/example_dags/example_dag_decorator.py
[2023-02-02 17:30:05,327] {processor.py:642} INFO - Processing file /home/airflow/.local/lib/python3.7/site-packages/airflow/example_dags/example_dag_decorator.py for tasks to queue
[2023-02-02 17:30:05,328] {logging_mixin.py:109} INFO - [2023-02-02 17:30:05,328] {dagbag.py:500} INFO - Filling up the DagBag from /home/airflow/.local/lib/python3.7/site-packages/airflow/example_dags/example_dag_decorator.py
[2023-02-02 17:30:05,471] {processor.py:654} INFO - DAG(s) dict_keys(['example_dag_decorator']) retrieved from /home/airflow/.local/lib/python3.7/site-packages/airflow/example_dags/example_dag_decorator.py
[2023-02-02 17:30:06,896] {logging_mixin.py:109} INFO - [2023-02-02 17:30:06,896] {dag.py:2396} INFO - Sync 1 DAGs
[2023-02-02 17:30:06,972] {logging_mixin.py:109} INFO - [2023-02-02 17:30:06,972] {dag.py:2935} INFO - Setting next_dagrun for example_dag_decorator to None
[2023-02-02 17:30:07,034] {processor.py:171} INFO - Processing /home/airflow/.local/lib/python3.7/site-packages/airflow/example_dags/example_dag_decorator.py took 1.738 seconds
[2023-02-02 17:30:38,286] {processor.py:163} INFO - Started process (PID=1160) to work on /home/airflow/.local/lib/python3.7/site-packages/airflow/example_dags/example_dag_decorator.py
[2023-02-02 17:30:38,288] {processor.py:642} INFO - Processing file /home/airflow/.local/lib/python3.7/site-packages/airflow/example_dags/example_dag_decorator.py for tasks to queue
[2023-02-02 17:30:38,289] {logging_mixin.py:109} INFO - [2023-02-02 17:30:38,289] {dagbag.py:500} INFO - Filling up the DagBag from /home/airflow/.local/lib/python3.7/site-packages/airflow/example_dags/example_dag_decorator.py
[2023-02-02 17:30:38,415] {processor.py:654} INFO - DAG(s) dict_keys(['example_dag_decorator']) retrieved from /home/airflow/.local/lib/python3.7/site-packages/airflow/example_dags/example_dag_decorator.py
[2023-02-02 17:30:39,470] {logging_mixin.py:109} INFO - [2023-02-02 17:30:39,469] {dag.py:2396} INFO - Sync 1 DAGs
[2023-02-02 17:30:39,534] {logging_mixin.py:109} INFO - [2023-02-02 17:30:39,534] {dag.py:2935} INFO - Setting next_dagrun for example_dag_decorator to None
[2023-02-02 17:30:39,592] {processor.py:171} INFO - Processing /home/airflow/.local/lib/python3.7/site-packages/airflow/example_dags/example_dag_decorator.py took 1.323 seconds
[2023-02-02 17:31:09,914] {processor.py:163} INFO - Started process (PID=1210) to work on /home/airflow/.local/lib/python3.7/site-packages/airflow/example_dags/example_dag_decorator.py
[2023-02-02 17:31:09,915] {processor.py:642} INFO - Processing file /home/airflow/.local/lib/python3.7/site-packages/airflow/example_dags/example_dag_decorator.py for tasks to queue
[2023-02-02 17:31:09,916] {logging_mixin.py:109} INFO - [2023-02-02 17:31:09,916] {dagbag.py:500} INFO - Filling up the DagBag from /home/airflow/.local/lib/python3.7/site-packages/airflow/example_dags/example_dag_decorator.py
[2023-02-02 17:31:10,204] {processor.py:654} INFO - DAG(s) dict_keys(['example_dag_decorator']) retrieved from /home/airflow/.local/lib/python3.7/site-packages/airflow/example_dags/example_dag_decorator.py
[2023-02-02 17:31:11,735] {logging_mixin.py:109} INFO - [2023-02-02 17:31:11,735] {dag.py:2396} INFO - Sync 1 DAGs
[2023-02-02 17:31:11,768] {logging_mixin.py:109} INFO - [2023-02-02 17:31:11,768] {dag.py:2935} INFO - Setting next_dagrun for example_dag_decorator to None
[2023-02-02 17:31:11,805] {processor.py:171} INFO - Processing /home/airflow/.local/lib/python3.7/site-packages/airflow/example_dags/example_dag_decorator.py took 1.934 seconds
[2023-02-02 17:31:42,162] {processor.py:163} INFO - Started process (PID=1251) to work on /home/airflow/.local/lib/python3.7/site-packages/airflow/example_dags/example_dag_decorator.py
[2023-02-02 17:31:42,166] {processor.py:642} INFO - Processing file /home/airflow/.local/lib/python3.7/site-packages/airflow/example_dags/example_dag_decorator.py for tasks to queue
[2023-02-02 17:31:42,172] {logging_mixin.py:109} INFO - [2023-02-02 17:31:42,172] {dagbag.py:500} INFO - Filling up the DagBag from /home/airflow/.local/lib/python3.7/site-packages/airflow/example_dags/example_dag_decorator.py
[2023-02-02 17:31:42,317] {processor.py:654} INFO - DAG(s) dict_keys(['example_dag_decorator']) retrieved from /home/airflow/.local/lib/python3.7/site-packages/airflow/example_dags/example_dag_decorator.py
[2023-02-02 17:31:43,074] {logging_mixin.py:109} INFO - [2023-02-02 17:31:43,074] {dag.py:2396} INFO - Sync 1 DAGs
[2023-02-02 17:31:43,109] {logging_mixin.py:109} INFO - [2023-02-02 17:31:43,109] {dag.py:2935} INFO - Setting next_dagrun for example_dag_decorator to None
[2023-02-02 17:31:43,139] {processor.py:171} INFO - Processing /home/airflow/.local/lib/python3.7/site-packages/airflow/example_dags/example_dag_decorator.py took 0.997 seconds
[2023-02-02 17:32:16,591] {processor.py:163} INFO - Started process (PID=1300) to work on /home/airflow/.local/lib/python3.7/site-packages/airflow/example_dags/example_dag_decorator.py
[2023-02-02 17:32:16,598] {processor.py:642} INFO - Processing file /home/airflow/.local/lib/python3.7/site-packages/airflow/example_dags/example_dag_decorator.py for tasks to queue
[2023-02-02 17:32:16,605] {logging_mixin.py:109} INFO - [2023-02-02 17:32:16,605] {dagbag.py:500} INFO - Filling up the DagBag from /home/airflow/.local/lib/python3.7/site-packages/airflow/example_dags/example_dag_decorator.py
[2023-02-02 17:32:16,930] {processor.py:654} INFO - DAG(s) dict_keys(['example_dag_decorator']) retrieved from /home/airflow/.local/lib/python3.7/site-packages/airflow/example_dags/example_dag_decorator.py
[2023-02-02 17:32:18,785] {logging_mixin.py:109} INFO - [2023-02-02 17:32:18,785] {dag.py:2396} INFO - Sync 1 DAGs
[2023-02-02 17:32:18,865] {logging_mixin.py:109} INFO - [2023-02-02 17:32:18,865] {dag.py:2935} INFO - Setting next_dagrun for example_dag_decorator to None
[2023-02-02 17:32:18,920] {processor.py:171} INFO - Processing /home/airflow/.local/lib/python3.7/site-packages/airflow/example_dags/example_dag_decorator.py took 2.391 seconds
[2023-02-02 17:32:53,193] {processor.py:163} INFO - Started process (PID=1352) to work on /home/airflow/.local/lib/python3.7/site-packages/airflow/example_dags/example_dag_decorator.py
[2023-02-02 17:32:53,201] {processor.py:642} INFO - Processing file /home/airflow/.local/lib/python3.7/site-packages/airflow/example_dags/example_dag_decorator.py for tasks to queue
[2023-02-02 17:32:53,202] {logging_mixin.py:109} INFO - [2023-02-02 17:32:53,202] {dagbag.py:500} INFO - Filling up the DagBag from /home/airflow/.local/lib/python3.7/site-packages/airflow/example_dags/example_dag_decorator.py
[2023-02-02 17:32:54,324] {processor.py:654} INFO - DAG(s) dict_keys(['example_dag_decorator']) retrieved from /home/airflow/.local/lib/python3.7/site-packages/airflow/example_dags/example_dag_decorator.py
[2023-02-02 17:32:56,554] {logging_mixin.py:109} INFO - [2023-02-02 17:32:56,554] {dag.py:2396} INFO - Sync 1 DAGs
[2023-02-02 17:32:56,648] {logging_mixin.py:109} INFO - [2023-02-02 17:32:56,647] {dag.py:2935} INFO - Setting next_dagrun for example_dag_decorator to None
[2023-02-02 17:32:56,744] {processor.py:171} INFO - Processing /home/airflow/.local/lib/python3.7/site-packages/airflow/example_dags/example_dag_decorator.py took 3.570 seconds
[2023-02-02 17:33:27,024] {processor.py:163} INFO - Started process (PID=1393) to work on /home/airflow/.local/lib/python3.7/site-packages/airflow/example_dags/example_dag_decorator.py
[2023-02-02 17:33:27,038] {processor.py:642} INFO - Processing file /home/airflow/.local/lib/python3.7/site-packages/airflow/example_dags/example_dag_decorator.py for tasks to queue
[2023-02-02 17:33:27,040] {logging_mixin.py:109} INFO - [2023-02-02 17:33:27,039] {dagbag.py:500} INFO - Filling up the DagBag from /home/airflow/.local/lib/python3.7/site-packages/airflow/example_dags/example_dag_decorator.py
[2023-02-02 17:33:27,565] {processor.py:654} INFO - DAG(s) dict_keys(['example_dag_decorator']) retrieved from /home/airflow/.local/lib/python3.7/site-packages/airflow/example_dags/example_dag_decorator.py
[2023-02-02 17:33:28,131] {logging_mixin.py:109} INFO - [2023-02-02 17:33:28,130] {dag.py:2396} INFO - Sync 1 DAGs
[2023-02-02 17:33:28,173] {logging_mixin.py:109} INFO - [2023-02-02 17:33:28,173] {dag.py:2935} INFO - Setting next_dagrun for example_dag_decorator to None
[2023-02-02 17:33:28,198] {processor.py:171} INFO - Processing /home/airflow/.local/lib/python3.7/site-packages/airflow/example_dags/example_dag_decorator.py took 1.179 seconds
