[2023-02-02 17:18:49,459] {processor.py:163} INFO - Started process (PID=114) to work on /home/airflow/.local/lib/python3.7/site-packages/airflow/example_dags/example_time_delta_sensor_async.py
[2023-02-02 17:18:49,472] {processor.py:642} INFO - Processing file /home/airflow/.local/lib/python3.7/site-packages/airflow/example_dags/example_time_delta_sensor_async.py for tasks to queue
[2023-02-02 17:18:49,475] {logging_mixin.py:109} INFO - [2023-02-02 17:18:49,474] {dagbag.py:500} INFO - Filling up the DagBag from /home/airflow/.local/lib/python3.7/site-packages/airflow/example_dags/example_time_delta_sensor_async.py
[2023-02-02 17:18:49,710] {processor.py:654} INFO - DAG(s) dict_keys(['example_time_delta_sensor_async']) retrieved from /home/airflow/.local/lib/python3.7/site-packages/airflow/example_dags/example_time_delta_sensor_async.py
[2023-02-02 17:18:49,759] {logging_mixin.py:109} INFO - [2023-02-02 17:18:49,759] {dag.py:2396} INFO - Sync 1 DAGs
[2023-02-02 17:18:49,864] {logging_mixin.py:109} INFO - [2023-02-02 17:18:49,864] {dag.py:2935} INFO - Setting next_dagrun for example_time_delta_sensor_async to None
[2023-02-02 17:18:50,022] {processor.py:171} INFO - Processing /home/airflow/.local/lib/python3.7/site-packages/airflow/example_dags/example_time_delta_sensor_async.py took 0.571 seconds
[2023-02-02 17:19:20,582] {processor.py:163} INFO - Started process (PID=157) to work on /home/airflow/.local/lib/python3.7/site-packages/airflow/example_dags/example_time_delta_sensor_async.py
[2023-02-02 17:19:20,584] {processor.py:642} INFO - Processing file /home/airflow/.local/lib/python3.7/site-packages/airflow/example_dags/example_time_delta_sensor_async.py for tasks to queue
[2023-02-02 17:19:20,586] {logging_mixin.py:109} INFO - [2023-02-02 17:19:20,585] {dagbag.py:500} INFO - Filling up the DagBag from /home/airflow/.local/lib/python3.7/site-packages/airflow/example_dags/example_time_delta_sensor_async.py
[2023-02-02 17:19:20,748] {processor.py:654} INFO - DAG(s) dict_keys(['example_time_delta_sensor_async']) retrieved from /home/airflow/.local/lib/python3.7/site-packages/airflow/example_dags/example_time_delta_sensor_async.py
[2023-02-02 17:19:20,785] {logging_mixin.py:109} INFO - [2023-02-02 17:19:20,785] {dag.py:2396} INFO - Sync 1 DAGs
[2023-02-02 17:19:20,891] {logging_mixin.py:109} INFO - [2023-02-02 17:19:20,891] {dag.py:2935} INFO - Setting next_dagrun for example_time_delta_sensor_async to None
[2023-02-02 17:19:20,944] {processor.py:171} INFO - Processing /home/airflow/.local/lib/python3.7/site-packages/airflow/example_dags/example_time_delta_sensor_async.py took 0.377 seconds
[2023-02-02 17:19:54,937] {processor.py:163} INFO - Started process (PID=206) to work on /home/airflow/.local/lib/python3.7/site-packages/airflow/example_dags/example_time_delta_sensor_async.py
[2023-02-02 17:19:54,949] {processor.py:642} INFO - Processing file /home/airflow/.local/lib/python3.7/site-packages/airflow/example_dags/example_time_delta_sensor_async.py for tasks to queue
[2023-02-02 17:19:54,950] {logging_mixin.py:109} INFO - [2023-02-02 17:19:54,950] {dagbag.py:500} INFO - Filling up the DagBag from /home/airflow/.local/lib/python3.7/site-packages/airflow/example_dags/example_time_delta_sensor_async.py
[2023-02-02 17:19:55,240] {processor.py:654} INFO - DAG(s) dict_keys(['example_time_delta_sensor_async']) retrieved from /home/airflow/.local/lib/python3.7/site-packages/airflow/example_dags/example_time_delta_sensor_async.py
[2023-02-02 17:19:55,333] {logging_mixin.py:109} INFO - [2023-02-02 17:19:55,333] {dag.py:2396} INFO - Sync 1 DAGs
[2023-02-02 17:19:55,417] {logging_mixin.py:109} INFO - [2023-02-02 17:19:55,417] {dag.py:2935} INFO - Setting next_dagrun for example_time_delta_sensor_async to None
[2023-02-02 17:19:55,453] {processor.py:171} INFO - Processing /home/airflow/.local/lib/python3.7/site-packages/airflow/example_dags/example_time_delta_sensor_async.py took 0.541 seconds
[2023-02-02 17:20:27,098] {processor.py:163} INFO - Started process (PID=254) to work on /home/airflow/.local/lib/python3.7/site-packages/airflow/example_dags/example_time_delta_sensor_async.py
[2023-02-02 17:20:27,108] {processor.py:642} INFO - Processing file /home/airflow/.local/lib/python3.7/site-packages/airflow/example_dags/example_time_delta_sensor_async.py for tasks to queue
[2023-02-02 17:20:27,109] {logging_mixin.py:109} INFO - [2023-02-02 17:20:27,109] {dagbag.py:500} INFO - Filling up the DagBag from /home/airflow/.local/lib/python3.7/site-packages/airflow/example_dags/example_time_delta_sensor_async.py
[2023-02-02 17:20:27,357] {processor.py:654} INFO - DAG(s) dict_keys(['example_time_delta_sensor_async']) retrieved from /home/airflow/.local/lib/python3.7/site-packages/airflow/example_dags/example_time_delta_sensor_async.py
[2023-02-02 17:20:27,399] {logging_mixin.py:109} INFO - [2023-02-02 17:20:27,399] {dag.py:2396} INFO - Sync 1 DAGs
[2023-02-02 17:20:27,499] {logging_mixin.py:109} INFO - [2023-02-02 17:20:27,499] {dag.py:2935} INFO - Setting next_dagrun for example_time_delta_sensor_async to None
[2023-02-02 17:20:27,639] {processor.py:171} INFO - Processing /home/airflow/.local/lib/python3.7/site-packages/airflow/example_dags/example_time_delta_sensor_async.py took 0.573 seconds
[2023-02-02 17:20:58,873] {processor.py:163} INFO - Started process (PID=296) to work on /home/airflow/.local/lib/python3.7/site-packages/airflow/example_dags/example_time_delta_sensor_async.py
[2023-02-02 17:20:58,875] {processor.py:642} INFO - Processing file /home/airflow/.local/lib/python3.7/site-packages/airflow/example_dags/example_time_delta_sensor_async.py for tasks to queue
[2023-02-02 17:20:58,876] {logging_mixin.py:109} INFO - [2023-02-02 17:20:58,876] {dagbag.py:500} INFO - Filling up the DagBag from /home/airflow/.local/lib/python3.7/site-packages/airflow/example_dags/example_time_delta_sensor_async.py
[2023-02-02 17:20:58,956] {processor.py:654} INFO - DAG(s) dict_keys(['example_time_delta_sensor_async']) retrieved from /home/airflow/.local/lib/python3.7/site-packages/airflow/example_dags/example_time_delta_sensor_async.py
[2023-02-02 17:20:58,981] {logging_mixin.py:109} INFO - [2023-02-02 17:20:58,981] {dag.py:2396} INFO - Sync 1 DAGs
[2023-02-02 17:20:59,025] {logging_mixin.py:109} INFO - [2023-02-02 17:20:59,024] {dag.py:2935} INFO - Setting next_dagrun for example_time_delta_sensor_async to None
[2023-02-02 17:20:59,053] {processor.py:171} INFO - Processing /home/airflow/.local/lib/python3.7/site-packages/airflow/example_dags/example_time_delta_sensor_async.py took 0.189 seconds
[2023-02-02 17:21:29,362] {processor.py:163} INFO - Started process (PID=345) to work on /home/airflow/.local/lib/python3.7/site-packages/airflow/example_dags/example_time_delta_sensor_async.py
[2023-02-02 17:21:29,379] {processor.py:642} INFO - Processing file /home/airflow/.local/lib/python3.7/site-packages/airflow/example_dags/example_time_delta_sensor_async.py for tasks to queue
[2023-02-02 17:21:29,381] {logging_mixin.py:109} INFO - [2023-02-02 17:21:29,380] {dagbag.py:500} INFO - Filling up the DagBag from /home/airflow/.local/lib/python3.7/site-packages/airflow/example_dags/example_time_delta_sensor_async.py
[2023-02-02 17:21:29,478] {processor.py:654} INFO - DAG(s) dict_keys(['example_time_delta_sensor_async']) retrieved from /home/airflow/.local/lib/python3.7/site-packages/airflow/example_dags/example_time_delta_sensor_async.py
[2023-02-02 17:21:29,500] {logging_mixin.py:109} INFO - [2023-02-02 17:21:29,500] {dag.py:2396} INFO - Sync 1 DAGs
[2023-02-02 17:21:29,548] {logging_mixin.py:109} INFO - [2023-02-02 17:21:29,547] {dag.py:2935} INFO - Setting next_dagrun for example_time_delta_sensor_async to None
[2023-02-02 17:21:29,582] {processor.py:171} INFO - Processing /home/airflow/.local/lib/python3.7/site-packages/airflow/example_dags/example_time_delta_sensor_async.py took 0.227 seconds
[2023-02-02 17:21:59,650] {processor.py:163} INFO - Started process (PID=384) to work on /home/airflow/.local/lib/python3.7/site-packages/airflow/example_dags/example_time_delta_sensor_async.py
[2023-02-02 17:21:59,651] {processor.py:642} INFO - Processing file /home/airflow/.local/lib/python3.7/site-packages/airflow/example_dags/example_time_delta_sensor_async.py for tasks to queue
[2023-02-02 17:21:59,652] {logging_mixin.py:109} INFO - [2023-02-02 17:21:59,652] {dagbag.py:500} INFO - Filling up the DagBag from /home/airflow/.local/lib/python3.7/site-packages/airflow/example_dags/example_time_delta_sensor_async.py
[2023-02-02 17:21:59,710] {processor.py:654} INFO - DAG(s) dict_keys(['example_time_delta_sensor_async']) retrieved from /home/airflow/.local/lib/python3.7/site-packages/airflow/example_dags/example_time_delta_sensor_async.py
[2023-02-02 17:21:59,727] {logging_mixin.py:109} INFO - [2023-02-02 17:21:59,727] {dag.py:2396} INFO - Sync 1 DAGs
[2023-02-02 17:21:59,763] {logging_mixin.py:109} INFO - [2023-02-02 17:21:59,763] {dag.py:2935} INFO - Setting next_dagrun for example_time_delta_sensor_async to None
[2023-02-02 17:21:59,794] {processor.py:171} INFO - Processing /home/airflow/.local/lib/python3.7/site-packages/airflow/example_dags/example_time_delta_sensor_async.py took 0.149 seconds
[2023-02-02 17:22:32,001] {processor.py:163} INFO - Started process (PID=434) to work on /home/airflow/.local/lib/python3.7/site-packages/airflow/example_dags/example_time_delta_sensor_async.py
[2023-02-02 17:22:32,014] {processor.py:642} INFO - Processing file /home/airflow/.local/lib/python3.7/site-packages/airflow/example_dags/example_time_delta_sensor_async.py for tasks to queue
[2023-02-02 17:22:32,016] {logging_mixin.py:109} INFO - [2023-02-02 17:22:32,015] {dagbag.py:500} INFO - Filling up the DagBag from /home/airflow/.local/lib/python3.7/site-packages/airflow/example_dags/example_time_delta_sensor_async.py
[2023-02-02 17:22:32,281] {processor.py:654} INFO - DAG(s) dict_keys(['example_time_delta_sensor_async']) retrieved from /home/airflow/.local/lib/python3.7/site-packages/airflow/example_dags/example_time_delta_sensor_async.py
[2023-02-02 17:22:32,372] {logging_mixin.py:109} INFO - [2023-02-02 17:22:32,372] {dag.py:2396} INFO - Sync 1 DAGs
[2023-02-02 17:22:32,539] {logging_mixin.py:109} INFO - [2023-02-02 17:22:32,539] {dag.py:2935} INFO - Setting next_dagrun for example_time_delta_sensor_async to None
[2023-02-02 17:22:32,613] {processor.py:171} INFO - Processing /home/airflow/.local/lib/python3.7/site-packages/airflow/example_dags/example_time_delta_sensor_async.py took 0.650 seconds
[2023-02-02 17:23:02,842] {processor.py:163} INFO - Started process (PID=484) to work on /home/airflow/.local/lib/python3.7/site-packages/airflow/example_dags/example_time_delta_sensor_async.py
[2023-02-02 17:23:02,844] {processor.py:642} INFO - Processing file /home/airflow/.local/lib/python3.7/site-packages/airflow/example_dags/example_time_delta_sensor_async.py for tasks to queue
[2023-02-02 17:23:02,847] {logging_mixin.py:109} INFO - [2023-02-02 17:23:02,847] {dagbag.py:500} INFO - Filling up the DagBag from /home/airflow/.local/lib/python3.7/site-packages/airflow/example_dags/example_time_delta_sensor_async.py
[2023-02-02 17:23:02,917] {processor.py:654} INFO - DAG(s) dict_keys(['example_time_delta_sensor_async']) retrieved from /home/airflow/.local/lib/python3.7/site-packages/airflow/example_dags/example_time_delta_sensor_async.py
[2023-02-02 17:23:02,955] {logging_mixin.py:109} INFO - [2023-02-02 17:23:02,955] {dag.py:2396} INFO - Sync 1 DAGs
[2023-02-02 17:23:03,023] {logging_mixin.py:109} INFO - [2023-02-02 17:23:03,023] {dag.py:2935} INFO - Setting next_dagrun for example_time_delta_sensor_async to None
[2023-02-02 17:23:03,090] {processor.py:171} INFO - Processing /home/airflow/.local/lib/python3.7/site-packages/airflow/example_dags/example_time_delta_sensor_async.py took 0.258 seconds
[2023-02-02 17:23:33,914] {processor.py:163} INFO - Started process (PID=524) to work on /home/airflow/.local/lib/python3.7/site-packages/airflow/example_dags/example_time_delta_sensor_async.py
[2023-02-02 17:23:33,924] {processor.py:642} INFO - Processing file /home/airflow/.local/lib/python3.7/site-packages/airflow/example_dags/example_time_delta_sensor_async.py for tasks to queue
[2023-02-02 17:23:33,925] {logging_mixin.py:109} INFO - [2023-02-02 17:23:33,925] {dagbag.py:500} INFO - Filling up the DagBag from /home/airflow/.local/lib/python3.7/site-packages/airflow/example_dags/example_time_delta_sensor_async.py
[2023-02-02 17:23:34,043] {processor.py:654} INFO - DAG(s) dict_keys(['example_time_delta_sensor_async']) retrieved from /home/airflow/.local/lib/python3.7/site-packages/airflow/example_dags/example_time_delta_sensor_async.py
[2023-02-02 17:23:34,090] {logging_mixin.py:109} INFO - [2023-02-02 17:23:34,089] {dag.py:2396} INFO - Sync 1 DAGs
[2023-02-02 17:23:34,185] {logging_mixin.py:109} INFO - [2023-02-02 17:23:34,185] {dag.py:2935} INFO - Setting next_dagrun for example_time_delta_sensor_async to None
[2023-02-02 17:23:34,235] {processor.py:171} INFO - Processing /home/airflow/.local/lib/python3.7/site-packages/airflow/example_dags/example_time_delta_sensor_async.py took 0.334 seconds
[2023-02-02 17:24:04,383] {processor.py:163} INFO - Started process (PID=574) to work on /home/airflow/.local/lib/python3.7/site-packages/airflow/example_dags/example_time_delta_sensor_async.py
[2023-02-02 17:24:04,385] {processor.py:642} INFO - Processing file /home/airflow/.local/lib/python3.7/site-packages/airflow/example_dags/example_time_delta_sensor_async.py for tasks to queue
[2023-02-02 17:24:04,388] {logging_mixin.py:109} INFO - [2023-02-02 17:24:04,387] {dagbag.py:500} INFO - Filling up the DagBag from /home/airflow/.local/lib/python3.7/site-packages/airflow/example_dags/example_time_delta_sensor_async.py
[2023-02-02 17:24:04,464] {processor.py:654} INFO - DAG(s) dict_keys(['example_time_delta_sensor_async']) retrieved from /home/airflow/.local/lib/python3.7/site-packages/airflow/example_dags/example_time_delta_sensor_async.py
[2023-02-02 17:24:04,510] {logging_mixin.py:109} INFO - [2023-02-02 17:24:04,510] {dag.py:2396} INFO - Sync 1 DAGs
[2023-02-02 17:24:04,554] {logging_mixin.py:109} INFO - [2023-02-02 17:24:04,554] {dag.py:2935} INFO - Setting next_dagrun for example_time_delta_sensor_async to None
[2023-02-02 17:24:04,597] {processor.py:171} INFO - Processing /home/airflow/.local/lib/python3.7/site-packages/airflow/example_dags/example_time_delta_sensor_async.py took 0.224 seconds
[2023-02-02 17:24:34,886] {processor.py:163} INFO - Started process (PID=621) to work on /home/airflow/.local/lib/python3.7/site-packages/airflow/example_dags/example_time_delta_sensor_async.py
[2023-02-02 17:24:34,891] {processor.py:642} INFO - Processing file /home/airflow/.local/lib/python3.7/site-packages/airflow/example_dags/example_time_delta_sensor_async.py for tasks to queue
[2023-02-02 17:24:34,892] {logging_mixin.py:109} INFO - [2023-02-02 17:24:34,891] {dagbag.py:500} INFO - Filling up the DagBag from /home/airflow/.local/lib/python3.7/site-packages/airflow/example_dags/example_time_delta_sensor_async.py
[2023-02-02 17:24:34,976] {processor.py:654} INFO - DAG(s) dict_keys(['example_time_delta_sensor_async']) retrieved from /home/airflow/.local/lib/python3.7/site-packages/airflow/example_dags/example_time_delta_sensor_async.py
[2023-02-02 17:24:34,997] {logging_mixin.py:109} INFO - [2023-02-02 17:24:34,997] {dag.py:2396} INFO - Sync 1 DAGs
[2023-02-02 17:24:35,039] {logging_mixin.py:109} INFO - [2023-02-02 17:24:35,039] {dag.py:2935} INFO - Setting next_dagrun for example_time_delta_sensor_async to None
[2023-02-02 17:24:35,084] {processor.py:171} INFO - Processing /home/airflow/.local/lib/python3.7/site-packages/airflow/example_dags/example_time_delta_sensor_async.py took 0.223 seconds
[2023-02-02 17:25:06,013] {processor.py:163} INFO - Started process (PID=665) to work on /home/airflow/.local/lib/python3.7/site-packages/airflow/example_dags/example_time_delta_sensor_async.py
[2023-02-02 17:25:06,015] {processor.py:642} INFO - Processing file /home/airflow/.local/lib/python3.7/site-packages/airflow/example_dags/example_time_delta_sensor_async.py for tasks to queue
[2023-02-02 17:25:06,029] {logging_mixin.py:109} INFO - [2023-02-02 17:25:06,029] {dagbag.py:500} INFO - Filling up the DagBag from /home/airflow/.local/lib/python3.7/site-packages/airflow/example_dags/example_time_delta_sensor_async.py
[2023-02-02 17:25:06,217] {processor.py:654} INFO - DAG(s) dict_keys(['example_time_delta_sensor_async']) retrieved from /home/airflow/.local/lib/python3.7/site-packages/airflow/example_dags/example_time_delta_sensor_async.py
[2023-02-02 17:25:06,298] {logging_mixin.py:109} INFO - [2023-02-02 17:25:06,297] {dag.py:2396} INFO - Sync 1 DAGs
[2023-02-02 17:25:06,420] {logging_mixin.py:109} INFO - [2023-02-02 17:25:06,420] {dag.py:2935} INFO - Setting next_dagrun for example_time_delta_sensor_async to None
[2023-02-02 17:25:06,493] {processor.py:171} INFO - Processing /home/airflow/.local/lib/python3.7/site-packages/airflow/example_dags/example_time_delta_sensor_async.py took 0.514 seconds
[2023-02-02 17:25:36,745] {processor.py:163} INFO - Started process (PID=714) to work on /home/airflow/.local/lib/python3.7/site-packages/airflow/example_dags/example_time_delta_sensor_async.py
[2023-02-02 17:25:36,748] {processor.py:642} INFO - Processing file /home/airflow/.local/lib/python3.7/site-packages/airflow/example_dags/example_time_delta_sensor_async.py for tasks to queue
[2023-02-02 17:25:36,756] {logging_mixin.py:109} INFO - [2023-02-02 17:25:36,756] {dagbag.py:500} INFO - Filling up the DagBag from /home/airflow/.local/lib/python3.7/site-packages/airflow/example_dags/example_time_delta_sensor_async.py
[2023-02-02 17:25:36,944] {processor.py:654} INFO - DAG(s) dict_keys(['example_time_delta_sensor_async']) retrieved from /home/airflow/.local/lib/python3.7/site-packages/airflow/example_dags/example_time_delta_sensor_async.py
[2023-02-02 17:25:36,976] {logging_mixin.py:109} INFO - [2023-02-02 17:25:36,976] {dag.py:2396} INFO - Sync 1 DAGs
[2023-02-02 17:25:37,018] {logging_mixin.py:109} INFO - [2023-02-02 17:25:37,018] {dag.py:2935} INFO - Setting next_dagrun for example_time_delta_sensor_async to None
[2023-02-02 17:25:37,044] {processor.py:171} INFO - Processing /home/airflow/.local/lib/python3.7/site-packages/airflow/example_dags/example_time_delta_sensor_async.py took 0.344 seconds
[2023-02-02 17:26:07,185] {processor.py:163} INFO - Started process (PID=754) to work on /home/airflow/.local/lib/python3.7/site-packages/airflow/example_dags/example_time_delta_sensor_async.py
[2023-02-02 17:26:07,186] {processor.py:642} INFO - Processing file /home/airflow/.local/lib/python3.7/site-packages/airflow/example_dags/example_time_delta_sensor_async.py for tasks to queue
[2023-02-02 17:26:07,188] {logging_mixin.py:109} INFO - [2023-02-02 17:26:07,187] {dagbag.py:500} INFO - Filling up the DagBag from /home/airflow/.local/lib/python3.7/site-packages/airflow/example_dags/example_time_delta_sensor_async.py
[2023-02-02 17:26:07,262] {processor.py:654} INFO - DAG(s) dict_keys(['example_time_delta_sensor_async']) retrieved from /home/airflow/.local/lib/python3.7/site-packages/airflow/example_dags/example_time_delta_sensor_async.py
[2023-02-02 17:26:07,290] {logging_mixin.py:109} INFO - [2023-02-02 17:26:07,290] {dag.py:2396} INFO - Sync 1 DAGs
[2023-02-02 17:26:07,339] {logging_mixin.py:109} INFO - [2023-02-02 17:26:07,339] {dag.py:2935} INFO - Setting next_dagrun for example_time_delta_sensor_async to None
[2023-02-02 17:26:07,380] {processor.py:171} INFO - Processing /home/airflow/.local/lib/python3.7/site-packages/airflow/example_dags/example_time_delta_sensor_async.py took 0.204 seconds
[2023-02-02 17:26:38,282] {processor.py:163} INFO - Started process (PID=803) to work on /home/airflow/.local/lib/python3.7/site-packages/airflow/example_dags/example_time_delta_sensor_async.py
[2023-02-02 17:26:38,290] {processor.py:642} INFO - Processing file /home/airflow/.local/lib/python3.7/site-packages/airflow/example_dags/example_time_delta_sensor_async.py for tasks to queue
[2023-02-02 17:26:38,291] {logging_mixin.py:109} INFO - [2023-02-02 17:26:38,291] {dagbag.py:500} INFO - Filling up the DagBag from /home/airflow/.local/lib/python3.7/site-packages/airflow/example_dags/example_time_delta_sensor_async.py
[2023-02-02 17:26:38,422] {processor.py:654} INFO - DAG(s) dict_keys(['example_time_delta_sensor_async']) retrieved from /home/airflow/.local/lib/python3.7/site-packages/airflow/example_dags/example_time_delta_sensor_async.py
[2023-02-02 17:26:38,460] {logging_mixin.py:109} INFO - [2023-02-02 17:26:38,460] {dag.py:2396} INFO - Sync 1 DAGs
[2023-02-02 17:26:38,509] {logging_mixin.py:109} INFO - [2023-02-02 17:26:38,509] {dag.py:2935} INFO - Setting next_dagrun for example_time_delta_sensor_async to None
[2023-02-02 17:26:38,535] {processor.py:171} INFO - Processing /home/airflow/.local/lib/python3.7/site-packages/airflow/example_dags/example_time_delta_sensor_async.py took 0.261 seconds
[2023-02-02 17:27:09,280] {processor.py:163} INFO - Started process (PID=851) to work on /home/airflow/.local/lib/python3.7/site-packages/airflow/example_dags/example_time_delta_sensor_async.py
[2023-02-02 17:27:09,281] {processor.py:642} INFO - Processing file /home/airflow/.local/lib/python3.7/site-packages/airflow/example_dags/example_time_delta_sensor_async.py for tasks to queue
[2023-02-02 17:27:09,300] {logging_mixin.py:109} INFO - [2023-02-02 17:27:09,300] {dagbag.py:500} INFO - Filling up the DagBag from /home/airflow/.local/lib/python3.7/site-packages/airflow/example_dags/example_time_delta_sensor_async.py
[2023-02-02 17:27:09,496] {processor.py:654} INFO - DAG(s) dict_keys(['example_time_delta_sensor_async']) retrieved from /home/airflow/.local/lib/python3.7/site-packages/airflow/example_dags/example_time_delta_sensor_async.py
[2023-02-02 17:27:09,559] {logging_mixin.py:109} INFO - [2023-02-02 17:27:09,559] {dag.py:2396} INFO - Sync 1 DAGs
[2023-02-02 17:27:09,632] {logging_mixin.py:109} INFO - [2023-02-02 17:27:09,632] {dag.py:2935} INFO - Setting next_dagrun for example_time_delta_sensor_async to None
[2023-02-02 17:27:09,672] {processor.py:171} INFO - Processing /home/airflow/.local/lib/python3.7/site-packages/airflow/example_dags/example_time_delta_sensor_async.py took 0.436 seconds
[2023-02-02 17:27:39,994] {processor.py:163} INFO - Started process (PID=893) to work on /home/airflow/.local/lib/python3.7/site-packages/airflow/example_dags/example_time_delta_sensor_async.py
[2023-02-02 17:27:39,996] {processor.py:642} INFO - Processing file /home/airflow/.local/lib/python3.7/site-packages/airflow/example_dags/example_time_delta_sensor_async.py for tasks to queue
[2023-02-02 17:27:39,997] {logging_mixin.py:109} INFO - [2023-02-02 17:27:39,997] {dagbag.py:500} INFO - Filling up the DagBag from /home/airflow/.local/lib/python3.7/site-packages/airflow/example_dags/example_time_delta_sensor_async.py
[2023-02-02 17:27:40,107] {processor.py:654} INFO - DAG(s) dict_keys(['example_time_delta_sensor_async']) retrieved from /home/airflow/.local/lib/python3.7/site-packages/airflow/example_dags/example_time_delta_sensor_async.py
[2023-02-02 17:27:40,145] {logging_mixin.py:109} INFO - [2023-02-02 17:27:40,144] {dag.py:2396} INFO - Sync 1 DAGs
[2023-02-02 17:27:40,218] {logging_mixin.py:109} INFO - [2023-02-02 17:27:40,217] {dag.py:2935} INFO - Setting next_dagrun for example_time_delta_sensor_async to None
[2023-02-02 17:27:40,269] {processor.py:171} INFO - Processing /home/airflow/.local/lib/python3.7/site-packages/airflow/example_dags/example_time_delta_sensor_async.py took 0.285 seconds
[2023-02-02 17:28:11,075] {processor.py:163} INFO - Started process (PID=943) to work on /home/airflow/.local/lib/python3.7/site-packages/airflow/example_dags/example_time_delta_sensor_async.py
[2023-02-02 17:28:11,079] {processor.py:642} INFO - Processing file /home/airflow/.local/lib/python3.7/site-packages/airflow/example_dags/example_time_delta_sensor_async.py for tasks to queue
[2023-02-02 17:28:11,082] {logging_mixin.py:109} INFO - [2023-02-02 17:28:11,081] {dagbag.py:500} INFO - Filling up the DagBag from /home/airflow/.local/lib/python3.7/site-packages/airflow/example_dags/example_time_delta_sensor_async.py
[2023-02-02 17:28:11,191] {processor.py:654} INFO - DAG(s) dict_keys(['example_time_delta_sensor_async']) retrieved from /home/airflow/.local/lib/python3.7/site-packages/airflow/example_dags/example_time_delta_sensor_async.py
[2023-02-02 17:28:11,270] {logging_mixin.py:109} INFO - [2023-02-02 17:28:11,268] {dag.py:2396} INFO - Sync 1 DAGs
[2023-02-02 17:28:11,377] {logging_mixin.py:109} INFO - [2023-02-02 17:28:11,377] {dag.py:2935} INFO - Setting next_dagrun for example_time_delta_sensor_async to None
[2023-02-02 17:28:11,450] {processor.py:171} INFO - Processing /home/airflow/.local/lib/python3.7/site-packages/airflow/example_dags/example_time_delta_sensor_async.py took 0.394 seconds
[2023-02-02 17:28:41,705] {processor.py:163} INFO - Started process (PID=984) to work on /home/airflow/.local/lib/python3.7/site-packages/airflow/example_dags/example_time_delta_sensor_async.py
[2023-02-02 17:28:41,715] {processor.py:642} INFO - Processing file /home/airflow/.local/lib/python3.7/site-packages/airflow/example_dags/example_time_delta_sensor_async.py for tasks to queue
[2023-02-02 17:28:41,716] {logging_mixin.py:109} INFO - [2023-02-02 17:28:41,716] {dagbag.py:500} INFO - Filling up the DagBag from /home/airflow/.local/lib/python3.7/site-packages/airflow/example_dags/example_time_delta_sensor_async.py
[2023-02-02 17:28:41,769] {processor.py:654} INFO - DAG(s) dict_keys(['example_time_delta_sensor_async']) retrieved from /home/airflow/.local/lib/python3.7/site-packages/airflow/example_dags/example_time_delta_sensor_async.py
[2023-02-02 17:28:41,794] {logging_mixin.py:109} INFO - [2023-02-02 17:28:41,794] {dag.py:2396} INFO - Sync 1 DAGs
[2023-02-02 17:28:41,830] {logging_mixin.py:109} INFO - [2023-02-02 17:28:41,830] {dag.py:2935} INFO - Setting next_dagrun for example_time_delta_sensor_async to None
[2023-02-02 17:28:41,857] {processor.py:171} INFO - Processing /home/airflow/.local/lib/python3.7/site-packages/airflow/example_dags/example_time_delta_sensor_async.py took 0.160 seconds
[2023-02-02 17:29:12,730] {processor.py:163} INFO - Started process (PID=1034) to work on /home/airflow/.local/lib/python3.7/site-packages/airflow/example_dags/example_time_delta_sensor_async.py
[2023-02-02 17:29:12,740] {processor.py:642} INFO - Processing file /home/airflow/.local/lib/python3.7/site-packages/airflow/example_dags/example_time_delta_sensor_async.py for tasks to queue
[2023-02-02 17:29:12,748] {logging_mixin.py:109} INFO - [2023-02-02 17:29:12,748] {dagbag.py:500} INFO - Filling up the DagBag from /home/airflow/.local/lib/python3.7/site-packages/airflow/example_dags/example_time_delta_sensor_async.py
[2023-02-02 17:29:12,932] {processor.py:654} INFO - DAG(s) dict_keys(['example_time_delta_sensor_async']) retrieved from /home/airflow/.local/lib/python3.7/site-packages/airflow/example_dags/example_time_delta_sensor_async.py
[2023-02-02 17:29:12,961] {logging_mixin.py:109} INFO - [2023-02-02 17:29:12,961] {dag.py:2396} INFO - Sync 1 DAGs
[2023-02-02 17:29:13,020] {logging_mixin.py:109} INFO - [2023-02-02 17:29:13,016] {dag.py:2935} INFO - Setting next_dagrun for example_time_delta_sensor_async to None
[2023-02-02 17:29:13,057] {processor.py:171} INFO - Processing /home/airflow/.local/lib/python3.7/site-packages/airflow/example_dags/example_time_delta_sensor_async.py took 0.372 seconds
[2023-02-02 17:29:43,154] {processor.py:163} INFO - Started process (PID=1075) to work on /home/airflow/.local/lib/python3.7/site-packages/airflow/example_dags/example_time_delta_sensor_async.py
[2023-02-02 17:29:43,158] {processor.py:642} INFO - Processing file /home/airflow/.local/lib/python3.7/site-packages/airflow/example_dags/example_time_delta_sensor_async.py for tasks to queue
[2023-02-02 17:29:43,160] {logging_mixin.py:109} INFO - [2023-02-02 17:29:43,160] {dagbag.py:500} INFO - Filling up the DagBag from /home/airflow/.local/lib/python3.7/site-packages/airflow/example_dags/example_time_delta_sensor_async.py
[2023-02-02 17:29:43,232] {processor.py:654} INFO - DAG(s) dict_keys(['example_time_delta_sensor_async']) retrieved from /home/airflow/.local/lib/python3.7/site-packages/airflow/example_dags/example_time_delta_sensor_async.py
[2023-02-02 17:29:43,262] {logging_mixin.py:109} INFO - [2023-02-02 17:29:43,261] {dag.py:2396} INFO - Sync 1 DAGs
[2023-02-02 17:29:43,306] {logging_mixin.py:109} INFO - [2023-02-02 17:29:43,306] {dag.py:2935} INFO - Setting next_dagrun for example_time_delta_sensor_async to None
[2023-02-02 17:29:43,351] {processor.py:171} INFO - Processing /home/airflow/.local/lib/python3.7/site-packages/airflow/example_dags/example_time_delta_sensor_async.py took 0.204 seconds
[2023-02-02 17:30:13,444] {processor.py:163} INFO - Started process (PID=1125) to work on /home/airflow/.local/lib/python3.7/site-packages/airflow/example_dags/example_time_delta_sensor_async.py
[2023-02-02 17:30:13,468] {processor.py:642} INFO - Processing file /home/airflow/.local/lib/python3.7/site-packages/airflow/example_dags/example_time_delta_sensor_async.py for tasks to queue
[2023-02-02 17:30:13,469] {logging_mixin.py:109} INFO - [2023-02-02 17:30:13,469] {dagbag.py:500} INFO - Filling up the DagBag from /home/airflow/.local/lib/python3.7/site-packages/airflow/example_dags/example_time_delta_sensor_async.py
[2023-02-02 17:30:13,634] {processor.py:654} INFO - DAG(s) dict_keys(['example_time_delta_sensor_async']) retrieved from /home/airflow/.local/lib/python3.7/site-packages/airflow/example_dags/example_time_delta_sensor_async.py
[2023-02-02 17:30:13,663] {logging_mixin.py:109} INFO - [2023-02-02 17:30:13,663] {dag.py:2396} INFO - Sync 1 DAGs
[2023-02-02 17:30:13,702] {logging_mixin.py:109} INFO - [2023-02-02 17:30:13,702] {dag.py:2935} INFO - Setting next_dagrun for example_time_delta_sensor_async to None
[2023-02-02 17:30:13,737] {processor.py:171} INFO - Processing /home/airflow/.local/lib/python3.7/site-packages/airflow/example_dags/example_time_delta_sensor_async.py took 0.314 seconds
[2023-02-02 17:30:44,203] {processor.py:163} INFO - Started process (PID=1166) to work on /home/airflow/.local/lib/python3.7/site-packages/airflow/example_dags/example_time_delta_sensor_async.py
[2023-02-02 17:30:44,206] {processor.py:642} INFO - Processing file /home/airflow/.local/lib/python3.7/site-packages/airflow/example_dags/example_time_delta_sensor_async.py for tasks to queue
[2023-02-02 17:30:44,210] {logging_mixin.py:109} INFO - [2023-02-02 17:30:44,209] {dagbag.py:500} INFO - Filling up the DagBag from /home/airflow/.local/lib/python3.7/site-packages/airflow/example_dags/example_time_delta_sensor_async.py
[2023-02-02 17:30:44,327] {processor.py:654} INFO - DAG(s) dict_keys(['example_time_delta_sensor_async']) retrieved from /home/airflow/.local/lib/python3.7/site-packages/airflow/example_dags/example_time_delta_sensor_async.py
[2023-02-02 17:30:44,366] {logging_mixin.py:109} INFO - [2023-02-02 17:30:44,366] {dag.py:2396} INFO - Sync 1 DAGs
[2023-02-02 17:30:44,453] {logging_mixin.py:109} INFO - [2023-02-02 17:30:44,452] {dag.py:2935} INFO - Setting next_dagrun for example_time_delta_sensor_async to None
[2023-02-02 17:30:44,550] {processor.py:171} INFO - Processing /home/airflow/.local/lib/python3.7/site-packages/airflow/example_dags/example_time_delta_sensor_async.py took 0.358 seconds
[2023-02-02 17:31:15,344] {processor.py:163} INFO - Started process (PID=1216) to work on /home/airflow/.local/lib/python3.7/site-packages/airflow/example_dags/example_time_delta_sensor_async.py
[2023-02-02 17:31:15,398] {processor.py:642} INFO - Processing file /home/airflow/.local/lib/python3.7/site-packages/airflow/example_dags/example_time_delta_sensor_async.py for tasks to queue
[2023-02-02 17:31:15,401] {logging_mixin.py:109} INFO - [2023-02-02 17:31:15,400] {dagbag.py:500} INFO - Filling up the DagBag from /home/airflow/.local/lib/python3.7/site-packages/airflow/example_dags/example_time_delta_sensor_async.py
[2023-02-02 17:31:15,477] {processor.py:654} INFO - DAG(s) dict_keys(['example_time_delta_sensor_async']) retrieved from /home/airflow/.local/lib/python3.7/site-packages/airflow/example_dags/example_time_delta_sensor_async.py
[2023-02-02 17:31:15,522] {logging_mixin.py:109} INFO - [2023-02-02 17:31:15,522] {dag.py:2396} INFO - Sync 1 DAGs
[2023-02-02 17:31:15,610] {logging_mixin.py:109} INFO - [2023-02-02 17:31:15,610] {dag.py:2935} INFO - Setting next_dagrun for example_time_delta_sensor_async to None
[2023-02-02 17:31:15,634] {processor.py:171} INFO - Processing /home/airflow/.local/lib/python3.7/site-packages/airflow/example_dags/example_time_delta_sensor_async.py took 0.339 seconds
[2023-02-02 17:31:46,458] {processor.py:163} INFO - Started process (PID=1256) to work on /home/airflow/.local/lib/python3.7/site-packages/airflow/example_dags/example_time_delta_sensor_async.py
[2023-02-02 17:31:46,468] {processor.py:642} INFO - Processing file /home/airflow/.local/lib/python3.7/site-packages/airflow/example_dags/example_time_delta_sensor_async.py for tasks to queue
[2023-02-02 17:31:46,469] {logging_mixin.py:109} INFO - [2023-02-02 17:31:46,469] {dagbag.py:500} INFO - Filling up the DagBag from /home/airflow/.local/lib/python3.7/site-packages/airflow/example_dags/example_time_delta_sensor_async.py
[2023-02-02 17:31:46,585] {processor.py:654} INFO - DAG(s) dict_keys(['example_time_delta_sensor_async']) retrieved from /home/airflow/.local/lib/python3.7/site-packages/airflow/example_dags/example_time_delta_sensor_async.py
[2023-02-02 17:31:46,613] {logging_mixin.py:109} INFO - [2023-02-02 17:31:46,613] {dag.py:2396} INFO - Sync 1 DAGs
[2023-02-02 17:31:46,667] {logging_mixin.py:109} INFO - [2023-02-02 17:31:46,666] {dag.py:2935} INFO - Setting next_dagrun for example_time_delta_sensor_async to None
[2023-02-02 17:31:46,701] {processor.py:171} INFO - Processing /home/airflow/.local/lib/python3.7/site-packages/airflow/example_dags/example_time_delta_sensor_async.py took 0.258 seconds
[2023-02-02 17:32:19,841] {processor.py:163} INFO - Started process (PID=1305) to work on /home/airflow/.local/lib/python3.7/site-packages/airflow/example_dags/example_time_delta_sensor_async.py
[2023-02-02 17:32:19,847] {processor.py:642} INFO - Processing file /home/airflow/.local/lib/python3.7/site-packages/airflow/example_dags/example_time_delta_sensor_async.py for tasks to queue
[2023-02-02 17:32:19,848] {logging_mixin.py:109} INFO - [2023-02-02 17:32:19,848] {dagbag.py:500} INFO - Filling up the DagBag from /home/airflow/.local/lib/python3.7/site-packages/airflow/example_dags/example_time_delta_sensor_async.py
[2023-02-02 17:32:19,954] {processor.py:654} INFO - DAG(s) dict_keys(['example_time_delta_sensor_async']) retrieved from /home/airflow/.local/lib/python3.7/site-packages/airflow/example_dags/example_time_delta_sensor_async.py
[2023-02-02 17:32:20,008] {logging_mixin.py:109} INFO - [2023-02-02 17:32:20,008] {dag.py:2396} INFO - Sync 1 DAGs
[2023-02-02 17:32:20,400] {logging_mixin.py:109} INFO - [2023-02-02 17:32:20,400] {dag.py:2935} INFO - Setting next_dagrun for example_time_delta_sensor_async to None
[2023-02-02 17:32:20,439] {processor.py:171} INFO - Processing /home/airflow/.local/lib/python3.7/site-packages/airflow/example_dags/example_time_delta_sensor_async.py took 0.621 seconds
[2023-02-02 17:32:55,468] {processor.py:163} INFO - Started process (PID=1354) to work on /home/airflow/.local/lib/python3.7/site-packages/airflow/example_dags/example_time_delta_sensor_async.py
[2023-02-02 17:32:55,486] {processor.py:642} INFO - Processing file /home/airflow/.local/lib/python3.7/site-packages/airflow/example_dags/example_time_delta_sensor_async.py for tasks to queue
[2023-02-02 17:32:55,487] {logging_mixin.py:109} INFO - [2023-02-02 17:32:55,486] {dagbag.py:500} INFO - Filling up the DagBag from /home/airflow/.local/lib/python3.7/site-packages/airflow/example_dags/example_time_delta_sensor_async.py
[2023-02-02 17:32:55,773] {processor.py:654} INFO - DAG(s) dict_keys(['example_time_delta_sensor_async']) retrieved from /home/airflow/.local/lib/python3.7/site-packages/airflow/example_dags/example_time_delta_sensor_async.py
[2023-02-02 17:32:55,854] {logging_mixin.py:109} INFO - [2023-02-02 17:32:55,854] {dag.py:2396} INFO - Sync 1 DAGs
[2023-02-02 17:32:56,759] {logging_mixin.py:109} INFO - [2023-02-02 17:32:56,759] {dag.py:2935} INFO - Setting next_dagrun for example_time_delta_sensor_async to None
[2023-02-02 17:32:56,907] {processor.py:171} INFO - Processing /home/airflow/.local/lib/python3.7/site-packages/airflow/example_dags/example_time_delta_sensor_async.py took 1.472 seconds
[2023-02-02 17:33:27,057] {processor.py:163} INFO - Started process (PID=1394) to work on /home/airflow/.local/lib/python3.7/site-packages/airflow/example_dags/example_time_delta_sensor_async.py
[2023-02-02 17:33:27,059] {processor.py:642} INFO - Processing file /home/airflow/.local/lib/python3.7/site-packages/airflow/example_dags/example_time_delta_sensor_async.py for tasks to queue
[2023-02-02 17:33:27,060] {logging_mixin.py:109} INFO - [2023-02-02 17:33:27,060] {dagbag.py:500} INFO - Filling up the DagBag from /home/airflow/.local/lib/python3.7/site-packages/airflow/example_dags/example_time_delta_sensor_async.py
[2023-02-02 17:33:27,101] {processor.py:654} INFO - DAG(s) dict_keys(['example_time_delta_sensor_async']) retrieved from /home/airflow/.local/lib/python3.7/site-packages/airflow/example_dags/example_time_delta_sensor_async.py
[2023-02-02 17:33:27,336] {logging_mixin.py:109} INFO - [2023-02-02 17:33:27,336] {dag.py:2396} INFO - Sync 1 DAGs
[2023-02-02 17:33:27,381] {logging_mixin.py:109} INFO - [2023-02-02 17:33:27,381] {dag.py:2935} INFO - Setting next_dagrun for example_time_delta_sensor_async to None
[2023-02-02 17:33:27,403] {processor.py:171} INFO - Processing /home/airflow/.local/lib/python3.7/site-packages/airflow/example_dags/example_time_delta_sensor_async.py took 0.351 seconds
