[2023-02-02 17:18:27,428] {processor.py:163} INFO - Started process (PID=83) to work on /home/airflow/.local/lib/python3.7/site-packages/airflow/example_dags/example_nested_branch_dag.py
[2023-02-02 17:18:27,430] {processor.py:642} INFO - Processing file /home/airflow/.local/lib/python3.7/site-packages/airflow/example_dags/example_nested_branch_dag.py for tasks to queue
[2023-02-02 17:18:27,431] {logging_mixin.py:109} INFO - [2023-02-02 17:18:27,431] {dagbag.py:500} INFO - Filling up the DagBag from /home/airflow/.local/lib/python3.7/site-packages/airflow/example_dags/example_nested_branch_dag.py
[2023-02-02 17:18:27,591] {processor.py:654} INFO - DAG(s) dict_keys(['example_nested_branch_dag']) retrieved from /home/airflow/.local/lib/python3.7/site-packages/airflow/example_dags/example_nested_branch_dag.py
[2023-02-02 17:18:27,740] {logging_mixin.py:109} INFO - [2023-02-02 17:18:27,740] {dag.py:2396} INFO - Sync 1 DAGs
[2023-02-02 17:18:28,136] {logging_mixin.py:109} INFO - [2023-02-02 17:18:28,136] {dag.py:2935} INFO - Setting next_dagrun for example_nested_branch_dag to 2023-02-01 00:00:00+00:00
[2023-02-02 17:18:28,260] {processor.py:171} INFO - Processing /home/airflow/.local/lib/python3.7/site-packages/airflow/example_dags/example_nested_branch_dag.py took 0.839 seconds
[2023-02-02 17:19:00,571] {processor.py:163} INFO - Started process (PID=126) to work on /home/airflow/.local/lib/python3.7/site-packages/airflow/example_dags/example_nested_branch_dag.py
[2023-02-02 17:19:00,603] {processor.py:642} INFO - Processing file /home/airflow/.local/lib/python3.7/site-packages/airflow/example_dags/example_nested_branch_dag.py for tasks to queue
[2023-02-02 17:19:00,613] {logging_mixin.py:109} INFO - [2023-02-02 17:19:00,613] {dagbag.py:500} INFO - Filling up the DagBag from /home/airflow/.local/lib/python3.7/site-packages/airflow/example_dags/example_nested_branch_dag.py
[2023-02-02 17:19:00,785] {processor.py:654} INFO - DAG(s) dict_keys(['example_nested_branch_dag']) retrieved from /home/airflow/.local/lib/python3.7/site-packages/airflow/example_dags/example_nested_branch_dag.py
[2023-02-02 17:19:00,853] {logging_mixin.py:109} INFO - [2023-02-02 17:19:00,853] {dag.py:2396} INFO - Sync 1 DAGs
[2023-02-02 17:19:00,957] {logging_mixin.py:109} INFO - [2023-02-02 17:19:00,957] {dag.py:2935} INFO - Setting next_dagrun for example_nested_branch_dag to 2023-02-01 00:00:00+00:00
[2023-02-02 17:19:01,041] {processor.py:171} INFO - Processing /home/airflow/.local/lib/python3.7/site-packages/airflow/example_dags/example_nested_branch_dag.py took 0.485 seconds
[2023-02-02 17:19:31,471] {processor.py:163} INFO - Started process (PID=176) to work on /home/airflow/.local/lib/python3.7/site-packages/airflow/example_dags/example_nested_branch_dag.py
[2023-02-02 17:19:31,473] {processor.py:642} INFO - Processing file /home/airflow/.local/lib/python3.7/site-packages/airflow/example_dags/example_nested_branch_dag.py for tasks to queue
[2023-02-02 17:19:31,476] {logging_mixin.py:109} INFO - [2023-02-02 17:19:31,475] {dagbag.py:500} INFO - Filling up the DagBag from /home/airflow/.local/lib/python3.7/site-packages/airflow/example_dags/example_nested_branch_dag.py
[2023-02-02 17:19:31,683] {processor.py:654} INFO - DAG(s) dict_keys(['example_nested_branch_dag']) retrieved from /home/airflow/.local/lib/python3.7/site-packages/airflow/example_dags/example_nested_branch_dag.py
[2023-02-02 17:19:31,713] {logging_mixin.py:109} INFO - [2023-02-02 17:19:31,713] {dag.py:2396} INFO - Sync 1 DAGs
[2023-02-02 17:19:31,761] {logging_mixin.py:109} INFO - [2023-02-02 17:19:31,760] {dag.py:2935} INFO - Setting next_dagrun for example_nested_branch_dag to 2023-02-01 00:00:00+00:00
[2023-02-02 17:19:31,806] {processor.py:171} INFO - Processing /home/airflow/.local/lib/python3.7/site-packages/airflow/example_dags/example_nested_branch_dag.py took 0.340 seconds
[2023-02-02 17:20:02,701] {processor.py:163} INFO - Started process (PID=216) to work on /home/airflow/.local/lib/python3.7/site-packages/airflow/example_dags/example_nested_branch_dag.py
[2023-02-02 17:20:02,703] {processor.py:642} INFO - Processing file /home/airflow/.local/lib/python3.7/site-packages/airflow/example_dags/example_nested_branch_dag.py for tasks to queue
[2023-02-02 17:20:02,705] {logging_mixin.py:109} INFO - [2023-02-02 17:20:02,704] {dagbag.py:500} INFO - Filling up the DagBag from /home/airflow/.local/lib/python3.7/site-packages/airflow/example_dags/example_nested_branch_dag.py
[2023-02-02 17:20:02,780] {processor.py:654} INFO - DAG(s) dict_keys(['example_nested_branch_dag']) retrieved from /home/airflow/.local/lib/python3.7/site-packages/airflow/example_dags/example_nested_branch_dag.py
[2023-02-02 17:20:02,802] {logging_mixin.py:109} INFO - [2023-02-02 17:20:02,802] {dag.py:2396} INFO - Sync 1 DAGs
[2023-02-02 17:20:02,857] {logging_mixin.py:109} INFO - [2023-02-02 17:20:02,857] {dag.py:2935} INFO - Setting next_dagrun for example_nested_branch_dag to 2023-02-01 00:00:00+00:00
[2023-02-02 17:20:02,899] {processor.py:171} INFO - Processing /home/airflow/.local/lib/python3.7/site-packages/airflow/example_dags/example_nested_branch_dag.py took 0.203 seconds
[2023-02-02 17:20:33,944] {processor.py:163} INFO - Started process (PID=266) to work on /home/airflow/.local/lib/python3.7/site-packages/airflow/example_dags/example_nested_branch_dag.py
[2023-02-02 17:20:33,951] {processor.py:642} INFO - Processing file /home/airflow/.local/lib/python3.7/site-packages/airflow/example_dags/example_nested_branch_dag.py for tasks to queue
[2023-02-02 17:20:33,957] {logging_mixin.py:109} INFO - [2023-02-02 17:20:33,956] {dagbag.py:500} INFO - Filling up the DagBag from /home/airflow/.local/lib/python3.7/site-packages/airflow/example_dags/example_nested_branch_dag.py
[2023-02-02 17:20:34,108] {processor.py:654} INFO - DAG(s) dict_keys(['example_nested_branch_dag']) retrieved from /home/airflow/.local/lib/python3.7/site-packages/airflow/example_dags/example_nested_branch_dag.py
[2023-02-02 17:20:34,140] {logging_mixin.py:109} INFO - [2023-02-02 17:20:34,140] {dag.py:2396} INFO - Sync 1 DAGs
[2023-02-02 17:20:34,226] {logging_mixin.py:109} INFO - [2023-02-02 17:20:34,226] {dag.py:2935} INFO - Setting next_dagrun for example_nested_branch_dag to 2023-02-01 00:00:00+00:00
[2023-02-02 17:20:34,255] {processor.py:171} INFO - Processing /home/airflow/.local/lib/python3.7/site-packages/airflow/example_dags/example_nested_branch_dag.py took 0.317 seconds
[2023-02-02 17:21:04,724] {processor.py:163} INFO - Started process (PID=306) to work on /home/airflow/.local/lib/python3.7/site-packages/airflow/example_dags/example_nested_branch_dag.py
[2023-02-02 17:21:04,762] {processor.py:642} INFO - Processing file /home/airflow/.local/lib/python3.7/site-packages/airflow/example_dags/example_nested_branch_dag.py for tasks to queue
[2023-02-02 17:21:04,763] {logging_mixin.py:109} INFO - [2023-02-02 17:21:04,763] {dagbag.py:500} INFO - Filling up the DagBag from /home/airflow/.local/lib/python3.7/site-packages/airflow/example_dags/example_nested_branch_dag.py
[2023-02-02 17:21:05,035] {processor.py:654} INFO - DAG(s) dict_keys(['example_nested_branch_dag']) retrieved from /home/airflow/.local/lib/python3.7/site-packages/airflow/example_dags/example_nested_branch_dag.py
[2023-02-02 17:21:05,079] {logging_mixin.py:109} INFO - [2023-02-02 17:21:05,079] {dag.py:2396} INFO - Sync 1 DAGs
[2023-02-02 17:21:05,151] {logging_mixin.py:109} INFO - [2023-02-02 17:21:05,151] {dag.py:2935} INFO - Setting next_dagrun for example_nested_branch_dag to 2023-02-01 00:00:00+00:00
[2023-02-02 17:21:05,197] {processor.py:171} INFO - Processing /home/airflow/.local/lib/python3.7/site-packages/airflow/example_dags/example_nested_branch_dag.py took 0.489 seconds
[2023-02-02 17:21:35,920] {processor.py:163} INFO - Started process (PID=356) to work on /home/airflow/.local/lib/python3.7/site-packages/airflow/example_dags/example_nested_branch_dag.py
[2023-02-02 17:21:35,928] {processor.py:642} INFO - Processing file /home/airflow/.local/lib/python3.7/site-packages/airflow/example_dags/example_nested_branch_dag.py for tasks to queue
[2023-02-02 17:21:35,931] {logging_mixin.py:109} INFO - [2023-02-02 17:21:35,931] {dagbag.py:500} INFO - Filling up the DagBag from /home/airflow/.local/lib/python3.7/site-packages/airflow/example_dags/example_nested_branch_dag.py
[2023-02-02 17:21:36,019] {processor.py:654} INFO - DAG(s) dict_keys(['example_nested_branch_dag']) retrieved from /home/airflow/.local/lib/python3.7/site-packages/airflow/example_dags/example_nested_branch_dag.py
[2023-02-02 17:21:36,054] {logging_mixin.py:109} INFO - [2023-02-02 17:21:36,054] {dag.py:2396} INFO - Sync 1 DAGs
[2023-02-02 17:21:36,113] {logging_mixin.py:109} INFO - [2023-02-02 17:21:36,113] {dag.py:2935} INFO - Setting next_dagrun for example_nested_branch_dag to 2023-02-01 00:00:00+00:00
[2023-02-02 17:21:36,152] {processor.py:171} INFO - Processing /home/airflow/.local/lib/python3.7/site-packages/airflow/example_dags/example_nested_branch_dag.py took 0.238 seconds
[2023-02-02 17:22:06,807] {processor.py:163} INFO - Started process (PID=405) to work on /home/airflow/.local/lib/python3.7/site-packages/airflow/example_dags/example_nested_branch_dag.py
[2023-02-02 17:22:06,810] {processor.py:642} INFO - Processing file /home/airflow/.local/lib/python3.7/site-packages/airflow/example_dags/example_nested_branch_dag.py for tasks to queue
[2023-02-02 17:22:06,819] {logging_mixin.py:109} INFO - [2023-02-02 17:22:06,818] {dagbag.py:500} INFO - Filling up the DagBag from /home/airflow/.local/lib/python3.7/site-packages/airflow/example_dags/example_nested_branch_dag.py
[2023-02-02 17:22:06,936] {processor.py:654} INFO - DAG(s) dict_keys(['example_nested_branch_dag']) retrieved from /home/airflow/.local/lib/python3.7/site-packages/airflow/example_dags/example_nested_branch_dag.py
[2023-02-02 17:22:06,961] {logging_mixin.py:109} INFO - [2023-02-02 17:22:06,961] {dag.py:2396} INFO - Sync 1 DAGs
[2023-02-02 17:22:07,033] {logging_mixin.py:109} INFO - [2023-02-02 17:22:07,032] {dag.py:2935} INFO - Setting next_dagrun for example_nested_branch_dag to 2023-02-01 00:00:00+00:00
[2023-02-02 17:22:07,071] {processor.py:171} INFO - Processing /home/airflow/.local/lib/python3.7/site-packages/airflow/example_dags/example_nested_branch_dag.py took 0.286 seconds
[2023-02-02 17:22:37,332] {processor.py:163} INFO - Started process (PID=446) to work on /home/airflow/.local/lib/python3.7/site-packages/airflow/example_dags/example_nested_branch_dag.py
[2023-02-02 17:22:37,334] {processor.py:642} INFO - Processing file /home/airflow/.local/lib/python3.7/site-packages/airflow/example_dags/example_nested_branch_dag.py for tasks to queue
[2023-02-02 17:22:37,345] {logging_mixin.py:109} INFO - [2023-02-02 17:22:37,345] {dagbag.py:500} INFO - Filling up the DagBag from /home/airflow/.local/lib/python3.7/site-packages/airflow/example_dags/example_nested_branch_dag.py
[2023-02-02 17:22:37,496] {processor.py:654} INFO - DAG(s) dict_keys(['example_nested_branch_dag']) retrieved from /home/airflow/.local/lib/python3.7/site-packages/airflow/example_dags/example_nested_branch_dag.py
[2023-02-02 17:22:37,543] {logging_mixin.py:109} INFO - [2023-02-02 17:22:37,543] {dag.py:2396} INFO - Sync 1 DAGs
[2023-02-02 17:22:37,595] {logging_mixin.py:109} INFO - [2023-02-02 17:22:37,594] {dag.py:2935} INFO - Setting next_dagrun for example_nested_branch_dag to 2023-02-01 00:00:00+00:00
[2023-02-02 17:22:37,630] {processor.py:171} INFO - Processing /home/airflow/.local/lib/python3.7/site-packages/airflow/example_dags/example_nested_branch_dag.py took 0.320 seconds
[2023-02-02 17:23:09,236] {processor.py:163} INFO - Started process (PID=494) to work on /home/airflow/.local/lib/python3.7/site-packages/airflow/example_dags/example_nested_branch_dag.py
[2023-02-02 17:23:09,254] {processor.py:642} INFO - Processing file /home/airflow/.local/lib/python3.7/site-packages/airflow/example_dags/example_nested_branch_dag.py for tasks to queue
[2023-02-02 17:23:09,255] {logging_mixin.py:109} INFO - [2023-02-02 17:23:09,255] {dagbag.py:500} INFO - Filling up the DagBag from /home/airflow/.local/lib/python3.7/site-packages/airflow/example_dags/example_nested_branch_dag.py
[2023-02-02 17:23:09,725] {processor.py:654} INFO - DAG(s) dict_keys(['example_nested_branch_dag']) retrieved from /home/airflow/.local/lib/python3.7/site-packages/airflow/example_dags/example_nested_branch_dag.py
[2023-02-02 17:23:09,785] {logging_mixin.py:109} INFO - [2023-02-02 17:23:09,785] {dag.py:2396} INFO - Sync 1 DAGs
[2023-02-02 17:23:09,869] {logging_mixin.py:109} INFO - [2023-02-02 17:23:09,868] {dag.py:2935} INFO - Setting next_dagrun for example_nested_branch_dag to 2023-02-01 00:00:00+00:00
[2023-02-02 17:23:09,914] {processor.py:171} INFO - Processing /home/airflow/.local/lib/python3.7/site-packages/airflow/example_dags/example_nested_branch_dag.py took 0.696 seconds
[2023-02-02 17:23:40,739] {processor.py:163} INFO - Started process (PID=544) to work on /home/airflow/.local/lib/python3.7/site-packages/airflow/example_dags/example_nested_branch_dag.py
[2023-02-02 17:23:40,743] {processor.py:642} INFO - Processing file /home/airflow/.local/lib/python3.7/site-packages/airflow/example_dags/example_nested_branch_dag.py for tasks to queue
[2023-02-02 17:23:40,744] {logging_mixin.py:109} INFO - [2023-02-02 17:23:40,744] {dagbag.py:500} INFO - Filling up the DagBag from /home/airflow/.local/lib/python3.7/site-packages/airflow/example_dags/example_nested_branch_dag.py
[2023-02-02 17:23:40,953] {processor.py:654} INFO - DAG(s) dict_keys(['example_nested_branch_dag']) retrieved from /home/airflow/.local/lib/python3.7/site-packages/airflow/example_dags/example_nested_branch_dag.py
[2023-02-02 17:23:40,984] {logging_mixin.py:109} INFO - [2023-02-02 17:23:40,984] {dag.py:2396} INFO - Sync 1 DAGs
[2023-02-02 17:23:41,030] {logging_mixin.py:109} INFO - [2023-02-02 17:23:41,030] {dag.py:2935} INFO - Setting next_dagrun for example_nested_branch_dag to 2023-02-01 00:00:00+00:00
[2023-02-02 17:23:41,074] {processor.py:171} INFO - Processing /home/airflow/.local/lib/python3.7/site-packages/airflow/example_dags/example_nested_branch_dag.py took 0.343 seconds
[2023-02-02 17:24:12,096] {processor.py:163} INFO - Started process (PID=585) to work on /home/airflow/.local/lib/python3.7/site-packages/airflow/example_dags/example_nested_branch_dag.py
[2023-02-02 17:24:12,107] {processor.py:642} INFO - Processing file /home/airflow/.local/lib/python3.7/site-packages/airflow/example_dags/example_nested_branch_dag.py for tasks to queue
[2023-02-02 17:24:12,109] {logging_mixin.py:109} INFO - [2023-02-02 17:24:12,109] {dagbag.py:500} INFO - Filling up the DagBag from /home/airflow/.local/lib/python3.7/site-packages/airflow/example_dags/example_nested_branch_dag.py
[2023-02-02 17:24:12,315] {processor.py:654} INFO - DAG(s) dict_keys(['example_nested_branch_dag']) retrieved from /home/airflow/.local/lib/python3.7/site-packages/airflow/example_dags/example_nested_branch_dag.py
[2023-02-02 17:24:12,413] {logging_mixin.py:109} INFO - [2023-02-02 17:24:12,413] {dag.py:2396} INFO - Sync 1 DAGs
[2023-02-02 17:24:12,560] {logging_mixin.py:109} INFO - [2023-02-02 17:24:12,559] {dag.py:2935} INFO - Setting next_dagrun for example_nested_branch_dag to 2023-02-01 00:00:00+00:00
[2023-02-02 17:24:12,673] {processor.py:171} INFO - Processing /home/airflow/.local/lib/python3.7/site-packages/airflow/example_dags/example_nested_branch_dag.py took 0.608 seconds
[2023-02-02 17:24:43,315] {processor.py:163} INFO - Started process (PID=635) to work on /home/airflow/.local/lib/python3.7/site-packages/airflow/example_dags/example_nested_branch_dag.py
[2023-02-02 17:24:43,318] {processor.py:642} INFO - Processing file /home/airflow/.local/lib/python3.7/site-packages/airflow/example_dags/example_nested_branch_dag.py for tasks to queue
[2023-02-02 17:24:43,319] {logging_mixin.py:109} INFO - [2023-02-02 17:24:43,319] {dagbag.py:500} INFO - Filling up the DagBag from /home/airflow/.local/lib/python3.7/site-packages/airflow/example_dags/example_nested_branch_dag.py
[2023-02-02 17:24:43,424] {processor.py:654} INFO - DAG(s) dict_keys(['example_nested_branch_dag']) retrieved from /home/airflow/.local/lib/python3.7/site-packages/airflow/example_dags/example_nested_branch_dag.py
[2023-02-02 17:24:43,454] {logging_mixin.py:109} INFO - [2023-02-02 17:24:43,454] {dag.py:2396} INFO - Sync 1 DAGs
[2023-02-02 17:24:43,543] {logging_mixin.py:109} INFO - [2023-02-02 17:24:43,543] {dag.py:2935} INFO - Setting next_dagrun for example_nested_branch_dag to 2023-02-01 00:00:00+00:00
[2023-02-02 17:24:43,578] {processor.py:171} INFO - Processing /home/airflow/.local/lib/python3.7/site-packages/airflow/example_dags/example_nested_branch_dag.py took 0.275 seconds
[2023-02-02 17:25:14,002] {processor.py:163} INFO - Started process (PID=684) to work on /home/airflow/.local/lib/python3.7/site-packages/airflow/example_dags/example_nested_branch_dag.py
[2023-02-02 17:25:14,010] {processor.py:642} INFO - Processing file /home/airflow/.local/lib/python3.7/site-packages/airflow/example_dags/example_nested_branch_dag.py for tasks to queue
[2023-02-02 17:25:14,011] {logging_mixin.py:109} INFO - [2023-02-02 17:25:14,011] {dagbag.py:500} INFO - Filling up the DagBag from /home/airflow/.local/lib/python3.7/site-packages/airflow/example_dags/example_nested_branch_dag.py
[2023-02-02 17:25:14,148] {processor.py:654} INFO - DAG(s) dict_keys(['example_nested_branch_dag']) retrieved from /home/airflow/.local/lib/python3.7/site-packages/airflow/example_dags/example_nested_branch_dag.py
[2023-02-02 17:25:14,183] {logging_mixin.py:109} INFO - [2023-02-02 17:25:14,183] {dag.py:2396} INFO - Sync 1 DAGs
[2023-02-02 17:25:14,223] {logging_mixin.py:109} INFO - [2023-02-02 17:25:14,223] {dag.py:2935} INFO - Setting next_dagrun for example_nested_branch_dag to 2023-02-01 00:00:00+00:00
[2023-02-02 17:25:14,261] {processor.py:171} INFO - Processing /home/airflow/.local/lib/python3.7/site-packages/airflow/example_dags/example_nested_branch_dag.py took 0.276 seconds
[2023-02-02 17:25:44,922] {processor.py:163} INFO - Started process (PID=725) to work on /home/airflow/.local/lib/python3.7/site-packages/airflow/example_dags/example_nested_branch_dag.py
[2023-02-02 17:25:44,934] {processor.py:642} INFO - Processing file /home/airflow/.local/lib/python3.7/site-packages/airflow/example_dags/example_nested_branch_dag.py for tasks to queue
[2023-02-02 17:25:44,965] {logging_mixin.py:109} INFO - [2023-02-02 17:25:44,935] {dagbag.py:500} INFO - Filling up the DagBag from /home/airflow/.local/lib/python3.7/site-packages/airflow/example_dags/example_nested_branch_dag.py
[2023-02-02 17:25:45,218] {processor.py:654} INFO - DAG(s) dict_keys(['example_nested_branch_dag']) retrieved from /home/airflow/.local/lib/python3.7/site-packages/airflow/example_dags/example_nested_branch_dag.py
[2023-02-02 17:25:45,286] {logging_mixin.py:109} INFO - [2023-02-02 17:25:45,286] {dag.py:2396} INFO - Sync 1 DAGs
[2023-02-02 17:25:45,365] {logging_mixin.py:109} INFO - [2023-02-02 17:25:45,365] {dag.py:2935} INFO - Setting next_dagrun for example_nested_branch_dag to 2023-02-01 00:00:00+00:00
[2023-02-02 17:25:45,423] {processor.py:171} INFO - Processing /home/airflow/.local/lib/python3.7/site-packages/airflow/example_dags/example_nested_branch_dag.py took 0.540 seconds
[2023-02-02 17:26:16,012] {processor.py:163} INFO - Started process (PID=774) to work on /home/airflow/.local/lib/python3.7/site-packages/airflow/example_dags/example_nested_branch_dag.py
[2023-02-02 17:26:16,030] {processor.py:642} INFO - Processing file /home/airflow/.local/lib/python3.7/site-packages/airflow/example_dags/example_nested_branch_dag.py for tasks to queue
[2023-02-02 17:26:16,032] {logging_mixin.py:109} INFO - [2023-02-02 17:26:16,032] {dagbag.py:500} INFO - Filling up the DagBag from /home/airflow/.local/lib/python3.7/site-packages/airflow/example_dags/example_nested_branch_dag.py
[2023-02-02 17:26:16,201] {processor.py:654} INFO - DAG(s) dict_keys(['example_nested_branch_dag']) retrieved from /home/airflow/.local/lib/python3.7/site-packages/airflow/example_dags/example_nested_branch_dag.py
[2023-02-02 17:26:16,298] {logging_mixin.py:109} INFO - [2023-02-02 17:26:16,298] {dag.py:2396} INFO - Sync 1 DAGs
[2023-02-02 17:26:16,395] {logging_mixin.py:109} INFO - [2023-02-02 17:26:16,395] {dag.py:2935} INFO - Setting next_dagrun for example_nested_branch_dag to 2023-02-01 00:00:00+00:00
[2023-02-02 17:26:16,469] {processor.py:171} INFO - Processing /home/airflow/.local/lib/python3.7/site-packages/airflow/example_dags/example_nested_branch_dag.py took 0.462 seconds
[2023-02-02 17:26:46,634] {processor.py:163} INFO - Started process (PID=816) to work on /home/airflow/.local/lib/python3.7/site-packages/airflow/example_dags/example_nested_branch_dag.py
[2023-02-02 17:26:46,641] {processor.py:642} INFO - Processing file /home/airflow/.local/lib/python3.7/site-packages/airflow/example_dags/example_nested_branch_dag.py for tasks to queue
[2023-02-02 17:26:46,642] {logging_mixin.py:109} INFO - [2023-02-02 17:26:46,642] {dagbag.py:500} INFO - Filling up the DagBag from /home/airflow/.local/lib/python3.7/site-packages/airflow/example_dags/example_nested_branch_dag.py
[2023-02-02 17:26:46,790] {processor.py:654} INFO - DAG(s) dict_keys(['example_nested_branch_dag']) retrieved from /home/airflow/.local/lib/python3.7/site-packages/airflow/example_dags/example_nested_branch_dag.py
[2023-02-02 17:26:46,818] {logging_mixin.py:109} INFO - [2023-02-02 17:26:46,817] {dag.py:2396} INFO - Sync 1 DAGs
[2023-02-02 17:26:46,861] {logging_mixin.py:109} INFO - [2023-02-02 17:26:46,861] {dag.py:2935} INFO - Setting next_dagrun for example_nested_branch_dag to 2023-02-01 00:00:00+00:00
[2023-02-02 17:26:46,884] {processor.py:171} INFO - Processing /home/airflow/.local/lib/python3.7/site-packages/airflow/example_dags/example_nested_branch_dag.py took 0.259 seconds
[2023-02-02 17:27:18,799] {processor.py:163} INFO - Started process (PID=863) to work on /home/airflow/.local/lib/python3.7/site-packages/airflow/example_dags/example_nested_branch_dag.py
[2023-02-02 17:27:18,813] {processor.py:642} INFO - Processing file /home/airflow/.local/lib/python3.7/site-packages/airflow/example_dags/example_nested_branch_dag.py for tasks to queue
[2023-02-02 17:27:18,814] {logging_mixin.py:109} INFO - [2023-02-02 17:27:18,814] {dagbag.py:500} INFO - Filling up the DagBag from /home/airflow/.local/lib/python3.7/site-packages/airflow/example_dags/example_nested_branch_dag.py
[2023-02-02 17:27:19,001] {processor.py:654} INFO - DAG(s) dict_keys(['example_nested_branch_dag']) retrieved from /home/airflow/.local/lib/python3.7/site-packages/airflow/example_dags/example_nested_branch_dag.py
[2023-02-02 17:27:19,042] {logging_mixin.py:109} INFO - [2023-02-02 17:27:19,042] {dag.py:2396} INFO - Sync 1 DAGs
[2023-02-02 17:27:19,131] {logging_mixin.py:109} INFO - [2023-02-02 17:27:19,131] {dag.py:2935} INFO - Setting next_dagrun for example_nested_branch_dag to 2023-02-01 00:00:00+00:00
[2023-02-02 17:27:19,225] {processor.py:171} INFO - Processing /home/airflow/.local/lib/python3.7/site-packages/airflow/example_dags/example_nested_branch_dag.py took 0.433 seconds
[2023-02-02 17:27:49,731] {processor.py:163} INFO - Started process (PID=910) to work on /home/airflow/.local/lib/python3.7/site-packages/airflow/example_dags/example_nested_branch_dag.py
[2023-02-02 17:27:49,770] {processor.py:642} INFO - Processing file /home/airflow/.local/lib/python3.7/site-packages/airflow/example_dags/example_nested_branch_dag.py for tasks to queue
[2023-02-02 17:27:49,771] {logging_mixin.py:109} INFO - [2023-02-02 17:27:49,771] {dagbag.py:500} INFO - Filling up the DagBag from /home/airflow/.local/lib/python3.7/site-packages/airflow/example_dags/example_nested_branch_dag.py
[2023-02-02 17:27:49,966] {processor.py:654} INFO - DAG(s) dict_keys(['example_nested_branch_dag']) retrieved from /home/airflow/.local/lib/python3.7/site-packages/airflow/example_dags/example_nested_branch_dag.py
[2023-02-02 17:27:50,077] {logging_mixin.py:109} INFO - [2023-02-02 17:27:50,077] {dag.py:2396} INFO - Sync 1 DAGs
[2023-02-02 17:27:50,175] {logging_mixin.py:109} INFO - [2023-02-02 17:27:50,174] {dag.py:2935} INFO - Setting next_dagrun for example_nested_branch_dag to 2023-02-01 00:00:00+00:00
[2023-02-02 17:27:50,240] {processor.py:171} INFO - Processing /home/airflow/.local/lib/python3.7/site-packages/airflow/example_dags/example_nested_branch_dag.py took 0.520 seconds
[2023-02-02 17:28:20,633] {processor.py:163} INFO - Started process (PID=952) to work on /home/airflow/.local/lib/python3.7/site-packages/airflow/example_dags/example_nested_branch_dag.py
[2023-02-02 17:28:20,635] {processor.py:642} INFO - Processing file /home/airflow/.local/lib/python3.7/site-packages/airflow/example_dags/example_nested_branch_dag.py for tasks to queue
[2023-02-02 17:28:20,637] {logging_mixin.py:109} INFO - [2023-02-02 17:28:20,636] {dagbag.py:500} INFO - Filling up the DagBag from /home/airflow/.local/lib/python3.7/site-packages/airflow/example_dags/example_nested_branch_dag.py
[2023-02-02 17:28:20,763] {processor.py:654} INFO - DAG(s) dict_keys(['example_nested_branch_dag']) retrieved from /home/airflow/.local/lib/python3.7/site-packages/airflow/example_dags/example_nested_branch_dag.py
[2023-02-02 17:28:20,792] {logging_mixin.py:109} INFO - [2023-02-02 17:28:20,791] {dag.py:2396} INFO - Sync 1 DAGs
[2023-02-02 17:28:20,843] {logging_mixin.py:109} INFO - [2023-02-02 17:28:20,843] {dag.py:2935} INFO - Setting next_dagrun for example_nested_branch_dag to 2023-02-01 00:00:00+00:00
[2023-02-02 17:28:20,881] {processor.py:171} INFO - Processing /home/airflow/.local/lib/python3.7/site-packages/airflow/example_dags/example_nested_branch_dag.py took 0.262 seconds
[2023-02-02 17:28:53,025] {processor.py:163} INFO - Started process (PID=1001) to work on /home/airflow/.local/lib/python3.7/site-packages/airflow/example_dags/example_nested_branch_dag.py
[2023-02-02 17:28:53,042] {processor.py:642} INFO - Processing file /home/airflow/.local/lib/python3.7/site-packages/airflow/example_dags/example_nested_branch_dag.py for tasks to queue
[2023-02-02 17:28:53,066] {logging_mixin.py:109} INFO - [2023-02-02 17:28:53,065] {dagbag.py:500} INFO - Filling up the DagBag from /home/airflow/.local/lib/python3.7/site-packages/airflow/example_dags/example_nested_branch_dag.py
[2023-02-02 17:28:53,368] {processor.py:654} INFO - DAG(s) dict_keys(['example_nested_branch_dag']) retrieved from /home/airflow/.local/lib/python3.7/site-packages/airflow/example_dags/example_nested_branch_dag.py
[2023-02-02 17:28:53,526] {logging_mixin.py:109} INFO - [2023-02-02 17:28:53,525] {dag.py:2396} INFO - Sync 1 DAGs
[2023-02-02 17:28:53,615] {logging_mixin.py:109} INFO - [2023-02-02 17:28:53,615] {dag.py:2935} INFO - Setting next_dagrun for example_nested_branch_dag to 2023-02-01 00:00:00+00:00
[2023-02-02 17:28:53,658] {processor.py:171} INFO - Processing /home/airflow/.local/lib/python3.7/site-packages/airflow/example_dags/example_nested_branch_dag.py took 0.657 seconds
[2023-02-02 17:29:24,595] {processor.py:163} INFO - Started process (PID=1042) to work on /home/airflow/.local/lib/python3.7/site-packages/airflow/example_dags/example_nested_branch_dag.py
[2023-02-02 17:29:24,597] {processor.py:642} INFO - Processing file /home/airflow/.local/lib/python3.7/site-packages/airflow/example_dags/example_nested_branch_dag.py for tasks to queue
[2023-02-02 17:29:24,598] {logging_mixin.py:109} INFO - [2023-02-02 17:29:24,598] {dagbag.py:500} INFO - Filling up the DagBag from /home/airflow/.local/lib/python3.7/site-packages/airflow/example_dags/example_nested_branch_dag.py
[2023-02-02 17:29:24,679] {processor.py:654} INFO - DAG(s) dict_keys(['example_nested_branch_dag']) retrieved from /home/airflow/.local/lib/python3.7/site-packages/airflow/example_dags/example_nested_branch_dag.py
[2023-02-02 17:29:24,790] {logging_mixin.py:109} INFO - [2023-02-02 17:29:24,789] {dag.py:2396} INFO - Sync 1 DAGs
[2023-02-02 17:29:24,875] {logging_mixin.py:109} INFO - [2023-02-02 17:29:24,875] {dag.py:2935} INFO - Setting next_dagrun for example_nested_branch_dag to 2023-02-01 00:00:00+00:00
[2023-02-02 17:29:24,958] {processor.py:171} INFO - Processing /home/airflow/.local/lib/python3.7/site-packages/airflow/example_dags/example_nested_branch_dag.py took 0.380 seconds
[2023-02-02 17:29:55,323] {processor.py:163} INFO - Started process (PID=1092) to work on /home/airflow/.local/lib/python3.7/site-packages/airflow/example_dags/example_nested_branch_dag.py
[2023-02-02 17:29:55,329] {processor.py:642} INFO - Processing file /home/airflow/.local/lib/python3.7/site-packages/airflow/example_dags/example_nested_branch_dag.py for tasks to queue
[2023-02-02 17:29:55,330] {logging_mixin.py:109} INFO - [2023-02-02 17:29:55,330] {dagbag.py:500} INFO - Filling up the DagBag from /home/airflow/.local/lib/python3.7/site-packages/airflow/example_dags/example_nested_branch_dag.py
[2023-02-02 17:29:55,500] {processor.py:654} INFO - DAG(s) dict_keys(['example_nested_branch_dag']) retrieved from /home/airflow/.local/lib/python3.7/site-packages/airflow/example_dags/example_nested_branch_dag.py
[2023-02-02 17:29:55,558] {logging_mixin.py:109} INFO - [2023-02-02 17:29:55,558] {dag.py:2396} INFO - Sync 1 DAGs
[2023-02-02 17:29:55,663] {logging_mixin.py:109} INFO - [2023-02-02 17:29:55,663] {dag.py:2935} INFO - Setting next_dagrun for example_nested_branch_dag to 2023-02-01 00:00:00+00:00
[2023-02-02 17:29:55,698] {processor.py:171} INFO - Processing /home/airflow/.local/lib/python3.7/site-packages/airflow/example_dags/example_nested_branch_dag.py took 0.381 seconds
[2023-02-02 17:30:25,926] {processor.py:163} INFO - Started process (PID=1133) to work on /home/airflow/.local/lib/python3.7/site-packages/airflow/example_dags/example_nested_branch_dag.py
[2023-02-02 17:30:25,928] {processor.py:642} INFO - Processing file /home/airflow/.local/lib/python3.7/site-packages/airflow/example_dags/example_nested_branch_dag.py for tasks to queue
[2023-02-02 17:30:25,930] {logging_mixin.py:109} INFO - [2023-02-02 17:30:25,929] {dagbag.py:500} INFO - Filling up the DagBag from /home/airflow/.local/lib/python3.7/site-packages/airflow/example_dags/example_nested_branch_dag.py
[2023-02-02 17:30:26,039] {processor.py:654} INFO - DAG(s) dict_keys(['example_nested_branch_dag']) retrieved from /home/airflow/.local/lib/python3.7/site-packages/airflow/example_dags/example_nested_branch_dag.py
[2023-02-02 17:30:26,084] {logging_mixin.py:109} INFO - [2023-02-02 17:30:26,084] {dag.py:2396} INFO - Sync 1 DAGs
[2023-02-02 17:30:26,131] {logging_mixin.py:109} INFO - [2023-02-02 17:30:26,131] {dag.py:2935} INFO - Setting next_dagrun for example_nested_branch_dag to 2023-02-01 00:00:00+00:00
[2023-02-02 17:30:26,160] {processor.py:171} INFO - Processing /home/airflow/.local/lib/python3.7/site-packages/airflow/example_dags/example_nested_branch_dag.py took 0.245 seconds
[2023-02-02 17:30:56,812] {processor.py:163} INFO - Started process (PID=1182) to work on /home/airflow/.local/lib/python3.7/site-packages/airflow/example_dags/example_nested_branch_dag.py
[2023-02-02 17:30:56,831] {processor.py:642} INFO - Processing file /home/airflow/.local/lib/python3.7/site-packages/airflow/example_dags/example_nested_branch_dag.py for tasks to queue
[2023-02-02 17:30:56,833] {logging_mixin.py:109} INFO - [2023-02-02 17:30:56,833] {dagbag.py:500} INFO - Filling up the DagBag from /home/airflow/.local/lib/python3.7/site-packages/airflow/example_dags/example_nested_branch_dag.py
[2023-02-02 17:30:56,982] {processor.py:654} INFO - DAG(s) dict_keys(['example_nested_branch_dag']) retrieved from /home/airflow/.local/lib/python3.7/site-packages/airflow/example_dags/example_nested_branch_dag.py
[2023-02-02 17:30:57,074] {logging_mixin.py:109} INFO - [2023-02-02 17:30:57,074] {dag.py:2396} INFO - Sync 1 DAGs
[2023-02-02 17:30:57,496] {logging_mixin.py:109} INFO - [2023-02-02 17:30:57,496] {dag.py:2935} INFO - Setting next_dagrun for example_nested_branch_dag to 2023-02-01 00:00:00+00:00
[2023-02-02 17:30:57,535] {processor.py:171} INFO - Processing /home/airflow/.local/lib/python3.7/site-packages/airflow/example_dags/example_nested_branch_dag.py took 0.729 seconds
[2023-02-02 17:31:28,257] {processor.py:163} INFO - Started process (PID=1230) to work on /home/airflow/.local/lib/python3.7/site-packages/airflow/example_dags/example_nested_branch_dag.py
[2023-02-02 17:31:28,259] {processor.py:642} INFO - Processing file /home/airflow/.local/lib/python3.7/site-packages/airflow/example_dags/example_nested_branch_dag.py for tasks to queue
[2023-02-02 17:31:28,260] {logging_mixin.py:109} INFO - [2023-02-02 17:31:28,260] {dagbag.py:500} INFO - Filling up the DagBag from /home/airflow/.local/lib/python3.7/site-packages/airflow/example_dags/example_nested_branch_dag.py
[2023-02-02 17:31:28,511] {processor.py:654} INFO - DAG(s) dict_keys(['example_nested_branch_dag']) retrieved from /home/airflow/.local/lib/python3.7/site-packages/airflow/example_dags/example_nested_branch_dag.py
[2023-02-02 17:31:28,543] {logging_mixin.py:109} INFO - [2023-02-02 17:31:28,542] {dag.py:2396} INFO - Sync 1 DAGs
[2023-02-02 17:31:29,485] {logging_mixin.py:109} INFO - [2023-02-02 17:31:29,485] {dag.py:2935} INFO - Setting next_dagrun for example_nested_branch_dag to 2023-02-01 00:00:00+00:00
[2023-02-02 17:31:29,577] {processor.py:171} INFO - Processing /home/airflow/.local/lib/python3.7/site-packages/airflow/example_dags/example_nested_branch_dag.py took 1.350 seconds
[2023-02-02 17:31:59,716] {processor.py:163} INFO - Started process (PID=1273) to work on /home/airflow/.local/lib/python3.7/site-packages/airflow/example_dags/example_nested_branch_dag.py
[2023-02-02 17:31:59,720] {processor.py:642} INFO - Processing file /home/airflow/.local/lib/python3.7/site-packages/airflow/example_dags/example_nested_branch_dag.py for tasks to queue
[2023-02-02 17:31:59,721] {logging_mixin.py:109} INFO - [2023-02-02 17:31:59,720] {dagbag.py:500} INFO - Filling up the DagBag from /home/airflow/.local/lib/python3.7/site-packages/airflow/example_dags/example_nested_branch_dag.py
[2023-02-02 17:31:59,810] {processor.py:654} INFO - DAG(s) dict_keys(['example_nested_branch_dag']) retrieved from /home/airflow/.local/lib/python3.7/site-packages/airflow/example_dags/example_nested_branch_dag.py
[2023-02-02 17:31:59,840] {logging_mixin.py:109} INFO - [2023-02-02 17:31:59,840] {dag.py:2396} INFO - Sync 1 DAGs
[2023-02-02 17:32:00,115] {logging_mixin.py:109} INFO - [2023-02-02 17:32:00,115] {dag.py:2935} INFO - Setting next_dagrun for example_nested_branch_dag to 2023-02-01 00:00:00+00:00
[2023-02-02 17:32:00,155] {processor.py:171} INFO - Processing /home/airflow/.local/lib/python3.7/site-packages/airflow/example_dags/example_nested_branch_dag.py took 0.449 seconds
[2023-02-02 17:32:30,922] {processor.py:163} INFO - Started process (PID=1321) to work on /home/airflow/.local/lib/python3.7/site-packages/airflow/example_dags/example_nested_branch_dag.py
[2023-02-02 17:32:30,946] {processor.py:642} INFO - Processing file /home/airflow/.local/lib/python3.7/site-packages/airflow/example_dags/example_nested_branch_dag.py for tasks to queue
[2023-02-02 17:32:30,947] {logging_mixin.py:109} INFO - [2023-02-02 17:32:30,947] {dagbag.py:500} INFO - Filling up the DagBag from /home/airflow/.local/lib/python3.7/site-packages/airflow/example_dags/example_nested_branch_dag.py
[2023-02-02 17:32:31,247] {processor.py:654} INFO - DAG(s) dict_keys(['example_nested_branch_dag']) retrieved from /home/airflow/.local/lib/python3.7/site-packages/airflow/example_dags/example_nested_branch_dag.py
[2023-02-02 17:32:31,313] {logging_mixin.py:109} INFO - [2023-02-02 17:32:31,313] {dag.py:2396} INFO - Sync 1 DAGs
[2023-02-02 17:32:32,020] {logging_mixin.py:109} INFO - [2023-02-02 17:32:32,019] {dag.py:2935} INFO - Setting next_dagrun for example_nested_branch_dag to 2023-02-01 00:00:00+00:00
[2023-02-02 17:32:32,066] {processor.py:171} INFO - Processing /home/airflow/.local/lib/python3.7/site-packages/airflow/example_dags/example_nested_branch_dag.py took 1.201 seconds
[2023-02-02 17:33:02,398] {processor.py:163} INFO - Started process (PID=1362) to work on /home/airflow/.local/lib/python3.7/site-packages/airflow/example_dags/example_nested_branch_dag.py
[2023-02-02 17:33:02,401] {processor.py:642} INFO - Processing file /home/airflow/.local/lib/python3.7/site-packages/airflow/example_dags/example_nested_branch_dag.py for tasks to queue
[2023-02-02 17:33:02,402] {logging_mixin.py:109} INFO - [2023-02-02 17:33:02,402] {dagbag.py:500} INFO - Filling up the DagBag from /home/airflow/.local/lib/python3.7/site-packages/airflow/example_dags/example_nested_branch_dag.py
[2023-02-02 17:33:02,473] {processor.py:654} INFO - DAG(s) dict_keys(['example_nested_branch_dag']) retrieved from /home/airflow/.local/lib/python3.7/site-packages/airflow/example_dags/example_nested_branch_dag.py
[2023-02-02 17:33:02,504] {logging_mixin.py:109} INFO - [2023-02-02 17:33:02,503] {dag.py:2396} INFO - Sync 1 DAGs
[2023-02-02 17:33:02,833] {logging_mixin.py:109} INFO - [2023-02-02 17:33:02,833] {dag.py:2935} INFO - Setting next_dagrun for example_nested_branch_dag to 2023-02-01 00:00:00+00:00
[2023-02-02 17:33:02,864] {processor.py:171} INFO - Processing /home/airflow/.local/lib/python3.7/site-packages/airflow/example_dags/example_nested_branch_dag.py took 0.474 seconds
[2023-02-02 17:33:33,572] {processor.py:163} INFO - Started process (PID=1411) to work on /home/airflow/.local/lib/python3.7/site-packages/airflow/example_dags/example_nested_branch_dag.py
[2023-02-02 17:33:33,575] {processor.py:642} INFO - Processing file /home/airflow/.local/lib/python3.7/site-packages/airflow/example_dags/example_nested_branch_dag.py for tasks to queue
[2023-02-02 17:33:33,577] {logging_mixin.py:109} INFO - [2023-02-02 17:33:33,577] {dagbag.py:500} INFO - Filling up the DagBag from /home/airflow/.local/lib/python3.7/site-packages/airflow/example_dags/example_nested_branch_dag.py
[2023-02-02 17:33:33,807] {processor.py:654} INFO - DAG(s) dict_keys(['example_nested_branch_dag']) retrieved from /home/airflow/.local/lib/python3.7/site-packages/airflow/example_dags/example_nested_branch_dag.py
[2023-02-02 17:33:33,822] {logging_mixin.py:109} INFO - [2023-02-02 17:33:33,822] {dag.py:2396} INFO - Sync 1 DAGs
[2023-02-02 17:33:33,842] {logging_mixin.py:109} INFO - [2023-02-02 17:33:33,842] {dag.py:2935} INFO - Setting next_dagrun for example_nested_branch_dag to 2023-02-01 00:00:00+00:00
[2023-02-02 17:33:33,856] {processor.py:171} INFO - Processing /home/airflow/.local/lib/python3.7/site-packages/airflow/example_dags/example_nested_branch_dag.py took 0.295 seconds
