[2023-02-02 17:18:32,051] {processor.py:163} INFO - Started process (PID=93) to work on /home/airflow/.local/lib/python3.7/site-packages/airflow/example_dags/example_kubernetes_executor.py
[2023-02-02 17:18:32,074] {processor.py:642} INFO - Processing file /home/airflow/.local/lib/python3.7/site-packages/airflow/example_dags/example_kubernetes_executor.py for tasks to queue
[2023-02-02 17:18:32,075] {logging_mixin.py:109} INFO - [2023-02-02 17:18:32,075] {dagbag.py:500} INFO - Filling up the DagBag from /home/airflow/.local/lib/python3.7/site-packages/airflow/example_dags/example_kubernetes_executor.py
[2023-02-02 17:18:32,566] {processor.py:654} INFO - DAG(s) dict_keys(['example_kubernetes_executor']) retrieved from /home/airflow/.local/lib/python3.7/site-packages/airflow/example_dags/example_kubernetes_executor.py
[2023-02-02 17:18:32,656] {logging_mixin.py:109} INFO - [2023-02-02 17:18:32,656] {dag.py:2396} INFO - Sync 1 DAGs
[2023-02-02 17:18:32,818] {logging_mixin.py:109} INFO - [2023-02-02 17:18:32,818] {dag.py:2935} INFO - Setting next_dagrun for example_kubernetes_executor to None
[2023-02-02 17:18:32,878] {processor.py:171} INFO - Processing /home/airflow/.local/lib/python3.7/site-packages/airflow/example_dags/example_kubernetes_executor.py took 0.862 seconds
[2023-02-02 17:19:03,347] {processor.py:163} INFO - Started process (PID=133) to work on /home/airflow/.local/lib/python3.7/site-packages/airflow/example_dags/example_kubernetes_executor.py
[2023-02-02 17:19:03,360] {processor.py:642} INFO - Processing file /home/airflow/.local/lib/python3.7/site-packages/airflow/example_dags/example_kubernetes_executor.py for tasks to queue
[2023-02-02 17:19:03,363] {logging_mixin.py:109} INFO - [2023-02-02 17:19:03,363] {dagbag.py:500} INFO - Filling up the DagBag from /home/airflow/.local/lib/python3.7/site-packages/airflow/example_dags/example_kubernetes_executor.py
[2023-02-02 17:19:03,871] {processor.py:654} INFO - DAG(s) dict_keys(['example_kubernetes_executor']) retrieved from /home/airflow/.local/lib/python3.7/site-packages/airflow/example_dags/example_kubernetes_executor.py
[2023-02-02 17:19:03,959] {logging_mixin.py:109} INFO - [2023-02-02 17:19:03,959] {dag.py:2396} INFO - Sync 1 DAGs
[2023-02-02 17:19:04,003] {logging_mixin.py:109} INFO - [2023-02-02 17:19:04,002] {dag.py:2935} INFO - Setting next_dagrun for example_kubernetes_executor to None
[2023-02-02 17:19:04,058] {processor.py:171} INFO - Processing /home/airflow/.local/lib/python3.7/site-packages/airflow/example_dags/example_kubernetes_executor.py took 0.761 seconds
[2023-02-02 17:19:34,267] {processor.py:163} INFO - Started process (PID=183) to work on /home/airflow/.local/lib/python3.7/site-packages/airflow/example_dags/example_kubernetes_executor.py
[2023-02-02 17:19:34,285] {processor.py:642} INFO - Processing file /home/airflow/.local/lib/python3.7/site-packages/airflow/example_dags/example_kubernetes_executor.py for tasks to queue
[2023-02-02 17:19:34,294] {logging_mixin.py:109} INFO - [2023-02-02 17:19:34,293] {dagbag.py:500} INFO - Filling up the DagBag from /home/airflow/.local/lib/python3.7/site-packages/airflow/example_dags/example_kubernetes_executor.py
[2023-02-02 17:19:34,606] {processor.py:654} INFO - DAG(s) dict_keys(['example_kubernetes_executor']) retrieved from /home/airflow/.local/lib/python3.7/site-packages/airflow/example_dags/example_kubernetes_executor.py
[2023-02-02 17:19:34,636] {logging_mixin.py:109} INFO - [2023-02-02 17:19:34,635] {dag.py:2396} INFO - Sync 1 DAGs
[2023-02-02 17:19:34,694] {logging_mixin.py:109} INFO - [2023-02-02 17:19:34,694] {dag.py:2935} INFO - Setting next_dagrun for example_kubernetes_executor to None
[2023-02-02 17:19:34,740] {processor.py:171} INFO - Processing /home/airflow/.local/lib/python3.7/site-packages/airflow/example_dags/example_kubernetes_executor.py took 0.485 seconds
[2023-02-02 17:20:05,740] {processor.py:163} INFO - Started process (PID=223) to work on /home/airflow/.local/lib/python3.7/site-packages/airflow/example_dags/example_kubernetes_executor.py
[2023-02-02 17:20:05,744] {processor.py:642} INFO - Processing file /home/airflow/.local/lib/python3.7/site-packages/airflow/example_dags/example_kubernetes_executor.py for tasks to queue
[2023-02-02 17:20:05,745] {logging_mixin.py:109} INFO - [2023-02-02 17:20:05,745] {dagbag.py:500} INFO - Filling up the DagBag from /home/airflow/.local/lib/python3.7/site-packages/airflow/example_dags/example_kubernetes_executor.py
[2023-02-02 17:20:05,925] {processor.py:654} INFO - DAG(s) dict_keys(['example_kubernetes_executor']) retrieved from /home/airflow/.local/lib/python3.7/site-packages/airflow/example_dags/example_kubernetes_executor.py
[2023-02-02 17:20:05,990] {logging_mixin.py:109} INFO - [2023-02-02 17:20:05,990] {dag.py:2396} INFO - Sync 1 DAGs
[2023-02-02 17:20:06,056] {logging_mixin.py:109} INFO - [2023-02-02 17:20:06,056] {dag.py:2935} INFO - Setting next_dagrun for example_kubernetes_executor to None
[2023-02-02 17:20:06,085] {processor.py:171} INFO - Processing /home/airflow/.local/lib/python3.7/site-packages/airflow/example_dags/example_kubernetes_executor.py took 0.355 seconds
[2023-02-02 17:20:36,226] {processor.py:163} INFO - Started process (PID=273) to work on /home/airflow/.local/lib/python3.7/site-packages/airflow/example_dags/example_kubernetes_executor.py
[2023-02-02 17:20:36,228] {processor.py:642} INFO - Processing file /home/airflow/.local/lib/python3.7/site-packages/airflow/example_dags/example_kubernetes_executor.py for tasks to queue
[2023-02-02 17:20:36,230] {logging_mixin.py:109} INFO - [2023-02-02 17:20:36,230] {dagbag.py:500} INFO - Filling up the DagBag from /home/airflow/.local/lib/python3.7/site-packages/airflow/example_dags/example_kubernetes_executor.py
[2023-02-02 17:20:36,465] {processor.py:654} INFO - DAG(s) dict_keys(['example_kubernetes_executor']) retrieved from /home/airflow/.local/lib/python3.7/site-packages/airflow/example_dags/example_kubernetes_executor.py
[2023-02-02 17:20:36,561] {logging_mixin.py:109} INFO - [2023-02-02 17:20:36,560] {dag.py:2396} INFO - Sync 1 DAGs
[2023-02-02 17:20:36,641] {logging_mixin.py:109} INFO - [2023-02-02 17:20:36,641] {dag.py:2935} INFO - Setting next_dagrun for example_kubernetes_executor to None
[2023-02-02 17:20:36,680] {processor.py:171} INFO - Processing /home/airflow/.local/lib/python3.7/site-packages/airflow/example_dags/example_kubernetes_executor.py took 0.473 seconds
[2023-02-02 17:21:07,000] {processor.py:163} INFO - Started process (PID=320) to work on /home/airflow/.local/lib/python3.7/site-packages/airflow/example_dags/example_kubernetes_executor.py
[2023-02-02 17:21:07,056] {processor.py:642} INFO - Processing file /home/airflow/.local/lib/python3.7/site-packages/airflow/example_dags/example_kubernetes_executor.py for tasks to queue
[2023-02-02 17:21:07,060] {logging_mixin.py:109} INFO - [2023-02-02 17:21:07,059] {dagbag.py:500} INFO - Filling up the DagBag from /home/airflow/.local/lib/python3.7/site-packages/airflow/example_dags/example_kubernetes_executor.py
[2023-02-02 17:21:07,333] {processor.py:654} INFO - DAG(s) dict_keys(['example_kubernetes_executor']) retrieved from /home/airflow/.local/lib/python3.7/site-packages/airflow/example_dags/example_kubernetes_executor.py
[2023-02-02 17:21:07,441] {logging_mixin.py:109} INFO - [2023-02-02 17:21:07,441] {dag.py:2396} INFO - Sync 1 DAGs
[2023-02-02 17:21:07,486] {logging_mixin.py:109} INFO - [2023-02-02 17:21:07,485] {dag.py:2935} INFO - Setting next_dagrun for example_kubernetes_executor to None
[2023-02-02 17:21:07,535] {processor.py:171} INFO - Processing /home/airflow/.local/lib/python3.7/site-packages/airflow/example_dags/example_kubernetes_executor.py took 0.581 seconds
[2023-02-02 17:21:38,258] {processor.py:163} INFO - Started process (PID=363) to work on /home/airflow/.local/lib/python3.7/site-packages/airflow/example_dags/example_kubernetes_executor.py
[2023-02-02 17:21:38,263] {processor.py:642} INFO - Processing file /home/airflow/.local/lib/python3.7/site-packages/airflow/example_dags/example_kubernetes_executor.py for tasks to queue
[2023-02-02 17:21:38,264] {logging_mixin.py:109} INFO - [2023-02-02 17:21:38,263] {dagbag.py:500} INFO - Filling up the DagBag from /home/airflow/.local/lib/python3.7/site-packages/airflow/example_dags/example_kubernetes_executor.py
[2023-02-02 17:21:38,402] {processor.py:654} INFO - DAG(s) dict_keys(['example_kubernetes_executor']) retrieved from /home/airflow/.local/lib/python3.7/site-packages/airflow/example_dags/example_kubernetes_executor.py
[2023-02-02 17:21:38,473] {logging_mixin.py:109} INFO - [2023-02-02 17:21:38,472] {dag.py:2396} INFO - Sync 1 DAGs
[2023-02-02 17:21:38,564] {logging_mixin.py:109} INFO - [2023-02-02 17:21:38,564] {dag.py:2935} INFO - Setting next_dagrun for example_kubernetes_executor to None
[2023-02-02 17:21:38,605] {processor.py:171} INFO - Processing /home/airflow/.local/lib/python3.7/site-packages/airflow/example_dags/example_kubernetes_executor.py took 0.361 seconds
[2023-02-02 17:22:09,038] {processor.py:163} INFO - Started process (PID=412) to work on /home/airflow/.local/lib/python3.7/site-packages/airflow/example_dags/example_kubernetes_executor.py
[2023-02-02 17:22:09,052] {processor.py:642} INFO - Processing file /home/airflow/.local/lib/python3.7/site-packages/airflow/example_dags/example_kubernetes_executor.py for tasks to queue
[2023-02-02 17:22:09,053] {logging_mixin.py:109} INFO - [2023-02-02 17:22:09,053] {dagbag.py:500} INFO - Filling up the DagBag from /home/airflow/.local/lib/python3.7/site-packages/airflow/example_dags/example_kubernetes_executor.py
[2023-02-02 17:22:09,271] {processor.py:654} INFO - DAG(s) dict_keys(['example_kubernetes_executor']) retrieved from /home/airflow/.local/lib/python3.7/site-packages/airflow/example_dags/example_kubernetes_executor.py
[2023-02-02 17:22:09,397] {logging_mixin.py:109} INFO - [2023-02-02 17:22:09,396] {dag.py:2396} INFO - Sync 1 DAGs
[2023-02-02 17:22:09,471] {logging_mixin.py:109} INFO - [2023-02-02 17:22:09,471] {dag.py:2935} INFO - Setting next_dagrun for example_kubernetes_executor to None
[2023-02-02 17:22:09,522] {processor.py:171} INFO - Processing /home/airflow/.local/lib/python3.7/site-packages/airflow/example_dags/example_kubernetes_executor.py took 0.521 seconds
[2023-02-02 17:22:39,838] {processor.py:163} INFO - Started process (PID=453) to work on /home/airflow/.local/lib/python3.7/site-packages/airflow/example_dags/example_kubernetes_executor.py
[2023-02-02 17:22:39,840] {processor.py:642} INFO - Processing file /home/airflow/.local/lib/python3.7/site-packages/airflow/example_dags/example_kubernetes_executor.py for tasks to queue
[2023-02-02 17:22:39,841] {logging_mixin.py:109} INFO - [2023-02-02 17:22:39,841] {dagbag.py:500} INFO - Filling up the DagBag from /home/airflow/.local/lib/python3.7/site-packages/airflow/example_dags/example_kubernetes_executor.py
[2023-02-02 17:22:40,012] {processor.py:654} INFO - DAG(s) dict_keys(['example_kubernetes_executor']) retrieved from /home/airflow/.local/lib/python3.7/site-packages/airflow/example_dags/example_kubernetes_executor.py
[2023-02-02 17:22:40,065] {logging_mixin.py:109} INFO - [2023-02-02 17:22:40,065] {dag.py:2396} INFO - Sync 1 DAGs
[2023-02-02 17:22:40,111] {logging_mixin.py:109} INFO - [2023-02-02 17:22:40,111] {dag.py:2935} INFO - Setting next_dagrun for example_kubernetes_executor to None
[2023-02-02 17:22:40,173] {processor.py:171} INFO - Processing /home/airflow/.local/lib/python3.7/site-packages/airflow/example_dags/example_kubernetes_executor.py took 0.341 seconds
[2023-02-02 17:23:11,687] {processor.py:163} INFO - Started process (PID=503) to work on /home/airflow/.local/lib/python3.7/site-packages/airflow/example_dags/example_kubernetes_executor.py
[2023-02-02 17:23:11,704] {processor.py:642} INFO - Processing file /home/airflow/.local/lib/python3.7/site-packages/airflow/example_dags/example_kubernetes_executor.py for tasks to queue
[2023-02-02 17:23:11,718] {logging_mixin.py:109} INFO - [2023-02-02 17:23:11,718] {dagbag.py:500} INFO - Filling up the DagBag from /home/airflow/.local/lib/python3.7/site-packages/airflow/example_dags/example_kubernetes_executor.py
[2023-02-02 17:23:11,926] {processor.py:654} INFO - DAG(s) dict_keys(['example_kubernetes_executor']) retrieved from /home/airflow/.local/lib/python3.7/site-packages/airflow/example_dags/example_kubernetes_executor.py
[2023-02-02 17:23:12,027] {logging_mixin.py:109} INFO - [2023-02-02 17:23:12,025] {dag.py:2396} INFO - Sync 1 DAGs
[2023-02-02 17:23:12,142] {logging_mixin.py:109} INFO - [2023-02-02 17:23:12,136] {dag.py:2935} INFO - Setting next_dagrun for example_kubernetes_executor to None
[2023-02-02 17:23:12,210] {processor.py:171} INFO - Processing /home/airflow/.local/lib/python3.7/site-packages/airflow/example_dags/example_kubernetes_executor.py took 0.567 seconds
[2023-02-02 17:23:43,104] {processor.py:163} INFO - Started process (PID=553) to work on /home/airflow/.local/lib/python3.7/site-packages/airflow/example_dags/example_kubernetes_executor.py
[2023-02-02 17:23:43,107] {processor.py:642} INFO - Processing file /home/airflow/.local/lib/python3.7/site-packages/airflow/example_dags/example_kubernetes_executor.py for tasks to queue
[2023-02-02 17:23:43,109] {logging_mixin.py:109} INFO - [2023-02-02 17:23:43,109] {dagbag.py:500} INFO - Filling up the DagBag from /home/airflow/.local/lib/python3.7/site-packages/airflow/example_dags/example_kubernetes_executor.py
[2023-02-02 17:23:43,207] {processor.py:654} INFO - DAG(s) dict_keys(['example_kubernetes_executor']) retrieved from /home/airflow/.local/lib/python3.7/site-packages/airflow/example_dags/example_kubernetes_executor.py
[2023-02-02 17:23:43,269] {logging_mixin.py:109} INFO - [2023-02-02 17:23:43,269] {dag.py:2396} INFO - Sync 1 DAGs
[2023-02-02 17:23:43,334] {logging_mixin.py:109} INFO - [2023-02-02 17:23:43,334] {dag.py:2935} INFO - Setting next_dagrun for example_kubernetes_executor to None
[2023-02-02 17:23:43,432] {processor.py:171} INFO - Processing /home/airflow/.local/lib/python3.7/site-packages/airflow/example_dags/example_kubernetes_executor.py took 0.337 seconds
[2023-02-02 17:24:16,040] {processor.py:163} INFO - Started process (PID=595) to work on /home/airflow/.local/lib/python3.7/site-packages/airflow/example_dags/example_kubernetes_executor.py
[2023-02-02 17:24:16,047] {processor.py:642} INFO - Processing file /home/airflow/.local/lib/python3.7/site-packages/airflow/example_dags/example_kubernetes_executor.py for tasks to queue
[2023-02-02 17:24:16,049] {logging_mixin.py:109} INFO - [2023-02-02 17:24:16,049] {dagbag.py:500} INFO - Filling up the DagBag from /home/airflow/.local/lib/python3.7/site-packages/airflow/example_dags/example_kubernetes_executor.py
[2023-02-02 17:24:16,260] {processor.py:654} INFO - DAG(s) dict_keys(['example_kubernetes_executor']) retrieved from /home/airflow/.local/lib/python3.7/site-packages/airflow/example_dags/example_kubernetes_executor.py
[2023-02-02 17:24:16,349] {logging_mixin.py:109} INFO - [2023-02-02 17:24:16,349] {dag.py:2396} INFO - Sync 1 DAGs
[2023-02-02 17:24:16,425] {logging_mixin.py:109} INFO - [2023-02-02 17:24:16,425] {dag.py:2935} INFO - Setting next_dagrun for example_kubernetes_executor to None
[2023-02-02 17:24:16,495] {processor.py:171} INFO - Processing /home/airflow/.local/lib/python3.7/site-packages/airflow/example_dags/example_kubernetes_executor.py took 0.483 seconds
[2023-02-02 17:24:46,945] {processor.py:163} INFO - Started process (PID=645) to work on /home/airflow/.local/lib/python3.7/site-packages/airflow/example_dags/example_kubernetes_executor.py
[2023-02-02 17:24:46,950] {processor.py:642} INFO - Processing file /home/airflow/.local/lib/python3.7/site-packages/airflow/example_dags/example_kubernetes_executor.py for tasks to queue
[2023-02-02 17:24:46,953] {logging_mixin.py:109} INFO - [2023-02-02 17:24:46,953] {dagbag.py:500} INFO - Filling up the DagBag from /home/airflow/.local/lib/python3.7/site-packages/airflow/example_dags/example_kubernetes_executor.py
[2023-02-02 17:24:47,075] {processor.py:654} INFO - DAG(s) dict_keys(['example_kubernetes_executor']) retrieved from /home/airflow/.local/lib/python3.7/site-packages/airflow/example_dags/example_kubernetes_executor.py
[2023-02-02 17:24:47,166] {logging_mixin.py:109} INFO - [2023-02-02 17:24:47,166] {dag.py:2396} INFO - Sync 1 DAGs
[2023-02-02 17:24:47,276] {logging_mixin.py:109} INFO - [2023-02-02 17:24:47,275] {dag.py:2935} INFO - Setting next_dagrun for example_kubernetes_executor to None
[2023-02-02 17:24:47,332] {processor.py:171} INFO - Processing /home/airflow/.local/lib/python3.7/site-packages/airflow/example_dags/example_kubernetes_executor.py took 0.392 seconds
[2023-02-02 17:25:18,358] {processor.py:163} INFO - Started process (PID=695) to work on /home/airflow/.local/lib/python3.7/site-packages/airflow/example_dags/example_kubernetes_executor.py
[2023-02-02 17:25:18,369] {processor.py:642} INFO - Processing file /home/airflow/.local/lib/python3.7/site-packages/airflow/example_dags/example_kubernetes_executor.py for tasks to queue
[2023-02-02 17:25:18,372] {logging_mixin.py:109} INFO - [2023-02-02 17:25:18,372] {dagbag.py:500} INFO - Filling up the DagBag from /home/airflow/.local/lib/python3.7/site-packages/airflow/example_dags/example_kubernetes_executor.py
[2023-02-02 17:25:18,549] {processor.py:654} INFO - DAG(s) dict_keys(['example_kubernetes_executor']) retrieved from /home/airflow/.local/lib/python3.7/site-packages/airflow/example_dags/example_kubernetes_executor.py
[2023-02-02 17:25:18,614] {logging_mixin.py:109} INFO - [2023-02-02 17:25:18,613] {dag.py:2396} INFO - Sync 1 DAGs
[2023-02-02 17:25:18,762] {logging_mixin.py:109} INFO - [2023-02-02 17:25:18,762] {dag.py:2935} INFO - Setting next_dagrun for example_kubernetes_executor to None
[2023-02-02 17:25:18,806] {processor.py:171} INFO - Processing /home/airflow/.local/lib/python3.7/site-packages/airflow/example_dags/example_kubernetes_executor.py took 0.456 seconds
[2023-02-02 17:25:49,427] {processor.py:163} INFO - Started process (PID=735) to work on /home/airflow/.local/lib/python3.7/site-packages/airflow/example_dags/example_kubernetes_executor.py
[2023-02-02 17:25:49,435] {processor.py:642} INFO - Processing file /home/airflow/.local/lib/python3.7/site-packages/airflow/example_dags/example_kubernetes_executor.py for tasks to queue
[2023-02-02 17:25:49,436] {logging_mixin.py:109} INFO - [2023-02-02 17:25:49,436] {dagbag.py:500} INFO - Filling up the DagBag from /home/airflow/.local/lib/python3.7/site-packages/airflow/example_dags/example_kubernetes_executor.py
[2023-02-02 17:25:49,583] {processor.py:654} INFO - DAG(s) dict_keys(['example_kubernetes_executor']) retrieved from /home/airflow/.local/lib/python3.7/site-packages/airflow/example_dags/example_kubernetes_executor.py
[2023-02-02 17:25:49,622] {logging_mixin.py:109} INFO - [2023-02-02 17:25:49,622] {dag.py:2396} INFO - Sync 1 DAGs
[2023-02-02 17:25:49,681] {logging_mixin.py:109} INFO - [2023-02-02 17:25:49,681] {dag.py:2935} INFO - Setting next_dagrun for example_kubernetes_executor to None
[2023-02-02 17:25:49,728] {processor.py:171} INFO - Processing /home/airflow/.local/lib/python3.7/site-packages/airflow/example_dags/example_kubernetes_executor.py took 0.307 seconds
[2023-02-02 17:26:20,432] {processor.py:163} INFO - Started process (PID=784) to work on /home/airflow/.local/lib/python3.7/site-packages/airflow/example_dags/example_kubernetes_executor.py
[2023-02-02 17:26:20,442] {processor.py:642} INFO - Processing file /home/airflow/.local/lib/python3.7/site-packages/airflow/example_dags/example_kubernetes_executor.py for tasks to queue
[2023-02-02 17:26:20,444] {logging_mixin.py:109} INFO - [2023-02-02 17:26:20,443] {dagbag.py:500} INFO - Filling up the DagBag from /home/airflow/.local/lib/python3.7/site-packages/airflow/example_dags/example_kubernetes_executor.py
[2023-02-02 17:26:20,698] {processor.py:654} INFO - DAG(s) dict_keys(['example_kubernetes_executor']) retrieved from /home/airflow/.local/lib/python3.7/site-packages/airflow/example_dags/example_kubernetes_executor.py
[2023-02-02 17:26:20,737] {logging_mixin.py:109} INFO - [2023-02-02 17:26:20,737] {dag.py:2396} INFO - Sync 1 DAGs
[2023-02-02 17:26:20,793] {logging_mixin.py:109} INFO - [2023-02-02 17:26:20,793] {dag.py:2935} INFO - Setting next_dagrun for example_kubernetes_executor to None
[2023-02-02 17:26:20,837] {processor.py:171} INFO - Processing /home/airflow/.local/lib/python3.7/site-packages/airflow/example_dags/example_kubernetes_executor.py took 0.429 seconds
[2023-02-02 17:26:51,603] {processor.py:163} INFO - Started process (PID=834) to work on /home/airflow/.local/lib/python3.7/site-packages/airflow/example_dags/example_kubernetes_executor.py
[2023-02-02 17:26:51,605] {processor.py:642} INFO - Processing file /home/airflow/.local/lib/python3.7/site-packages/airflow/example_dags/example_kubernetes_executor.py for tasks to queue
[2023-02-02 17:26:51,606] {logging_mixin.py:109} INFO - [2023-02-02 17:26:51,606] {dagbag.py:500} INFO - Filling up the DagBag from /home/airflow/.local/lib/python3.7/site-packages/airflow/example_dags/example_kubernetes_executor.py
[2023-02-02 17:26:51,762] {processor.py:654} INFO - DAG(s) dict_keys(['example_kubernetes_executor']) retrieved from /home/airflow/.local/lib/python3.7/site-packages/airflow/example_dags/example_kubernetes_executor.py
[2023-02-02 17:26:51,819] {logging_mixin.py:109} INFO - [2023-02-02 17:26:51,818] {dag.py:2396} INFO - Sync 1 DAGs
[2023-02-02 17:26:51,877] {logging_mixin.py:109} INFO - [2023-02-02 17:26:51,877] {dag.py:2935} INFO - Setting next_dagrun for example_kubernetes_executor to None
[2023-02-02 17:26:51,941] {processor.py:171} INFO - Processing /home/airflow/.local/lib/python3.7/site-packages/airflow/example_dags/example_kubernetes_executor.py took 0.353 seconds
[2023-02-02 17:27:22,282] {processor.py:163} INFO - Started process (PID=874) to work on /home/airflow/.local/lib/python3.7/site-packages/airflow/example_dags/example_kubernetes_executor.py
[2023-02-02 17:27:22,285] {processor.py:642} INFO - Processing file /home/airflow/.local/lib/python3.7/site-packages/airflow/example_dags/example_kubernetes_executor.py for tasks to queue
[2023-02-02 17:27:22,287] {logging_mixin.py:109} INFO - [2023-02-02 17:27:22,287] {dagbag.py:500} INFO - Filling up the DagBag from /home/airflow/.local/lib/python3.7/site-packages/airflow/example_dags/example_kubernetes_executor.py
[2023-02-02 17:27:22,379] {processor.py:654} INFO - DAG(s) dict_keys(['example_kubernetes_executor']) retrieved from /home/airflow/.local/lib/python3.7/site-packages/airflow/example_dags/example_kubernetes_executor.py
[2023-02-02 17:27:22,413] {logging_mixin.py:109} INFO - [2023-02-02 17:27:22,412] {dag.py:2396} INFO - Sync 1 DAGs
[2023-02-02 17:27:22,455] {logging_mixin.py:109} INFO - [2023-02-02 17:27:22,455] {dag.py:2935} INFO - Setting next_dagrun for example_kubernetes_executor to None
[2023-02-02 17:27:22,483] {processor.py:171} INFO - Processing /home/airflow/.local/lib/python3.7/site-packages/airflow/example_dags/example_kubernetes_executor.py took 0.210 seconds
[2023-02-02 17:27:54,444] {processor.py:163} INFO - Started process (PID=922) to work on /home/airflow/.local/lib/python3.7/site-packages/airflow/example_dags/example_kubernetes_executor.py
[2023-02-02 17:27:54,455] {processor.py:642} INFO - Processing file /home/airflow/.local/lib/python3.7/site-packages/airflow/example_dags/example_kubernetes_executor.py for tasks to queue
[2023-02-02 17:27:54,467] {logging_mixin.py:109} INFO - [2023-02-02 17:27:54,463] {dagbag.py:500} INFO - Filling up the DagBag from /home/airflow/.local/lib/python3.7/site-packages/airflow/example_dags/example_kubernetes_executor.py
[2023-02-02 17:27:54,686] {processor.py:654} INFO - DAG(s) dict_keys(['example_kubernetes_executor']) retrieved from /home/airflow/.local/lib/python3.7/site-packages/airflow/example_dags/example_kubernetes_executor.py
[2023-02-02 17:27:54,795] {logging_mixin.py:109} INFO - [2023-02-02 17:27:54,794] {dag.py:2396} INFO - Sync 1 DAGs
[2023-02-02 17:27:54,964] {logging_mixin.py:109} INFO - [2023-02-02 17:27:54,960] {dag.py:2935} INFO - Setting next_dagrun for example_kubernetes_executor to None
[2023-02-02 17:27:55,038] {processor.py:171} INFO - Processing /home/airflow/.local/lib/python3.7/site-packages/airflow/example_dags/example_kubernetes_executor.py took 0.615 seconds
[2023-02-02 17:28:25,795] {processor.py:163} INFO - Started process (PID=963) to work on /home/airflow/.local/lib/python3.7/site-packages/airflow/example_dags/example_kubernetes_executor.py
[2023-02-02 17:28:25,801] {processor.py:642} INFO - Processing file /home/airflow/.local/lib/python3.7/site-packages/airflow/example_dags/example_kubernetes_executor.py for tasks to queue
[2023-02-02 17:28:25,805] {logging_mixin.py:109} INFO - [2023-02-02 17:28:25,803] {dagbag.py:500} INFO - Filling up the DagBag from /home/airflow/.local/lib/python3.7/site-packages/airflow/example_dags/example_kubernetes_executor.py
[2023-02-02 17:28:25,941] {processor.py:654} INFO - DAG(s) dict_keys(['example_kubernetes_executor']) retrieved from /home/airflow/.local/lib/python3.7/site-packages/airflow/example_dags/example_kubernetes_executor.py
[2023-02-02 17:28:25,981] {logging_mixin.py:109} INFO - [2023-02-02 17:28:25,980] {dag.py:2396} INFO - Sync 1 DAGs
[2023-02-02 17:28:26,030] {logging_mixin.py:109} INFO - [2023-02-02 17:28:26,029] {dag.py:2935} INFO - Setting next_dagrun for example_kubernetes_executor to None
[2023-02-02 17:28:26,063] {processor.py:171} INFO - Processing /home/airflow/.local/lib/python3.7/site-packages/airflow/example_dags/example_kubernetes_executor.py took 0.280 seconds
[2023-02-02 17:28:57,333] {processor.py:163} INFO - Started process (PID=1013) to work on /home/airflow/.local/lib/python3.7/site-packages/airflow/example_dags/example_kubernetes_executor.py
[2023-02-02 17:28:57,348] {processor.py:642} INFO - Processing file /home/airflow/.local/lib/python3.7/site-packages/airflow/example_dags/example_kubernetes_executor.py for tasks to queue
[2023-02-02 17:28:57,354] {logging_mixin.py:109} INFO - [2023-02-02 17:28:57,354] {dagbag.py:500} INFO - Filling up the DagBag from /home/airflow/.local/lib/python3.7/site-packages/airflow/example_dags/example_kubernetes_executor.py
[2023-02-02 17:28:57,539] {processor.py:654} INFO - DAG(s) dict_keys(['example_kubernetes_executor']) retrieved from /home/airflow/.local/lib/python3.7/site-packages/airflow/example_dags/example_kubernetes_executor.py
[2023-02-02 17:28:57,574] {logging_mixin.py:109} INFO - [2023-02-02 17:28:57,574] {dag.py:2396} INFO - Sync 1 DAGs
[2023-02-02 17:28:57,677] {logging_mixin.py:109} INFO - [2023-02-02 17:28:57,677] {dag.py:2935} INFO - Setting next_dagrun for example_kubernetes_executor to None
[2023-02-02 17:28:57,714] {processor.py:171} INFO - Processing /home/airflow/.local/lib/python3.7/site-packages/airflow/example_dags/example_kubernetes_executor.py took 0.393 seconds
[2023-02-02 17:29:28,176] {processor.py:163} INFO - Started process (PID=1061) to work on /home/airflow/.local/lib/python3.7/site-packages/airflow/example_dags/example_kubernetes_executor.py
[2023-02-02 17:29:28,184] {processor.py:642} INFO - Processing file /home/airflow/.local/lib/python3.7/site-packages/airflow/example_dags/example_kubernetes_executor.py for tasks to queue
[2023-02-02 17:29:28,186] {logging_mixin.py:109} INFO - [2023-02-02 17:29:28,184] {dagbag.py:500} INFO - Filling up the DagBag from /home/airflow/.local/lib/python3.7/site-packages/airflow/example_dags/example_kubernetes_executor.py
[2023-02-02 17:29:28,446] {processor.py:654} INFO - DAG(s) dict_keys(['example_kubernetes_executor']) retrieved from /home/airflow/.local/lib/python3.7/site-packages/airflow/example_dags/example_kubernetes_executor.py
[2023-02-02 17:29:28,614] {logging_mixin.py:109} INFO - [2023-02-02 17:29:28,614] {dag.py:2396} INFO - Sync 1 DAGs
[2023-02-02 17:29:28,761] {logging_mixin.py:109} INFO - [2023-02-02 17:29:28,761] {dag.py:2935} INFO - Setting next_dagrun for example_kubernetes_executor to None
[2023-02-02 17:29:28,833] {processor.py:171} INFO - Processing /home/airflow/.local/lib/python3.7/site-packages/airflow/example_dags/example_kubernetes_executor.py took 0.670 seconds
[2023-02-02 17:29:58,952] {processor.py:163} INFO - Started process (PID=1103) to work on /home/airflow/.local/lib/python3.7/site-packages/airflow/example_dags/example_kubernetes_executor.py
[2023-02-02 17:29:58,955] {processor.py:642} INFO - Processing file /home/airflow/.local/lib/python3.7/site-packages/airflow/example_dags/example_kubernetes_executor.py for tasks to queue
[2023-02-02 17:29:58,956] {logging_mixin.py:109} INFO - [2023-02-02 17:29:58,956] {dagbag.py:500} INFO - Filling up the DagBag from /home/airflow/.local/lib/python3.7/site-packages/airflow/example_dags/example_kubernetes_executor.py
[2023-02-02 17:29:59,145] {processor.py:654} INFO - DAG(s) dict_keys(['example_kubernetes_executor']) retrieved from /home/airflow/.local/lib/python3.7/site-packages/airflow/example_dags/example_kubernetes_executor.py
[2023-02-02 17:29:59,215] {logging_mixin.py:109} INFO - [2023-02-02 17:29:59,215] {dag.py:2396} INFO - Sync 1 DAGs
[2023-02-02 17:29:59,539] {logging_mixin.py:109} INFO - [2023-02-02 17:29:59,539] {dag.py:2935} INFO - Setting next_dagrun for example_kubernetes_executor to None
[2023-02-02 17:29:59,563] {processor.py:171} INFO - Processing /home/airflow/.local/lib/python3.7/site-packages/airflow/example_dags/example_kubernetes_executor.py took 0.625 seconds
[2023-02-02 17:30:30,470] {processor.py:163} INFO - Started process (PID=1153) to work on /home/airflow/.local/lib/python3.7/site-packages/airflow/example_dags/example_kubernetes_executor.py
[2023-02-02 17:30:30,488] {processor.py:642} INFO - Processing file /home/airflow/.local/lib/python3.7/site-packages/airflow/example_dags/example_kubernetes_executor.py for tasks to queue
[2023-02-02 17:30:30,498] {logging_mixin.py:109} INFO - [2023-02-02 17:30:30,498] {dagbag.py:500} INFO - Filling up the DagBag from /home/airflow/.local/lib/python3.7/site-packages/airflow/example_dags/example_kubernetes_executor.py
[2023-02-02 17:30:30,828] {processor.py:654} INFO - DAG(s) dict_keys(['example_kubernetes_executor']) retrieved from /home/airflow/.local/lib/python3.7/site-packages/airflow/example_dags/example_kubernetes_executor.py
[2023-02-02 17:30:31,004] {logging_mixin.py:109} INFO - [2023-02-02 17:30:31,004] {dag.py:2396} INFO - Sync 1 DAGs
[2023-02-02 17:30:32,053] {logging_mixin.py:109} INFO - [2023-02-02 17:30:32,053] {dag.py:2935} INFO - Setting next_dagrun for example_kubernetes_executor to None
[2023-02-02 17:30:32,406] {processor.py:171} INFO - Processing /home/airflow/.local/lib/python3.7/site-packages/airflow/example_dags/example_kubernetes_executor.py took 1.955 seconds
[2023-02-02 17:31:02,727] {processor.py:163} INFO - Started process (PID=1193) to work on /home/airflow/.local/lib/python3.7/site-packages/airflow/example_dags/example_kubernetes_executor.py
[2023-02-02 17:31:02,729] {processor.py:642} INFO - Processing file /home/airflow/.local/lib/python3.7/site-packages/airflow/example_dags/example_kubernetes_executor.py for tasks to queue
[2023-02-02 17:31:02,731] {logging_mixin.py:109} INFO - [2023-02-02 17:31:02,731] {dagbag.py:500} INFO - Filling up the DagBag from /home/airflow/.local/lib/python3.7/site-packages/airflow/example_dags/example_kubernetes_executor.py
[2023-02-02 17:31:02,812] {processor.py:654} INFO - DAG(s) dict_keys(['example_kubernetes_executor']) retrieved from /home/airflow/.local/lib/python3.7/site-packages/airflow/example_dags/example_kubernetes_executor.py
[2023-02-02 17:31:02,844] {logging_mixin.py:109} INFO - [2023-02-02 17:31:02,844] {dag.py:2396} INFO - Sync 1 DAGs
[2023-02-02 17:31:03,082] {logging_mixin.py:109} INFO - [2023-02-02 17:31:03,082] {dag.py:2935} INFO - Setting next_dagrun for example_kubernetes_executor to None
[2023-02-02 17:31:03,115] {processor.py:171} INFO - Processing /home/airflow/.local/lib/python3.7/site-packages/airflow/example_dags/example_kubernetes_executor.py took 0.394 seconds
[2023-02-02 17:31:35,432] {processor.py:163} INFO - Started process (PID=1243) to work on /home/airflow/.local/lib/python3.7/site-packages/airflow/example_dags/example_kubernetes_executor.py
[2023-02-02 17:31:35,466] {processor.py:642} INFO - Processing file /home/airflow/.local/lib/python3.7/site-packages/airflow/example_dags/example_kubernetes_executor.py for tasks to queue
[2023-02-02 17:31:35,467] {logging_mixin.py:109} INFO - [2023-02-02 17:31:35,467] {dagbag.py:500} INFO - Filling up the DagBag from /home/airflow/.local/lib/python3.7/site-packages/airflow/example_dags/example_kubernetes_executor.py
[2023-02-02 17:31:35,757] {processor.py:654} INFO - DAG(s) dict_keys(['example_kubernetes_executor']) retrieved from /home/airflow/.local/lib/python3.7/site-packages/airflow/example_dags/example_kubernetes_executor.py
[2023-02-02 17:31:35,793] {logging_mixin.py:109} INFO - [2023-02-02 17:31:35,792] {dag.py:2396} INFO - Sync 1 DAGs
[2023-02-02 17:31:36,114] {logging_mixin.py:109} INFO - [2023-02-02 17:31:36,114] {dag.py:2935} INFO - Setting next_dagrun for example_kubernetes_executor to None
[2023-02-02 17:31:36,190] {processor.py:171} INFO - Processing /home/airflow/.local/lib/python3.7/site-packages/airflow/example_dags/example_kubernetes_executor.py took 0.776 seconds
[2023-02-02 17:32:06,420] {processor.py:163} INFO - Started process (PID=1284) to work on /home/airflow/.local/lib/python3.7/site-packages/airflow/example_dags/example_kubernetes_executor.py
[2023-02-02 17:32:06,432] {processor.py:642} INFO - Processing file /home/airflow/.local/lib/python3.7/site-packages/airflow/example_dags/example_kubernetes_executor.py for tasks to queue
[2023-02-02 17:32:06,434] {logging_mixin.py:109} INFO - [2023-02-02 17:32:06,434] {dagbag.py:500} INFO - Filling up the DagBag from /home/airflow/.local/lib/python3.7/site-packages/airflow/example_dags/example_kubernetes_executor.py
[2023-02-02 17:32:06,627] {processor.py:654} INFO - DAG(s) dict_keys(['example_kubernetes_executor']) retrieved from /home/airflow/.local/lib/python3.7/site-packages/airflow/example_dags/example_kubernetes_executor.py
[2023-02-02 17:32:06,686] {logging_mixin.py:109} INFO - [2023-02-02 17:32:06,685] {dag.py:2396} INFO - Sync 1 DAGs
[2023-02-02 17:32:07,000] {logging_mixin.py:109} INFO - [2023-02-02 17:32:07,000] {dag.py:2935} INFO - Setting next_dagrun for example_kubernetes_executor to None
[2023-02-02 17:32:07,052] {processor.py:171} INFO - Processing /home/airflow/.local/lib/python3.7/site-packages/airflow/example_dags/example_kubernetes_executor.py took 0.657 seconds
[2023-02-02 17:32:38,993] {processor.py:163} INFO - Started process (PID=1332) to work on /home/airflow/.local/lib/python3.7/site-packages/airflow/example_dags/example_kubernetes_executor.py
[2023-02-02 17:32:39,002] {processor.py:642} INFO - Processing file /home/airflow/.local/lib/python3.7/site-packages/airflow/example_dags/example_kubernetes_executor.py for tasks to queue
[2023-02-02 17:32:39,004] {logging_mixin.py:109} INFO - [2023-02-02 17:32:39,003] {dagbag.py:500} INFO - Filling up the DagBag from /home/airflow/.local/lib/python3.7/site-packages/airflow/example_dags/example_kubernetes_executor.py
[2023-02-02 17:32:39,144] {processor.py:654} INFO - DAG(s) dict_keys(['example_kubernetes_executor']) retrieved from /home/airflow/.local/lib/python3.7/site-packages/airflow/example_dags/example_kubernetes_executor.py
[2023-02-02 17:32:39,399] {logging_mixin.py:109} INFO - [2023-02-02 17:32:39,399] {dag.py:2396} INFO - Sync 1 DAGs
[2023-02-02 17:32:39,431] {logging_mixin.py:109} INFO - [2023-02-02 17:32:39,431] {dag.py:2935} INFO - Setting next_dagrun for example_kubernetes_executor to None
[2023-02-02 17:32:39,468] {processor.py:171} INFO - Processing /home/airflow/.local/lib/python3.7/site-packages/airflow/example_dags/example_kubernetes_executor.py took 0.480 seconds
[2023-02-02 17:33:11,205] {processor.py:163} INFO - Started process (PID=1381) to work on /home/airflow/.local/lib/python3.7/site-packages/airflow/example_dags/example_kubernetes_executor.py
[2023-02-02 17:33:11,207] {processor.py:642} INFO - Processing file /home/airflow/.local/lib/python3.7/site-packages/airflow/example_dags/example_kubernetes_executor.py for tasks to queue
[2023-02-02 17:33:11,207] {logging_mixin.py:109} INFO - [2023-02-02 17:33:11,207] {dagbag.py:500} INFO - Filling up the DagBag from /home/airflow/.local/lib/python3.7/site-packages/airflow/example_dags/example_kubernetes_executor.py
[2023-02-02 17:33:12,561] {processor.py:654} INFO - DAG(s) dict_keys(['example_kubernetes_executor']) retrieved from /home/airflow/.local/lib/python3.7/site-packages/airflow/example_dags/example_kubernetes_executor.py
[2023-02-02 17:33:12,703] {logging_mixin.py:109} INFO - [2023-02-02 17:33:12,702] {dag.py:2396} INFO - Sync 1 DAGs
[2023-02-02 17:33:12,859] {logging_mixin.py:109} INFO - [2023-02-02 17:33:12,859] {dag.py:2935} INFO - Setting next_dagrun for example_kubernetes_executor to None
[2023-02-02 17:33:12,929] {processor.py:171} INFO - Processing /home/airflow/.local/lib/python3.7/site-packages/airflow/example_dags/example_kubernetes_executor.py took 1.754 seconds
[2023-02-02 17:33:44,051] {processor.py:163} INFO - Started process (PID=1431) to work on /home/airflow/.local/lib/python3.7/site-packages/airflow/example_dags/example_kubernetes_executor.py
[2023-02-02 17:33:44,056] {processor.py:642} INFO - Processing file /home/airflow/.local/lib/python3.7/site-packages/airflow/example_dags/example_kubernetes_executor.py for tasks to queue
[2023-02-02 17:33:44,057] {logging_mixin.py:109} INFO - [2023-02-02 17:33:44,057] {dagbag.py:500} INFO - Filling up the DagBag from /home/airflow/.local/lib/python3.7/site-packages/airflow/example_dags/example_kubernetes_executor.py
[2023-02-02 17:33:44,392] {processor.py:654} INFO - DAG(s) dict_keys(['example_kubernetes_executor']) retrieved from /home/airflow/.local/lib/python3.7/site-packages/airflow/example_dags/example_kubernetes_executor.py
[2023-02-02 17:33:44,408] {logging_mixin.py:109} INFO - [2023-02-02 17:33:44,408] {dag.py:2396} INFO - Sync 1 DAGs
[2023-02-02 17:33:44,433] {logging_mixin.py:109} INFO - [2023-02-02 17:33:44,433] {dag.py:2935} INFO - Setting next_dagrun for example_kubernetes_executor to None
[2023-02-02 17:33:44,468] {processor.py:171} INFO - Processing /home/airflow/.local/lib/python3.7/site-packages/airflow/example_dags/example_kubernetes_executor.py took 0.452 seconds
