[2023-02-02 17:18:43,793] {processor.py:163} INFO - Started process (PID=101) to work on /home/airflow/.local/lib/python3.7/site-packages/airflow/example_dags/example_branch_datetime_operator.py
[2023-02-02 17:18:43,795] {processor.py:642} INFO - Processing file /home/airflow/.local/lib/python3.7/site-packages/airflow/example_dags/example_branch_datetime_operator.py for tasks to queue
[2023-02-02 17:18:43,816] {logging_mixin.py:109} INFO - [2023-02-02 17:18:43,815] {dagbag.py:500} INFO - Filling up the DagBag from /home/airflow/.local/lib/python3.7/site-packages/airflow/example_dags/example_branch_datetime_operator.py
[2023-02-02 17:18:44,039] {processor.py:654} INFO - DAG(s) dict_keys(['example_branch_datetime_operator_2']) retrieved from /home/airflow/.local/lib/python3.7/site-packages/airflow/example_dags/example_branch_datetime_operator.py
[2023-02-02 17:18:44,117] {logging_mixin.py:109} INFO - [2023-02-02 17:18:44,115] {dag.py:2396} INFO - Sync 1 DAGs
[2023-02-02 17:18:44,228] {logging_mixin.py:109} INFO - [2023-02-02 17:18:44,228] {dag.py:2935} INFO - Setting next_dagrun for example_branch_datetime_operator_2 to 2023-02-01 00:00:00+00:00
[2023-02-02 17:18:44,278] {processor.py:171} INFO - Processing /home/airflow/.local/lib/python3.7/site-packages/airflow/example_dags/example_branch_datetime_operator.py took 0.534 seconds
[2023-02-02 17:19:16,235] {processor.py:163} INFO - Started process (PID=151) to work on /home/airflow/.local/lib/python3.7/site-packages/airflow/example_dags/example_branch_datetime_operator.py
[2023-02-02 17:19:16,238] {processor.py:642} INFO - Processing file /home/airflow/.local/lib/python3.7/site-packages/airflow/example_dags/example_branch_datetime_operator.py for tasks to queue
[2023-02-02 17:19:16,239] {logging_mixin.py:109} INFO - [2023-02-02 17:19:16,239] {dagbag.py:500} INFO - Filling up the DagBag from /home/airflow/.local/lib/python3.7/site-packages/airflow/example_dags/example_branch_datetime_operator.py
[2023-02-02 17:19:16,458] {processor.py:654} INFO - DAG(s) dict_keys(['example_branch_datetime_operator_2']) retrieved from /home/airflow/.local/lib/python3.7/site-packages/airflow/example_dags/example_branch_datetime_operator.py
[2023-02-02 17:19:16,500] {logging_mixin.py:109} INFO - [2023-02-02 17:19:16,500] {dag.py:2396} INFO - Sync 1 DAGs
[2023-02-02 17:19:16,602] {logging_mixin.py:109} INFO - [2023-02-02 17:19:16,602] {dag.py:2935} INFO - Setting next_dagrun for example_branch_datetime_operator_2 to 2023-02-01 00:00:00+00:00
[2023-02-02 17:19:16,669] {processor.py:171} INFO - Processing /home/airflow/.local/lib/python3.7/site-packages/airflow/example_dags/example_branch_datetime_operator.py took 0.447 seconds
[2023-02-02 17:19:50,604] {processor.py:163} INFO - Started process (PID=200) to work on /home/airflow/.local/lib/python3.7/site-packages/airflow/example_dags/example_branch_datetime_operator.py
[2023-02-02 17:19:50,625] {processor.py:642} INFO - Processing file /home/airflow/.local/lib/python3.7/site-packages/airflow/example_dags/example_branch_datetime_operator.py for tasks to queue
[2023-02-02 17:19:50,626] {logging_mixin.py:109} INFO - [2023-02-02 17:19:50,626] {dagbag.py:500} INFO - Filling up the DagBag from /home/airflow/.local/lib/python3.7/site-packages/airflow/example_dags/example_branch_datetime_operator.py
[2023-02-02 17:19:51,003] {processor.py:654} INFO - DAG(s) dict_keys(['example_branch_datetime_operator_2']) retrieved from /home/airflow/.local/lib/python3.7/site-packages/airflow/example_dags/example_branch_datetime_operator.py
[2023-02-02 17:19:51,199] {logging_mixin.py:109} INFO - [2023-02-02 17:19:51,198] {dag.py:2396} INFO - Sync 1 DAGs
[2023-02-02 17:19:51,433] {logging_mixin.py:109} INFO - [2023-02-02 17:19:51,433] {dag.py:2935} INFO - Setting next_dagrun for example_branch_datetime_operator_2 to 2023-02-01 00:00:00+00:00
[2023-02-02 17:19:51,505] {processor.py:171} INFO - Processing /home/airflow/.local/lib/python3.7/site-packages/airflow/example_dags/example_branch_datetime_operator.py took 0.931 seconds
[2023-02-02 17:20:22,276] {processor.py:163} INFO - Started process (PID=241) to work on /home/airflow/.local/lib/python3.7/site-packages/airflow/example_dags/example_branch_datetime_operator.py
[2023-02-02 17:20:22,279] {processor.py:642} INFO - Processing file /home/airflow/.local/lib/python3.7/site-packages/airflow/example_dags/example_branch_datetime_operator.py for tasks to queue
[2023-02-02 17:20:22,280] {logging_mixin.py:109} INFO - [2023-02-02 17:20:22,280] {dagbag.py:500} INFO - Filling up the DagBag from /home/airflow/.local/lib/python3.7/site-packages/airflow/example_dags/example_branch_datetime_operator.py
[2023-02-02 17:20:22,343] {processor.py:654} INFO - DAG(s) dict_keys(['example_branch_datetime_operator_2']) retrieved from /home/airflow/.local/lib/python3.7/site-packages/airflow/example_dags/example_branch_datetime_operator.py
[2023-02-02 17:20:22,364] {logging_mixin.py:109} INFO - [2023-02-02 17:20:22,364] {dag.py:2396} INFO - Sync 1 DAGs
[2023-02-02 17:20:22,405] {logging_mixin.py:109} INFO - [2023-02-02 17:20:22,405] {dag.py:2935} INFO - Setting next_dagrun for example_branch_datetime_operator_2 to 2023-02-01 00:00:00+00:00
[2023-02-02 17:20:22,427] {processor.py:171} INFO - Processing /home/airflow/.local/lib/python3.7/site-packages/airflow/example_dags/example_branch_datetime_operator.py took 0.156 seconds
[2023-02-02 17:20:54,822] {processor.py:163} INFO - Started process (PID=290) to work on /home/airflow/.local/lib/python3.7/site-packages/airflow/example_dags/example_branch_datetime_operator.py
[2023-02-02 17:20:54,830] {processor.py:642} INFO - Processing file /home/airflow/.local/lib/python3.7/site-packages/airflow/example_dags/example_branch_datetime_operator.py for tasks to queue
[2023-02-02 17:20:54,831] {logging_mixin.py:109} INFO - [2023-02-02 17:20:54,831] {dagbag.py:500} INFO - Filling up the DagBag from /home/airflow/.local/lib/python3.7/site-packages/airflow/example_dags/example_branch_datetime_operator.py
[2023-02-02 17:20:55,024] {processor.py:654} INFO - DAG(s) dict_keys(['example_branch_datetime_operator_2']) retrieved from /home/airflow/.local/lib/python3.7/site-packages/airflow/example_dags/example_branch_datetime_operator.py
[2023-02-02 17:20:55,114] {logging_mixin.py:109} INFO - [2023-02-02 17:20:55,114] {dag.py:2396} INFO - Sync 1 DAGs
[2023-02-02 17:20:55,277] {logging_mixin.py:109} INFO - [2023-02-02 17:20:55,277] {dag.py:2935} INFO - Setting next_dagrun for example_branch_datetime_operator_2 to 2023-02-01 00:00:00+00:00
[2023-02-02 17:20:55,338] {processor.py:171} INFO - Processing /home/airflow/.local/lib/python3.7/site-packages/airflow/example_dags/example_branch_datetime_operator.py took 0.559 seconds
[2023-02-02 17:21:27,227] {processor.py:163} INFO - Started process (PID=341) to work on /home/airflow/.local/lib/python3.7/site-packages/airflow/example_dags/example_branch_datetime_operator.py
[2023-02-02 17:21:27,249] {processor.py:642} INFO - Processing file /home/airflow/.local/lib/python3.7/site-packages/airflow/example_dags/example_branch_datetime_operator.py for tasks to queue
[2023-02-02 17:21:27,250] {logging_mixin.py:109} INFO - [2023-02-02 17:21:27,250] {dagbag.py:500} INFO - Filling up the DagBag from /home/airflow/.local/lib/python3.7/site-packages/airflow/example_dags/example_branch_datetime_operator.py
[2023-02-02 17:21:27,459] {processor.py:654} INFO - DAG(s) dict_keys(['example_branch_datetime_operator_2']) retrieved from /home/airflow/.local/lib/python3.7/site-packages/airflow/example_dags/example_branch_datetime_operator.py
[2023-02-02 17:21:27,486] {logging_mixin.py:109} INFO - [2023-02-02 17:21:27,483] {dag.py:2396} INFO - Sync 1 DAGs
[2023-02-02 17:21:27,538] {logging_mixin.py:109} INFO - [2023-02-02 17:21:27,538] {dag.py:2935} INFO - Setting next_dagrun for example_branch_datetime_operator_2 to 2023-02-01 00:00:00+00:00
[2023-02-02 17:21:27,576] {processor.py:171} INFO - Processing /home/airflow/.local/lib/python3.7/site-packages/airflow/example_dags/example_branch_datetime_operator.py took 0.370 seconds
[2023-02-02 17:21:57,663] {processor.py:163} INFO - Started process (PID=379) to work on /home/airflow/.local/lib/python3.7/site-packages/airflow/example_dags/example_branch_datetime_operator.py
[2023-02-02 17:21:57,665] {processor.py:642} INFO - Processing file /home/airflow/.local/lib/python3.7/site-packages/airflow/example_dags/example_branch_datetime_operator.py for tasks to queue
[2023-02-02 17:21:57,666] {logging_mixin.py:109} INFO - [2023-02-02 17:21:57,666] {dagbag.py:500} INFO - Filling up the DagBag from /home/airflow/.local/lib/python3.7/site-packages/airflow/example_dags/example_branch_datetime_operator.py
[2023-02-02 17:21:57,841] {processor.py:654} INFO - DAG(s) dict_keys(['example_branch_datetime_operator_2']) retrieved from /home/airflow/.local/lib/python3.7/site-packages/airflow/example_dags/example_branch_datetime_operator.py
[2023-02-02 17:21:57,870] {logging_mixin.py:109} INFO - [2023-02-02 17:21:57,870] {dag.py:2396} INFO - Sync 1 DAGs
[2023-02-02 17:21:57,946] {logging_mixin.py:109} INFO - [2023-02-02 17:21:57,945] {dag.py:2935} INFO - Setting next_dagrun for example_branch_datetime_operator_2 to 2023-02-01 00:00:00+00:00
[2023-02-02 17:21:57,975] {processor.py:171} INFO - Processing /home/airflow/.local/lib/python3.7/site-packages/airflow/example_dags/example_branch_datetime_operator.py took 0.334 seconds
[2023-02-02 17:22:28,898] {processor.py:163} INFO - Started process (PID=429) to work on /home/airflow/.local/lib/python3.7/site-packages/airflow/example_dags/example_branch_datetime_operator.py
[2023-02-02 17:22:28,909] {processor.py:642} INFO - Processing file /home/airflow/.local/lib/python3.7/site-packages/airflow/example_dags/example_branch_datetime_operator.py for tasks to queue
[2023-02-02 17:22:28,910] {logging_mixin.py:109} INFO - [2023-02-02 17:22:28,910] {dagbag.py:500} INFO - Filling up the DagBag from /home/airflow/.local/lib/python3.7/site-packages/airflow/example_dags/example_branch_datetime_operator.py
[2023-02-02 17:22:29,059] {processor.py:654} INFO - DAG(s) dict_keys(['example_branch_datetime_operator_2']) retrieved from /home/airflow/.local/lib/python3.7/site-packages/airflow/example_dags/example_branch_datetime_operator.py
[2023-02-02 17:22:29,111] {logging_mixin.py:109} INFO - [2023-02-02 17:22:29,110] {dag.py:2396} INFO - Sync 1 DAGs
[2023-02-02 17:22:29,214] {logging_mixin.py:109} INFO - [2023-02-02 17:22:29,213] {dag.py:2935} INFO - Setting next_dagrun for example_branch_datetime_operator_2 to 2023-02-01 00:00:00+00:00
[2023-02-02 17:22:29,278] {processor.py:171} INFO - Processing /home/airflow/.local/lib/python3.7/site-packages/airflow/example_dags/example_branch_datetime_operator.py took 0.408 seconds
[2023-02-02 17:22:59,376] {processor.py:163} INFO - Started process (PID=469) to work on /home/airflow/.local/lib/python3.7/site-packages/airflow/example_dags/example_branch_datetime_operator.py
[2023-02-02 17:22:59,379] {processor.py:642} INFO - Processing file /home/airflow/.local/lib/python3.7/site-packages/airflow/example_dags/example_branch_datetime_operator.py for tasks to queue
[2023-02-02 17:22:59,380] {logging_mixin.py:109} INFO - [2023-02-02 17:22:59,380] {dagbag.py:500} INFO - Filling up the DagBag from /home/airflow/.local/lib/python3.7/site-packages/airflow/example_dags/example_branch_datetime_operator.py
[2023-02-02 17:22:59,448] {processor.py:654} INFO - DAG(s) dict_keys(['example_branch_datetime_operator_2']) retrieved from /home/airflow/.local/lib/python3.7/site-packages/airflow/example_dags/example_branch_datetime_operator.py
[2023-02-02 17:22:59,479] {logging_mixin.py:109} INFO - [2023-02-02 17:22:59,478] {dag.py:2396} INFO - Sync 1 DAGs
[2023-02-02 17:22:59,526] {logging_mixin.py:109} INFO - [2023-02-02 17:22:59,525] {dag.py:2935} INFO - Setting next_dagrun for example_branch_datetime_operator_2 to 2023-02-01 00:00:00+00:00
[2023-02-02 17:22:59,548] {processor.py:171} INFO - Processing /home/airflow/.local/lib/python3.7/site-packages/airflow/example_dags/example_branch_datetime_operator.py took 0.182 seconds
[2023-02-02 17:23:29,827] {processor.py:163} INFO - Started process (PID=519) to work on /home/airflow/.local/lib/python3.7/site-packages/airflow/example_dags/example_branch_datetime_operator.py
[2023-02-02 17:23:29,835] {processor.py:642} INFO - Processing file /home/airflow/.local/lib/python3.7/site-packages/airflow/example_dags/example_branch_datetime_operator.py for tasks to queue
[2023-02-02 17:23:29,837] {logging_mixin.py:109} INFO - [2023-02-02 17:23:29,836] {dagbag.py:500} INFO - Filling up the DagBag from /home/airflow/.local/lib/python3.7/site-packages/airflow/example_dags/example_branch_datetime_operator.py
[2023-02-02 17:23:29,922] {processor.py:654} INFO - DAG(s) dict_keys(['example_branch_datetime_operator_2']) retrieved from /home/airflow/.local/lib/python3.7/site-packages/airflow/example_dags/example_branch_datetime_operator.py
[2023-02-02 17:23:29,970] {logging_mixin.py:109} INFO - [2023-02-02 17:23:29,969] {dag.py:2396} INFO - Sync 1 DAGs
[2023-02-02 17:23:30,105] {logging_mixin.py:109} INFO - [2023-02-02 17:23:30,104] {dag.py:2935} INFO - Setting next_dagrun for example_branch_datetime_operator_2 to 2023-02-01 00:00:00+00:00
[2023-02-02 17:23:30,185] {processor.py:171} INFO - Processing /home/airflow/.local/lib/python3.7/site-packages/airflow/example_dags/example_branch_datetime_operator.py took 0.367 seconds
[2023-02-02 17:24:01,361] {processor.py:163} INFO - Started process (PID=570) to work on /home/airflow/.local/lib/python3.7/site-packages/airflow/example_dags/example_branch_datetime_operator.py
[2023-02-02 17:24:01,366] {processor.py:642} INFO - Processing file /home/airflow/.local/lib/python3.7/site-packages/airflow/example_dags/example_branch_datetime_operator.py for tasks to queue
[2023-02-02 17:24:01,367] {logging_mixin.py:109} INFO - [2023-02-02 17:24:01,366] {dagbag.py:500} INFO - Filling up the DagBag from /home/airflow/.local/lib/python3.7/site-packages/airflow/example_dags/example_branch_datetime_operator.py
[2023-02-02 17:24:01,444] {processor.py:654} INFO - DAG(s) dict_keys(['example_branch_datetime_operator_2']) retrieved from /home/airflow/.local/lib/python3.7/site-packages/airflow/example_dags/example_branch_datetime_operator.py
[2023-02-02 17:24:01,464] {logging_mixin.py:109} INFO - [2023-02-02 17:24:01,464] {dag.py:2396} INFO - Sync 1 DAGs
[2023-02-02 17:24:01,506] {logging_mixin.py:109} INFO - [2023-02-02 17:24:01,506] {dag.py:2935} INFO - Setting next_dagrun for example_branch_datetime_operator_2 to 2023-02-01 00:00:00+00:00
[2023-02-02 17:24:01,543] {processor.py:171} INFO - Processing /home/airflow/.local/lib/python3.7/site-packages/airflow/example_dags/example_branch_datetime_operator.py took 0.193 seconds
[2023-02-02 17:24:31,781] {processor.py:163} INFO - Started process (PID=610) to work on /home/airflow/.local/lib/python3.7/site-packages/airflow/example_dags/example_branch_datetime_operator.py
[2023-02-02 17:24:31,782] {processor.py:642} INFO - Processing file /home/airflow/.local/lib/python3.7/site-packages/airflow/example_dags/example_branch_datetime_operator.py for tasks to queue
[2023-02-02 17:24:31,792] {logging_mixin.py:109} INFO - [2023-02-02 17:24:31,791] {dagbag.py:500} INFO - Filling up the DagBag from /home/airflow/.local/lib/python3.7/site-packages/airflow/example_dags/example_branch_datetime_operator.py
[2023-02-02 17:24:31,977] {processor.py:654} INFO - DAG(s) dict_keys(['example_branch_datetime_operator_2']) retrieved from /home/airflow/.local/lib/python3.7/site-packages/airflow/example_dags/example_branch_datetime_operator.py
[2023-02-02 17:24:32,011] {logging_mixin.py:109} INFO - [2023-02-02 17:24:32,011] {dag.py:2396} INFO - Sync 1 DAGs
[2023-02-02 17:24:32,078] {logging_mixin.py:109} INFO - [2023-02-02 17:24:32,077] {dag.py:2935} INFO - Setting next_dagrun for example_branch_datetime_operator_2 to 2023-02-01 00:00:00+00:00
[2023-02-02 17:24:32,151] {processor.py:171} INFO - Processing /home/airflow/.local/lib/python3.7/site-packages/airflow/example_dags/example_branch_datetime_operator.py took 0.409 seconds
[2023-02-02 17:25:02,248] {processor.py:163} INFO - Started process (PID=659) to work on /home/airflow/.local/lib/python3.7/site-packages/airflow/example_dags/example_branch_datetime_operator.py
[2023-02-02 17:25:02,256] {processor.py:642} INFO - Processing file /home/airflow/.local/lib/python3.7/site-packages/airflow/example_dags/example_branch_datetime_operator.py for tasks to queue
[2023-02-02 17:25:02,258] {logging_mixin.py:109} INFO - [2023-02-02 17:25:02,258] {dagbag.py:500} INFO - Filling up the DagBag from /home/airflow/.local/lib/python3.7/site-packages/airflow/example_dags/example_branch_datetime_operator.py
[2023-02-02 17:25:02,368] {processor.py:654} INFO - DAG(s) dict_keys(['example_branch_datetime_operator_2']) retrieved from /home/airflow/.local/lib/python3.7/site-packages/airflow/example_dags/example_branch_datetime_operator.py
[2023-02-02 17:25:02,439] {logging_mixin.py:109} INFO - [2023-02-02 17:25:02,439] {dag.py:2396} INFO - Sync 1 DAGs
[2023-02-02 17:25:02,496] {logging_mixin.py:109} INFO - [2023-02-02 17:25:02,496] {dag.py:2935} INFO - Setting next_dagrun for example_branch_datetime_operator_2 to 2023-02-01 00:00:00+00:00
[2023-02-02 17:25:02,536] {processor.py:171} INFO - Processing /home/airflow/.local/lib/python3.7/site-packages/airflow/example_dags/example_branch_datetime_operator.py took 0.297 seconds
[2023-02-02 17:25:32,772] {processor.py:163} INFO - Started process (PID=709) to work on /home/airflow/.local/lib/python3.7/site-packages/airflow/example_dags/example_branch_datetime_operator.py
[2023-02-02 17:25:32,773] {processor.py:642} INFO - Processing file /home/airflow/.local/lib/python3.7/site-packages/airflow/example_dags/example_branch_datetime_operator.py for tasks to queue
[2023-02-02 17:25:32,775] {logging_mixin.py:109} INFO - [2023-02-02 17:25:32,774] {dagbag.py:500} INFO - Filling up the DagBag from /home/airflow/.local/lib/python3.7/site-packages/airflow/example_dags/example_branch_datetime_operator.py
[2023-02-02 17:25:32,849] {processor.py:654} INFO - DAG(s) dict_keys(['example_branch_datetime_operator_2']) retrieved from /home/airflow/.local/lib/python3.7/site-packages/airflow/example_dags/example_branch_datetime_operator.py
[2023-02-02 17:25:32,871] {logging_mixin.py:109} INFO - [2023-02-02 17:25:32,871] {dag.py:2396} INFO - Sync 1 DAGs
[2023-02-02 17:25:32,914] {logging_mixin.py:109} INFO - [2023-02-02 17:25:32,914] {dag.py:2935} INFO - Setting next_dagrun for example_branch_datetime_operator_2 to 2023-02-01 00:00:00+00:00
[2023-02-02 17:25:32,949] {processor.py:171} INFO - Processing /home/airflow/.local/lib/python3.7/site-packages/airflow/example_dags/example_branch_datetime_operator.py took 0.189 seconds
[2023-02-02 17:26:03,599] {processor.py:163} INFO - Started process (PID=750) to work on /home/airflow/.local/lib/python3.7/site-packages/airflow/example_dags/example_branch_datetime_operator.py
[2023-02-02 17:26:03,602] {processor.py:642} INFO - Processing file /home/airflow/.local/lib/python3.7/site-packages/airflow/example_dags/example_branch_datetime_operator.py for tasks to queue
[2023-02-02 17:26:03,604] {logging_mixin.py:109} INFO - [2023-02-02 17:26:03,603] {dagbag.py:500} INFO - Filling up the DagBag from /home/airflow/.local/lib/python3.7/site-packages/airflow/example_dags/example_branch_datetime_operator.py
[2023-02-02 17:26:03,678] {processor.py:654} INFO - DAG(s) dict_keys(['example_branch_datetime_operator_2']) retrieved from /home/airflow/.local/lib/python3.7/site-packages/airflow/example_dags/example_branch_datetime_operator.py
[2023-02-02 17:26:03,695] {logging_mixin.py:109} INFO - [2023-02-02 17:26:03,695] {dag.py:2396} INFO - Sync 1 DAGs
[2023-02-02 17:26:03,751] {logging_mixin.py:109} INFO - [2023-02-02 17:26:03,750] {dag.py:2935} INFO - Setting next_dagrun for example_branch_datetime_operator_2 to 2023-02-01 00:00:00+00:00
[2023-02-02 17:26:03,790] {processor.py:171} INFO - Processing /home/airflow/.local/lib/python3.7/site-packages/airflow/example_dags/example_branch_datetime_operator.py took 0.199 seconds
[2023-02-02 17:26:34,556] {processor.py:163} INFO - Started process (PID=799) to work on /home/airflow/.local/lib/python3.7/site-packages/airflow/example_dags/example_branch_datetime_operator.py
[2023-02-02 17:26:34,598] {processor.py:642} INFO - Processing file /home/airflow/.local/lib/python3.7/site-packages/airflow/example_dags/example_branch_datetime_operator.py for tasks to queue
[2023-02-02 17:26:34,599] {logging_mixin.py:109} INFO - [2023-02-02 17:26:34,599] {dagbag.py:500} INFO - Filling up the DagBag from /home/airflow/.local/lib/python3.7/site-packages/airflow/example_dags/example_branch_datetime_operator.py
[2023-02-02 17:26:34,729] {processor.py:654} INFO - DAG(s) dict_keys(['example_branch_datetime_operator_2']) retrieved from /home/airflow/.local/lib/python3.7/site-packages/airflow/example_dags/example_branch_datetime_operator.py
[2023-02-02 17:26:34,781] {logging_mixin.py:109} INFO - [2023-02-02 17:26:34,781] {dag.py:2396} INFO - Sync 1 DAGs
[2023-02-02 17:26:34,873] {logging_mixin.py:109} INFO - [2023-02-02 17:26:34,873] {dag.py:2935} INFO - Setting next_dagrun for example_branch_datetime_operator_2 to 2023-02-01 00:00:00+00:00
[2023-02-02 17:26:34,937] {processor.py:171} INFO - Processing /home/airflow/.local/lib/python3.7/site-packages/airflow/example_dags/example_branch_datetime_operator.py took 0.395 seconds
[2023-02-02 17:27:05,370] {processor.py:163} INFO - Started process (PID=840) to work on /home/airflow/.local/lib/python3.7/site-packages/airflow/example_dags/example_branch_datetime_operator.py
[2023-02-02 17:27:05,372] {processor.py:642} INFO - Processing file /home/airflow/.local/lib/python3.7/site-packages/airflow/example_dags/example_branch_datetime_operator.py for tasks to queue
[2023-02-02 17:27:05,376] {logging_mixin.py:109} INFO - [2023-02-02 17:27:05,375] {dagbag.py:500} INFO - Filling up the DagBag from /home/airflow/.local/lib/python3.7/site-packages/airflow/example_dags/example_branch_datetime_operator.py
[2023-02-02 17:27:05,472] {processor.py:654} INFO - DAG(s) dict_keys(['example_branch_datetime_operator_2']) retrieved from /home/airflow/.local/lib/python3.7/site-packages/airflow/example_dags/example_branch_datetime_operator.py
[2023-02-02 17:27:05,500] {logging_mixin.py:109} INFO - [2023-02-02 17:27:05,500] {dag.py:2396} INFO - Sync 1 DAGs
[2023-02-02 17:27:05,559] {logging_mixin.py:109} INFO - [2023-02-02 17:27:05,558] {dag.py:2935} INFO - Setting next_dagrun for example_branch_datetime_operator_2 to 2023-02-01 00:00:00+00:00
[2023-02-02 17:27:05,593] {processor.py:171} INFO - Processing /home/airflow/.local/lib/python3.7/site-packages/airflow/example_dags/example_branch_datetime_operator.py took 0.234 seconds
[2023-02-02 17:27:36,389] {processor.py:163} INFO - Started process (PID=889) to work on /home/airflow/.local/lib/python3.7/site-packages/airflow/example_dags/example_branch_datetime_operator.py
[2023-02-02 17:27:36,393] {processor.py:642} INFO - Processing file /home/airflow/.local/lib/python3.7/site-packages/airflow/example_dags/example_branch_datetime_operator.py for tasks to queue
[2023-02-02 17:27:36,394] {logging_mixin.py:109} INFO - [2023-02-02 17:27:36,394] {dagbag.py:500} INFO - Filling up the DagBag from /home/airflow/.local/lib/python3.7/site-packages/airflow/example_dags/example_branch_datetime_operator.py
[2023-02-02 17:27:36,609] {processor.py:654} INFO - DAG(s) dict_keys(['example_branch_datetime_operator_2']) retrieved from /home/airflow/.local/lib/python3.7/site-packages/airflow/example_dags/example_branch_datetime_operator.py
[2023-02-02 17:27:36,636] {logging_mixin.py:109} INFO - [2023-02-02 17:27:36,636] {dag.py:2396} INFO - Sync 1 DAGs
[2023-02-02 17:27:36,772] {logging_mixin.py:109} INFO - [2023-02-02 17:27:36,772] {dag.py:2935} INFO - Setting next_dagrun for example_branch_datetime_operator_2 to 2023-02-01 00:00:00+00:00
[2023-02-02 17:27:36,817] {processor.py:171} INFO - Processing /home/airflow/.local/lib/python3.7/site-packages/airflow/example_dags/example_branch_datetime_operator.py took 0.459 seconds
[2023-02-02 17:28:07,286] {processor.py:163} INFO - Started process (PID=930) to work on /home/airflow/.local/lib/python3.7/site-packages/airflow/example_dags/example_branch_datetime_operator.py
[2023-02-02 17:28:07,289] {processor.py:642} INFO - Processing file /home/airflow/.local/lib/python3.7/site-packages/airflow/example_dags/example_branch_datetime_operator.py for tasks to queue
[2023-02-02 17:28:07,292] {logging_mixin.py:109} INFO - [2023-02-02 17:28:07,291] {dagbag.py:500} INFO - Filling up the DagBag from /home/airflow/.local/lib/python3.7/site-packages/airflow/example_dags/example_branch_datetime_operator.py
[2023-02-02 17:28:07,356] {processor.py:654} INFO - DAG(s) dict_keys(['example_branch_datetime_operator_2']) retrieved from /home/airflow/.local/lib/python3.7/site-packages/airflow/example_dags/example_branch_datetime_operator.py
[2023-02-02 17:28:07,381] {logging_mixin.py:109} INFO - [2023-02-02 17:28:07,381] {dag.py:2396} INFO - Sync 1 DAGs
[2023-02-02 17:28:07,426] {logging_mixin.py:109} INFO - [2023-02-02 17:28:07,426] {dag.py:2935} INFO - Setting next_dagrun for example_branch_datetime_operator_2 to 2023-02-01 00:00:00+00:00
[2023-02-02 17:28:07,472] {processor.py:171} INFO - Processing /home/airflow/.local/lib/python3.7/site-packages/airflow/example_dags/example_branch_datetime_operator.py took 0.193 seconds
[2023-02-02 17:28:37,957] {processor.py:163} INFO - Started process (PID=980) to work on /home/airflow/.local/lib/python3.7/site-packages/airflow/example_dags/example_branch_datetime_operator.py
[2023-02-02 17:28:37,965] {processor.py:642} INFO - Processing file /home/airflow/.local/lib/python3.7/site-packages/airflow/example_dags/example_branch_datetime_operator.py for tasks to queue
[2023-02-02 17:28:37,966] {logging_mixin.py:109} INFO - [2023-02-02 17:28:37,966] {dagbag.py:500} INFO - Filling up the DagBag from /home/airflow/.local/lib/python3.7/site-packages/airflow/example_dags/example_branch_datetime_operator.py
[2023-02-02 17:28:38,069] {processor.py:654} INFO - DAG(s) dict_keys(['example_branch_datetime_operator_2']) retrieved from /home/airflow/.local/lib/python3.7/site-packages/airflow/example_dags/example_branch_datetime_operator.py
[2023-02-02 17:28:38,100] {logging_mixin.py:109} INFO - [2023-02-02 17:28:38,100] {dag.py:2396} INFO - Sync 1 DAGs
[2023-02-02 17:28:38,201] {logging_mixin.py:109} INFO - [2023-02-02 17:28:38,200] {dag.py:2935} INFO - Setting next_dagrun for example_branch_datetime_operator_2 to 2023-02-01 00:00:00+00:00
[2023-02-02 17:28:38,234] {processor.py:171} INFO - Processing /home/airflow/.local/lib/python3.7/site-packages/airflow/example_dags/example_branch_datetime_operator.py took 0.292 seconds
[2023-02-02 17:29:08,512] {processor.py:163} INFO - Started process (PID=1028) to work on /home/airflow/.local/lib/python3.7/site-packages/airflow/example_dags/example_branch_datetime_operator.py
[2023-02-02 17:29:08,514] {processor.py:642} INFO - Processing file /home/airflow/.local/lib/python3.7/site-packages/airflow/example_dags/example_branch_datetime_operator.py for tasks to queue
[2023-02-02 17:29:08,515] {logging_mixin.py:109} INFO - [2023-02-02 17:29:08,515] {dagbag.py:500} INFO - Filling up the DagBag from /home/airflow/.local/lib/python3.7/site-packages/airflow/example_dags/example_branch_datetime_operator.py
[2023-02-02 17:29:08,619] {processor.py:654} INFO - DAG(s) dict_keys(['example_branch_datetime_operator_2']) retrieved from /home/airflow/.local/lib/python3.7/site-packages/airflow/example_dags/example_branch_datetime_operator.py
[2023-02-02 17:29:08,652] {logging_mixin.py:109} INFO - [2023-02-02 17:29:08,652] {dag.py:2396} INFO - Sync 1 DAGs
[2023-02-02 17:29:08,719] {logging_mixin.py:109} INFO - [2023-02-02 17:29:08,719] {dag.py:2935} INFO - Setting next_dagrun for example_branch_datetime_operator_2 to 2023-02-01 00:00:00+00:00
[2023-02-02 17:29:08,751] {processor.py:171} INFO - Processing /home/airflow/.local/lib/python3.7/site-packages/airflow/example_dags/example_branch_datetime_operator.py took 0.267 seconds
[2023-02-02 17:29:38,865] {processor.py:163} INFO - Started process (PID=1071) to work on /home/airflow/.local/lib/python3.7/site-packages/airflow/example_dags/example_branch_datetime_operator.py
[2023-02-02 17:29:38,870] {processor.py:642} INFO - Processing file /home/airflow/.local/lib/python3.7/site-packages/airflow/example_dags/example_branch_datetime_operator.py for tasks to queue
[2023-02-02 17:29:38,871] {logging_mixin.py:109} INFO - [2023-02-02 17:29:38,871] {dagbag.py:500} INFO - Filling up the DagBag from /home/airflow/.local/lib/python3.7/site-packages/airflow/example_dags/example_branch_datetime_operator.py
[2023-02-02 17:29:38,950] {processor.py:654} INFO - DAG(s) dict_keys(['example_branch_datetime_operator_2']) retrieved from /home/airflow/.local/lib/python3.7/site-packages/airflow/example_dags/example_branch_datetime_operator.py
[2023-02-02 17:29:38,974] {logging_mixin.py:109} INFO - [2023-02-02 17:29:38,974] {dag.py:2396} INFO - Sync 1 DAGs
[2023-02-02 17:29:39,020] {logging_mixin.py:109} INFO - [2023-02-02 17:29:39,020] {dag.py:2935} INFO - Setting next_dagrun for example_branch_datetime_operator_2 to 2023-02-01 00:00:00+00:00
[2023-02-02 17:29:39,048] {processor.py:171} INFO - Processing /home/airflow/.local/lib/python3.7/site-packages/airflow/example_dags/example_branch_datetime_operator.py took 0.193 seconds
[2023-02-02 17:30:09,228] {processor.py:163} INFO - Started process (PID=1121) to work on /home/airflow/.local/lib/python3.7/site-packages/airflow/example_dags/example_branch_datetime_operator.py
[2023-02-02 17:30:09,230] {processor.py:642} INFO - Processing file /home/airflow/.local/lib/python3.7/site-packages/airflow/example_dags/example_branch_datetime_operator.py for tasks to queue
[2023-02-02 17:30:09,238] {logging_mixin.py:109} INFO - [2023-02-02 17:30:09,237] {dagbag.py:500} INFO - Filling up the DagBag from /home/airflow/.local/lib/python3.7/site-packages/airflow/example_dags/example_branch_datetime_operator.py
[2023-02-02 17:30:09,367] {processor.py:654} INFO - DAG(s) dict_keys(['example_branch_datetime_operator_2']) retrieved from /home/airflow/.local/lib/python3.7/site-packages/airflow/example_dags/example_branch_datetime_operator.py
[2023-02-02 17:30:09,384] {logging_mixin.py:109} INFO - [2023-02-02 17:30:09,384] {dag.py:2396} INFO - Sync 1 DAGs
[2023-02-02 17:30:09,421] {logging_mixin.py:109} INFO - [2023-02-02 17:30:09,421] {dag.py:2935} INFO - Setting next_dagrun for example_branch_datetime_operator_2 to 2023-02-01 00:00:00+00:00
[2023-02-02 17:30:09,466] {processor.py:171} INFO - Processing /home/airflow/.local/lib/python3.7/site-packages/airflow/example_dags/example_branch_datetime_operator.py took 0.271 seconds
[2023-02-02 17:30:39,676] {processor.py:163} INFO - Started process (PID=1162) to work on /home/airflow/.local/lib/python3.7/site-packages/airflow/example_dags/example_branch_datetime_operator.py
[2023-02-02 17:30:39,681] {processor.py:642} INFO - Processing file /home/airflow/.local/lib/python3.7/site-packages/airflow/example_dags/example_branch_datetime_operator.py for tasks to queue
[2023-02-02 17:30:39,684] {logging_mixin.py:109} INFO - [2023-02-02 17:30:39,683] {dagbag.py:500} INFO - Filling up the DagBag from /home/airflow/.local/lib/python3.7/site-packages/airflow/example_dags/example_branch_datetime_operator.py
[2023-02-02 17:30:39,805] {processor.py:654} INFO - DAG(s) dict_keys(['example_branch_datetime_operator_2']) retrieved from /home/airflow/.local/lib/python3.7/site-packages/airflow/example_dags/example_branch_datetime_operator.py
[2023-02-02 17:30:39,829] {logging_mixin.py:109} INFO - [2023-02-02 17:30:39,829] {dag.py:2396} INFO - Sync 1 DAGs
[2023-02-02 17:30:39,909] {logging_mixin.py:109} INFO - [2023-02-02 17:30:39,909] {dag.py:2935} INFO - Setting next_dagrun for example_branch_datetime_operator_2 to 2023-02-01 00:00:00+00:00
[2023-02-02 17:30:39,953] {processor.py:171} INFO - Processing /home/airflow/.local/lib/python3.7/site-packages/airflow/example_dags/example_branch_datetime_operator.py took 0.299 seconds
[2023-02-02 17:31:11,125] {processor.py:163} INFO - Started process (PID=1211) to work on /home/airflow/.local/lib/python3.7/site-packages/airflow/example_dags/example_branch_datetime_operator.py
[2023-02-02 17:31:11,139] {processor.py:642} INFO - Processing file /home/airflow/.local/lib/python3.7/site-packages/airflow/example_dags/example_branch_datetime_operator.py for tasks to queue
[2023-02-02 17:31:11,149] {logging_mixin.py:109} INFO - [2023-02-02 17:31:11,149] {dagbag.py:500} INFO - Filling up the DagBag from /home/airflow/.local/lib/python3.7/site-packages/airflow/example_dags/example_branch_datetime_operator.py
[2023-02-02 17:31:11,409] {processor.py:654} INFO - DAG(s) dict_keys(['example_branch_datetime_operator_2']) retrieved from /home/airflow/.local/lib/python3.7/site-packages/airflow/example_dags/example_branch_datetime_operator.py
[2023-02-02 17:31:11,529] {logging_mixin.py:109} INFO - [2023-02-02 17:31:11,520] {dag.py:2396} INFO - Sync 1 DAGs
[2023-02-02 17:31:11,697] {logging_mixin.py:109} INFO - [2023-02-02 17:31:11,697] {dag.py:2935} INFO - Setting next_dagrun for example_branch_datetime_operator_2 to 2023-02-01 00:00:00+00:00
[2023-02-02 17:31:12,762] {processor.py:171} INFO - Processing /home/airflow/.local/lib/python3.7/site-packages/airflow/example_dags/example_branch_datetime_operator.py took 1.699 seconds
[2023-02-02 17:31:43,159] {processor.py:163} INFO - Started process (PID=1252) to work on /home/airflow/.local/lib/python3.7/site-packages/airflow/example_dags/example_branch_datetime_operator.py
[2023-02-02 17:31:43,163] {processor.py:642} INFO - Processing file /home/airflow/.local/lib/python3.7/site-packages/airflow/example_dags/example_branch_datetime_operator.py for tasks to queue
[2023-02-02 17:31:43,165] {logging_mixin.py:109} INFO - [2023-02-02 17:31:43,164] {dagbag.py:500} INFO - Filling up the DagBag from /home/airflow/.local/lib/python3.7/site-packages/airflow/example_dags/example_branch_datetime_operator.py
[2023-02-02 17:31:43,248] {processor.py:654} INFO - DAG(s) dict_keys(['example_branch_datetime_operator_2']) retrieved from /home/airflow/.local/lib/python3.7/site-packages/airflow/example_dags/example_branch_datetime_operator.py
[2023-02-02 17:31:43,272] {logging_mixin.py:109} INFO - [2023-02-02 17:31:43,272] {dag.py:2396} INFO - Sync 1 DAGs
[2023-02-02 17:31:43,317] {logging_mixin.py:109} INFO - [2023-02-02 17:31:43,316] {dag.py:2935} INFO - Setting next_dagrun for example_branch_datetime_operator_2 to 2023-02-01 00:00:00+00:00
[2023-02-02 17:31:43,535] {processor.py:171} INFO - Processing /home/airflow/.local/lib/python3.7/site-packages/airflow/example_dags/example_branch_datetime_operator.py took 0.386 seconds
[2023-02-02 17:32:16,985] {processor.py:163} INFO - Started process (PID=1301) to work on /home/airflow/.local/lib/python3.7/site-packages/airflow/example_dags/example_branch_datetime_operator.py
[2023-02-02 17:32:16,988] {processor.py:642} INFO - Processing file /home/airflow/.local/lib/python3.7/site-packages/airflow/example_dags/example_branch_datetime_operator.py for tasks to queue
[2023-02-02 17:32:16,991] {logging_mixin.py:109} INFO - [2023-02-02 17:32:16,991] {dagbag.py:500} INFO - Filling up the DagBag from /home/airflow/.local/lib/python3.7/site-packages/airflow/example_dags/example_branch_datetime_operator.py
[2023-02-02 17:32:17,182] {processor.py:654} INFO - DAG(s) dict_keys(['example_branch_datetime_operator_2']) retrieved from /home/airflow/.local/lib/python3.7/site-packages/airflow/example_dags/example_branch_datetime_operator.py
[2023-02-02 17:32:17,285] {logging_mixin.py:109} INFO - [2023-02-02 17:32:17,285] {dag.py:2396} INFO - Sync 1 DAGs
[2023-02-02 17:32:18,134] {logging_mixin.py:109} INFO - [2023-02-02 17:32:18,122] {dag.py:2935} INFO - Setting next_dagrun for example_branch_datetime_operator_2 to 2023-02-01 00:00:00+00:00
[2023-02-02 17:32:18,257] {processor.py:171} INFO - Processing /home/airflow/.local/lib/python3.7/site-packages/airflow/example_dags/example_branch_datetime_operator.py took 1.288 seconds
[2023-02-02 17:32:50,174] {processor.py:163} INFO - Started process (PID=1349) to work on /home/airflow/.local/lib/python3.7/site-packages/airflow/example_dags/example_branch_datetime_operator.py
[2023-02-02 17:32:50,186] {processor.py:642} INFO - Processing file /home/airflow/.local/lib/python3.7/site-packages/airflow/example_dags/example_branch_datetime_operator.py for tasks to queue
[2023-02-02 17:32:50,187] {logging_mixin.py:109} INFO - [2023-02-02 17:32:50,187] {dagbag.py:500} INFO - Filling up the DagBag from /home/airflow/.local/lib/python3.7/site-packages/airflow/example_dags/example_branch_datetime_operator.py
[2023-02-02 17:32:50,521] {processor.py:654} INFO - DAG(s) dict_keys(['example_branch_datetime_operator_2']) retrieved from /home/airflow/.local/lib/python3.7/site-packages/airflow/example_dags/example_branch_datetime_operator.py
[2023-02-02 17:32:50,642] {logging_mixin.py:109} INFO - [2023-02-02 17:32:50,642] {dag.py:2396} INFO - Sync 1 DAGs
[2023-02-02 17:32:51,941] {logging_mixin.py:109} INFO - [2023-02-02 17:32:51,941] {dag.py:2935} INFO - Setting next_dagrun for example_branch_datetime_operator_2 to 2023-02-01 00:00:00+00:00
[2023-02-02 17:32:52,048] {processor.py:171} INFO - Processing /home/airflow/.local/lib/python3.7/site-packages/airflow/example_dags/example_branch_datetime_operator.py took 1.944 seconds
[2023-02-02 17:33:22,306] {processor.py:163} INFO - Started process (PID=1389) to work on /home/airflow/.local/lib/python3.7/site-packages/airflow/example_dags/example_branch_datetime_operator.py
[2023-02-02 17:33:22,307] {processor.py:642} INFO - Processing file /home/airflow/.local/lib/python3.7/site-packages/airflow/example_dags/example_branch_datetime_operator.py for tasks to queue
[2023-02-02 17:33:22,308] {logging_mixin.py:109} INFO - [2023-02-02 17:33:22,307] {dagbag.py:500} INFO - Filling up the DagBag from /home/airflow/.local/lib/python3.7/site-packages/airflow/example_dags/example_branch_datetime_operator.py
[2023-02-02 17:33:22,338] {processor.py:654} INFO - DAG(s) dict_keys(['example_branch_datetime_operator_2']) retrieved from /home/airflow/.local/lib/python3.7/site-packages/airflow/example_dags/example_branch_datetime_operator.py
[2023-02-02 17:33:22,348] {logging_mixin.py:109} INFO - [2023-02-02 17:33:22,347] {dag.py:2396} INFO - Sync 1 DAGs
[2023-02-02 17:33:22,470] {logging_mixin.py:109} INFO - [2023-02-02 17:33:22,470] {dag.py:2935} INFO - Setting next_dagrun for example_branch_datetime_operator_2 to 2023-02-01 00:00:00+00:00
[2023-02-02 17:33:22,486] {processor.py:171} INFO - Processing /home/airflow/.local/lib/python3.7/site-packages/airflow/example_dags/example_branch_datetime_operator.py took 0.184 seconds
