[2023-02-02 17:18:26,824] {processor.py:163} INFO - Started process (PID=82) to work on /home/airflow/.local/lib/python3.7/site-packages/airflow/example_dags/example_branch_operator.py
[2023-02-02 17:18:26,854] {processor.py:642} INFO - Processing file /home/airflow/.local/lib/python3.7/site-packages/airflow/example_dags/example_branch_operator.py for tasks to queue
[2023-02-02 17:18:26,865] {logging_mixin.py:109} INFO - [2023-02-02 17:18:26,865] {dagbag.py:500} INFO - Filling up the DagBag from /home/airflow/.local/lib/python3.7/site-packages/airflow/example_dags/example_branch_operator.py
[2023-02-02 17:18:27,067] {processor.py:654} INFO - DAG(s) dict_keys(['example_branch_operator']) retrieved from /home/airflow/.local/lib/python3.7/site-packages/airflow/example_dags/example_branch_operator.py
[2023-02-02 17:18:27,169] {logging_mixin.py:109} INFO - [2023-02-02 17:18:27,169] {dag.py:2396} INFO - Sync 1 DAGs
[2023-02-02 17:18:27,300] {logging_mixin.py:109} INFO - [2023-02-02 17:18:27,300] {dag.py:2935} INFO - Setting next_dagrun for example_branch_operator to 2023-02-01 00:00:00+00:00
[2023-02-02 17:18:27,409] {processor.py:171} INFO - Processing /home/airflow/.local/lib/python3.7/site-packages/airflow/example_dags/example_branch_operator.py took 0.591 seconds
[2023-02-02 17:18:59,276] {processor.py:163} INFO - Started process (PID=125) to work on /home/airflow/.local/lib/python3.7/site-packages/airflow/example_dags/example_branch_operator.py
[2023-02-02 17:18:59,294] {processor.py:642} INFO - Processing file /home/airflow/.local/lib/python3.7/site-packages/airflow/example_dags/example_branch_operator.py for tasks to queue
[2023-02-02 17:18:59,295] {logging_mixin.py:109} INFO - [2023-02-02 17:18:59,295] {dagbag.py:500} INFO - Filling up the DagBag from /home/airflow/.local/lib/python3.7/site-packages/airflow/example_dags/example_branch_operator.py
[2023-02-02 17:18:59,903] {processor.py:654} INFO - DAG(s) dict_keys(['example_branch_operator']) retrieved from /home/airflow/.local/lib/python3.7/site-packages/airflow/example_dags/example_branch_operator.py
[2023-02-02 17:19:00,193] {logging_mixin.py:109} INFO - [2023-02-02 17:19:00,191] {dag.py:2396} INFO - Sync 1 DAGs
[2023-02-02 17:19:00,454] {logging_mixin.py:109} INFO - [2023-02-02 17:19:00,454] {dag.py:2935} INFO - Setting next_dagrun for example_branch_operator to 2023-02-01 00:00:00+00:00
[2023-02-02 17:19:00,573] {processor.py:171} INFO - Processing /home/airflow/.local/lib/python3.7/site-packages/airflow/example_dags/example_branch_operator.py took 1.335 seconds
[2023-02-02 17:19:31,106] {processor.py:163} INFO - Started process (PID=175) to work on /home/airflow/.local/lib/python3.7/site-packages/airflow/example_dags/example_branch_operator.py
[2023-02-02 17:19:31,108] {processor.py:642} INFO - Processing file /home/airflow/.local/lib/python3.7/site-packages/airflow/example_dags/example_branch_operator.py for tasks to queue
[2023-02-02 17:19:31,109] {logging_mixin.py:109} INFO - [2023-02-02 17:19:31,108] {dagbag.py:500} INFO - Filling up the DagBag from /home/airflow/.local/lib/python3.7/site-packages/airflow/example_dags/example_branch_operator.py
[2023-02-02 17:19:31,281] {processor.py:654} INFO - DAG(s) dict_keys(['example_branch_operator']) retrieved from /home/airflow/.local/lib/python3.7/site-packages/airflow/example_dags/example_branch_operator.py
[2023-02-02 17:19:31,320] {logging_mixin.py:109} INFO - [2023-02-02 17:19:31,319] {dag.py:2396} INFO - Sync 1 DAGs
[2023-02-02 17:19:31,364] {logging_mixin.py:109} INFO - [2023-02-02 17:19:31,364] {dag.py:2935} INFO - Setting next_dagrun for example_branch_operator to 2023-02-01 00:00:00+00:00
[2023-02-02 17:19:31,428] {processor.py:171} INFO - Processing /home/airflow/.local/lib/python3.7/site-packages/airflow/example_dags/example_branch_operator.py took 0.344 seconds
[2023-02-02 17:20:01,483] {processor.py:163} INFO - Started process (PID=215) to work on /home/airflow/.local/lib/python3.7/site-packages/airflow/example_dags/example_branch_operator.py
[2023-02-02 17:20:01,489] {processor.py:642} INFO - Processing file /home/airflow/.local/lib/python3.7/site-packages/airflow/example_dags/example_branch_operator.py for tasks to queue
[2023-02-02 17:20:01,490] {logging_mixin.py:109} INFO - [2023-02-02 17:20:01,490] {dagbag.py:500} INFO - Filling up the DagBag from /home/airflow/.local/lib/python3.7/site-packages/airflow/example_dags/example_branch_operator.py
[2023-02-02 17:20:01,550] {processor.py:654} INFO - DAG(s) dict_keys(['example_branch_operator']) retrieved from /home/airflow/.local/lib/python3.7/site-packages/airflow/example_dags/example_branch_operator.py
[2023-02-02 17:20:01,595] {logging_mixin.py:109} INFO - [2023-02-02 17:20:01,595] {dag.py:2396} INFO - Sync 1 DAGs
[2023-02-02 17:20:01,643] {logging_mixin.py:109} INFO - [2023-02-02 17:20:01,643] {dag.py:2935} INFO - Setting next_dagrun for example_branch_operator to 2023-02-01 00:00:00+00:00
[2023-02-02 17:20:01,662] {processor.py:171} INFO - Processing /home/airflow/.local/lib/python3.7/site-packages/airflow/example_dags/example_branch_operator.py took 0.186 seconds
[2023-02-02 17:20:33,663] {processor.py:163} INFO - Started process (PID=265) to work on /home/airflow/.local/lib/python3.7/site-packages/airflow/example_dags/example_branch_operator.py
[2023-02-02 17:20:33,668] {processor.py:642} INFO - Processing file /home/airflow/.local/lib/python3.7/site-packages/airflow/example_dags/example_branch_operator.py for tasks to queue
[2023-02-02 17:20:33,670] {logging_mixin.py:109} INFO - [2023-02-02 17:20:33,670] {dagbag.py:500} INFO - Filling up the DagBag from /home/airflow/.local/lib/python3.7/site-packages/airflow/example_dags/example_branch_operator.py
[2023-02-02 17:20:33,876] {processor.py:654} INFO - DAG(s) dict_keys(['example_branch_operator']) retrieved from /home/airflow/.local/lib/python3.7/site-packages/airflow/example_dags/example_branch_operator.py
[2023-02-02 17:20:33,920] {logging_mixin.py:109} INFO - [2023-02-02 17:20:33,919] {dag.py:2396} INFO - Sync 1 DAGs
[2023-02-02 17:20:34,022] {logging_mixin.py:109} INFO - [2023-02-02 17:20:34,022] {dag.py:2935} INFO - Setting next_dagrun for example_branch_operator to 2023-02-01 00:00:00+00:00
[2023-02-02 17:20:34,095] {processor.py:171} INFO - Processing /home/airflow/.local/lib/python3.7/site-packages/airflow/example_dags/example_branch_operator.py took 0.441 seconds
[2023-02-02 17:21:04,388] {processor.py:163} INFO - Started process (PID=305) to work on /home/airflow/.local/lib/python3.7/site-packages/airflow/example_dags/example_branch_operator.py
[2023-02-02 17:21:04,394] {processor.py:642} INFO - Processing file /home/airflow/.local/lib/python3.7/site-packages/airflow/example_dags/example_branch_operator.py for tasks to queue
[2023-02-02 17:21:04,396] {logging_mixin.py:109} INFO - [2023-02-02 17:21:04,395] {dagbag.py:500} INFO - Filling up the DagBag from /home/airflow/.local/lib/python3.7/site-packages/airflow/example_dags/example_branch_operator.py
[2023-02-02 17:21:04,569] {processor.py:654} INFO - DAG(s) dict_keys(['example_branch_operator']) retrieved from /home/airflow/.local/lib/python3.7/site-packages/airflow/example_dags/example_branch_operator.py
[2023-02-02 17:21:04,640] {logging_mixin.py:109} INFO - [2023-02-02 17:21:04,640] {dag.py:2396} INFO - Sync 1 DAGs
[2023-02-02 17:21:04,778] {logging_mixin.py:109} INFO - [2023-02-02 17:21:04,778] {dag.py:2935} INFO - Setting next_dagrun for example_branch_operator to 2023-02-01 00:00:00+00:00
[2023-02-02 17:21:04,843] {processor.py:171} INFO - Processing /home/airflow/.local/lib/python3.7/site-packages/airflow/example_dags/example_branch_operator.py took 0.477 seconds
[2023-02-02 17:21:35,335] {processor.py:163} INFO - Started process (PID=355) to work on /home/airflow/.local/lib/python3.7/site-packages/airflow/example_dags/example_branch_operator.py
[2023-02-02 17:21:35,338] {processor.py:642} INFO - Processing file /home/airflow/.local/lib/python3.7/site-packages/airflow/example_dags/example_branch_operator.py for tasks to queue
[2023-02-02 17:21:35,339] {logging_mixin.py:109} INFO - [2023-02-02 17:21:35,339] {dagbag.py:500} INFO - Filling up the DagBag from /home/airflow/.local/lib/python3.7/site-packages/airflow/example_dags/example_branch_operator.py
[2023-02-02 17:21:35,466] {processor.py:654} INFO - DAG(s) dict_keys(['example_branch_operator']) retrieved from /home/airflow/.local/lib/python3.7/site-packages/airflow/example_dags/example_branch_operator.py
[2023-02-02 17:21:35,583] {logging_mixin.py:109} INFO - [2023-02-02 17:21:35,583] {dag.py:2396} INFO - Sync 1 DAGs
[2023-02-02 17:21:35,833] {logging_mixin.py:109} INFO - [2023-02-02 17:21:35,833] {dag.py:2935} INFO - Setting next_dagrun for example_branch_operator to 2023-02-01 00:00:00+00:00
[2023-02-02 17:21:35,884] {processor.py:171} INFO - Processing /home/airflow/.local/lib/python3.7/site-packages/airflow/example_dags/example_branch_operator.py took 0.558 seconds
[2023-02-02 17:22:06,492] {processor.py:163} INFO - Started process (PID=404) to work on /home/airflow/.local/lib/python3.7/site-packages/airflow/example_dags/example_branch_operator.py
[2023-02-02 17:22:06,507] {processor.py:642} INFO - Processing file /home/airflow/.local/lib/python3.7/site-packages/airflow/example_dags/example_branch_operator.py for tasks to queue
[2023-02-02 17:22:06,508] {logging_mixin.py:109} INFO - [2023-02-02 17:22:06,508] {dagbag.py:500} INFO - Filling up the DagBag from /home/airflow/.local/lib/python3.7/site-packages/airflow/example_dags/example_branch_operator.py
[2023-02-02 17:22:06,610] {processor.py:654} INFO - DAG(s) dict_keys(['example_branch_operator']) retrieved from /home/airflow/.local/lib/python3.7/site-packages/airflow/example_dags/example_branch_operator.py
[2023-02-02 17:22:06,670] {logging_mixin.py:109} INFO - [2023-02-02 17:22:06,669] {dag.py:2396} INFO - Sync 1 DAGs
[2023-02-02 17:22:06,812] {logging_mixin.py:109} INFO - [2023-02-02 17:22:06,807] {dag.py:2935} INFO - Setting next_dagrun for example_branch_operator to 2023-02-01 00:00:00+00:00
[2023-02-02 17:22:06,874] {processor.py:171} INFO - Processing /home/airflow/.local/lib/python3.7/site-packages/airflow/example_dags/example_branch_operator.py took 0.411 seconds
[2023-02-02 17:22:37,064] {processor.py:163} INFO - Started process (PID=445) to work on /home/airflow/.local/lib/python3.7/site-packages/airflow/example_dags/example_branch_operator.py
[2023-02-02 17:22:37,066] {processor.py:642} INFO - Processing file /home/airflow/.local/lib/python3.7/site-packages/airflow/example_dags/example_branch_operator.py for tasks to queue
[2023-02-02 17:22:37,074] {logging_mixin.py:109} INFO - [2023-02-02 17:22:37,073] {dagbag.py:500} INFO - Filling up the DagBag from /home/airflow/.local/lib/python3.7/site-packages/airflow/example_dags/example_branch_operator.py
[2023-02-02 17:22:37,155] {processor.py:654} INFO - DAG(s) dict_keys(['example_branch_operator']) retrieved from /home/airflow/.local/lib/python3.7/site-packages/airflow/example_dags/example_branch_operator.py
[2023-02-02 17:22:37,180] {logging_mixin.py:109} INFO - [2023-02-02 17:22:37,180] {dag.py:2396} INFO - Sync 1 DAGs
[2023-02-02 17:22:37,241] {logging_mixin.py:109} INFO - [2023-02-02 17:22:37,241] {dag.py:2935} INFO - Setting next_dagrun for example_branch_operator to 2023-02-01 00:00:00+00:00
[2023-02-02 17:22:37,280] {processor.py:171} INFO - Processing /home/airflow/.local/lib/python3.7/site-packages/airflow/example_dags/example_branch_operator.py took 0.233 seconds
[2023-02-02 17:23:09,152] {processor.py:163} INFO - Started process (PID=493) to work on /home/airflow/.local/lib/python3.7/site-packages/airflow/example_dags/example_branch_operator.py
[2023-02-02 17:23:09,167] {processor.py:642} INFO - Processing file /home/airflow/.local/lib/python3.7/site-packages/airflow/example_dags/example_branch_operator.py for tasks to queue
[2023-02-02 17:23:09,168] {logging_mixin.py:109} INFO - [2023-02-02 17:23:09,168] {dagbag.py:500} INFO - Filling up the DagBag from /home/airflow/.local/lib/python3.7/site-packages/airflow/example_dags/example_branch_operator.py
[2023-02-02 17:23:09,258] {processor.py:654} INFO - DAG(s) dict_keys(['example_branch_operator']) retrieved from /home/airflow/.local/lib/python3.7/site-packages/airflow/example_dags/example_branch_operator.py
[2023-02-02 17:23:09,285] {logging_mixin.py:109} INFO - [2023-02-02 17:23:09,284] {dag.py:2396} INFO - Sync 1 DAGs
[2023-02-02 17:23:09,397] {logging_mixin.py:109} INFO - [2023-02-02 17:23:09,397] {dag.py:2935} INFO - Setting next_dagrun for example_branch_operator to 2023-02-01 00:00:00+00:00
[2023-02-02 17:23:09,457] {processor.py:171} INFO - Processing /home/airflow/.local/lib/python3.7/site-packages/airflow/example_dags/example_branch_operator.py took 0.349 seconds
[2023-02-02 17:23:40,375] {processor.py:163} INFO - Started process (PID=543) to work on /home/airflow/.local/lib/python3.7/site-packages/airflow/example_dags/example_branch_operator.py
[2023-02-02 17:23:40,377] {processor.py:642} INFO - Processing file /home/airflow/.local/lib/python3.7/site-packages/airflow/example_dags/example_branch_operator.py for tasks to queue
[2023-02-02 17:23:40,378] {logging_mixin.py:109} INFO - [2023-02-02 17:23:40,378] {dagbag.py:500} INFO - Filling up the DagBag from /home/airflow/.local/lib/python3.7/site-packages/airflow/example_dags/example_branch_operator.py
[2023-02-02 17:23:40,490] {processor.py:654} INFO - DAG(s) dict_keys(['example_branch_operator']) retrieved from /home/airflow/.local/lib/python3.7/site-packages/airflow/example_dags/example_branch_operator.py
[2023-02-02 17:23:40,524] {logging_mixin.py:109} INFO - [2023-02-02 17:23:40,524] {dag.py:2396} INFO - Sync 1 DAGs
[2023-02-02 17:23:40,578] {logging_mixin.py:109} INFO - [2023-02-02 17:23:40,578] {dag.py:2935} INFO - Setting next_dagrun for example_branch_operator to 2023-02-01 00:00:00+00:00
[2023-02-02 17:23:40,658] {processor.py:171} INFO - Processing /home/airflow/.local/lib/python3.7/site-packages/airflow/example_dags/example_branch_operator.py took 0.307 seconds
[2023-02-02 17:24:11,673] {processor.py:163} INFO - Started process (PID=584) to work on /home/airflow/.local/lib/python3.7/site-packages/airflow/example_dags/example_branch_operator.py
[2023-02-02 17:24:11,685] {processor.py:642} INFO - Processing file /home/airflow/.local/lib/python3.7/site-packages/airflow/example_dags/example_branch_operator.py for tasks to queue
[2023-02-02 17:24:11,692] {logging_mixin.py:109} INFO - [2023-02-02 17:24:11,691] {dagbag.py:500} INFO - Filling up the DagBag from /home/airflow/.local/lib/python3.7/site-packages/airflow/example_dags/example_branch_operator.py
[2023-02-02 17:24:11,815] {processor.py:654} INFO - DAG(s) dict_keys(['example_branch_operator']) retrieved from /home/airflow/.local/lib/python3.7/site-packages/airflow/example_dags/example_branch_operator.py
[2023-02-02 17:24:11,881] {logging_mixin.py:109} INFO - [2023-02-02 17:24:11,880] {dag.py:2396} INFO - Sync 1 DAGs
[2023-02-02 17:24:12,006] {logging_mixin.py:109} INFO - [2023-02-02 17:24:12,005] {dag.py:2935} INFO - Setting next_dagrun for example_branch_operator to 2023-02-01 00:00:00+00:00
[2023-02-02 17:24:12,089] {processor.py:171} INFO - Processing /home/airflow/.local/lib/python3.7/site-packages/airflow/example_dags/example_branch_operator.py took 0.416 seconds
[2023-02-02 17:24:42,801] {processor.py:163} INFO - Started process (PID=634) to work on /home/airflow/.local/lib/python3.7/site-packages/airflow/example_dags/example_branch_operator.py
[2023-02-02 17:24:42,824] {processor.py:642} INFO - Processing file /home/airflow/.local/lib/python3.7/site-packages/airflow/example_dags/example_branch_operator.py for tasks to queue
[2023-02-02 17:24:42,826] {logging_mixin.py:109} INFO - [2023-02-02 17:24:42,826] {dagbag.py:500} INFO - Filling up the DagBag from /home/airflow/.local/lib/python3.7/site-packages/airflow/example_dags/example_branch_operator.py
[2023-02-02 17:24:43,117] {processor.py:654} INFO - DAG(s) dict_keys(['example_branch_operator']) retrieved from /home/airflow/.local/lib/python3.7/site-packages/airflow/example_dags/example_branch_operator.py
[2023-02-02 17:24:43,152] {logging_mixin.py:109} INFO - [2023-02-02 17:24:43,152] {dag.py:2396} INFO - Sync 1 DAGs
[2023-02-02 17:24:43,217] {logging_mixin.py:109} INFO - [2023-02-02 17:24:43,212] {dag.py:2935} INFO - Setting next_dagrun for example_branch_operator to 2023-02-01 00:00:00+00:00
[2023-02-02 17:24:43,263] {processor.py:171} INFO - Processing /home/airflow/.local/lib/python3.7/site-packages/airflow/example_dags/example_branch_operator.py took 0.475 seconds
[2023-02-02 17:25:13,980] {processor.py:163} INFO - Started process (PID=683) to work on /home/airflow/.local/lib/python3.7/site-packages/airflow/example_dags/example_branch_operator.py
[2023-02-02 17:25:13,981] {processor.py:642} INFO - Processing file /home/airflow/.local/lib/python3.7/site-packages/airflow/example_dags/example_branch_operator.py for tasks to queue
[2023-02-02 17:25:13,987] {logging_mixin.py:109} INFO - [2023-02-02 17:25:13,987] {dagbag.py:500} INFO - Filling up the DagBag from /home/airflow/.local/lib/python3.7/site-packages/airflow/example_dags/example_branch_operator.py
[2023-02-02 17:25:14,163] {processor.py:654} INFO - DAG(s) dict_keys(['example_branch_operator']) retrieved from /home/airflow/.local/lib/python3.7/site-packages/airflow/example_dags/example_branch_operator.py
[2023-02-02 17:25:14,221] {logging_mixin.py:109} INFO - [2023-02-02 17:25:14,221] {dag.py:2396} INFO - Sync 1 DAGs
[2023-02-02 17:25:14,310] {logging_mixin.py:109} INFO - [2023-02-02 17:25:14,309] {dag.py:2935} INFO - Setting next_dagrun for example_branch_operator to 2023-02-01 00:00:00+00:00
[2023-02-02 17:25:14,361] {processor.py:171} INFO - Processing /home/airflow/.local/lib/python3.7/site-packages/airflow/example_dags/example_branch_operator.py took 0.391 seconds
[2023-02-02 17:25:44,817] {processor.py:163} INFO - Started process (PID=724) to work on /home/airflow/.local/lib/python3.7/site-packages/airflow/example_dags/example_branch_operator.py
[2023-02-02 17:25:44,833] {processor.py:642} INFO - Processing file /home/airflow/.local/lib/python3.7/site-packages/airflow/example_dags/example_branch_operator.py for tasks to queue
[2023-02-02 17:25:44,834] {logging_mixin.py:109} INFO - [2023-02-02 17:25:44,833] {dagbag.py:500} INFO - Filling up the DagBag from /home/airflow/.local/lib/python3.7/site-packages/airflow/example_dags/example_branch_operator.py
[2023-02-02 17:25:44,983] {processor.py:654} INFO - DAG(s) dict_keys(['example_branch_operator']) retrieved from /home/airflow/.local/lib/python3.7/site-packages/airflow/example_dags/example_branch_operator.py
[2023-02-02 17:25:45,013] {logging_mixin.py:109} INFO - [2023-02-02 17:25:45,013] {dag.py:2396} INFO - Sync 1 DAGs
[2023-02-02 17:25:45,107] {logging_mixin.py:109} INFO - [2023-02-02 17:25:45,107] {dag.py:2935} INFO - Setting next_dagrun for example_branch_operator to 2023-02-01 00:00:00+00:00
[2023-02-02 17:25:45,141] {processor.py:171} INFO - Processing /home/airflow/.local/lib/python3.7/site-packages/airflow/example_dags/example_branch_operator.py took 0.338 seconds
[2023-02-02 17:26:15,348] {processor.py:163} INFO - Started process (PID=773) to work on /home/airflow/.local/lib/python3.7/site-packages/airflow/example_dags/example_branch_operator.py
[2023-02-02 17:26:15,357] {processor.py:642} INFO - Processing file /home/airflow/.local/lib/python3.7/site-packages/airflow/example_dags/example_branch_operator.py for tasks to queue
[2023-02-02 17:26:15,391] {logging_mixin.py:109} INFO - [2023-02-02 17:26:15,390] {dagbag.py:500} INFO - Filling up the DagBag from /home/airflow/.local/lib/python3.7/site-packages/airflow/example_dags/example_branch_operator.py
[2023-02-02 17:26:15,664] {processor.py:654} INFO - DAG(s) dict_keys(['example_branch_operator']) retrieved from /home/airflow/.local/lib/python3.7/site-packages/airflow/example_dags/example_branch_operator.py
[2023-02-02 17:26:15,777] {logging_mixin.py:109} INFO - [2023-02-02 17:26:15,777] {dag.py:2396} INFO - Sync 1 DAGs
[2023-02-02 17:26:15,896] {logging_mixin.py:109} INFO - [2023-02-02 17:26:15,895] {dag.py:2935} INFO - Setting next_dagrun for example_branch_operator to 2023-02-01 00:00:00+00:00
[2023-02-02 17:26:15,928] {processor.py:171} INFO - Processing /home/airflow/.local/lib/python3.7/site-packages/airflow/example_dags/example_branch_operator.py took 0.604 seconds
[2023-02-02 17:26:46,100] {processor.py:163} INFO - Started process (PID=813) to work on /home/airflow/.local/lib/python3.7/site-packages/airflow/example_dags/example_branch_operator.py
[2023-02-02 17:26:46,105] {processor.py:642} INFO - Processing file /home/airflow/.local/lib/python3.7/site-packages/airflow/example_dags/example_branch_operator.py for tasks to queue
[2023-02-02 17:26:46,109] {logging_mixin.py:109} INFO - [2023-02-02 17:26:46,108] {dagbag.py:500} INFO - Filling up the DagBag from /home/airflow/.local/lib/python3.7/site-packages/airflow/example_dags/example_branch_operator.py
[2023-02-02 17:26:46,215] {processor.py:654} INFO - DAG(s) dict_keys(['example_branch_operator']) retrieved from /home/airflow/.local/lib/python3.7/site-packages/airflow/example_dags/example_branch_operator.py
[2023-02-02 17:26:46,243] {logging_mixin.py:109} INFO - [2023-02-02 17:26:46,243] {dag.py:2396} INFO - Sync 1 DAGs
[2023-02-02 17:26:46,309] {logging_mixin.py:109} INFO - [2023-02-02 17:26:46,309] {dag.py:2935} INFO - Setting next_dagrun for example_branch_operator to 2023-02-01 00:00:00+00:00
[2023-02-02 17:26:46,340] {processor.py:171} INFO - Processing /home/airflow/.local/lib/python3.7/site-packages/airflow/example_dags/example_branch_operator.py took 0.247 seconds
[2023-02-02 17:27:18,738] {processor.py:163} INFO - Started process (PID=862) to work on /home/airflow/.local/lib/python3.7/site-packages/airflow/example_dags/example_branch_operator.py
[2023-02-02 17:27:18,742] {processor.py:642} INFO - Processing file /home/airflow/.local/lib/python3.7/site-packages/airflow/example_dags/example_branch_operator.py for tasks to queue
[2023-02-02 17:27:18,748] {logging_mixin.py:109} INFO - [2023-02-02 17:27:18,748] {dagbag.py:500} INFO - Filling up the DagBag from /home/airflow/.local/lib/python3.7/site-packages/airflow/example_dags/example_branch_operator.py
[2023-02-02 17:27:18,850] {processor.py:654} INFO - DAG(s) dict_keys(['example_branch_operator']) retrieved from /home/airflow/.local/lib/python3.7/site-packages/airflow/example_dags/example_branch_operator.py
[2023-02-02 17:27:18,874] {logging_mixin.py:109} INFO - [2023-02-02 17:27:18,873] {dag.py:2396} INFO - Sync 1 DAGs
[2023-02-02 17:27:18,927] {logging_mixin.py:109} INFO - [2023-02-02 17:27:18,927] {dag.py:2935} INFO - Setting next_dagrun for example_branch_operator to 2023-02-01 00:00:00+00:00
[2023-02-02 17:27:18,968] {processor.py:171} INFO - Processing /home/airflow/.local/lib/python3.7/site-packages/airflow/example_dags/example_branch_operator.py took 0.261 seconds
[2023-02-02 17:27:49,184] {processor.py:163} INFO - Started process (PID=908) to work on /home/airflow/.local/lib/python3.7/site-packages/airflow/example_dags/example_branch_operator.py
[2023-02-02 17:27:49,192] {processor.py:642} INFO - Processing file /home/airflow/.local/lib/python3.7/site-packages/airflow/example_dags/example_branch_operator.py for tasks to queue
[2023-02-02 17:27:49,193] {logging_mixin.py:109} INFO - [2023-02-02 17:27:49,193] {dagbag.py:500} INFO - Filling up the DagBag from /home/airflow/.local/lib/python3.7/site-packages/airflow/example_dags/example_branch_operator.py
[2023-02-02 17:27:49,475] {processor.py:654} INFO - DAG(s) dict_keys(['example_branch_operator']) retrieved from /home/airflow/.local/lib/python3.7/site-packages/airflow/example_dags/example_branch_operator.py
[2023-02-02 17:27:49,542] {logging_mixin.py:109} INFO - [2023-02-02 17:27:49,542] {dag.py:2396} INFO - Sync 1 DAGs
[2023-02-02 17:27:49,605] {logging_mixin.py:109} INFO - [2023-02-02 17:27:49,605] {dag.py:2935} INFO - Setting next_dagrun for example_branch_operator to 2023-02-01 00:00:00+00:00
[2023-02-02 17:27:49,633] {processor.py:171} INFO - Processing /home/airflow/.local/lib/python3.7/site-packages/airflow/example_dags/example_branch_operator.py took 0.480 seconds
[2023-02-02 17:28:20,414] {processor.py:163} INFO - Started process (PID=951) to work on /home/airflow/.local/lib/python3.7/site-packages/airflow/example_dags/example_branch_operator.py
[2023-02-02 17:28:20,434] {processor.py:642} INFO - Processing file /home/airflow/.local/lib/python3.7/site-packages/airflow/example_dags/example_branch_operator.py for tasks to queue
[2023-02-02 17:28:20,435] {logging_mixin.py:109} INFO - [2023-02-02 17:28:20,435] {dagbag.py:500} INFO - Filling up the DagBag from /home/airflow/.local/lib/python3.7/site-packages/airflow/example_dags/example_branch_operator.py
[2023-02-02 17:28:20,521] {processor.py:654} INFO - DAG(s) dict_keys(['example_branch_operator']) retrieved from /home/airflow/.local/lib/python3.7/site-packages/airflow/example_dags/example_branch_operator.py
[2023-02-02 17:28:20,559] {logging_mixin.py:109} INFO - [2023-02-02 17:28:20,559] {dag.py:2396} INFO - Sync 1 DAGs
[2023-02-02 17:28:20,627] {logging_mixin.py:109} INFO - [2023-02-02 17:28:20,624] {dag.py:2935} INFO - Setting next_dagrun for example_branch_operator to 2023-02-01 00:00:00+00:00
[2023-02-02 17:28:20,661] {processor.py:171} INFO - Processing /home/airflow/.local/lib/python3.7/site-packages/airflow/example_dags/example_branch_operator.py took 0.274 seconds
[2023-02-02 17:28:52,302] {processor.py:163} INFO - Started process (PID=1000) to work on /home/airflow/.local/lib/python3.7/site-packages/airflow/example_dags/example_branch_operator.py
[2023-02-02 17:28:52,306] {processor.py:642} INFO - Processing file /home/airflow/.local/lib/python3.7/site-packages/airflow/example_dags/example_branch_operator.py for tasks to queue
[2023-02-02 17:28:52,308] {logging_mixin.py:109} INFO - [2023-02-02 17:28:52,307] {dagbag.py:500} INFO - Filling up the DagBag from /home/airflow/.local/lib/python3.7/site-packages/airflow/example_dags/example_branch_operator.py
[2023-02-02 17:28:52,579] {processor.py:654} INFO - DAG(s) dict_keys(['example_branch_operator']) retrieved from /home/airflow/.local/lib/python3.7/site-packages/airflow/example_dags/example_branch_operator.py
[2023-02-02 17:28:52,671] {logging_mixin.py:109} INFO - [2023-02-02 17:28:52,671] {dag.py:2396} INFO - Sync 1 DAGs
[2023-02-02 17:28:52,814] {logging_mixin.py:109} INFO - [2023-02-02 17:28:52,813] {dag.py:2935} INFO - Setting next_dagrun for example_branch_operator to 2023-02-01 00:00:00+00:00
[2023-02-02 17:28:52,968] {processor.py:171} INFO - Processing /home/airflow/.local/lib/python3.7/site-packages/airflow/example_dags/example_branch_operator.py took 0.693 seconds
[2023-02-02 17:29:23,305] {processor.py:163} INFO - Started process (PID=1041) to work on /home/airflow/.local/lib/python3.7/site-packages/airflow/example_dags/example_branch_operator.py
[2023-02-02 17:29:23,307] {processor.py:642} INFO - Processing file /home/airflow/.local/lib/python3.7/site-packages/airflow/example_dags/example_branch_operator.py for tasks to queue
[2023-02-02 17:29:23,309] {logging_mixin.py:109} INFO - [2023-02-02 17:29:23,309] {dagbag.py:500} INFO - Filling up the DagBag from /home/airflow/.local/lib/python3.7/site-packages/airflow/example_dags/example_branch_operator.py
[2023-02-02 17:29:23,434] {processor.py:654} INFO - DAG(s) dict_keys(['example_branch_operator']) retrieved from /home/airflow/.local/lib/python3.7/site-packages/airflow/example_dags/example_branch_operator.py
[2023-02-02 17:29:23,474] {logging_mixin.py:109} INFO - [2023-02-02 17:29:23,474] {dag.py:2396} INFO - Sync 1 DAGs
[2023-02-02 17:29:23,546] {logging_mixin.py:109} INFO - [2023-02-02 17:29:23,546] {dag.py:2935} INFO - Setting next_dagrun for example_branch_operator to 2023-02-01 00:00:00+00:00
[2023-02-02 17:29:23,585] {processor.py:171} INFO - Processing /home/airflow/.local/lib/python3.7/site-packages/airflow/example_dags/example_branch_operator.py took 0.288 seconds
[2023-02-02 17:29:54,825] {processor.py:163} INFO - Started process (PID=1091) to work on /home/airflow/.local/lib/python3.7/site-packages/airflow/example_dags/example_branch_operator.py
[2023-02-02 17:29:54,832] {processor.py:642} INFO - Processing file /home/airflow/.local/lib/python3.7/site-packages/airflow/example_dags/example_branch_operator.py for tasks to queue
[2023-02-02 17:29:54,838] {logging_mixin.py:109} INFO - [2023-02-02 17:29:54,838] {dagbag.py:500} INFO - Filling up the DagBag from /home/airflow/.local/lib/python3.7/site-packages/airflow/example_dags/example_branch_operator.py
[2023-02-02 17:29:55,014] {processor.py:654} INFO - DAG(s) dict_keys(['example_branch_operator']) retrieved from /home/airflow/.local/lib/python3.7/site-packages/airflow/example_dags/example_branch_operator.py
[2023-02-02 17:29:55,065] {logging_mixin.py:109} INFO - [2023-02-02 17:29:55,065] {dag.py:2396} INFO - Sync 1 DAGs
[2023-02-02 17:29:55,164] {logging_mixin.py:109} INFO - [2023-02-02 17:29:55,164] {dag.py:2935} INFO - Setting next_dagrun for example_branch_operator to 2023-02-01 00:00:00+00:00
[2023-02-02 17:29:55,226] {processor.py:171} INFO - Processing /home/airflow/.local/lib/python3.7/site-packages/airflow/example_dags/example_branch_operator.py took 0.419 seconds
[2023-02-02 17:30:25,507] {processor.py:163} INFO - Started process (PID=1131) to work on /home/airflow/.local/lib/python3.7/site-packages/airflow/example_dags/example_branch_operator.py
[2023-02-02 17:30:25,509] {processor.py:642} INFO - Processing file /home/airflow/.local/lib/python3.7/site-packages/airflow/example_dags/example_branch_operator.py for tasks to queue
[2023-02-02 17:30:25,510] {logging_mixin.py:109} INFO - [2023-02-02 17:30:25,510] {dagbag.py:500} INFO - Filling up the DagBag from /home/airflow/.local/lib/python3.7/site-packages/airflow/example_dags/example_branch_operator.py
[2023-02-02 17:30:25,618] {processor.py:654} INFO - DAG(s) dict_keys(['example_branch_operator']) retrieved from /home/airflow/.local/lib/python3.7/site-packages/airflow/example_dags/example_branch_operator.py
[2023-02-02 17:30:25,659] {logging_mixin.py:109} INFO - [2023-02-02 17:30:25,659] {dag.py:2396} INFO - Sync 1 DAGs
[2023-02-02 17:30:25,718] {logging_mixin.py:109} INFO - [2023-02-02 17:30:25,718] {dag.py:2935} INFO - Setting next_dagrun for example_branch_operator to 2023-02-01 00:00:00+00:00
[2023-02-02 17:30:25,766] {processor.py:171} INFO - Processing /home/airflow/.local/lib/python3.7/site-packages/airflow/example_dags/example_branch_operator.py took 0.268 seconds
[2023-02-02 17:30:56,059] {processor.py:163} INFO - Started process (PID=1181) to work on /home/airflow/.local/lib/python3.7/site-packages/airflow/example_dags/example_branch_operator.py
[2023-02-02 17:30:56,062] {processor.py:642} INFO - Processing file /home/airflow/.local/lib/python3.7/site-packages/airflow/example_dags/example_branch_operator.py for tasks to queue
[2023-02-02 17:30:56,064] {logging_mixin.py:109} INFO - [2023-02-02 17:30:56,063] {dagbag.py:500} INFO - Filling up the DagBag from /home/airflow/.local/lib/python3.7/site-packages/airflow/example_dags/example_branch_operator.py
[2023-02-02 17:30:56,306] {processor.py:654} INFO - DAG(s) dict_keys(['example_branch_operator']) retrieved from /home/airflow/.local/lib/python3.7/site-packages/airflow/example_dags/example_branch_operator.py
[2023-02-02 17:30:56,357] {logging_mixin.py:109} INFO - [2023-02-02 17:30:56,357] {dag.py:2396} INFO - Sync 1 DAGs
[2023-02-02 17:30:56,695] {logging_mixin.py:109} INFO - [2023-02-02 17:30:56,695] {dag.py:2935} INFO - Setting next_dagrun for example_branch_operator to 2023-02-01 00:00:00+00:00
[2023-02-02 17:30:56,742] {processor.py:171} INFO - Processing /home/airflow/.local/lib/python3.7/site-packages/airflow/example_dags/example_branch_operator.py took 0.699 seconds
[2023-02-02 17:31:27,176] {processor.py:163} INFO - Started process (PID=1229) to work on /home/airflow/.local/lib/python3.7/site-packages/airflow/example_dags/example_branch_operator.py
[2023-02-02 17:31:27,186] {processor.py:642} INFO - Processing file /home/airflow/.local/lib/python3.7/site-packages/airflow/example_dags/example_branch_operator.py for tasks to queue
[2023-02-02 17:31:27,187] {logging_mixin.py:109} INFO - [2023-02-02 17:31:27,187] {dagbag.py:500} INFO - Filling up the DagBag from /home/airflow/.local/lib/python3.7/site-packages/airflow/example_dags/example_branch_operator.py
[2023-02-02 17:31:27,278] {processor.py:654} INFO - DAG(s) dict_keys(['example_branch_operator']) retrieved from /home/airflow/.local/lib/python3.7/site-packages/airflow/example_dags/example_branch_operator.py
[2023-02-02 17:31:27,305] {logging_mixin.py:109} INFO - [2023-02-02 17:31:27,304] {dag.py:2396} INFO - Sync 1 DAGs
[2023-02-02 17:31:28,284] {logging_mixin.py:109} INFO - [2023-02-02 17:31:28,284] {dag.py:2935} INFO - Setting next_dagrun for example_branch_operator to 2023-02-01 00:00:00+00:00
[2023-02-02 17:31:28,358] {processor.py:171} INFO - Processing /home/airflow/.local/lib/python3.7/site-packages/airflow/example_dags/example_branch_operator.py took 1.218 seconds
[2023-02-02 17:31:58,701] {processor.py:163} INFO - Started process (PID=1272) to work on /home/airflow/.local/lib/python3.7/site-packages/airflow/example_dags/example_branch_operator.py
[2023-02-02 17:31:58,706] {processor.py:642} INFO - Processing file /home/airflow/.local/lib/python3.7/site-packages/airflow/example_dags/example_branch_operator.py for tasks to queue
[2023-02-02 17:31:58,707] {logging_mixin.py:109} INFO - [2023-02-02 17:31:58,707] {dagbag.py:500} INFO - Filling up the DagBag from /home/airflow/.local/lib/python3.7/site-packages/airflow/example_dags/example_branch_operator.py
[2023-02-02 17:31:58,778] {processor.py:654} INFO - DAG(s) dict_keys(['example_branch_operator']) retrieved from /home/airflow/.local/lib/python3.7/site-packages/airflow/example_dags/example_branch_operator.py
[2023-02-02 17:31:58,810] {logging_mixin.py:109} INFO - [2023-02-02 17:31:58,809] {dag.py:2396} INFO - Sync 1 DAGs
[2023-02-02 17:31:59,043] {logging_mixin.py:109} INFO - [2023-02-02 17:31:59,042] {dag.py:2935} INFO - Setting next_dagrun for example_branch_operator to 2023-02-01 00:00:00+00:00
[2023-02-02 17:31:59,072] {processor.py:171} INFO - Processing /home/airflow/.local/lib/python3.7/site-packages/airflow/example_dags/example_branch_operator.py took 0.376 seconds
[2023-02-02 17:32:30,628] {processor.py:163} INFO - Started process (PID=1320) to work on /home/airflow/.local/lib/python3.7/site-packages/airflow/example_dags/example_branch_operator.py
[2023-02-02 17:32:30,643] {processor.py:642} INFO - Processing file /home/airflow/.local/lib/python3.7/site-packages/airflow/example_dags/example_branch_operator.py for tasks to queue
[2023-02-02 17:32:30,644] {logging_mixin.py:109} INFO - [2023-02-02 17:32:30,644] {dagbag.py:500} INFO - Filling up the DagBag from /home/airflow/.local/lib/python3.7/site-packages/airflow/example_dags/example_branch_operator.py
[2023-02-02 17:32:30,867] {processor.py:654} INFO - DAG(s) dict_keys(['example_branch_operator']) retrieved from /home/airflow/.local/lib/python3.7/site-packages/airflow/example_dags/example_branch_operator.py
[2023-02-02 17:32:30,965] {logging_mixin.py:109} INFO - [2023-02-02 17:32:30,964] {dag.py:2396} INFO - Sync 1 DAGs
[2023-02-02 17:32:31,615] {logging_mixin.py:109} INFO - [2023-02-02 17:32:31,615] {dag.py:2935} INFO - Setting next_dagrun for example_branch_operator to 2023-02-01 00:00:00+00:00
[2023-02-02 17:32:31,669] {processor.py:171} INFO - Processing /home/airflow/.local/lib/python3.7/site-packages/airflow/example_dags/example_branch_operator.py took 1.056 seconds
[2023-02-02 17:33:01,939] {processor.py:163} INFO - Started process (PID=1361) to work on /home/airflow/.local/lib/python3.7/site-packages/airflow/example_dags/example_branch_operator.py
[2023-02-02 17:33:01,947] {processor.py:642} INFO - Processing file /home/airflow/.local/lib/python3.7/site-packages/airflow/example_dags/example_branch_operator.py for tasks to queue
[2023-02-02 17:33:01,948] {logging_mixin.py:109} INFO - [2023-02-02 17:33:01,948] {dagbag.py:500} INFO - Filling up the DagBag from /home/airflow/.local/lib/python3.7/site-packages/airflow/example_dags/example_branch_operator.py
[2023-02-02 17:33:02,058] {processor.py:654} INFO - DAG(s) dict_keys(['example_branch_operator']) retrieved from /home/airflow/.local/lib/python3.7/site-packages/airflow/example_dags/example_branch_operator.py
[2023-02-02 17:33:02,088] {logging_mixin.py:109} INFO - [2023-02-02 17:33:02,087] {dag.py:2396} INFO - Sync 1 DAGs
[2023-02-02 17:33:02,332] {logging_mixin.py:109} INFO - [2023-02-02 17:33:02,331] {dag.py:2935} INFO - Setting next_dagrun for example_branch_operator to 2023-02-01 00:00:00+00:00
[2023-02-02 17:33:02,356] {processor.py:171} INFO - Processing /home/airflow/.local/lib/python3.7/site-packages/airflow/example_dags/example_branch_operator.py took 0.424 seconds
[2023-02-02 17:33:32,530] {processor.py:163} INFO - Started process (PID=1410) to work on /home/airflow/.local/lib/python3.7/site-packages/airflow/example_dags/example_branch_operator.py
[2023-02-02 17:33:32,533] {processor.py:642} INFO - Processing file /home/airflow/.local/lib/python3.7/site-packages/airflow/example_dags/example_branch_operator.py for tasks to queue
[2023-02-02 17:33:32,534] {logging_mixin.py:109} INFO - [2023-02-02 17:33:32,534] {dagbag.py:500} INFO - Filling up the DagBag from /home/airflow/.local/lib/python3.7/site-packages/airflow/example_dags/example_branch_operator.py
[2023-02-02 17:33:32,797] {processor.py:654} INFO - DAG(s) dict_keys(['example_branch_operator']) retrieved from /home/airflow/.local/lib/python3.7/site-packages/airflow/example_dags/example_branch_operator.py
[2023-02-02 17:33:32,814] {logging_mixin.py:109} INFO - [2023-02-02 17:33:32,814] {dag.py:2396} INFO - Sync 1 DAGs
[2023-02-02 17:33:32,846] {logging_mixin.py:109} INFO - [2023-02-02 17:33:32,846] {dag.py:2935} INFO - Setting next_dagrun for example_branch_operator to 2023-02-01 00:00:00+00:00
[2023-02-02 17:33:32,862] {processor.py:171} INFO - Processing /home/airflow/.local/lib/python3.7/site-packages/airflow/example_dags/example_branch_operator.py took 0.340 seconds
