[2023-02-02 17:18:32,962] {processor.py:163} INFO - Started process (PID=94) to work on /home/airflow/.local/lib/python3.7/site-packages/airflow/example_dags/example_subdag_operator.py
[2023-02-02 17:18:32,974] {processor.py:642} INFO - Processing file /home/airflow/.local/lib/python3.7/site-packages/airflow/example_dags/example_subdag_operator.py for tasks to queue
[2023-02-02 17:18:32,975] {logging_mixin.py:109} INFO - [2023-02-02 17:18:32,975] {dagbag.py:500} INFO - Filling up the DagBag from /home/airflow/.local/lib/python3.7/site-packages/airflow/example_dags/example_subdag_operator.py
[2023-02-02 17:18:33,340] {processor.py:654} INFO - DAG(s) dict_keys(['example_subdag_operator.section-1', 'example_subdag_operator.section-2', 'example_subdag_operator']) retrieved from /home/airflow/.local/lib/python3.7/site-packages/airflow/example_dags/example_subdag_operator.py
[2023-02-02 17:18:33,415] {logging_mixin.py:109} INFO - [2023-02-02 17:18:33,414] {dag.py:2396} INFO - Sync 3 DAGs
[2023-02-02 17:18:33,512] {logging_mixin.py:109} INFO - [2023-02-02 17:18:33,508] {dag.py:2935} INFO - Setting next_dagrun for example_subdag_operator to 2023-01-31T00:00:00+00:00
[2023-02-02 17:18:33,513] {logging_mixin.py:109} INFO - [2023-02-02 17:18:33,513] {dag.py:2935} INFO - Setting next_dagrun for example_subdag_operator.section-1 to None
[2023-02-02 17:18:33,514] {logging_mixin.py:109} INFO - [2023-02-02 17:18:33,513] {dag.py:2935} INFO - Setting next_dagrun for example_subdag_operator.section-2 to None
[2023-02-02 17:18:33,535] {logging_mixin.py:109} INFO - [2023-02-02 17:18:33,534] {dag.py:2396} INFO - Sync 2 DAGs
[2023-02-02 17:18:33,569] {logging_mixin.py:109} INFO - [2023-02-02 17:18:33,569] {dag.py:2935} INFO - Setting next_dagrun for example_subdag_operator.section-1 to None
[2023-02-02 17:18:33,569] {logging_mixin.py:109} INFO - [2023-02-02 17:18:33,569] {dag.py:2935} INFO - Setting next_dagrun for example_subdag_operator.section-2 to None
[2023-02-02 17:18:33,677] {processor.py:171} INFO - Processing /home/airflow/.local/lib/python3.7/site-packages/airflow/example_dags/example_subdag_operator.py took 0.730 seconds
[2023-02-02 17:19:04,208] {processor.py:163} INFO - Started process (PID=134) to work on /home/airflow/.local/lib/python3.7/site-packages/airflow/example_dags/example_subdag_operator.py
[2023-02-02 17:19:04,215] {processor.py:642} INFO - Processing file /home/airflow/.local/lib/python3.7/site-packages/airflow/example_dags/example_subdag_operator.py for tasks to queue
[2023-02-02 17:19:04,216] {logging_mixin.py:109} INFO - [2023-02-02 17:19:04,216] {dagbag.py:500} INFO - Filling up the DagBag from /home/airflow/.local/lib/python3.7/site-packages/airflow/example_dags/example_subdag_operator.py
[2023-02-02 17:19:04,552] {processor.py:654} INFO - DAG(s) dict_keys(['example_subdag_operator.section-1', 'example_subdag_operator.section-2', 'example_subdag_operator']) retrieved from /home/airflow/.local/lib/python3.7/site-packages/airflow/example_dags/example_subdag_operator.py
[2023-02-02 17:19:04,613] {logging_mixin.py:109} INFO - [2023-02-02 17:19:04,613] {dag.py:2396} INFO - Sync 3 DAGs
[2023-02-02 17:19:04,764] {logging_mixin.py:109} INFO - [2023-02-02 17:19:04,763] {dag.py:2935} INFO - Setting next_dagrun for example_subdag_operator to 2023-01-31T00:00:00+00:00
[2023-02-02 17:19:04,772] {logging_mixin.py:109} INFO - [2023-02-02 17:19:04,764] {dag.py:2935} INFO - Setting next_dagrun for example_subdag_operator.section-1 to None
[2023-02-02 17:19:04,773] {logging_mixin.py:109} INFO - [2023-02-02 17:19:04,773] {dag.py:2935} INFO - Setting next_dagrun for example_subdag_operator.section-2 to None
[2023-02-02 17:19:04,809] {logging_mixin.py:109} INFO - [2023-02-02 17:19:04,809] {dag.py:2396} INFO - Sync 2 DAGs
[2023-02-02 17:19:04,857] {logging_mixin.py:109} INFO - [2023-02-02 17:19:04,857] {dag.py:2935} INFO - Setting next_dagrun for example_subdag_operator.section-1 to None
[2023-02-02 17:19:04,857] {logging_mixin.py:109} INFO - [2023-02-02 17:19:04,857] {dag.py:2935} INFO - Setting next_dagrun for example_subdag_operator.section-2 to None
[2023-02-02 17:19:04,902] {processor.py:171} INFO - Processing /home/airflow/.local/lib/python3.7/site-packages/airflow/example_dags/example_subdag_operator.py took 0.717 seconds
[2023-02-02 17:19:35,828] {processor.py:163} INFO - Started process (PID=184) to work on /home/airflow/.local/lib/python3.7/site-packages/airflow/example_dags/example_subdag_operator.py
[2023-02-02 17:19:35,843] {processor.py:642} INFO - Processing file /home/airflow/.local/lib/python3.7/site-packages/airflow/example_dags/example_subdag_operator.py for tasks to queue
[2023-02-02 17:19:35,882] {logging_mixin.py:109} INFO - [2023-02-02 17:19:35,882] {dagbag.py:500} INFO - Filling up the DagBag from /home/airflow/.local/lib/python3.7/site-packages/airflow/example_dags/example_subdag_operator.py
[2023-02-02 17:19:36,179] {processor.py:654} INFO - DAG(s) dict_keys(['example_subdag_operator.section-1', 'example_subdag_operator.section-2', 'example_subdag_operator']) retrieved from /home/airflow/.local/lib/python3.7/site-packages/airflow/example_dags/example_subdag_operator.py
[2023-02-02 17:19:36,233] {logging_mixin.py:109} INFO - [2023-02-02 17:19:36,233] {dag.py:2396} INFO - Sync 3 DAGs
[2023-02-02 17:19:36,328] {logging_mixin.py:109} INFO - [2023-02-02 17:19:36,327] {dag.py:2935} INFO - Setting next_dagrun for example_subdag_operator to 2023-01-31T00:00:00+00:00
[2023-02-02 17:19:36,328] {logging_mixin.py:109} INFO - [2023-02-02 17:19:36,328] {dag.py:2935} INFO - Setting next_dagrun for example_subdag_operator.section-1 to None
[2023-02-02 17:19:36,328] {logging_mixin.py:109} INFO - [2023-02-02 17:19:36,328] {dag.py:2935} INFO - Setting next_dagrun for example_subdag_operator.section-2 to None
[2023-02-02 17:19:36,368] {logging_mixin.py:109} INFO - [2023-02-02 17:19:36,368] {dag.py:2396} INFO - Sync 2 DAGs
[2023-02-02 17:19:36,386] {logging_mixin.py:109} INFO - [2023-02-02 17:19:36,386] {dag.py:2935} INFO - Setting next_dagrun for example_subdag_operator.section-1 to None
[2023-02-02 17:19:36,386] {logging_mixin.py:109} INFO - [2023-02-02 17:19:36,386] {dag.py:2935} INFO - Setting next_dagrun for example_subdag_operator.section-2 to None
[2023-02-02 17:19:36,405] {processor.py:171} INFO - Processing /home/airflow/.local/lib/python3.7/site-packages/airflow/example_dags/example_subdag_operator.py took 0.592 seconds
[2023-02-02 17:20:07,061] {processor.py:163} INFO - Started process (PID=231) to work on /home/airflow/.local/lib/python3.7/site-packages/airflow/example_dags/example_subdag_operator.py
[2023-02-02 17:20:07,063] {processor.py:642} INFO - Processing file /home/airflow/.local/lib/python3.7/site-packages/airflow/example_dags/example_subdag_operator.py for tasks to queue
[2023-02-02 17:20:07,065] {logging_mixin.py:109} INFO - [2023-02-02 17:20:07,064] {dagbag.py:500} INFO - Filling up the DagBag from /home/airflow/.local/lib/python3.7/site-packages/airflow/example_dags/example_subdag_operator.py
[2023-02-02 17:20:07,261] {processor.py:654} INFO - DAG(s) dict_keys(['example_subdag_operator.section-1', 'example_subdag_operator.section-2', 'example_subdag_operator']) retrieved from /home/airflow/.local/lib/python3.7/site-packages/airflow/example_dags/example_subdag_operator.py
[2023-02-02 17:20:07,323] {logging_mixin.py:109} INFO - [2023-02-02 17:20:07,322] {dag.py:2396} INFO - Sync 3 DAGs
[2023-02-02 17:20:07,412] {logging_mixin.py:109} INFO - [2023-02-02 17:20:07,412] {dag.py:2935} INFO - Setting next_dagrun for example_subdag_operator to 2023-01-31T00:00:00+00:00
[2023-02-02 17:20:07,418] {logging_mixin.py:109} INFO - [2023-02-02 17:20:07,418] {dag.py:2935} INFO - Setting next_dagrun for example_subdag_operator.section-1 to None
[2023-02-02 17:20:07,419] {logging_mixin.py:109} INFO - [2023-02-02 17:20:07,419] {dag.py:2935} INFO - Setting next_dagrun for example_subdag_operator.section-2 to None
[2023-02-02 17:20:07,467] {logging_mixin.py:109} INFO - [2023-02-02 17:20:07,466] {dag.py:2396} INFO - Sync 2 DAGs
[2023-02-02 17:20:07,533] {logging_mixin.py:109} INFO - [2023-02-02 17:20:07,533] {dag.py:2935} INFO - Setting next_dagrun for example_subdag_operator.section-1 to None
[2023-02-02 17:20:07,534] {logging_mixin.py:109} INFO - [2023-02-02 17:20:07,534] {dag.py:2935} INFO - Setting next_dagrun for example_subdag_operator.section-2 to None
[2023-02-02 17:20:07,585] {processor.py:171} INFO - Processing /home/airflow/.local/lib/python3.7/site-packages/airflow/example_dags/example_subdag_operator.py took 0.564 seconds
[2023-02-02 17:20:37,721] {processor.py:163} INFO - Started process (PID=274) to work on /home/airflow/.local/lib/python3.7/site-packages/airflow/example_dags/example_subdag_operator.py
[2023-02-02 17:20:37,741] {processor.py:642} INFO - Processing file /home/airflow/.local/lib/python3.7/site-packages/airflow/example_dags/example_subdag_operator.py for tasks to queue
[2023-02-02 17:20:37,742] {logging_mixin.py:109} INFO - [2023-02-02 17:20:37,742] {dagbag.py:500} INFO - Filling up the DagBag from /home/airflow/.local/lib/python3.7/site-packages/airflow/example_dags/example_subdag_operator.py
[2023-02-02 17:20:38,072] {processor.py:654} INFO - DAG(s) dict_keys(['example_subdag_operator.section-1', 'example_subdag_operator.section-2', 'example_subdag_operator']) retrieved from /home/airflow/.local/lib/python3.7/site-packages/airflow/example_dags/example_subdag_operator.py
[2023-02-02 17:20:38,146] {logging_mixin.py:109} INFO - [2023-02-02 17:20:38,145] {dag.py:2396} INFO - Sync 3 DAGs
[2023-02-02 17:20:38,190] {logging_mixin.py:109} INFO - [2023-02-02 17:20:38,190] {dag.py:2935} INFO - Setting next_dagrun for example_subdag_operator to 2023-01-31T00:00:00+00:00
[2023-02-02 17:20:38,191] {logging_mixin.py:109} INFO - [2023-02-02 17:20:38,191] {dag.py:2935} INFO - Setting next_dagrun for example_subdag_operator.section-1 to None
[2023-02-02 17:20:38,192] {logging_mixin.py:109} INFO - [2023-02-02 17:20:38,192] {dag.py:2935} INFO - Setting next_dagrun for example_subdag_operator.section-2 to None
[2023-02-02 17:20:38,215] {logging_mixin.py:109} INFO - [2023-02-02 17:20:38,215] {dag.py:2396} INFO - Sync 2 DAGs
[2023-02-02 17:20:38,242] {logging_mixin.py:109} INFO - [2023-02-02 17:20:38,242] {dag.py:2935} INFO - Setting next_dagrun for example_subdag_operator.section-1 to None
[2023-02-02 17:20:38,243] {logging_mixin.py:109} INFO - [2023-02-02 17:20:38,242] {dag.py:2935} INFO - Setting next_dagrun for example_subdag_operator.section-2 to None
[2023-02-02 17:20:38,272] {processor.py:171} INFO - Processing /home/airflow/.local/lib/python3.7/site-packages/airflow/example_dags/example_subdag_operator.py took 0.591 seconds
[2023-02-02 17:21:08,473] {processor.py:163} INFO - Started process (PID=323) to work on /home/airflow/.local/lib/python3.7/site-packages/airflow/example_dags/example_subdag_operator.py
[2023-02-02 17:21:08,479] {processor.py:642} INFO - Processing file /home/airflow/.local/lib/python3.7/site-packages/airflow/example_dags/example_subdag_operator.py for tasks to queue
[2023-02-02 17:21:08,480] {logging_mixin.py:109} INFO - [2023-02-02 17:21:08,480] {dagbag.py:500} INFO - Filling up the DagBag from /home/airflow/.local/lib/python3.7/site-packages/airflow/example_dags/example_subdag_operator.py
[2023-02-02 17:21:08,846] {processor.py:654} INFO - DAG(s) dict_keys(['example_subdag_operator.section-1', 'example_subdag_operator.section-2', 'example_subdag_operator']) retrieved from /home/airflow/.local/lib/python3.7/site-packages/airflow/example_dags/example_subdag_operator.py
[2023-02-02 17:21:08,902] {logging_mixin.py:109} INFO - [2023-02-02 17:21:08,901] {dag.py:2396} INFO - Sync 3 DAGs
[2023-02-02 17:21:08,952] {logging_mixin.py:109} INFO - [2023-02-02 17:21:08,951] {dag.py:2935} INFO - Setting next_dagrun for example_subdag_operator to 2023-01-31T00:00:00+00:00
[2023-02-02 17:21:08,952] {logging_mixin.py:109} INFO - [2023-02-02 17:21:08,952] {dag.py:2935} INFO - Setting next_dagrun for example_subdag_operator.section-1 to None
[2023-02-02 17:21:08,953] {logging_mixin.py:109} INFO - [2023-02-02 17:21:08,952] {dag.py:2935} INFO - Setting next_dagrun for example_subdag_operator.section-2 to None
[2023-02-02 17:21:08,984] {logging_mixin.py:109} INFO - [2023-02-02 17:21:08,984] {dag.py:2396} INFO - Sync 2 DAGs
[2023-02-02 17:21:09,022] {logging_mixin.py:109} INFO - [2023-02-02 17:21:09,022] {dag.py:2935} INFO - Setting next_dagrun for example_subdag_operator.section-1 to None
[2023-02-02 17:21:09,023] {logging_mixin.py:109} INFO - [2023-02-02 17:21:09,022] {dag.py:2935} INFO - Setting next_dagrun for example_subdag_operator.section-2 to None
[2023-02-02 17:21:09,071] {processor.py:171} INFO - Processing /home/airflow/.local/lib/python3.7/site-packages/airflow/example_dags/example_subdag_operator.py took 0.614 seconds
[2023-02-02 17:21:39,579] {processor.py:163} INFO - Started process (PID=364) to work on /home/airflow/.local/lib/python3.7/site-packages/airflow/example_dags/example_subdag_operator.py
[2023-02-02 17:21:39,583] {processor.py:642} INFO - Processing file /home/airflow/.local/lib/python3.7/site-packages/airflow/example_dags/example_subdag_operator.py for tasks to queue
[2023-02-02 17:21:39,585] {logging_mixin.py:109} INFO - [2023-02-02 17:21:39,585] {dagbag.py:500} INFO - Filling up the DagBag from /home/airflow/.local/lib/python3.7/site-packages/airflow/example_dags/example_subdag_operator.py
[2023-02-02 17:21:39,686] {processor.py:654} INFO - DAG(s) dict_keys(['example_subdag_operator.section-1', 'example_subdag_operator.section-2', 'example_subdag_operator']) retrieved from /home/airflow/.local/lib/python3.7/site-packages/airflow/example_dags/example_subdag_operator.py
[2023-02-02 17:21:39,719] {logging_mixin.py:109} INFO - [2023-02-02 17:21:39,719] {dag.py:2396} INFO - Sync 3 DAGs
[2023-02-02 17:21:39,773] {logging_mixin.py:109} INFO - [2023-02-02 17:21:39,772] {dag.py:2935} INFO - Setting next_dagrun for example_subdag_operator to 2023-01-31T00:00:00+00:00
[2023-02-02 17:21:39,774] {logging_mixin.py:109} INFO - [2023-02-02 17:21:39,773] {dag.py:2935} INFO - Setting next_dagrun for example_subdag_operator.section-1 to None
[2023-02-02 17:21:39,774] {logging_mixin.py:109} INFO - [2023-02-02 17:21:39,774] {dag.py:2935} INFO - Setting next_dagrun for example_subdag_operator.section-2 to None
[2023-02-02 17:21:39,807] {logging_mixin.py:109} INFO - [2023-02-02 17:21:39,807] {dag.py:2396} INFO - Sync 2 DAGs
[2023-02-02 17:21:39,837] {logging_mixin.py:109} INFO - [2023-02-02 17:21:39,837] {dag.py:2935} INFO - Setting next_dagrun for example_subdag_operator.section-1 to None
[2023-02-02 17:21:39,839] {logging_mixin.py:109} INFO - [2023-02-02 17:21:39,838] {dag.py:2935} INFO - Setting next_dagrun for example_subdag_operator.section-2 to None
[2023-02-02 17:21:39,868] {processor.py:171} INFO - Processing /home/airflow/.local/lib/python3.7/site-packages/airflow/example_dags/example_subdag_operator.py took 0.295 seconds
[2023-02-02 17:22:10,579] {processor.py:163} INFO - Started process (PID=413) to work on /home/airflow/.local/lib/python3.7/site-packages/airflow/example_dags/example_subdag_operator.py
[2023-02-02 17:22:10,587] {processor.py:642} INFO - Processing file /home/airflow/.local/lib/python3.7/site-packages/airflow/example_dags/example_subdag_operator.py for tasks to queue
[2023-02-02 17:22:10,590] {logging_mixin.py:109} INFO - [2023-02-02 17:22:10,590] {dagbag.py:500} INFO - Filling up the DagBag from /home/airflow/.local/lib/python3.7/site-packages/airflow/example_dags/example_subdag_operator.py
[2023-02-02 17:22:10,816] {processor.py:654} INFO - DAG(s) dict_keys(['example_subdag_operator.section-1', 'example_subdag_operator.section-2', 'example_subdag_operator']) retrieved from /home/airflow/.local/lib/python3.7/site-packages/airflow/example_dags/example_subdag_operator.py
[2023-02-02 17:22:10,896] {logging_mixin.py:109} INFO - [2023-02-02 17:22:10,896] {dag.py:2396} INFO - Sync 3 DAGs
[2023-02-02 17:22:10,996] {logging_mixin.py:109} INFO - [2023-02-02 17:22:10,996] {dag.py:2935} INFO - Setting next_dagrun for example_subdag_operator to 2023-01-31T00:00:00+00:00
[2023-02-02 17:22:10,997] {logging_mixin.py:109} INFO - [2023-02-02 17:22:10,997] {dag.py:2935} INFO - Setting next_dagrun for example_subdag_operator.section-1 to None
[2023-02-02 17:22:10,998] {logging_mixin.py:109} INFO - [2023-02-02 17:22:10,998] {dag.py:2935} INFO - Setting next_dagrun for example_subdag_operator.section-2 to None
[2023-02-02 17:22:11,021] {logging_mixin.py:109} INFO - [2023-02-02 17:22:11,021] {dag.py:2396} INFO - Sync 2 DAGs
[2023-02-02 17:22:11,090] {logging_mixin.py:109} INFO - [2023-02-02 17:22:11,089] {dag.py:2935} INFO - Setting next_dagrun for example_subdag_operator.section-1 to None
[2023-02-02 17:22:11,091] {logging_mixin.py:109} INFO - [2023-02-02 17:22:11,091] {dag.py:2935} INFO - Setting next_dagrun for example_subdag_operator.section-2 to None
[2023-02-02 17:22:11,165] {processor.py:171} INFO - Processing /home/airflow/.local/lib/python3.7/site-packages/airflow/example_dags/example_subdag_operator.py took 0.611 seconds
[2023-02-02 17:22:41,259] {processor.py:163} INFO - Started process (PID=455) to work on /home/airflow/.local/lib/python3.7/site-packages/airflow/example_dags/example_subdag_operator.py
[2023-02-02 17:22:41,261] {processor.py:642} INFO - Processing file /home/airflow/.local/lib/python3.7/site-packages/airflow/example_dags/example_subdag_operator.py for tasks to queue
[2023-02-02 17:22:41,263] {logging_mixin.py:109} INFO - [2023-02-02 17:22:41,262] {dagbag.py:500} INFO - Filling up the DagBag from /home/airflow/.local/lib/python3.7/site-packages/airflow/example_dags/example_subdag_operator.py
[2023-02-02 17:22:41,364] {processor.py:654} INFO - DAG(s) dict_keys(['example_subdag_operator.section-1', 'example_subdag_operator.section-2', 'example_subdag_operator']) retrieved from /home/airflow/.local/lib/python3.7/site-packages/airflow/example_dags/example_subdag_operator.py
[2023-02-02 17:22:41,395] {logging_mixin.py:109} INFO - [2023-02-02 17:22:41,395] {dag.py:2396} INFO - Sync 3 DAGs
[2023-02-02 17:22:41,440] {logging_mixin.py:109} INFO - [2023-02-02 17:22:41,440] {dag.py:2935} INFO - Setting next_dagrun for example_subdag_operator to 2023-01-31T00:00:00+00:00
[2023-02-02 17:22:41,441] {logging_mixin.py:109} INFO - [2023-02-02 17:22:41,440] {dag.py:2935} INFO - Setting next_dagrun for example_subdag_operator.section-1 to None
[2023-02-02 17:22:41,441] {logging_mixin.py:109} INFO - [2023-02-02 17:22:41,441] {dag.py:2935} INFO - Setting next_dagrun for example_subdag_operator.section-2 to None
[2023-02-02 17:22:41,458] {logging_mixin.py:109} INFO - [2023-02-02 17:22:41,457] {dag.py:2396} INFO - Sync 2 DAGs
[2023-02-02 17:22:41,481] {logging_mixin.py:109} INFO - [2023-02-02 17:22:41,481] {dag.py:2935} INFO - Setting next_dagrun for example_subdag_operator.section-1 to None
[2023-02-02 17:22:41,483] {logging_mixin.py:109} INFO - [2023-02-02 17:22:41,483] {dag.py:2935} INFO - Setting next_dagrun for example_subdag_operator.section-2 to None
[2023-02-02 17:22:41,536] {processor.py:171} INFO - Processing /home/airflow/.local/lib/python3.7/site-packages/airflow/example_dags/example_subdag_operator.py took 0.287 seconds
[2023-02-02 17:23:12,121] {processor.py:163} INFO - Started process (PID=504) to work on /home/airflow/.local/lib/python3.7/site-packages/airflow/example_dags/example_subdag_operator.py
[2023-02-02 17:23:12,131] {processor.py:642} INFO - Processing file /home/airflow/.local/lib/python3.7/site-packages/airflow/example_dags/example_subdag_operator.py for tasks to queue
[2023-02-02 17:23:12,133] {logging_mixin.py:109} INFO - [2023-02-02 17:23:12,132] {dagbag.py:500} INFO - Filling up the DagBag from /home/airflow/.local/lib/python3.7/site-packages/airflow/example_dags/example_subdag_operator.py
[2023-02-02 17:23:12,316] {processor.py:654} INFO - DAG(s) dict_keys(['example_subdag_operator.section-1', 'example_subdag_operator.section-2', 'example_subdag_operator']) retrieved from /home/airflow/.local/lib/python3.7/site-packages/airflow/example_dags/example_subdag_operator.py
[2023-02-02 17:23:12,383] {logging_mixin.py:109} INFO - [2023-02-02 17:23:12,383] {dag.py:2396} INFO - Sync 3 DAGs
[2023-02-02 17:23:12,493] {logging_mixin.py:109} INFO - [2023-02-02 17:23:12,493] {dag.py:2935} INFO - Setting next_dagrun for example_subdag_operator to 2023-01-31T00:00:00+00:00
[2023-02-02 17:23:12,495] {logging_mixin.py:109} INFO - [2023-02-02 17:23:12,495] {dag.py:2935} INFO - Setting next_dagrun for example_subdag_operator.section-1 to None
[2023-02-02 17:23:12,495] {logging_mixin.py:109} INFO - [2023-02-02 17:23:12,495] {dag.py:2935} INFO - Setting next_dagrun for example_subdag_operator.section-2 to None
[2023-02-02 17:23:12,523] {logging_mixin.py:109} INFO - [2023-02-02 17:23:12,523] {dag.py:2396} INFO - Sync 2 DAGs
[2023-02-02 17:23:12,567] {logging_mixin.py:109} INFO - [2023-02-02 17:23:12,567] {dag.py:2935} INFO - Setting next_dagrun for example_subdag_operator.section-1 to None
[2023-02-02 17:23:12,568] {logging_mixin.py:109} INFO - [2023-02-02 17:23:12,568] {dag.py:2935} INFO - Setting next_dagrun for example_subdag_operator.section-2 to None
[2023-02-02 17:23:12,594] {processor.py:171} INFO - Processing /home/airflow/.local/lib/python3.7/site-packages/airflow/example_dags/example_subdag_operator.py took 0.486 seconds
[2023-02-02 17:23:43,119] {processor.py:163} INFO - Started process (PID=554) to work on /home/airflow/.local/lib/python3.7/site-packages/airflow/example_dags/example_subdag_operator.py
[2023-02-02 17:23:43,124] {processor.py:642} INFO - Processing file /home/airflow/.local/lib/python3.7/site-packages/airflow/example_dags/example_subdag_operator.py for tasks to queue
[2023-02-02 17:23:43,128] {logging_mixin.py:109} INFO - [2023-02-02 17:23:43,128] {dagbag.py:500} INFO - Filling up the DagBag from /home/airflow/.local/lib/python3.7/site-packages/airflow/example_dags/example_subdag_operator.py
[2023-02-02 17:23:43,201] {processor.py:654} INFO - DAG(s) dict_keys(['example_subdag_operator.section-1', 'example_subdag_operator.section-2', 'example_subdag_operator']) retrieved from /home/airflow/.local/lib/python3.7/site-packages/airflow/example_dags/example_subdag_operator.py
[2023-02-02 17:23:43,228] {logging_mixin.py:109} INFO - [2023-02-02 17:23:43,228] {dag.py:2396} INFO - Sync 3 DAGs
[2023-02-02 17:23:43,272] {logging_mixin.py:109} INFO - [2023-02-02 17:23:43,272] {dag.py:2935} INFO - Setting next_dagrun for example_subdag_operator to 2023-01-31T00:00:00+00:00
[2023-02-02 17:23:43,273] {logging_mixin.py:109} INFO - [2023-02-02 17:23:43,273] {dag.py:2935} INFO - Setting next_dagrun for example_subdag_operator.section-1 to None
[2023-02-02 17:23:43,274] {logging_mixin.py:109} INFO - [2023-02-02 17:23:43,274] {dag.py:2935} INFO - Setting next_dagrun for example_subdag_operator.section-2 to None
[2023-02-02 17:23:43,287] {logging_mixin.py:109} INFO - [2023-02-02 17:23:43,287] {dag.py:2396} INFO - Sync 2 DAGs
[2023-02-02 17:23:43,318] {logging_mixin.py:109} INFO - [2023-02-02 17:23:43,318] {dag.py:2935} INFO - Setting next_dagrun for example_subdag_operator.section-1 to None
[2023-02-02 17:23:43,318] {logging_mixin.py:109} INFO - [2023-02-02 17:23:43,318] {dag.py:2935} INFO - Setting next_dagrun for example_subdag_operator.section-2 to None
[2023-02-02 17:23:43,349] {processor.py:171} INFO - Processing /home/airflow/.local/lib/python3.7/site-packages/airflow/example_dags/example_subdag_operator.py took 0.236 seconds
[2023-02-02 17:24:16,602] {processor.py:163} INFO - Started process (PID=603) to work on /home/airflow/.local/lib/python3.7/site-packages/airflow/example_dags/example_subdag_operator.py
[2023-02-02 17:24:16,610] {processor.py:642} INFO - Processing file /home/airflow/.local/lib/python3.7/site-packages/airflow/example_dags/example_subdag_operator.py for tasks to queue
[2023-02-02 17:24:16,611] {logging_mixin.py:109} INFO - [2023-02-02 17:24:16,611] {dagbag.py:500} INFO - Filling up the DagBag from /home/airflow/.local/lib/python3.7/site-packages/airflow/example_dags/example_subdag_operator.py
[2023-02-02 17:24:16,808] {processor.py:654} INFO - DAG(s) dict_keys(['example_subdag_operator.section-1', 'example_subdag_operator.section-2', 'example_subdag_operator']) retrieved from /home/airflow/.local/lib/python3.7/site-packages/airflow/example_dags/example_subdag_operator.py
[2023-02-02 17:24:16,872] {logging_mixin.py:109} INFO - [2023-02-02 17:24:16,871] {dag.py:2396} INFO - Sync 3 DAGs
[2023-02-02 17:24:16,950] {logging_mixin.py:109} INFO - [2023-02-02 17:24:16,950] {dag.py:2935} INFO - Setting next_dagrun for example_subdag_operator to 2023-01-31T00:00:00+00:00
[2023-02-02 17:24:16,951] {logging_mixin.py:109} INFO - [2023-02-02 17:24:16,951] {dag.py:2935} INFO - Setting next_dagrun for example_subdag_operator.section-1 to None
[2023-02-02 17:24:16,951] {logging_mixin.py:109} INFO - [2023-02-02 17:24:16,951] {dag.py:2935} INFO - Setting next_dagrun for example_subdag_operator.section-2 to None
[2023-02-02 17:24:16,991] {logging_mixin.py:109} INFO - [2023-02-02 17:24:16,990] {dag.py:2396} INFO - Sync 2 DAGs
[2023-02-02 17:24:17,058] {logging_mixin.py:109} INFO - [2023-02-02 17:24:17,058] {dag.py:2935} INFO - Setting next_dagrun for example_subdag_operator.section-1 to None
[2023-02-02 17:24:17,059] {logging_mixin.py:109} INFO - [2023-02-02 17:24:17,059] {dag.py:2935} INFO - Setting next_dagrun for example_subdag_operator.section-2 to None
[2023-02-02 17:24:17,100] {processor.py:171} INFO - Processing /home/airflow/.local/lib/python3.7/site-packages/airflow/example_dags/example_subdag_operator.py took 0.517 seconds
[2023-02-02 17:24:47,283] {processor.py:163} INFO - Started process (PID=646) to work on /home/airflow/.local/lib/python3.7/site-packages/airflow/example_dags/example_subdag_operator.py
[2023-02-02 17:24:47,298] {processor.py:642} INFO - Processing file /home/airflow/.local/lib/python3.7/site-packages/airflow/example_dags/example_subdag_operator.py for tasks to queue
[2023-02-02 17:24:47,299] {logging_mixin.py:109} INFO - [2023-02-02 17:24:47,299] {dagbag.py:500} INFO - Filling up the DagBag from /home/airflow/.local/lib/python3.7/site-packages/airflow/example_dags/example_subdag_operator.py
[2023-02-02 17:24:47,524] {processor.py:654} INFO - DAG(s) dict_keys(['example_subdag_operator.section-1', 'example_subdag_operator.section-2', 'example_subdag_operator']) retrieved from /home/airflow/.local/lib/python3.7/site-packages/airflow/example_dags/example_subdag_operator.py
[2023-02-02 17:24:47,573] {logging_mixin.py:109} INFO - [2023-02-02 17:24:47,573] {dag.py:2396} INFO - Sync 3 DAGs
[2023-02-02 17:24:47,623] {logging_mixin.py:109} INFO - [2023-02-02 17:24:47,612] {dag.py:2935} INFO - Setting next_dagrun for example_subdag_operator to 2023-01-31T00:00:00+00:00
[2023-02-02 17:24:47,624] {logging_mixin.py:109} INFO - [2023-02-02 17:24:47,623] {dag.py:2935} INFO - Setting next_dagrun for example_subdag_operator.section-1 to None
[2023-02-02 17:24:47,624] {logging_mixin.py:109} INFO - [2023-02-02 17:24:47,624] {dag.py:2935} INFO - Setting next_dagrun for example_subdag_operator.section-2 to None
[2023-02-02 17:24:47,645] {logging_mixin.py:109} INFO - [2023-02-02 17:24:47,645] {dag.py:2396} INFO - Sync 2 DAGs
[2023-02-02 17:24:47,695] {logging_mixin.py:109} INFO - [2023-02-02 17:24:47,695] {dag.py:2935} INFO - Setting next_dagrun for example_subdag_operator.section-1 to None
[2023-02-02 17:24:47,696] {logging_mixin.py:109} INFO - [2023-02-02 17:24:47,695] {dag.py:2935} INFO - Setting next_dagrun for example_subdag_operator.section-2 to None
[2023-02-02 17:24:47,718] {processor.py:171} INFO - Processing /home/airflow/.local/lib/python3.7/site-packages/airflow/example_dags/example_subdag_operator.py took 0.456 seconds
[2023-02-02 17:25:18,662] {processor.py:163} INFO - Started process (PID=696) to work on /home/airflow/.local/lib/python3.7/site-packages/airflow/example_dags/example_subdag_operator.py
[2023-02-02 17:25:18,675] {processor.py:642} INFO - Processing file /home/airflow/.local/lib/python3.7/site-packages/airflow/example_dags/example_subdag_operator.py for tasks to queue
[2023-02-02 17:25:18,676] {logging_mixin.py:109} INFO - [2023-02-02 17:25:18,676] {dagbag.py:500} INFO - Filling up the DagBag from /home/airflow/.local/lib/python3.7/site-packages/airflow/example_dags/example_subdag_operator.py
[2023-02-02 17:25:18,937] {processor.py:654} INFO - DAG(s) dict_keys(['example_subdag_operator.section-1', 'example_subdag_operator.section-2', 'example_subdag_operator']) retrieved from /home/airflow/.local/lib/python3.7/site-packages/airflow/example_dags/example_subdag_operator.py
[2023-02-02 17:25:19,066] {logging_mixin.py:109} INFO - [2023-02-02 17:25:19,065] {dag.py:2396} INFO - Sync 3 DAGs
[2023-02-02 17:25:19,118] {logging_mixin.py:109} INFO - [2023-02-02 17:25:19,116] {dag.py:2935} INFO - Setting next_dagrun for example_subdag_operator to 2023-01-31T00:00:00+00:00
[2023-02-02 17:25:19,118] {logging_mixin.py:109} INFO - [2023-02-02 17:25:19,118] {dag.py:2935} INFO - Setting next_dagrun for example_subdag_operator.section-1 to None
[2023-02-02 17:25:19,119] {logging_mixin.py:109} INFO - [2023-02-02 17:25:19,119] {dag.py:2935} INFO - Setting next_dagrun for example_subdag_operator.section-2 to None
[2023-02-02 17:25:19,140] {logging_mixin.py:109} INFO - [2023-02-02 17:25:19,140] {dag.py:2396} INFO - Sync 2 DAGs
[2023-02-02 17:25:19,184] {logging_mixin.py:109} INFO - [2023-02-02 17:25:19,184] {dag.py:2935} INFO - Setting next_dagrun for example_subdag_operator.section-1 to None
[2023-02-02 17:25:19,185] {logging_mixin.py:109} INFO - [2023-02-02 17:25:19,184] {dag.py:2935} INFO - Setting next_dagrun for example_subdag_operator.section-2 to None
[2023-02-02 17:25:19,216] {processor.py:171} INFO - Processing /home/airflow/.local/lib/python3.7/site-packages/airflow/example_dags/example_subdag_operator.py took 0.560 seconds
[2023-02-02 17:25:49,448] {processor.py:163} INFO - Started process (PID=736) to work on /home/airflow/.local/lib/python3.7/site-packages/airflow/example_dags/example_subdag_operator.py
[2023-02-02 17:25:49,450] {processor.py:642} INFO - Processing file /home/airflow/.local/lib/python3.7/site-packages/airflow/example_dags/example_subdag_operator.py for tasks to queue
[2023-02-02 17:25:49,451] {logging_mixin.py:109} INFO - [2023-02-02 17:25:49,451] {dagbag.py:500} INFO - Filling up the DagBag from /home/airflow/.local/lib/python3.7/site-packages/airflow/example_dags/example_subdag_operator.py
[2023-02-02 17:25:49,581] {processor.py:654} INFO - DAG(s) dict_keys(['example_subdag_operator.section-1', 'example_subdag_operator.section-2', 'example_subdag_operator']) retrieved from /home/airflow/.local/lib/python3.7/site-packages/airflow/example_dags/example_subdag_operator.py
[2023-02-02 17:25:49,621] {logging_mixin.py:109} INFO - [2023-02-02 17:25:49,621] {dag.py:2396} INFO - Sync 3 DAGs
[2023-02-02 17:25:49,685] {logging_mixin.py:109} INFO - [2023-02-02 17:25:49,685] {dag.py:2935} INFO - Setting next_dagrun for example_subdag_operator to 2023-01-31T00:00:00+00:00
[2023-02-02 17:25:49,685] {logging_mixin.py:109} INFO - [2023-02-02 17:25:49,685] {dag.py:2935} INFO - Setting next_dagrun for example_subdag_operator.section-1 to None
[2023-02-02 17:25:49,686] {logging_mixin.py:109} INFO - [2023-02-02 17:25:49,686] {dag.py:2935} INFO - Setting next_dagrun for example_subdag_operator.section-2 to None
[2023-02-02 17:25:49,713] {logging_mixin.py:109} INFO - [2023-02-02 17:25:49,713] {dag.py:2396} INFO - Sync 2 DAGs
[2023-02-02 17:25:49,757] {logging_mixin.py:109} INFO - [2023-02-02 17:25:49,757] {dag.py:2935} INFO - Setting next_dagrun for example_subdag_operator.section-1 to None
[2023-02-02 17:25:49,762] {logging_mixin.py:109} INFO - [2023-02-02 17:25:49,761] {dag.py:2935} INFO - Setting next_dagrun for example_subdag_operator.section-2 to None
[2023-02-02 17:25:49,799] {processor.py:171} INFO - Processing /home/airflow/.local/lib/python3.7/site-packages/airflow/example_dags/example_subdag_operator.py took 0.365 seconds
[2023-02-02 17:26:20,500] {processor.py:163} INFO - Started process (PID=785) to work on /home/airflow/.local/lib/python3.7/site-packages/airflow/example_dags/example_subdag_operator.py
[2023-02-02 17:26:20,509] {processor.py:642} INFO - Processing file /home/airflow/.local/lib/python3.7/site-packages/airflow/example_dags/example_subdag_operator.py for tasks to queue
[2023-02-02 17:26:20,511] {logging_mixin.py:109} INFO - [2023-02-02 17:26:20,510] {dagbag.py:500} INFO - Filling up the DagBag from /home/airflow/.local/lib/python3.7/site-packages/airflow/example_dags/example_subdag_operator.py
[2023-02-02 17:26:20,797] {processor.py:654} INFO - DAG(s) dict_keys(['example_subdag_operator.section-1', 'example_subdag_operator.section-2', 'example_subdag_operator']) retrieved from /home/airflow/.local/lib/python3.7/site-packages/airflow/example_dags/example_subdag_operator.py
[2023-02-02 17:26:20,859] {logging_mixin.py:109} INFO - [2023-02-02 17:26:20,858] {dag.py:2396} INFO - Sync 3 DAGs
[2023-02-02 17:26:20,933] {logging_mixin.py:109} INFO - [2023-02-02 17:26:20,933] {dag.py:2935} INFO - Setting next_dagrun for example_subdag_operator to 2023-01-31T00:00:00+00:00
[2023-02-02 17:26:20,934] {logging_mixin.py:109} INFO - [2023-02-02 17:26:20,933] {dag.py:2935} INFO - Setting next_dagrun for example_subdag_operator.section-1 to None
[2023-02-02 17:26:20,934] {logging_mixin.py:109} INFO - [2023-02-02 17:26:20,934] {dag.py:2935} INFO - Setting next_dagrun for example_subdag_operator.section-2 to None
[2023-02-02 17:26:20,949] {logging_mixin.py:109} INFO - [2023-02-02 17:26:20,948] {dag.py:2396} INFO - Sync 2 DAGs
[2023-02-02 17:26:20,982] {logging_mixin.py:109} INFO - [2023-02-02 17:26:20,981] {dag.py:2935} INFO - Setting next_dagrun for example_subdag_operator.section-1 to None
[2023-02-02 17:26:20,983] {logging_mixin.py:109} INFO - [2023-02-02 17:26:20,983] {dag.py:2935} INFO - Setting next_dagrun for example_subdag_operator.section-2 to None
[2023-02-02 17:26:21,021] {processor.py:171} INFO - Processing /home/airflow/.local/lib/python3.7/site-packages/airflow/example_dags/example_subdag_operator.py took 0.551 seconds
[2023-02-02 17:26:52,028] {processor.py:163} INFO - Started process (PID=835) to work on /home/airflow/.local/lib/python3.7/site-packages/airflow/example_dags/example_subdag_operator.py
[2023-02-02 17:26:52,030] {processor.py:642} INFO - Processing file /home/airflow/.local/lib/python3.7/site-packages/airflow/example_dags/example_subdag_operator.py for tasks to queue
[2023-02-02 17:26:52,031] {logging_mixin.py:109} INFO - [2023-02-02 17:26:52,031] {dagbag.py:500} INFO - Filling up the DagBag from /home/airflow/.local/lib/python3.7/site-packages/airflow/example_dags/example_subdag_operator.py
[2023-02-02 17:26:52,246] {processor.py:654} INFO - DAG(s) dict_keys(['example_subdag_operator.section-1', 'example_subdag_operator.section-2', 'example_subdag_operator']) retrieved from /home/airflow/.local/lib/python3.7/site-packages/airflow/example_dags/example_subdag_operator.py
[2023-02-02 17:26:52,322] {logging_mixin.py:109} INFO - [2023-02-02 17:26:52,322] {dag.py:2396} INFO - Sync 3 DAGs
[2023-02-02 17:26:52,432] {logging_mixin.py:109} INFO - [2023-02-02 17:26:52,432] {dag.py:2935} INFO - Setting next_dagrun for example_subdag_operator to 2023-01-31T00:00:00+00:00
[2023-02-02 17:26:52,434] {logging_mixin.py:109} INFO - [2023-02-02 17:26:52,434] {dag.py:2935} INFO - Setting next_dagrun for example_subdag_operator.section-1 to None
[2023-02-02 17:26:52,435] {logging_mixin.py:109} INFO - [2023-02-02 17:26:52,435] {dag.py:2935} INFO - Setting next_dagrun for example_subdag_operator.section-2 to None
[2023-02-02 17:26:52,465] {logging_mixin.py:109} INFO - [2023-02-02 17:26:52,465] {dag.py:2396} INFO - Sync 2 DAGs
[2023-02-02 17:26:52,516] {logging_mixin.py:109} INFO - [2023-02-02 17:26:52,515] {dag.py:2935} INFO - Setting next_dagrun for example_subdag_operator.section-1 to None
[2023-02-02 17:26:52,516] {logging_mixin.py:109} INFO - [2023-02-02 17:26:52,516] {dag.py:2935} INFO - Setting next_dagrun for example_subdag_operator.section-2 to None
[2023-02-02 17:26:52,558] {processor.py:171} INFO - Processing /home/airflow/.local/lib/python3.7/site-packages/airflow/example_dags/example_subdag_operator.py took 0.563 seconds
[2023-02-02 17:27:23,501] {processor.py:163} INFO - Started process (PID=875) to work on /home/airflow/.local/lib/python3.7/site-packages/airflow/example_dags/example_subdag_operator.py
[2023-02-02 17:27:23,507] {processor.py:642} INFO - Processing file /home/airflow/.local/lib/python3.7/site-packages/airflow/example_dags/example_subdag_operator.py for tasks to queue
[2023-02-02 17:27:23,509] {logging_mixin.py:109} INFO - [2023-02-02 17:27:23,508] {dagbag.py:500} INFO - Filling up the DagBag from /home/airflow/.local/lib/python3.7/site-packages/airflow/example_dags/example_subdag_operator.py
[2023-02-02 17:27:23,602] {processor.py:654} INFO - DAG(s) dict_keys(['example_subdag_operator.section-1', 'example_subdag_operator.section-2', 'example_subdag_operator']) retrieved from /home/airflow/.local/lib/python3.7/site-packages/airflow/example_dags/example_subdag_operator.py
[2023-02-02 17:27:23,631] {logging_mixin.py:109} INFO - [2023-02-02 17:27:23,631] {dag.py:2396} INFO - Sync 3 DAGs
[2023-02-02 17:27:23,678] {logging_mixin.py:109} INFO - [2023-02-02 17:27:23,678] {dag.py:2935} INFO - Setting next_dagrun for example_subdag_operator to 2023-01-31T00:00:00+00:00
[2023-02-02 17:27:23,679] {logging_mixin.py:109} INFO - [2023-02-02 17:27:23,679] {dag.py:2935} INFO - Setting next_dagrun for example_subdag_operator.section-1 to None
[2023-02-02 17:27:23,679] {logging_mixin.py:109} INFO - [2023-02-02 17:27:23,679] {dag.py:2935} INFO - Setting next_dagrun for example_subdag_operator.section-2 to None
[2023-02-02 17:27:23,692] {logging_mixin.py:109} INFO - [2023-02-02 17:27:23,692] {dag.py:2396} INFO - Sync 2 DAGs
[2023-02-02 17:27:23,723] {logging_mixin.py:109} INFO - [2023-02-02 17:27:23,723] {dag.py:2935} INFO - Setting next_dagrun for example_subdag_operator.section-1 to None
[2023-02-02 17:27:23,723] {logging_mixin.py:109} INFO - [2023-02-02 17:27:23,723] {dag.py:2935} INFO - Setting next_dagrun for example_subdag_operator.section-2 to None
[2023-02-02 17:27:23,755] {processor.py:171} INFO - Processing /home/airflow/.local/lib/python3.7/site-packages/airflow/example_dags/example_subdag_operator.py took 0.263 seconds
[2023-02-02 17:27:55,125] {processor.py:163} INFO - Started process (PID=924) to work on /home/airflow/.local/lib/python3.7/site-packages/airflow/example_dags/example_subdag_operator.py
[2023-02-02 17:27:55,127] {processor.py:642} INFO - Processing file /home/airflow/.local/lib/python3.7/site-packages/airflow/example_dags/example_subdag_operator.py for tasks to queue
[2023-02-02 17:27:55,128] {logging_mixin.py:109} INFO - [2023-02-02 17:27:55,128] {dagbag.py:500} INFO - Filling up the DagBag from /home/airflow/.local/lib/python3.7/site-packages/airflow/example_dags/example_subdag_operator.py
[2023-02-02 17:27:55,319] {processor.py:654} INFO - DAG(s) dict_keys(['example_subdag_operator.section-1', 'example_subdag_operator.section-2', 'example_subdag_operator']) retrieved from /home/airflow/.local/lib/python3.7/site-packages/airflow/example_dags/example_subdag_operator.py
[2023-02-02 17:27:55,413] {logging_mixin.py:109} INFO - [2023-02-02 17:27:55,412] {dag.py:2396} INFO - Sync 3 DAGs
[2023-02-02 17:27:55,467] {logging_mixin.py:109} INFO - [2023-02-02 17:27:55,467] {dag.py:2935} INFO - Setting next_dagrun for example_subdag_operator to 2023-01-31T00:00:00+00:00
[2023-02-02 17:27:55,468] {logging_mixin.py:109} INFO - [2023-02-02 17:27:55,467] {dag.py:2935} INFO - Setting next_dagrun for example_subdag_operator.section-1 to None
[2023-02-02 17:27:55,468] {logging_mixin.py:109} INFO - [2023-02-02 17:27:55,468] {dag.py:2935} INFO - Setting next_dagrun for example_subdag_operator.section-2 to None
[2023-02-02 17:27:55,503] {logging_mixin.py:109} INFO - [2023-02-02 17:27:55,503] {dag.py:2396} INFO - Sync 2 DAGs
[2023-02-02 17:27:55,554] {logging_mixin.py:109} INFO - [2023-02-02 17:27:55,553] {dag.py:2935} INFO - Setting next_dagrun for example_subdag_operator.section-1 to None
[2023-02-02 17:27:55,554] {logging_mixin.py:109} INFO - [2023-02-02 17:27:55,554] {dag.py:2935} INFO - Setting next_dagrun for example_subdag_operator.section-2 to None
[2023-02-02 17:27:55,598] {processor.py:171} INFO - Processing /home/airflow/.local/lib/python3.7/site-packages/airflow/example_dags/example_subdag_operator.py took 0.483 seconds
[2023-02-02 17:28:26,134] {processor.py:163} INFO - Started process (PID=964) to work on /home/airflow/.local/lib/python3.7/site-packages/airflow/example_dags/example_subdag_operator.py
[2023-02-02 17:28:26,142] {processor.py:642} INFO - Processing file /home/airflow/.local/lib/python3.7/site-packages/airflow/example_dags/example_subdag_operator.py for tasks to queue
[2023-02-02 17:28:26,145] {logging_mixin.py:109} INFO - [2023-02-02 17:28:26,145] {dagbag.py:500} INFO - Filling up the DagBag from /home/airflow/.local/lib/python3.7/site-packages/airflow/example_dags/example_subdag_operator.py
[2023-02-02 17:28:26,248] {processor.py:654} INFO - DAG(s) dict_keys(['example_subdag_operator.section-1', 'example_subdag_operator.section-2', 'example_subdag_operator']) retrieved from /home/airflow/.local/lib/python3.7/site-packages/airflow/example_dags/example_subdag_operator.py
[2023-02-02 17:28:26,275] {logging_mixin.py:109} INFO - [2023-02-02 17:28:26,275] {dag.py:2396} INFO - Sync 3 DAGs
[2023-02-02 17:28:26,326] {logging_mixin.py:109} INFO - [2023-02-02 17:28:26,325] {dag.py:2935} INFO - Setting next_dagrun for example_subdag_operator to 2023-01-31T00:00:00+00:00
[2023-02-02 17:28:26,327] {logging_mixin.py:109} INFO - [2023-02-02 17:28:26,327] {dag.py:2935} INFO - Setting next_dagrun for example_subdag_operator.section-1 to None
[2023-02-02 17:28:26,328] {logging_mixin.py:109} INFO - [2023-02-02 17:28:26,328] {dag.py:2935} INFO - Setting next_dagrun for example_subdag_operator.section-2 to None
[2023-02-02 17:28:26,350] {logging_mixin.py:109} INFO - [2023-02-02 17:28:26,350] {dag.py:2396} INFO - Sync 2 DAGs
[2023-02-02 17:28:26,374] {logging_mixin.py:109} INFO - [2023-02-02 17:28:26,374] {dag.py:2935} INFO - Setting next_dagrun for example_subdag_operator.section-1 to None
[2023-02-02 17:28:26,375] {logging_mixin.py:109} INFO - [2023-02-02 17:28:26,375] {dag.py:2935} INFO - Setting next_dagrun for example_subdag_operator.section-2 to None
[2023-02-02 17:28:26,402] {processor.py:171} INFO - Processing /home/airflow/.local/lib/python3.7/site-packages/airflow/example_dags/example_subdag_operator.py took 0.280 seconds
[2023-02-02 17:28:57,368] {processor.py:163} INFO - Started process (PID=1014) to work on /home/airflow/.local/lib/python3.7/site-packages/airflow/example_dags/example_subdag_operator.py
[2023-02-02 17:28:57,384] {processor.py:642} INFO - Processing file /home/airflow/.local/lib/python3.7/site-packages/airflow/example_dags/example_subdag_operator.py for tasks to queue
[2023-02-02 17:28:57,386] {logging_mixin.py:109} INFO - [2023-02-02 17:28:57,385] {dagbag.py:500} INFO - Filling up the DagBag from /home/airflow/.local/lib/python3.7/site-packages/airflow/example_dags/example_subdag_operator.py
[2023-02-02 17:28:57,662] {processor.py:654} INFO - DAG(s) dict_keys(['example_subdag_operator.section-1', 'example_subdag_operator.section-2', 'example_subdag_operator']) retrieved from /home/airflow/.local/lib/python3.7/site-packages/airflow/example_dags/example_subdag_operator.py
[2023-02-02 17:28:57,723] {logging_mixin.py:109} INFO - [2023-02-02 17:28:57,723] {dag.py:2396} INFO - Sync 3 DAGs
[2023-02-02 17:28:57,814] {logging_mixin.py:109} INFO - [2023-02-02 17:28:57,814] {dag.py:2935} INFO - Setting next_dagrun for example_subdag_operator to 2023-01-31T00:00:00+00:00
[2023-02-02 17:28:57,827] {logging_mixin.py:109} INFO - [2023-02-02 17:28:57,827] {dag.py:2935} INFO - Setting next_dagrun for example_subdag_operator.section-1 to None
[2023-02-02 17:28:57,827] {logging_mixin.py:109} INFO - [2023-02-02 17:28:57,827] {dag.py:2935} INFO - Setting next_dagrun for example_subdag_operator.section-2 to None
[2023-02-02 17:28:57,853] {logging_mixin.py:109} INFO - [2023-02-02 17:28:57,853] {dag.py:2396} INFO - Sync 2 DAGs
[2023-02-02 17:28:57,880] {logging_mixin.py:109} INFO - [2023-02-02 17:28:57,880] {dag.py:2935} INFO - Setting next_dagrun for example_subdag_operator.section-1 to None
[2023-02-02 17:28:57,880] {logging_mixin.py:109} INFO - [2023-02-02 17:28:57,880] {dag.py:2935} INFO - Setting next_dagrun for example_subdag_operator.section-2 to None
[2023-02-02 17:28:57,906] {processor.py:171} INFO - Processing /home/airflow/.local/lib/python3.7/site-packages/airflow/example_dags/example_subdag_operator.py took 0.569 seconds
[2023-02-02 17:29:28,950] {processor.py:163} INFO - Started process (PID=1064) to work on /home/airflow/.local/lib/python3.7/site-packages/airflow/example_dags/example_subdag_operator.py
[2023-02-02 17:29:28,954] {processor.py:642} INFO - Processing file /home/airflow/.local/lib/python3.7/site-packages/airflow/example_dags/example_subdag_operator.py for tasks to queue
[2023-02-02 17:29:28,955] {logging_mixin.py:109} INFO - [2023-02-02 17:29:28,955] {dagbag.py:500} INFO - Filling up the DagBag from /home/airflow/.local/lib/python3.7/site-packages/airflow/example_dags/example_subdag_operator.py
[2023-02-02 17:29:29,385] {processor.py:654} INFO - DAG(s) dict_keys(['example_subdag_operator.section-1', 'example_subdag_operator.section-2', 'example_subdag_operator']) retrieved from /home/airflow/.local/lib/python3.7/site-packages/airflow/example_dags/example_subdag_operator.py
[2023-02-02 17:29:29,569] {logging_mixin.py:109} INFO - [2023-02-02 17:29:29,569] {dag.py:2396} INFO - Sync 3 DAGs
[2023-02-02 17:29:29,654] {logging_mixin.py:109} INFO - [2023-02-02 17:29:29,653] {dag.py:2935} INFO - Setting next_dagrun for example_subdag_operator to 2023-01-31T00:00:00+00:00
[2023-02-02 17:29:29,655] {logging_mixin.py:109} INFO - [2023-02-02 17:29:29,654] {dag.py:2935} INFO - Setting next_dagrun for example_subdag_operator.section-1 to None
[2023-02-02 17:29:29,658] {logging_mixin.py:109} INFO - [2023-02-02 17:29:29,655] {dag.py:2935} INFO - Setting next_dagrun for example_subdag_operator.section-2 to None
[2023-02-02 17:29:29,679] {logging_mixin.py:109} INFO - [2023-02-02 17:29:29,679] {dag.py:2396} INFO - Sync 2 DAGs
[2023-02-02 17:29:29,706] {logging_mixin.py:109} INFO - [2023-02-02 17:29:29,706] {dag.py:2935} INFO - Setting next_dagrun for example_subdag_operator.section-1 to None
[2023-02-02 17:29:29,709] {logging_mixin.py:109} INFO - [2023-02-02 17:29:29,709] {dag.py:2935} INFO - Setting next_dagrun for example_subdag_operator.section-2 to None
[2023-02-02 17:29:29,737] {processor.py:171} INFO - Processing /home/airflow/.local/lib/python3.7/site-packages/airflow/example_dags/example_subdag_operator.py took 0.811 seconds
[2023-02-02 17:29:59,951] {processor.py:163} INFO - Started process (PID=1104) to work on /home/airflow/.local/lib/python3.7/site-packages/airflow/example_dags/example_subdag_operator.py
[2023-02-02 17:29:59,954] {processor.py:642} INFO - Processing file /home/airflow/.local/lib/python3.7/site-packages/airflow/example_dags/example_subdag_operator.py for tasks to queue
[2023-02-02 17:29:59,956] {logging_mixin.py:109} INFO - [2023-02-02 17:29:59,955] {dagbag.py:500} INFO - Filling up the DagBag from /home/airflow/.local/lib/python3.7/site-packages/airflow/example_dags/example_subdag_operator.py
[2023-02-02 17:30:00,051] {processor.py:654} INFO - DAG(s) dict_keys(['example_subdag_operator.section-1', 'example_subdag_operator.section-2', 'example_subdag_operator']) retrieved from /home/airflow/.local/lib/python3.7/site-packages/airflow/example_dags/example_subdag_operator.py
[2023-02-02 17:30:00,083] {logging_mixin.py:109} INFO - [2023-02-02 17:30:00,082] {dag.py:2396} INFO - Sync 3 DAGs
[2023-02-02 17:30:00,128] {logging_mixin.py:109} INFO - [2023-02-02 17:30:00,127] {dag.py:2935} INFO - Setting next_dagrun for example_subdag_operator to 2023-01-31T00:00:00+00:00
[2023-02-02 17:30:00,128] {logging_mixin.py:109} INFO - [2023-02-02 17:30:00,128] {dag.py:2935} INFO - Setting next_dagrun for example_subdag_operator.section-1 to None
[2023-02-02 17:30:00,128] {logging_mixin.py:109} INFO - [2023-02-02 17:30:00,128] {dag.py:2935} INFO - Setting next_dagrun for example_subdag_operator.section-2 to None
[2023-02-02 17:30:00,146] {logging_mixin.py:109} INFO - [2023-02-02 17:30:00,146] {dag.py:2396} INFO - Sync 2 DAGs
[2023-02-02 17:30:00,166] {logging_mixin.py:109} INFO - [2023-02-02 17:30:00,166] {dag.py:2935} INFO - Setting next_dagrun for example_subdag_operator.section-1 to None
[2023-02-02 17:30:00,167] {logging_mixin.py:109} INFO - [2023-02-02 17:30:00,167] {dag.py:2935} INFO - Setting next_dagrun for example_subdag_operator.section-2 to None
[2023-02-02 17:30:00,189] {processor.py:171} INFO - Processing /home/airflow/.local/lib/python3.7/site-packages/airflow/example_dags/example_subdag_operator.py took 0.245 seconds
[2023-02-02 17:30:32,581] {processor.py:163} INFO - Started process (PID=1154) to work on /home/airflow/.local/lib/python3.7/site-packages/airflow/example_dags/example_subdag_operator.py
[2023-02-02 17:30:32,592] {processor.py:642} INFO - Processing file /home/airflow/.local/lib/python3.7/site-packages/airflow/example_dags/example_subdag_operator.py for tasks to queue
[2023-02-02 17:30:32,594] {logging_mixin.py:109} INFO - [2023-02-02 17:30:32,594] {dagbag.py:500} INFO - Filling up the DagBag from /home/airflow/.local/lib/python3.7/site-packages/airflow/example_dags/example_subdag_operator.py
[2023-02-02 17:30:32,940] {processor.py:654} INFO - DAG(s) dict_keys(['example_subdag_operator.section-1', 'example_subdag_operator.section-2', 'example_subdag_operator']) retrieved from /home/airflow/.local/lib/python3.7/site-packages/airflow/example_dags/example_subdag_operator.py
[2023-02-02 17:30:33,041] {logging_mixin.py:109} INFO - [2023-02-02 17:30:33,041] {dag.py:2396} INFO - Sync 3 DAGs
[2023-02-02 17:30:33,186] {logging_mixin.py:109} INFO - [2023-02-02 17:30:33,186] {dag.py:2935} INFO - Setting next_dagrun for example_subdag_operator to 2023-01-31T00:00:00+00:00
[2023-02-02 17:30:33,187] {logging_mixin.py:109} INFO - [2023-02-02 17:30:33,187] {dag.py:2935} INFO - Setting next_dagrun for example_subdag_operator.section-1 to None
[2023-02-02 17:30:33,188] {logging_mixin.py:109} INFO - [2023-02-02 17:30:33,187] {dag.py:2935} INFO - Setting next_dagrun for example_subdag_operator.section-2 to None
[2023-02-02 17:30:33,207] {logging_mixin.py:109} INFO - [2023-02-02 17:30:33,207] {dag.py:2396} INFO - Sync 2 DAGs
[2023-02-02 17:30:33,990] {logging_mixin.py:109} INFO - [2023-02-02 17:30:33,990] {dag.py:2935} INFO - Setting next_dagrun for example_subdag_operator.section-1 to None
[2023-02-02 17:30:33,990] {logging_mixin.py:109} INFO - [2023-02-02 17:30:33,990] {dag.py:2935} INFO - Setting next_dagrun for example_subdag_operator.section-2 to None
[2023-02-02 17:30:34,049] {processor.py:171} INFO - Processing /home/airflow/.local/lib/python3.7/site-packages/airflow/example_dags/example_subdag_operator.py took 1.521 seconds
[2023-02-02 17:31:04,207] {processor.py:163} INFO - Started process (PID=1195) to work on /home/airflow/.local/lib/python3.7/site-packages/airflow/example_dags/example_subdag_operator.py
[2023-02-02 17:31:04,222] {processor.py:642} INFO - Processing file /home/airflow/.local/lib/python3.7/site-packages/airflow/example_dags/example_subdag_operator.py for tasks to queue
[2023-02-02 17:31:04,223] {logging_mixin.py:109} INFO - [2023-02-02 17:31:04,223] {dagbag.py:500} INFO - Filling up the DagBag from /home/airflow/.local/lib/python3.7/site-packages/airflow/example_dags/example_subdag_operator.py
[2023-02-02 17:31:04,380] {processor.py:654} INFO - DAG(s) dict_keys(['example_subdag_operator.section-1', 'example_subdag_operator.section-2', 'example_subdag_operator']) retrieved from /home/airflow/.local/lib/python3.7/site-packages/airflow/example_dags/example_subdag_operator.py
[2023-02-02 17:31:04,409] {logging_mixin.py:109} INFO - [2023-02-02 17:31:04,409] {dag.py:2396} INFO - Sync 3 DAGs
[2023-02-02 17:31:04,653] {logging_mixin.py:109} INFO - [2023-02-02 17:31:04,652] {dag.py:2935} INFO - Setting next_dagrun for example_subdag_operator to 2023-01-31T00:00:00+00:00
[2023-02-02 17:31:04,653] {logging_mixin.py:109} INFO - [2023-02-02 17:31:04,653] {dag.py:2935} INFO - Setting next_dagrun for example_subdag_operator.section-1 to None
[2023-02-02 17:31:04,654] {logging_mixin.py:109} INFO - [2023-02-02 17:31:04,654] {dag.py:2935} INFO - Setting next_dagrun for example_subdag_operator.section-2 to None
[2023-02-02 17:31:04,669] {logging_mixin.py:109} INFO - [2023-02-02 17:31:04,669] {dag.py:2396} INFO - Sync 2 DAGs
[2023-02-02 17:31:04,693] {logging_mixin.py:109} INFO - [2023-02-02 17:31:04,693] {dag.py:2935} INFO - Setting next_dagrun for example_subdag_operator.section-1 to None
[2023-02-02 17:31:04,695] {logging_mixin.py:109} INFO - [2023-02-02 17:31:04,694] {dag.py:2935} INFO - Setting next_dagrun for example_subdag_operator.section-2 to None
[2023-02-02 17:31:04,713] {processor.py:171} INFO - Processing /home/airflow/.local/lib/python3.7/site-packages/airflow/example_dags/example_subdag_operator.py took 0.510 seconds
[2023-02-02 17:31:35,707] {processor.py:163} INFO - Started process (PID=1244) to work on /home/airflow/.local/lib/python3.7/site-packages/airflow/example_dags/example_subdag_operator.py
[2023-02-02 17:31:35,726] {processor.py:642} INFO - Processing file /home/airflow/.local/lib/python3.7/site-packages/airflow/example_dags/example_subdag_operator.py for tasks to queue
[2023-02-02 17:31:35,728] {logging_mixin.py:109} INFO - [2023-02-02 17:31:35,727] {dagbag.py:500} INFO - Filling up the DagBag from /home/airflow/.local/lib/python3.7/site-packages/airflow/example_dags/example_subdag_operator.py
[2023-02-02 17:31:36,082] {processor.py:654} INFO - DAG(s) dict_keys(['example_subdag_operator.section-1', 'example_subdag_operator.section-2', 'example_subdag_operator']) retrieved from /home/airflow/.local/lib/python3.7/site-packages/airflow/example_dags/example_subdag_operator.py
[2023-02-02 17:31:36,205] {logging_mixin.py:109} INFO - [2023-02-02 17:31:36,205] {dag.py:2396} INFO - Sync 3 DAGs
[2023-02-02 17:31:36,767] {logging_mixin.py:109} INFO - [2023-02-02 17:31:36,766] {dag.py:2935} INFO - Setting next_dagrun for example_subdag_operator to 2023-01-31T00:00:00+00:00
[2023-02-02 17:31:36,768] {logging_mixin.py:109} INFO - [2023-02-02 17:31:36,768] {dag.py:2935} INFO - Setting next_dagrun for example_subdag_operator.section-1 to None
[2023-02-02 17:31:36,768] {logging_mixin.py:109} INFO - [2023-02-02 17:31:36,768] {dag.py:2935} INFO - Setting next_dagrun for example_subdag_operator.section-2 to None
[2023-02-02 17:31:36,796] {logging_mixin.py:109} INFO - [2023-02-02 17:31:36,795] {dag.py:2396} INFO - Sync 2 DAGs
[2023-02-02 17:31:36,851] {logging_mixin.py:109} INFO - [2023-02-02 17:31:36,851] {dag.py:2935} INFO - Setting next_dagrun for example_subdag_operator.section-1 to None
[2023-02-02 17:31:36,852] {logging_mixin.py:109} INFO - [2023-02-02 17:31:36,852] {dag.py:2935} INFO - Setting next_dagrun for example_subdag_operator.section-2 to None
[2023-02-02 17:31:36,892] {processor.py:171} INFO - Processing /home/airflow/.local/lib/python3.7/site-packages/airflow/example_dags/example_subdag_operator.py took 1.214 seconds
[2023-02-02 17:32:07,240] {processor.py:163} INFO - Started process (PID=1291) to work on /home/airflow/.local/lib/python3.7/site-packages/airflow/example_dags/example_subdag_operator.py
[2023-02-02 17:32:07,256] {processor.py:642} INFO - Processing file /home/airflow/.local/lib/python3.7/site-packages/airflow/example_dags/example_subdag_operator.py for tasks to queue
[2023-02-02 17:32:07,273] {logging_mixin.py:109} INFO - [2023-02-02 17:32:07,273] {dagbag.py:500} INFO - Filling up the DagBag from /home/airflow/.local/lib/python3.7/site-packages/airflow/example_dags/example_subdag_operator.py
[2023-02-02 17:32:07,466] {processor.py:654} INFO - DAG(s) dict_keys(['example_subdag_operator.section-1', 'example_subdag_operator.section-2', 'example_subdag_operator']) retrieved from /home/airflow/.local/lib/python3.7/site-packages/airflow/example_dags/example_subdag_operator.py
[2023-02-02 17:32:07,650] {logging_mixin.py:109} INFO - [2023-02-02 17:32:07,649] {dag.py:2396} INFO - Sync 3 DAGs
[2023-02-02 17:32:08,050] {logging_mixin.py:109} INFO - [2023-02-02 17:32:08,050] {dag.py:2935} INFO - Setting next_dagrun for example_subdag_operator to 2023-01-31T00:00:00+00:00
[2023-02-02 17:32:08,051] {logging_mixin.py:109} INFO - [2023-02-02 17:32:08,050] {dag.py:2935} INFO - Setting next_dagrun for example_subdag_operator.section-1 to None
[2023-02-02 17:32:08,051] {logging_mixin.py:109} INFO - [2023-02-02 17:32:08,051] {dag.py:2935} INFO - Setting next_dagrun for example_subdag_operator.section-2 to None
[2023-02-02 17:32:08,076] {logging_mixin.py:109} INFO - [2023-02-02 17:32:08,076] {dag.py:2396} INFO - Sync 2 DAGs
[2023-02-02 17:32:08,129] {logging_mixin.py:109} INFO - [2023-02-02 17:32:08,123] {dag.py:2935} INFO - Setting next_dagrun for example_subdag_operator.section-1 to None
[2023-02-02 17:32:08,131] {logging_mixin.py:109} INFO - [2023-02-02 17:32:08,131] {dag.py:2935} INFO - Setting next_dagrun for example_subdag_operator.section-2 to None
[2023-02-02 17:32:08,173] {processor.py:171} INFO - Processing /home/airflow/.local/lib/python3.7/site-packages/airflow/example_dags/example_subdag_operator.py took 0.978 seconds
[2023-02-02 17:32:39,003] {processor.py:163} INFO - Started process (PID=1333) to work on /home/airflow/.local/lib/python3.7/site-packages/airflow/example_dags/example_subdag_operator.py
[2023-02-02 17:32:39,008] {processor.py:642} INFO - Processing file /home/airflow/.local/lib/python3.7/site-packages/airflow/example_dags/example_subdag_operator.py for tasks to queue
[2023-02-02 17:32:39,010] {logging_mixin.py:109} INFO - [2023-02-02 17:32:39,009] {dagbag.py:500} INFO - Filling up the DagBag from /home/airflow/.local/lib/python3.7/site-packages/airflow/example_dags/example_subdag_operator.py
[2023-02-02 17:32:39,224] {processor.py:654} INFO - DAG(s) dict_keys(['example_subdag_operator.section-1', 'example_subdag_operator.section-2', 'example_subdag_operator']) retrieved from /home/airflow/.local/lib/python3.7/site-packages/airflow/example_dags/example_subdag_operator.py
[2023-02-02 17:32:39,302] {logging_mixin.py:109} INFO - [2023-02-02 17:32:39,302] {dag.py:2396} INFO - Sync 3 DAGs
[2023-02-02 17:32:39,646] {logging_mixin.py:109} INFO - [2023-02-02 17:32:39,646] {dag.py:2935} INFO - Setting next_dagrun for example_subdag_operator to 2023-01-31T00:00:00+00:00
[2023-02-02 17:32:39,646] {logging_mixin.py:109} INFO - [2023-02-02 17:32:39,646] {dag.py:2935} INFO - Setting next_dagrun for example_subdag_operator.section-1 to None
[2023-02-02 17:32:39,647] {logging_mixin.py:109} INFO - [2023-02-02 17:32:39,647] {dag.py:2935} INFO - Setting next_dagrun for example_subdag_operator.section-2 to None
[2023-02-02 17:32:39,660] {logging_mixin.py:109} INFO - [2023-02-02 17:32:39,660] {dag.py:2396} INFO - Sync 2 DAGs
[2023-02-02 17:32:39,695] {logging_mixin.py:109} INFO - [2023-02-02 17:32:39,695] {dag.py:2935} INFO - Setting next_dagrun for example_subdag_operator.section-1 to None
[2023-02-02 17:32:39,695] {logging_mixin.py:109} INFO - [2023-02-02 17:32:39,695] {dag.py:2935} INFO - Setting next_dagrun for example_subdag_operator.section-2 to None
[2023-02-02 17:32:39,733] {processor.py:171} INFO - Processing /home/airflow/.local/lib/python3.7/site-packages/airflow/example_dags/example_subdag_operator.py took 0.738 seconds
[2023-02-02 17:33:12,195] {processor.py:163} INFO - Started process (PID=1382) to work on /home/airflow/.local/lib/python3.7/site-packages/airflow/example_dags/example_subdag_operator.py
[2023-02-02 17:33:12,225] {processor.py:642} INFO - Processing file /home/airflow/.local/lib/python3.7/site-packages/airflow/example_dags/example_subdag_operator.py for tasks to queue
[2023-02-02 17:33:12,226] {logging_mixin.py:109} INFO - [2023-02-02 17:33:12,226] {dagbag.py:500} INFO - Filling up the DagBag from /home/airflow/.local/lib/python3.7/site-packages/airflow/example_dags/example_subdag_operator.py
[2023-02-02 17:33:12,508] {processor.py:654} INFO - DAG(s) dict_keys(['example_subdag_operator.section-1', 'example_subdag_operator.section-2', 'example_subdag_operator']) retrieved from /home/airflow/.local/lib/python3.7/site-packages/airflow/example_dags/example_subdag_operator.py
[2023-02-02 17:33:13,372] {logging_mixin.py:109} INFO - [2023-02-02 17:33:13,372] {dag.py:2396} INFO - Sync 3 DAGs
[2023-02-02 17:33:13,456] {logging_mixin.py:109} INFO - [2023-02-02 17:33:13,456] {dag.py:2935} INFO - Setting next_dagrun for example_subdag_operator to 2023-01-31T00:00:00+00:00
[2023-02-02 17:33:13,476] {logging_mixin.py:109} INFO - [2023-02-02 17:33:13,476] {dag.py:2935} INFO - Setting next_dagrun for example_subdag_operator.section-1 to None
[2023-02-02 17:33:13,476] {logging_mixin.py:109} INFO - [2023-02-02 17:33:13,476] {dag.py:2935} INFO - Setting next_dagrun for example_subdag_operator.section-2 to None
[2023-02-02 17:33:13,531] {logging_mixin.py:109} INFO - [2023-02-02 17:33:13,531] {dag.py:2396} INFO - Sync 2 DAGs
[2023-02-02 17:33:13,583] {logging_mixin.py:109} INFO - [2023-02-02 17:33:13,583] {dag.py:2935} INFO - Setting next_dagrun for example_subdag_operator.section-1 to None
[2023-02-02 17:33:13,597] {logging_mixin.py:109} INFO - [2023-02-02 17:33:13,597] {dag.py:2935} INFO - Setting next_dagrun for example_subdag_operator.section-2 to None
[2023-02-02 17:33:13,815] {processor.py:171} INFO - Processing /home/airflow/.local/lib/python3.7/site-packages/airflow/example_dags/example_subdag_operator.py took 1.654 seconds
[2023-02-02 17:33:43,991] {processor.py:163} INFO - Started process (PID=1432) to work on /home/airflow/.local/lib/python3.7/site-packages/airflow/example_dags/example_subdag_operator.py
[2023-02-02 17:33:44,006] {processor.py:642} INFO - Processing file /home/airflow/.local/lib/python3.7/site-packages/airflow/example_dags/example_subdag_operator.py for tasks to queue
[2023-02-02 17:33:44,007] {logging_mixin.py:109} INFO - [2023-02-02 17:33:44,007] {dagbag.py:500} INFO - Filling up the DagBag from /home/airflow/.local/lib/python3.7/site-packages/airflow/example_dags/example_subdag_operator.py
[2023-02-02 17:33:44,577] {processor.py:654} INFO - DAG(s) dict_keys(['example_subdag_operator.section-1', 'example_subdag_operator.section-2', 'example_subdag_operator']) retrieved from /home/airflow/.local/lib/python3.7/site-packages/airflow/example_dags/example_subdag_operator.py
[2023-02-02 17:33:44,593] {logging_mixin.py:109} INFO - [2023-02-02 17:33:44,593] {dag.py:2396} INFO - Sync 3 DAGs
[2023-02-02 17:33:44,614] {logging_mixin.py:109} INFO - [2023-02-02 17:33:44,614] {dag.py:2935} INFO - Setting next_dagrun for example_subdag_operator to 2023-01-31T00:00:00+00:00
[2023-02-02 17:33:44,614] {logging_mixin.py:109} INFO - [2023-02-02 17:33:44,614] {dag.py:2935} INFO - Setting next_dagrun for example_subdag_operator.section-1 to None
[2023-02-02 17:33:44,615] {logging_mixin.py:109} INFO - [2023-02-02 17:33:44,615] {dag.py:2935} INFO - Setting next_dagrun for example_subdag_operator.section-2 to None
[2023-02-02 17:33:44,622] {logging_mixin.py:109} INFO - [2023-02-02 17:33:44,622] {dag.py:2396} INFO - Sync 2 DAGs
[2023-02-02 17:33:44,635] {logging_mixin.py:109} INFO - [2023-02-02 17:33:44,634] {dag.py:2935} INFO - Setting next_dagrun for example_subdag_operator.section-1 to None
[2023-02-02 17:33:44,635] {logging_mixin.py:109} INFO - [2023-02-02 17:33:44,635] {dag.py:2935} INFO - Setting next_dagrun for example_subdag_operator.section-2 to None
[2023-02-02 17:33:44,656] {processor.py:171} INFO - Processing /home/airflow/.local/lib/python3.7/site-packages/airflow/example_dags/example_subdag_operator.py took 0.669 seconds
