[2023-02-02 17:18:27,548] {processor.py:163} INFO - Started process (PID=84) to work on /home/airflow/.local/lib/python3.7/site-packages/airflow/example_dags/example_bash_operator.py
[2023-02-02 17:18:27,557] {processor.py:642} INFO - Processing file /home/airflow/.local/lib/python3.7/site-packages/airflow/example_dags/example_bash_operator.py for tasks to queue
[2023-02-02 17:18:27,586] {logging_mixin.py:109} INFO - [2023-02-02 17:18:27,586] {dagbag.py:500} INFO - Filling up the DagBag from /home/airflow/.local/lib/python3.7/site-packages/airflow/example_dags/example_bash_operator.py
[2023-02-02 17:18:28,021] {processor.py:654} INFO - DAG(s) dict_keys(['example_bash_operator']) retrieved from /home/airflow/.local/lib/python3.7/site-packages/airflow/example_dags/example_bash_operator.py
[2023-02-02 17:18:28,272] {logging_mixin.py:109} INFO - [2023-02-02 17:18:28,271] {dag.py:2396} INFO - Sync 1 DAGs
[2023-02-02 17:18:28,540] {logging_mixin.py:109} INFO - [2023-02-02 17:18:28,540] {dag.py:2935} INFO - Setting next_dagrun for example_bash_operator to 2023-02-01 00:00:00+00:00
[2023-02-02 17:18:28,701] {processor.py:171} INFO - Processing /home/airflow/.local/lib/python3.7/site-packages/airflow/example_dags/example_bash_operator.py took 1.189 seconds
[2023-02-02 17:19:00,721] {processor.py:163} INFO - Started process (PID=127) to work on /home/airflow/.local/lib/python3.7/site-packages/airflow/example_dags/example_bash_operator.py
[2023-02-02 17:19:00,728] {processor.py:642} INFO - Processing file /home/airflow/.local/lib/python3.7/site-packages/airflow/example_dags/example_bash_operator.py for tasks to queue
[2023-02-02 17:19:00,729] {logging_mixin.py:109} INFO - [2023-02-02 17:19:00,729] {dagbag.py:500} INFO - Filling up the DagBag from /home/airflow/.local/lib/python3.7/site-packages/airflow/example_dags/example_bash_operator.py
[2023-02-02 17:19:01,212] {processor.py:654} INFO - DAG(s) dict_keys(['example_bash_operator']) retrieved from /home/airflow/.local/lib/python3.7/site-packages/airflow/example_dags/example_bash_operator.py
[2023-02-02 17:19:01,318] {logging_mixin.py:109} INFO - [2023-02-02 17:19:01,318] {dag.py:2396} INFO - Sync 1 DAGs
[2023-02-02 17:19:01,544] {logging_mixin.py:109} INFO - [2023-02-02 17:19:01,543] {dag.py:2935} INFO - Setting next_dagrun for example_bash_operator to 2023-02-01 00:00:00+00:00
[2023-02-02 17:19:01,668] {processor.py:171} INFO - Processing /home/airflow/.local/lib/python3.7/site-packages/airflow/example_dags/example_bash_operator.py took 0.996 seconds
[2023-02-02 17:19:31,853] {processor.py:163} INFO - Started process (PID=177) to work on /home/airflow/.local/lib/python3.7/site-packages/airflow/example_dags/example_bash_operator.py
[2023-02-02 17:19:31,854] {processor.py:642} INFO - Processing file /home/airflow/.local/lib/python3.7/site-packages/airflow/example_dags/example_bash_operator.py for tasks to queue
[2023-02-02 17:19:31,855] {logging_mixin.py:109} INFO - [2023-02-02 17:19:31,855] {dagbag.py:500} INFO - Filling up the DagBag from /home/airflow/.local/lib/python3.7/site-packages/airflow/example_dags/example_bash_operator.py
[2023-02-02 17:19:32,058] {processor.py:654} INFO - DAG(s) dict_keys(['example_bash_operator']) retrieved from /home/airflow/.local/lib/python3.7/site-packages/airflow/example_dags/example_bash_operator.py
[2023-02-02 17:19:32,079] {logging_mixin.py:109} INFO - [2023-02-02 17:19:32,078] {dag.py:2396} INFO - Sync 1 DAGs
[2023-02-02 17:19:32,111] {logging_mixin.py:109} INFO - [2023-02-02 17:19:32,111] {dag.py:2935} INFO - Setting next_dagrun for example_bash_operator to 2023-02-01 00:00:00+00:00
[2023-02-02 17:19:32,149] {processor.py:171} INFO - Processing /home/airflow/.local/lib/python3.7/site-packages/airflow/example_dags/example_bash_operator.py took 0.300 seconds
[2023-02-02 17:20:02,699] {processor.py:163} INFO - Started process (PID=217) to work on /home/airflow/.local/lib/python3.7/site-packages/airflow/example_dags/example_bash_operator.py
[2023-02-02 17:20:02,704] {processor.py:642} INFO - Processing file /home/airflow/.local/lib/python3.7/site-packages/airflow/example_dags/example_bash_operator.py for tasks to queue
[2023-02-02 17:20:02,705] {logging_mixin.py:109} INFO - [2023-02-02 17:20:02,705] {dagbag.py:500} INFO - Filling up the DagBag from /home/airflow/.local/lib/python3.7/site-packages/airflow/example_dags/example_bash_operator.py
[2023-02-02 17:20:02,776] {processor.py:654} INFO - DAG(s) dict_keys(['example_bash_operator']) retrieved from /home/airflow/.local/lib/python3.7/site-packages/airflow/example_dags/example_bash_operator.py
[2023-02-02 17:20:02,815] {logging_mixin.py:109} INFO - [2023-02-02 17:20:02,815] {dag.py:2396} INFO - Sync 1 DAGs
[2023-02-02 17:20:02,855] {logging_mixin.py:109} INFO - [2023-02-02 17:20:02,855] {dag.py:2935} INFO - Setting next_dagrun for example_bash_operator to 2023-02-01 00:00:00+00:00
[2023-02-02 17:20:02,910] {processor.py:171} INFO - Processing /home/airflow/.local/lib/python3.7/site-packages/airflow/example_dags/example_bash_operator.py took 0.221 seconds
[2023-02-02 17:20:34,186] {processor.py:163} INFO - Started process (PID=267) to work on /home/airflow/.local/lib/python3.7/site-packages/airflow/example_dags/example_bash_operator.py
[2023-02-02 17:20:34,192] {processor.py:642} INFO - Processing file /home/airflow/.local/lib/python3.7/site-packages/airflow/example_dags/example_bash_operator.py for tasks to queue
[2023-02-02 17:20:34,202] {logging_mixin.py:109} INFO - [2023-02-02 17:20:34,202] {dagbag.py:500} INFO - Filling up the DagBag from /home/airflow/.local/lib/python3.7/site-packages/airflow/example_dags/example_bash_operator.py
[2023-02-02 17:20:34,288] {processor.py:654} INFO - DAG(s) dict_keys(['example_bash_operator']) retrieved from /home/airflow/.local/lib/python3.7/site-packages/airflow/example_dags/example_bash_operator.py
[2023-02-02 17:20:34,312] {logging_mixin.py:109} INFO - [2023-02-02 17:20:34,312] {dag.py:2396} INFO - Sync 1 DAGs
[2023-02-02 17:20:34,368] {logging_mixin.py:109} INFO - [2023-02-02 17:20:34,368] {dag.py:2935} INFO - Setting next_dagrun for example_bash_operator to 2023-02-01 00:00:00+00:00
[2023-02-02 17:20:34,419] {processor.py:171} INFO - Processing /home/airflow/.local/lib/python3.7/site-packages/airflow/example_dags/example_bash_operator.py took 0.263 seconds
[2023-02-02 17:21:04,922] {processor.py:163} INFO - Started process (PID=307) to work on /home/airflow/.local/lib/python3.7/site-packages/airflow/example_dags/example_bash_operator.py
[2023-02-02 17:21:04,932] {processor.py:642} INFO - Processing file /home/airflow/.local/lib/python3.7/site-packages/airflow/example_dags/example_bash_operator.py for tasks to queue
[2023-02-02 17:21:04,936] {logging_mixin.py:109} INFO - [2023-02-02 17:21:04,936] {dagbag.py:500} INFO - Filling up the DagBag from /home/airflow/.local/lib/python3.7/site-packages/airflow/example_dags/example_bash_operator.py
[2023-02-02 17:21:05,144] {processor.py:654} INFO - DAG(s) dict_keys(['example_bash_operator']) retrieved from /home/airflow/.local/lib/python3.7/site-packages/airflow/example_dags/example_bash_operator.py
[2023-02-02 17:21:05,208] {logging_mixin.py:109} INFO - [2023-02-02 17:21:05,208] {dag.py:2396} INFO - Sync 1 DAGs
[2023-02-02 17:21:05,301] {logging_mixin.py:109} INFO - [2023-02-02 17:21:05,301] {dag.py:2935} INFO - Setting next_dagrun for example_bash_operator to 2023-02-01 00:00:00+00:00
[2023-02-02 17:21:05,374] {processor.py:171} INFO - Processing /home/airflow/.local/lib/python3.7/site-packages/airflow/example_dags/example_bash_operator.py took 0.463 seconds
[2023-02-02 17:21:36,063] {processor.py:163} INFO - Started process (PID=357) to work on /home/airflow/.local/lib/python3.7/site-packages/airflow/example_dags/example_bash_operator.py
[2023-02-02 17:21:36,079] {processor.py:642} INFO - Processing file /home/airflow/.local/lib/python3.7/site-packages/airflow/example_dags/example_bash_operator.py for tasks to queue
[2023-02-02 17:21:36,080] {logging_mixin.py:109} INFO - [2023-02-02 17:21:36,080] {dagbag.py:500} INFO - Filling up the DagBag from /home/airflow/.local/lib/python3.7/site-packages/airflow/example_dags/example_bash_operator.py
[2023-02-02 17:21:36,336] {processor.py:654} INFO - DAG(s) dict_keys(['example_bash_operator']) retrieved from /home/airflow/.local/lib/python3.7/site-packages/airflow/example_dags/example_bash_operator.py
[2023-02-02 17:21:36,418] {logging_mixin.py:109} INFO - [2023-02-02 17:21:36,418] {dag.py:2396} INFO - Sync 1 DAGs
[2023-02-02 17:21:36,511] {logging_mixin.py:109} INFO - [2023-02-02 17:21:36,511] {dag.py:2935} INFO - Setting next_dagrun for example_bash_operator to 2023-02-01 00:00:00+00:00
[2023-02-02 17:21:36,581] {processor.py:171} INFO - Processing /home/airflow/.local/lib/python3.7/site-packages/airflow/example_dags/example_bash_operator.py took 0.566 seconds
[2023-02-02 17:22:07,008] {processor.py:163} INFO - Started process (PID=406) to work on /home/airflow/.local/lib/python3.7/site-packages/airflow/example_dags/example_bash_operator.py
[2023-02-02 17:22:07,027] {processor.py:642} INFO - Processing file /home/airflow/.local/lib/python3.7/site-packages/airflow/example_dags/example_bash_operator.py for tasks to queue
[2023-02-02 17:22:07,039] {logging_mixin.py:109} INFO - [2023-02-02 17:22:07,038] {dagbag.py:500} INFO - Filling up the DagBag from /home/airflow/.local/lib/python3.7/site-packages/airflow/example_dags/example_bash_operator.py
[2023-02-02 17:22:07,270] {processor.py:654} INFO - DAG(s) dict_keys(['example_bash_operator']) retrieved from /home/airflow/.local/lib/python3.7/site-packages/airflow/example_dags/example_bash_operator.py
[2023-02-02 17:22:07,351] {logging_mixin.py:109} INFO - [2023-02-02 17:22:07,351] {dag.py:2396} INFO - Sync 1 DAGs
[2023-02-02 17:22:07,433] {logging_mixin.py:109} INFO - [2023-02-02 17:22:07,433] {dag.py:2935} INFO - Setting next_dagrun for example_bash_operator to 2023-02-01 00:00:00+00:00
[2023-02-02 17:22:07,517] {processor.py:171} INFO - Processing /home/airflow/.local/lib/python3.7/site-packages/airflow/example_dags/example_bash_operator.py took 0.525 seconds
[2023-02-02 17:22:37,675] {processor.py:163} INFO - Started process (PID=447) to work on /home/airflow/.local/lib/python3.7/site-packages/airflow/example_dags/example_bash_operator.py
[2023-02-02 17:22:37,676] {processor.py:642} INFO - Processing file /home/airflow/.local/lib/python3.7/site-packages/airflow/example_dags/example_bash_operator.py for tasks to queue
[2023-02-02 17:22:37,677] {logging_mixin.py:109} INFO - [2023-02-02 17:22:37,677] {dagbag.py:500} INFO - Filling up the DagBag from /home/airflow/.local/lib/python3.7/site-packages/airflow/example_dags/example_bash_operator.py
[2023-02-02 17:22:37,841] {processor.py:654} INFO - DAG(s) dict_keys(['example_bash_operator']) retrieved from /home/airflow/.local/lib/python3.7/site-packages/airflow/example_dags/example_bash_operator.py
[2023-02-02 17:22:37,931] {logging_mixin.py:109} INFO - [2023-02-02 17:22:37,930] {dag.py:2396} INFO - Sync 1 DAGs
[2023-02-02 17:22:38,074] {logging_mixin.py:109} INFO - [2023-02-02 17:22:38,074] {dag.py:2935} INFO - Setting next_dagrun for example_bash_operator to 2023-02-01 00:00:00+00:00
[2023-02-02 17:22:38,118] {processor.py:171} INFO - Processing /home/airflow/.local/lib/python3.7/site-packages/airflow/example_dags/example_bash_operator.py took 0.453 seconds
[2023-02-02 17:23:10,097] {processor.py:163} INFO - Started process (PID=497) to work on /home/airflow/.local/lib/python3.7/site-packages/airflow/example_dags/example_bash_operator.py
[2023-02-02 17:23:10,102] {processor.py:642} INFO - Processing file /home/airflow/.local/lib/python3.7/site-packages/airflow/example_dags/example_bash_operator.py for tasks to queue
[2023-02-02 17:23:10,103] {logging_mixin.py:109} INFO - [2023-02-02 17:23:10,103] {dagbag.py:500} INFO - Filling up the DagBag from /home/airflow/.local/lib/python3.7/site-packages/airflow/example_dags/example_bash_operator.py
[2023-02-02 17:23:10,359] {processor.py:654} INFO - DAG(s) dict_keys(['example_bash_operator']) retrieved from /home/airflow/.local/lib/python3.7/site-packages/airflow/example_dags/example_bash_operator.py
[2023-02-02 17:23:10,460] {logging_mixin.py:109} INFO - [2023-02-02 17:23:10,460] {dag.py:2396} INFO - Sync 1 DAGs
[2023-02-02 17:23:10,611] {logging_mixin.py:109} INFO - [2023-02-02 17:23:10,611] {dag.py:2935} INFO - Setting next_dagrun for example_bash_operator to 2023-02-01 00:00:00+00:00
[2023-02-02 17:23:10,665] {processor.py:171} INFO - Processing /home/airflow/.local/lib/python3.7/site-packages/airflow/example_dags/example_bash_operator.py took 0.586 seconds
[2023-02-02 17:23:41,094] {processor.py:163} INFO - Started process (PID=547) to work on /home/airflow/.local/lib/python3.7/site-packages/airflow/example_dags/example_bash_operator.py
[2023-02-02 17:23:41,096] {processor.py:642} INFO - Processing file /home/airflow/.local/lib/python3.7/site-packages/airflow/example_dags/example_bash_operator.py for tasks to queue
[2023-02-02 17:23:41,098] {logging_mixin.py:109} INFO - [2023-02-02 17:23:41,098] {dagbag.py:500} INFO - Filling up the DagBag from /home/airflow/.local/lib/python3.7/site-packages/airflow/example_dags/example_bash_operator.py
[2023-02-02 17:23:41,333] {processor.py:654} INFO - DAG(s) dict_keys(['example_bash_operator']) retrieved from /home/airflow/.local/lib/python3.7/site-packages/airflow/example_dags/example_bash_operator.py
[2023-02-02 17:23:41,361] {logging_mixin.py:109} INFO - [2023-02-02 17:23:41,361] {dag.py:2396} INFO - Sync 1 DAGs
[2023-02-02 17:23:41,449] {logging_mixin.py:109} INFO - [2023-02-02 17:23:41,448] {dag.py:2935} INFO - Setting next_dagrun for example_bash_operator to 2023-02-01 00:00:00+00:00
[2023-02-02 17:23:41,497] {processor.py:171} INFO - Processing /home/airflow/.local/lib/python3.7/site-packages/airflow/example_dags/example_bash_operator.py took 0.419 seconds
[2023-02-02 17:24:13,479] {processor.py:163} INFO - Started process (PID=589) to work on /home/airflow/.local/lib/python3.7/site-packages/airflow/example_dags/example_bash_operator.py
[2023-02-02 17:24:13,490] {processor.py:642} INFO - Processing file /home/airflow/.local/lib/python3.7/site-packages/airflow/example_dags/example_bash_operator.py for tasks to queue
[2023-02-02 17:24:13,491] {logging_mixin.py:109} INFO - [2023-02-02 17:24:13,491] {dagbag.py:500} INFO - Filling up the DagBag from /home/airflow/.local/lib/python3.7/site-packages/airflow/example_dags/example_bash_operator.py
[2023-02-02 17:24:13,704] {processor.py:654} INFO - DAG(s) dict_keys(['example_bash_operator']) retrieved from /home/airflow/.local/lib/python3.7/site-packages/airflow/example_dags/example_bash_operator.py
[2023-02-02 17:24:13,917] {logging_mixin.py:109} INFO - [2023-02-02 17:24:13,917] {dag.py:2396} INFO - Sync 1 DAGs
[2023-02-02 17:24:14,096] {logging_mixin.py:109} INFO - [2023-02-02 17:24:14,096] {dag.py:2935} INFO - Setting next_dagrun for example_bash_operator to 2023-02-01 00:00:00+00:00
[2023-02-02 17:24:14,191] {processor.py:171} INFO - Processing /home/airflow/.local/lib/python3.7/site-packages/airflow/example_dags/example_bash_operator.py took 0.747 seconds
[2023-02-02 17:24:44,810] {processor.py:163} INFO - Started process (PID=638) to work on /home/airflow/.local/lib/python3.7/site-packages/airflow/example_dags/example_bash_operator.py
[2023-02-02 17:24:44,813] {processor.py:642} INFO - Processing file /home/airflow/.local/lib/python3.7/site-packages/airflow/example_dags/example_bash_operator.py for tasks to queue
[2023-02-02 17:24:44,814] {logging_mixin.py:109} INFO - [2023-02-02 17:24:44,814] {dagbag.py:500} INFO - Filling up the DagBag from /home/airflow/.local/lib/python3.7/site-packages/airflow/example_dags/example_bash_operator.py
[2023-02-02 17:24:44,884] {processor.py:654} INFO - DAG(s) dict_keys(['example_bash_operator']) retrieved from /home/airflow/.local/lib/python3.7/site-packages/airflow/example_dags/example_bash_operator.py
[2023-02-02 17:24:44,924] {logging_mixin.py:109} INFO - [2023-02-02 17:24:44,923] {dag.py:2396} INFO - Sync 1 DAGs
[2023-02-02 17:24:44,974] {logging_mixin.py:109} INFO - [2023-02-02 17:24:44,974] {dag.py:2935} INFO - Setting next_dagrun for example_bash_operator to 2023-02-01 00:00:00+00:00
[2023-02-02 17:24:45,000] {processor.py:171} INFO - Processing /home/airflow/.local/lib/python3.7/site-packages/airflow/example_dags/example_bash_operator.py took 0.201 seconds
[2023-02-02 17:25:15,607] {processor.py:163} INFO - Started process (PID=688) to work on /home/airflow/.local/lib/python3.7/site-packages/airflow/example_dags/example_bash_operator.py
[2023-02-02 17:25:15,621] {processor.py:642} INFO - Processing file /home/airflow/.local/lib/python3.7/site-packages/airflow/example_dags/example_bash_operator.py for tasks to queue
[2023-02-02 17:25:15,623] {logging_mixin.py:109} INFO - [2023-02-02 17:25:15,623] {dagbag.py:500} INFO - Filling up the DagBag from /home/airflow/.local/lib/python3.7/site-packages/airflow/example_dags/example_bash_operator.py
[2023-02-02 17:25:15,779] {processor.py:654} INFO - DAG(s) dict_keys(['example_bash_operator']) retrieved from /home/airflow/.local/lib/python3.7/site-packages/airflow/example_dags/example_bash_operator.py
[2023-02-02 17:25:15,950] {logging_mixin.py:109} INFO - [2023-02-02 17:25:15,939] {dag.py:2396} INFO - Sync 1 DAGs
[2023-02-02 17:25:16,055] {logging_mixin.py:109} INFO - [2023-02-02 17:25:16,055] {dag.py:2935} INFO - Setting next_dagrun for example_bash_operator to 2023-02-01 00:00:00+00:00
[2023-02-02 17:25:16,096] {processor.py:171} INFO - Processing /home/airflow/.local/lib/python3.7/site-packages/airflow/example_dags/example_bash_operator.py took 0.494 seconds
[2023-02-02 17:25:46,472] {processor.py:163} INFO - Started process (PID=728) to work on /home/airflow/.local/lib/python3.7/site-packages/airflow/example_dags/example_bash_operator.py
[2023-02-02 17:25:46,478] {processor.py:642} INFO - Processing file /home/airflow/.local/lib/python3.7/site-packages/airflow/example_dags/example_bash_operator.py for tasks to queue
[2023-02-02 17:25:46,479] {logging_mixin.py:109} INFO - [2023-02-02 17:25:46,479] {dagbag.py:500} INFO - Filling up the DagBag from /home/airflow/.local/lib/python3.7/site-packages/airflow/example_dags/example_bash_operator.py
[2023-02-02 17:25:46,579] {processor.py:654} INFO - DAG(s) dict_keys(['example_bash_operator']) retrieved from /home/airflow/.local/lib/python3.7/site-packages/airflow/example_dags/example_bash_operator.py
[2023-02-02 17:25:46,608] {logging_mixin.py:109} INFO - [2023-02-02 17:25:46,608] {dag.py:2396} INFO - Sync 1 DAGs
[2023-02-02 17:25:46,654] {logging_mixin.py:109} INFO - [2023-02-02 17:25:46,654] {dag.py:2935} INFO - Setting next_dagrun for example_bash_operator to 2023-02-01 00:00:00+00:00
[2023-02-02 17:25:46,682] {processor.py:171} INFO - Processing /home/airflow/.local/lib/python3.7/site-packages/airflow/example_dags/example_bash_operator.py took 0.216 seconds
[2023-02-02 17:26:17,555] {processor.py:163} INFO - Started process (PID=777) to work on /home/airflow/.local/lib/python3.7/site-packages/airflow/example_dags/example_bash_operator.py
[2023-02-02 17:26:17,566] {processor.py:642} INFO - Processing file /home/airflow/.local/lib/python3.7/site-packages/airflow/example_dags/example_bash_operator.py for tasks to queue
[2023-02-02 17:26:17,567] {logging_mixin.py:109} INFO - [2023-02-02 17:26:17,567] {dagbag.py:500} INFO - Filling up the DagBag from /home/airflow/.local/lib/python3.7/site-packages/airflow/example_dags/example_bash_operator.py
[2023-02-02 17:26:17,729] {processor.py:654} INFO - DAG(s) dict_keys(['example_bash_operator']) retrieved from /home/airflow/.local/lib/python3.7/site-packages/airflow/example_dags/example_bash_operator.py
[2023-02-02 17:26:17,810] {logging_mixin.py:109} INFO - [2023-02-02 17:26:17,810] {dag.py:2396} INFO - Sync 1 DAGs
[2023-02-02 17:26:17,871] {logging_mixin.py:109} INFO - [2023-02-02 17:26:17,871] {dag.py:2935} INFO - Setting next_dagrun for example_bash_operator to 2023-02-01 00:00:00+00:00
[2023-02-02 17:26:17,926] {processor.py:171} INFO - Processing /home/airflow/.local/lib/python3.7/site-packages/airflow/example_dags/example_bash_operator.py took 0.380 seconds
[2023-02-02 17:26:48,108] {processor.py:163} INFO - Started process (PID=818) to work on /home/airflow/.local/lib/python3.7/site-packages/airflow/example_dags/example_bash_operator.py
[2023-02-02 17:26:48,109] {processor.py:642} INFO - Processing file /home/airflow/.local/lib/python3.7/site-packages/airflow/example_dags/example_bash_operator.py for tasks to queue
[2023-02-02 17:26:48,110] {logging_mixin.py:109} INFO - [2023-02-02 17:26:48,110] {dagbag.py:500} INFO - Filling up the DagBag from /home/airflow/.local/lib/python3.7/site-packages/airflow/example_dags/example_bash_operator.py
[2023-02-02 17:26:48,364] {processor.py:654} INFO - DAG(s) dict_keys(['example_bash_operator']) retrieved from /home/airflow/.local/lib/python3.7/site-packages/airflow/example_dags/example_bash_operator.py
[2023-02-02 17:26:48,429] {logging_mixin.py:109} INFO - [2023-02-02 17:26:48,429] {dag.py:2396} INFO - Sync 1 DAGs
[2023-02-02 17:26:48,504] {logging_mixin.py:109} INFO - [2023-02-02 17:26:48,504] {dag.py:2935} INFO - Setting next_dagrun for example_bash_operator to 2023-02-01 00:00:00+00:00
[2023-02-02 17:26:48,561] {processor.py:171} INFO - Processing /home/airflow/.local/lib/python3.7/site-packages/airflow/example_dags/example_bash_operator.py took 0.458 seconds
[2023-02-02 17:27:20,512] {processor.py:163} INFO - Started process (PID=868) to work on /home/airflow/.local/lib/python3.7/site-packages/airflow/example_dags/example_bash_operator.py
[2023-02-02 17:27:20,559] {processor.py:642} INFO - Processing file /home/airflow/.local/lib/python3.7/site-packages/airflow/example_dags/example_bash_operator.py for tasks to queue
[2023-02-02 17:27:20,560] {logging_mixin.py:109} INFO - [2023-02-02 17:27:20,560] {dagbag.py:500} INFO - Filling up the DagBag from /home/airflow/.local/lib/python3.7/site-packages/airflow/example_dags/example_bash_operator.py
[2023-02-02 17:27:20,732] {processor.py:654} INFO - DAG(s) dict_keys(['example_bash_operator']) retrieved from /home/airflow/.local/lib/python3.7/site-packages/airflow/example_dags/example_bash_operator.py
[2023-02-02 17:27:20,763] {logging_mixin.py:109} INFO - [2023-02-02 17:27:20,762] {dag.py:2396} INFO - Sync 1 DAGs
[2023-02-02 17:27:20,813] {logging_mixin.py:109} INFO - [2023-02-02 17:27:20,812] {dag.py:2935} INFO - Setting next_dagrun for example_bash_operator to 2023-02-01 00:00:00+00:00
[2023-02-02 17:27:20,856] {processor.py:171} INFO - Processing /home/airflow/.local/lib/python3.7/site-packages/airflow/example_dags/example_bash_operator.py took 0.447 seconds
[2023-02-02 17:27:51,948] {processor.py:163} INFO - Started process (PID=916) to work on /home/airflow/.local/lib/python3.7/site-packages/airflow/example_dags/example_bash_operator.py
[2023-02-02 17:27:52,002] {processor.py:642} INFO - Processing file /home/airflow/.local/lib/python3.7/site-packages/airflow/example_dags/example_bash_operator.py for tasks to queue
[2023-02-02 17:27:52,003] {logging_mixin.py:109} INFO - [2023-02-02 17:27:52,003] {dagbag.py:500} INFO - Filling up the DagBag from /home/airflow/.local/lib/python3.7/site-packages/airflow/example_dags/example_bash_operator.py
[2023-02-02 17:27:52,182] {processor.py:654} INFO - DAG(s) dict_keys(['example_bash_operator']) retrieved from /home/airflow/.local/lib/python3.7/site-packages/airflow/example_dags/example_bash_operator.py
[2023-02-02 17:27:52,268] {logging_mixin.py:109} INFO - [2023-02-02 17:27:52,268] {dag.py:2396} INFO - Sync 1 DAGs
[2023-02-02 17:27:52,360] {logging_mixin.py:109} INFO - [2023-02-02 17:27:52,360] {dag.py:2935} INFO - Setting next_dagrun for example_bash_operator to 2023-02-01 00:00:00+00:00
[2023-02-02 17:27:52,438] {processor.py:171} INFO - Processing /home/airflow/.local/lib/python3.7/site-packages/airflow/example_dags/example_bash_operator.py took 0.545 seconds
[2023-02-02 17:28:23,090] {processor.py:163} INFO - Started process (PID=956) to work on /home/airflow/.local/lib/python3.7/site-packages/airflow/example_dags/example_bash_operator.py
[2023-02-02 17:28:23,098] {processor.py:642} INFO - Processing file /home/airflow/.local/lib/python3.7/site-packages/airflow/example_dags/example_bash_operator.py for tasks to queue
[2023-02-02 17:28:23,100] {logging_mixin.py:109} INFO - [2023-02-02 17:28:23,100] {dagbag.py:500} INFO - Filling up the DagBag from /home/airflow/.local/lib/python3.7/site-packages/airflow/example_dags/example_bash_operator.py
[2023-02-02 17:28:23,239] {processor.py:654} INFO - DAG(s) dict_keys(['example_bash_operator']) retrieved from /home/airflow/.local/lib/python3.7/site-packages/airflow/example_dags/example_bash_operator.py
[2023-02-02 17:28:23,275] {logging_mixin.py:109} INFO - [2023-02-02 17:28:23,274] {dag.py:2396} INFO - Sync 1 DAGs
[2023-02-02 17:28:23,342] {logging_mixin.py:109} INFO - [2023-02-02 17:28:23,342] {dag.py:2935} INFO - Setting next_dagrun for example_bash_operator to 2023-02-01 00:00:00+00:00
[2023-02-02 17:28:23,368] {processor.py:171} INFO - Processing /home/airflow/.local/lib/python3.7/site-packages/airflow/example_dags/example_bash_operator.py took 0.297 seconds
[2023-02-02 17:28:54,337] {processor.py:163} INFO - Started process (PID=1005) to work on /home/airflow/.local/lib/python3.7/site-packages/airflow/example_dags/example_bash_operator.py
[2023-02-02 17:28:54,338] {processor.py:642} INFO - Processing file /home/airflow/.local/lib/python3.7/site-packages/airflow/example_dags/example_bash_operator.py for tasks to queue
[2023-02-02 17:28:54,351] {logging_mixin.py:109} INFO - [2023-02-02 17:28:54,351] {dagbag.py:500} INFO - Filling up the DagBag from /home/airflow/.local/lib/python3.7/site-packages/airflow/example_dags/example_bash_operator.py
[2023-02-02 17:28:54,532] {processor.py:654} INFO - DAG(s) dict_keys(['example_bash_operator']) retrieved from /home/airflow/.local/lib/python3.7/site-packages/airflow/example_dags/example_bash_operator.py
[2023-02-02 17:28:54,591] {logging_mixin.py:109} INFO - [2023-02-02 17:28:54,591] {dag.py:2396} INFO - Sync 1 DAGs
[2023-02-02 17:28:54,698] {logging_mixin.py:109} INFO - [2023-02-02 17:28:54,698] {dag.py:2935} INFO - Setting next_dagrun for example_bash_operator to 2023-02-01 00:00:00+00:00
[2023-02-02 17:28:54,764] {processor.py:171} INFO - Processing /home/airflow/.local/lib/python3.7/site-packages/airflow/example_dags/example_bash_operator.py took 0.464 seconds
[2023-02-02 17:29:25,174] {processor.py:163} INFO - Started process (PID=1045) to work on /home/airflow/.local/lib/python3.7/site-packages/airflow/example_dags/example_bash_operator.py
[2023-02-02 17:29:25,176] {processor.py:642} INFO - Processing file /home/airflow/.local/lib/python3.7/site-packages/airflow/example_dags/example_bash_operator.py for tasks to queue
[2023-02-02 17:29:25,178] {logging_mixin.py:109} INFO - [2023-02-02 17:29:25,177] {dagbag.py:500} INFO - Filling up the DagBag from /home/airflow/.local/lib/python3.7/site-packages/airflow/example_dags/example_bash_operator.py
[2023-02-02 17:29:25,296] {processor.py:654} INFO - DAG(s) dict_keys(['example_bash_operator']) retrieved from /home/airflow/.local/lib/python3.7/site-packages/airflow/example_dags/example_bash_operator.py
[2023-02-02 17:29:25,325] {logging_mixin.py:109} INFO - [2023-02-02 17:29:25,325] {dag.py:2396} INFO - Sync 1 DAGs
[2023-02-02 17:29:25,377] {logging_mixin.py:109} INFO - [2023-02-02 17:29:25,377] {dag.py:2935} INFO - Setting next_dagrun for example_bash_operator to 2023-02-01 00:00:00+00:00
[2023-02-02 17:29:25,415] {processor.py:171} INFO - Processing /home/airflow/.local/lib/python3.7/site-packages/airflow/example_dags/example_bash_operator.py took 0.248 seconds
[2023-02-02 17:29:55,869] {processor.py:163} INFO - Started process (PID=1095) to work on /home/airflow/.local/lib/python3.7/site-packages/airflow/example_dags/example_bash_operator.py
[2023-02-02 17:29:55,881] {processor.py:642} INFO - Processing file /home/airflow/.local/lib/python3.7/site-packages/airflow/example_dags/example_bash_operator.py for tasks to queue
[2023-02-02 17:29:55,882] {logging_mixin.py:109} INFO - [2023-02-02 17:29:55,882] {dagbag.py:500} INFO - Filling up the DagBag from /home/airflow/.local/lib/python3.7/site-packages/airflow/example_dags/example_bash_operator.py
[2023-02-02 17:29:56,160] {processor.py:654} INFO - DAG(s) dict_keys(['example_bash_operator']) retrieved from /home/airflow/.local/lib/python3.7/site-packages/airflow/example_dags/example_bash_operator.py
[2023-02-02 17:29:56,283] {logging_mixin.py:109} INFO - [2023-02-02 17:29:56,283] {dag.py:2396} INFO - Sync 1 DAGs
[2023-02-02 17:29:56,417] {logging_mixin.py:109} INFO - [2023-02-02 17:29:56,416] {dag.py:2935} INFO - Setting next_dagrun for example_bash_operator to 2023-02-01 00:00:00+00:00
[2023-02-02 17:29:56,505] {processor.py:171} INFO - Processing /home/airflow/.local/lib/python3.7/site-packages/airflow/example_dags/example_bash_operator.py took 0.660 seconds
[2023-02-02 17:30:26,676] {processor.py:163} INFO - Started process (PID=1136) to work on /home/airflow/.local/lib/python3.7/site-packages/airflow/example_dags/example_bash_operator.py
[2023-02-02 17:30:26,682] {processor.py:642} INFO - Processing file /home/airflow/.local/lib/python3.7/site-packages/airflow/example_dags/example_bash_operator.py for tasks to queue
[2023-02-02 17:30:26,683] {logging_mixin.py:109} INFO - [2023-02-02 17:30:26,683] {dagbag.py:500} INFO - Filling up the DagBag from /home/airflow/.local/lib/python3.7/site-packages/airflow/example_dags/example_bash_operator.py
[2023-02-02 17:30:26,887] {processor.py:654} INFO - DAG(s) dict_keys(['example_bash_operator']) retrieved from /home/airflow/.local/lib/python3.7/site-packages/airflow/example_dags/example_bash_operator.py
[2023-02-02 17:30:26,926] {logging_mixin.py:109} INFO - [2023-02-02 17:30:26,926] {dag.py:2396} INFO - Sync 1 DAGs
[2023-02-02 17:30:26,998] {logging_mixin.py:109} INFO - [2023-02-02 17:30:26,998] {dag.py:2935} INFO - Setting next_dagrun for example_bash_operator to 2023-02-01 00:00:00+00:00
[2023-02-02 17:30:27,056] {processor.py:171} INFO - Processing /home/airflow/.local/lib/python3.7/site-packages/airflow/example_dags/example_bash_operator.py took 0.387 seconds
[2023-02-02 17:30:57,351] {processor.py:163} INFO - Started process (PID=1184) to work on /home/airflow/.local/lib/python3.7/site-packages/airflow/example_dags/example_bash_operator.py
[2023-02-02 17:30:57,355] {processor.py:642} INFO - Processing file /home/airflow/.local/lib/python3.7/site-packages/airflow/example_dags/example_bash_operator.py for tasks to queue
[2023-02-02 17:30:57,357] {logging_mixin.py:109} INFO - [2023-02-02 17:30:57,357] {dagbag.py:500} INFO - Filling up the DagBag from /home/airflow/.local/lib/python3.7/site-packages/airflow/example_dags/example_bash_operator.py
[2023-02-02 17:30:57,487] {processor.py:654} INFO - DAG(s) dict_keys(['example_bash_operator']) retrieved from /home/airflow/.local/lib/python3.7/site-packages/airflow/example_dags/example_bash_operator.py
[2023-02-02 17:30:57,528] {logging_mixin.py:109} INFO - [2023-02-02 17:30:57,527] {dag.py:2396} INFO - Sync 1 DAGs
[2023-02-02 17:30:57,867] {logging_mixin.py:109} INFO - [2023-02-02 17:30:57,867] {dag.py:2935} INFO - Setting next_dagrun for example_bash_operator to 2023-02-01 00:00:00+00:00
[2023-02-02 17:30:57,987] {processor.py:171} INFO - Processing /home/airflow/.local/lib/python3.7/site-packages/airflow/example_dags/example_bash_operator.py took 0.651 seconds
[2023-02-02 17:31:29,718] {processor.py:163} INFO - Started process (PID=1233) to work on /home/airflow/.local/lib/python3.7/site-packages/airflow/example_dags/example_bash_operator.py
[2023-02-02 17:31:29,723] {processor.py:642} INFO - Processing file /home/airflow/.local/lib/python3.7/site-packages/airflow/example_dags/example_bash_operator.py for tasks to queue
[2023-02-02 17:31:29,730] {logging_mixin.py:109} INFO - [2023-02-02 17:31:29,730] {dagbag.py:500} INFO - Filling up the DagBag from /home/airflow/.local/lib/python3.7/site-packages/airflow/example_dags/example_bash_operator.py
[2023-02-02 17:31:29,889] {processor.py:654} INFO - DAG(s) dict_keys(['example_bash_operator']) retrieved from /home/airflow/.local/lib/python3.7/site-packages/airflow/example_dags/example_bash_operator.py
[2023-02-02 17:31:29,945] {logging_mixin.py:109} INFO - [2023-02-02 17:31:29,945] {dag.py:2396} INFO - Sync 1 DAGs
[2023-02-02 17:31:30,624] {logging_mixin.py:109} INFO - [2023-02-02 17:31:30,624] {dag.py:2935} INFO - Setting next_dagrun for example_bash_operator to 2023-02-01 00:00:00+00:00
[2023-02-02 17:31:30,666] {processor.py:171} INFO - Processing /home/airflow/.local/lib/python3.7/site-packages/airflow/example_dags/example_bash_operator.py took 0.964 seconds
[2023-02-02 17:32:01,106] {processor.py:163} INFO - Started process (PID=1276) to work on /home/airflow/.local/lib/python3.7/site-packages/airflow/example_dags/example_bash_operator.py
[2023-02-02 17:32:01,108] {processor.py:642} INFO - Processing file /home/airflow/.local/lib/python3.7/site-packages/airflow/example_dags/example_bash_operator.py for tasks to queue
[2023-02-02 17:32:01,109] {logging_mixin.py:109} INFO - [2023-02-02 17:32:01,109] {dagbag.py:500} INFO - Filling up the DagBag from /home/airflow/.local/lib/python3.7/site-packages/airflow/example_dags/example_bash_operator.py
[2023-02-02 17:32:01,195] {processor.py:654} INFO - DAG(s) dict_keys(['example_bash_operator']) retrieved from /home/airflow/.local/lib/python3.7/site-packages/airflow/example_dags/example_bash_operator.py
[2023-02-02 17:32:01,216] {logging_mixin.py:109} INFO - [2023-02-02 17:32:01,216] {dag.py:2396} INFO - Sync 1 DAGs
[2023-02-02 17:32:01,455] {logging_mixin.py:109} INFO - [2023-02-02 17:32:01,455] {dag.py:2935} INFO - Setting next_dagrun for example_bash_operator to 2023-02-01 00:00:00+00:00
[2023-02-02 17:32:01,476] {processor.py:171} INFO - Processing /home/airflow/.local/lib/python3.7/site-packages/airflow/example_dags/example_bash_operator.py took 0.374 seconds
[2023-02-02 17:32:32,597] {processor.py:163} INFO - Started process (PID=1324) to work on /home/airflow/.local/lib/python3.7/site-packages/airflow/example_dags/example_bash_operator.py
[2023-02-02 17:32:32,603] {processor.py:642} INFO - Processing file /home/airflow/.local/lib/python3.7/site-packages/airflow/example_dags/example_bash_operator.py for tasks to queue
[2023-02-02 17:32:32,613] {logging_mixin.py:109} INFO - [2023-02-02 17:32:32,604] {dagbag.py:500} INFO - Filling up the DagBag from /home/airflow/.local/lib/python3.7/site-packages/airflow/example_dags/example_bash_operator.py
[2023-02-02 17:32:32,866] {processor.py:654} INFO - DAG(s) dict_keys(['example_bash_operator']) retrieved from /home/airflow/.local/lib/python3.7/site-packages/airflow/example_dags/example_bash_operator.py
[2023-02-02 17:32:32,962] {logging_mixin.py:109} INFO - [2023-02-02 17:32:32,962] {dag.py:2396} INFO - Sync 1 DAGs
[2023-02-02 17:32:33,676] {logging_mixin.py:109} INFO - [2023-02-02 17:32:33,675] {dag.py:2935} INFO - Setting next_dagrun for example_bash_operator to 2023-02-01 00:00:00+00:00
[2023-02-02 17:32:33,755] {processor.py:171} INFO - Processing /home/airflow/.local/lib/python3.7/site-packages/airflow/example_dags/example_bash_operator.py took 1.175 seconds
[2023-02-02 17:33:03,923] {processor.py:163} INFO - Started process (PID=1364) to work on /home/airflow/.local/lib/python3.7/site-packages/airflow/example_dags/example_bash_operator.py
[2023-02-02 17:33:03,926] {processor.py:642} INFO - Processing file /home/airflow/.local/lib/python3.7/site-packages/airflow/example_dags/example_bash_operator.py for tasks to queue
[2023-02-02 17:33:03,928] {logging_mixin.py:109} INFO - [2023-02-02 17:33:03,927] {dagbag.py:500} INFO - Filling up the DagBag from /home/airflow/.local/lib/python3.7/site-packages/airflow/example_dags/example_bash_operator.py
[2023-02-02 17:33:04,042] {processor.py:654} INFO - DAG(s) dict_keys(['example_bash_operator']) retrieved from /home/airflow/.local/lib/python3.7/site-packages/airflow/example_dags/example_bash_operator.py
[2023-02-02 17:33:04,081] {logging_mixin.py:109} INFO - [2023-02-02 17:33:04,080] {dag.py:2396} INFO - Sync 1 DAGs
[2023-02-02 17:33:04,406] {logging_mixin.py:109} INFO - [2023-02-02 17:33:04,406] {dag.py:2935} INFO - Setting next_dagrun for example_bash_operator to 2023-02-01 00:00:00+00:00
[2023-02-02 17:33:04,435] {processor.py:171} INFO - Processing /home/airflow/.local/lib/python3.7/site-packages/airflow/example_dags/example_bash_operator.py took 0.517 seconds
[2023-02-02 17:33:34,717] {processor.py:163} INFO - Started process (PID=1413) to work on /home/airflow/.local/lib/python3.7/site-packages/airflow/example_dags/example_bash_operator.py
[2023-02-02 17:33:34,719] {processor.py:642} INFO - Processing file /home/airflow/.local/lib/python3.7/site-packages/airflow/example_dags/example_bash_operator.py for tasks to queue
[2023-02-02 17:33:34,720] {logging_mixin.py:109} INFO - [2023-02-02 17:33:34,720] {dagbag.py:500} INFO - Filling up the DagBag from /home/airflow/.local/lib/python3.7/site-packages/airflow/example_dags/example_bash_operator.py
[2023-02-02 17:33:34,981] {processor.py:654} INFO - DAG(s) dict_keys(['example_bash_operator']) retrieved from /home/airflow/.local/lib/python3.7/site-packages/airflow/example_dags/example_bash_operator.py
[2023-02-02 17:33:35,008] {logging_mixin.py:109} INFO - [2023-02-02 17:33:35,008] {dag.py:2396} INFO - Sync 1 DAGs
[2023-02-02 17:33:35,045] {logging_mixin.py:109} INFO - [2023-02-02 17:33:35,045] {dag.py:2935} INFO - Setting next_dagrun for example_bash_operator to 2023-02-01 00:00:00+00:00
[2023-02-02 17:33:35,070] {processor.py:171} INFO - Processing /home/airflow/.local/lib/python3.7/site-packages/airflow/example_dags/example_bash_operator.py took 0.361 seconds
