[2023-02-02 17:18:49,557] {processor.py:163} INFO - Started process (PID=115) to work on /home/airflow/.local/lib/python3.7/site-packages/airflow/example_dags/example_branch_python_dop_operator_3.py
[2023-02-02 17:18:49,562] {processor.py:642} INFO - Processing file /home/airflow/.local/lib/python3.7/site-packages/airflow/example_dags/example_branch_python_dop_operator_3.py for tasks to queue
[2023-02-02 17:18:49,574] {logging_mixin.py:109} INFO - [2023-02-02 17:18:49,573] {dagbag.py:500} INFO - Filling up the DagBag from /home/airflow/.local/lib/python3.7/site-packages/airflow/example_dags/example_branch_python_dop_operator_3.py
[2023-02-02 17:18:49,735] {processor.py:654} INFO - DAG(s) dict_keys(['example_branch_dop_operator_v3']) retrieved from /home/airflow/.local/lib/python3.7/site-packages/airflow/example_dags/example_branch_python_dop_operator_3.py
[2023-02-02 17:18:49,789] {logging_mixin.py:109} INFO - [2023-02-02 17:18:49,789] {dag.py:2396} INFO - Sync 1 DAGs
[2023-02-02 17:18:50,029] {logging_mixin.py:109} INFO - [2023-02-02 17:18:50,029] {dag.py:2935} INFO - Setting next_dagrun for example_branch_dop_operator_v3 to 2023-02-02T17:17:00+00:00
[2023-02-02 17:18:50,161] {processor.py:171} INFO - Processing /home/airflow/.local/lib/python3.7/site-packages/airflow/example_dags/example_branch_python_dop_operator_3.py took 0.614 seconds
[2023-02-02 17:19:20,658] {processor.py:163} INFO - Started process (PID=158) to work on /home/airflow/.local/lib/python3.7/site-packages/airflow/example_dags/example_branch_python_dop_operator_3.py
[2023-02-02 17:19:20,660] {processor.py:642} INFO - Processing file /home/airflow/.local/lib/python3.7/site-packages/airflow/example_dags/example_branch_python_dop_operator_3.py for tasks to queue
[2023-02-02 17:19:20,664] {logging_mixin.py:109} INFO - [2023-02-02 17:19:20,660] {dagbag.py:500} INFO - Filling up the DagBag from /home/airflow/.local/lib/python3.7/site-packages/airflow/example_dags/example_branch_python_dop_operator_3.py
[2023-02-02 17:19:20,820] {processor.py:654} INFO - DAG(s) dict_keys(['example_branch_dop_operator_v3']) retrieved from /home/airflow/.local/lib/python3.7/site-packages/airflow/example_dags/example_branch_python_dop_operator_3.py
[2023-02-02 17:19:20,872] {logging_mixin.py:109} INFO - [2023-02-02 17:19:20,872] {dag.py:2396} INFO - Sync 1 DAGs
[2023-02-02 17:19:20,961] {logging_mixin.py:109} INFO - [2023-02-02 17:19:20,961] {dag.py:2935} INFO - Setting next_dagrun for example_branch_dop_operator_v3 to 2023-02-02T17:18:00+00:00
[2023-02-02 17:19:20,985] {processor.py:171} INFO - Processing /home/airflow/.local/lib/python3.7/site-packages/airflow/example_dags/example_branch_python_dop_operator_3.py took 0.373 seconds
[2023-02-02 17:19:55,135] {processor.py:163} INFO - Started process (PID=207) to work on /home/airflow/.local/lib/python3.7/site-packages/airflow/example_dags/example_branch_python_dop_operator_3.py
[2023-02-02 17:19:55,143] {processor.py:642} INFO - Processing file /home/airflow/.local/lib/python3.7/site-packages/airflow/example_dags/example_branch_python_dop_operator_3.py for tasks to queue
[2023-02-02 17:19:55,144] {logging_mixin.py:109} INFO - [2023-02-02 17:19:55,144] {dagbag.py:500} INFO - Filling up the DagBag from /home/airflow/.local/lib/python3.7/site-packages/airflow/example_dags/example_branch_python_dop_operator_3.py
[2023-02-02 17:19:55,247] {processor.py:654} INFO - DAG(s) dict_keys(['example_branch_dop_operator_v3']) retrieved from /home/airflow/.local/lib/python3.7/site-packages/airflow/example_dags/example_branch_python_dop_operator_3.py
[2023-02-02 17:19:55,306] {logging_mixin.py:109} INFO - [2023-02-02 17:19:55,305] {dag.py:2396} INFO - Sync 1 DAGs
[2023-02-02 17:19:55,441] {logging_mixin.py:109} INFO - [2023-02-02 17:19:55,440] {dag.py:2935} INFO - Setting next_dagrun for example_branch_dop_operator_v3 to 2023-02-02T17:18:00+00:00
[2023-02-02 17:19:55,482] {processor.py:171} INFO - Processing /home/airflow/.local/lib/python3.7/site-packages/airflow/example_dags/example_branch_python_dop_operator_3.py took 0.359 seconds
[2023-02-02 17:20:27,743] {processor.py:163} INFO - Started process (PID=255) to work on /home/airflow/.local/lib/python3.7/site-packages/airflow/example_dags/example_branch_python_dop_operator_3.py
[2023-02-02 17:20:27,761] {processor.py:642} INFO - Processing file /home/airflow/.local/lib/python3.7/site-packages/airflow/example_dags/example_branch_python_dop_operator_3.py for tasks to queue
[2023-02-02 17:20:27,762] {logging_mixin.py:109} INFO - [2023-02-02 17:20:27,762] {dagbag.py:500} INFO - Filling up the DagBag from /home/airflow/.local/lib/python3.7/site-packages/airflow/example_dags/example_branch_python_dop_operator_3.py
[2023-02-02 17:20:28,013] {processor.py:654} INFO - DAG(s) dict_keys(['example_branch_dop_operator_v3']) retrieved from /home/airflow/.local/lib/python3.7/site-packages/airflow/example_dags/example_branch_python_dop_operator_3.py
[2023-02-02 17:20:28,160] {logging_mixin.py:109} INFO - [2023-02-02 17:20:28,160] {dag.py:2396} INFO - Sync 1 DAGs
[2023-02-02 17:20:28,392] {logging_mixin.py:109} INFO - [2023-02-02 17:20:28,392] {dag.py:2935} INFO - Setting next_dagrun for example_branch_dop_operator_v3 to 2023-02-02T17:19:00+00:00
[2023-02-02 17:20:28,526] {processor.py:171} INFO - Processing /home/airflow/.local/lib/python3.7/site-packages/airflow/example_dags/example_branch_python_dop_operator_3.py took 0.810 seconds
[2023-02-02 17:20:59,103] {processor.py:163} INFO - Started process (PID=297) to work on /home/airflow/.local/lib/python3.7/site-packages/airflow/example_dags/example_branch_python_dop_operator_3.py
[2023-02-02 17:20:59,106] {processor.py:642} INFO - Processing file /home/airflow/.local/lib/python3.7/site-packages/airflow/example_dags/example_branch_python_dop_operator_3.py for tasks to queue
[2023-02-02 17:20:59,107] {logging_mixin.py:109} INFO - [2023-02-02 17:20:59,106] {dagbag.py:500} INFO - Filling up the DagBag from /home/airflow/.local/lib/python3.7/site-packages/airflow/example_dags/example_branch_python_dop_operator_3.py
[2023-02-02 17:20:59,188] {processor.py:654} INFO - DAG(s) dict_keys(['example_branch_dop_operator_v3']) retrieved from /home/airflow/.local/lib/python3.7/site-packages/airflow/example_dags/example_branch_python_dop_operator_3.py
[2023-02-02 17:20:59,215] {logging_mixin.py:109} INFO - [2023-02-02 17:20:59,215] {dag.py:2396} INFO - Sync 1 DAGs
[2023-02-02 17:20:59,312] {logging_mixin.py:109} INFO - [2023-02-02 17:20:59,311] {dag.py:2935} INFO - Setting next_dagrun for example_branch_dop_operator_v3 to 2023-02-02T17:19:00+00:00
[2023-02-02 17:20:59,345] {processor.py:171} INFO - Processing /home/airflow/.local/lib/python3.7/site-packages/airflow/example_dags/example_branch_python_dop_operator_3.py took 0.254 seconds
[2023-02-02 17:21:30,186] {processor.py:163} INFO - Started process (PID=347) to work on /home/airflow/.local/lib/python3.7/site-packages/airflow/example_dags/example_branch_python_dop_operator_3.py
[2023-02-02 17:21:30,204] {processor.py:642} INFO - Processing file /home/airflow/.local/lib/python3.7/site-packages/airflow/example_dags/example_branch_python_dop_operator_3.py for tasks to queue
[2023-02-02 17:21:30,209] {logging_mixin.py:109} INFO - [2023-02-02 17:21:30,209] {dagbag.py:500} INFO - Filling up the DagBag from /home/airflow/.local/lib/python3.7/site-packages/airflow/example_dags/example_branch_python_dop_operator_3.py
[2023-02-02 17:21:30,286] {processor.py:654} INFO - DAG(s) dict_keys(['example_branch_dop_operator_v3']) retrieved from /home/airflow/.local/lib/python3.7/site-packages/airflow/example_dags/example_branch_python_dop_operator_3.py
[2023-02-02 17:21:30,321] {logging_mixin.py:109} INFO - [2023-02-02 17:21:30,321] {dag.py:2396} INFO - Sync 1 DAGs
[2023-02-02 17:21:30,494] {logging_mixin.py:109} INFO - [2023-02-02 17:21:30,494] {dag.py:2935} INFO - Setting next_dagrun for example_branch_dop_operator_v3 to 2023-02-02T17:20:00+00:00
[2023-02-02 17:21:30,590] {processor.py:171} INFO - Processing /home/airflow/.local/lib/python3.7/site-packages/airflow/example_dags/example_branch_python_dop_operator_3.py took 0.419 seconds
[2023-02-02 17:22:00,896] {processor.py:163} INFO - Started process (PID=386) to work on /home/airflow/.local/lib/python3.7/site-packages/airflow/example_dags/example_branch_python_dop_operator_3.py
[2023-02-02 17:22:00,903] {processor.py:642} INFO - Processing file /home/airflow/.local/lib/python3.7/site-packages/airflow/example_dags/example_branch_python_dop_operator_3.py for tasks to queue
[2023-02-02 17:22:00,905] {logging_mixin.py:109} INFO - [2023-02-02 17:22:00,905] {dagbag.py:500} INFO - Filling up the DagBag from /home/airflow/.local/lib/python3.7/site-packages/airflow/example_dags/example_branch_python_dop_operator_3.py
[2023-02-02 17:22:01,001] {processor.py:654} INFO - DAG(s) dict_keys(['example_branch_dop_operator_v3']) retrieved from /home/airflow/.local/lib/python3.7/site-packages/airflow/example_dags/example_branch_python_dop_operator_3.py
[2023-02-02 17:22:01,034] {logging_mixin.py:109} INFO - [2023-02-02 17:22:01,034] {dag.py:2396} INFO - Sync 1 DAGs
[2023-02-02 17:22:01,092] {logging_mixin.py:109} INFO - [2023-02-02 17:22:01,092] {dag.py:2935} INFO - Setting next_dagrun for example_branch_dop_operator_v3 to 2023-02-02T17:21:00+00:00
[2023-02-02 17:22:01,131] {processor.py:171} INFO - Processing /home/airflow/.local/lib/python3.7/site-packages/airflow/example_dags/example_branch_python_dop_operator_3.py took 0.246 seconds
[2023-02-02 17:22:33,754] {processor.py:163} INFO - Started process (PID=436) to work on /home/airflow/.local/lib/python3.7/site-packages/airflow/example_dags/example_branch_python_dop_operator_3.py
[2023-02-02 17:22:33,762] {processor.py:642} INFO - Processing file /home/airflow/.local/lib/python3.7/site-packages/airflow/example_dags/example_branch_python_dop_operator_3.py for tasks to queue
[2023-02-02 17:22:33,764] {logging_mixin.py:109} INFO - [2023-02-02 17:22:33,764] {dagbag.py:500} INFO - Filling up the DagBag from /home/airflow/.local/lib/python3.7/site-packages/airflow/example_dags/example_branch_python_dop_operator_3.py
[2023-02-02 17:22:34,069] {processor.py:654} INFO - DAG(s) dict_keys(['example_branch_dop_operator_v3']) retrieved from /home/airflow/.local/lib/python3.7/site-packages/airflow/example_dags/example_branch_python_dop_operator_3.py
[2023-02-02 17:22:34,128] {logging_mixin.py:109} INFO - [2023-02-02 17:22:34,128] {dag.py:2396} INFO - Sync 1 DAGs
[2023-02-02 17:22:34,178] {logging_mixin.py:109} INFO - [2023-02-02 17:22:34,178] {dag.py:2935} INFO - Setting next_dagrun for example_branch_dop_operator_v3 to 2023-02-02T17:21:00+00:00
[2023-02-02 17:22:34,208] {processor.py:171} INFO - Processing /home/airflow/.local/lib/python3.7/site-packages/airflow/example_dags/example_branch_python_dop_operator_3.py took 0.490 seconds
[2023-02-02 17:23:04,851] {processor.py:163} INFO - Started process (PID=485) to work on /home/airflow/.local/lib/python3.7/site-packages/airflow/example_dags/example_branch_python_dop_operator_3.py
[2023-02-02 17:23:04,853] {processor.py:642} INFO - Processing file /home/airflow/.local/lib/python3.7/site-packages/airflow/example_dags/example_branch_python_dop_operator_3.py for tasks to queue
[2023-02-02 17:23:04,855] {logging_mixin.py:109} INFO - [2023-02-02 17:23:04,855] {dagbag.py:500} INFO - Filling up the DagBag from /home/airflow/.local/lib/python3.7/site-packages/airflow/example_dags/example_branch_python_dop_operator_3.py
[2023-02-02 17:23:04,913] {processor.py:654} INFO - DAG(s) dict_keys(['example_branch_dop_operator_v3']) retrieved from /home/airflow/.local/lib/python3.7/site-packages/airflow/example_dags/example_branch_python_dop_operator_3.py
[2023-02-02 17:23:04,937] {logging_mixin.py:109} INFO - [2023-02-02 17:23:04,937] {dag.py:2396} INFO - Sync 1 DAGs
[2023-02-02 17:23:04,992] {logging_mixin.py:109} INFO - [2023-02-02 17:23:04,992] {dag.py:2935} INFO - Setting next_dagrun for example_branch_dop_operator_v3 to 2023-02-02T17:22:00+00:00
[2023-02-02 17:23:05,021] {processor.py:171} INFO - Processing /home/airflow/.local/lib/python3.7/site-packages/airflow/example_dags/example_branch_python_dop_operator_3.py took 0.177 seconds
[2023-02-02 17:23:35,343] {processor.py:163} INFO - Started process (PID=526) to work on /home/airflow/.local/lib/python3.7/site-packages/airflow/example_dags/example_branch_python_dop_operator_3.py
[2023-02-02 17:23:35,348] {processor.py:642} INFO - Processing file /home/airflow/.local/lib/python3.7/site-packages/airflow/example_dags/example_branch_python_dop_operator_3.py for tasks to queue
[2023-02-02 17:23:35,349] {logging_mixin.py:109} INFO - [2023-02-02 17:23:35,349] {dagbag.py:500} INFO - Filling up the DagBag from /home/airflow/.local/lib/python3.7/site-packages/airflow/example_dags/example_branch_python_dop_operator_3.py
[2023-02-02 17:23:35,407] {processor.py:654} INFO - DAG(s) dict_keys(['example_branch_dop_operator_v3']) retrieved from /home/airflow/.local/lib/python3.7/site-packages/airflow/example_dags/example_branch_python_dop_operator_3.py
[2023-02-02 17:23:35,446] {logging_mixin.py:109} INFO - [2023-02-02 17:23:35,446] {dag.py:2396} INFO - Sync 1 DAGs
[2023-02-02 17:23:35,551] {logging_mixin.py:109} INFO - [2023-02-02 17:23:35,550] {dag.py:2935} INFO - Setting next_dagrun for example_branch_dop_operator_v3 to 2023-02-02T17:22:00+00:00
[2023-02-02 17:23:35,603] {processor.py:171} INFO - Processing /home/airflow/.local/lib/python3.7/site-packages/airflow/example_dags/example_branch_python_dop_operator_3.py took 0.282 seconds
[2023-02-02 17:24:05,831] {processor.py:163} INFO - Started process (PID=576) to work on /home/airflow/.local/lib/python3.7/site-packages/airflow/example_dags/example_branch_python_dop_operator_3.py
[2023-02-02 17:24:05,839] {processor.py:642} INFO - Processing file /home/airflow/.local/lib/python3.7/site-packages/airflow/example_dags/example_branch_python_dop_operator_3.py for tasks to queue
[2023-02-02 17:24:05,844] {logging_mixin.py:109} INFO - [2023-02-02 17:24:05,844] {dagbag.py:500} INFO - Filling up the DagBag from /home/airflow/.local/lib/python3.7/site-packages/airflow/example_dags/example_branch_python_dop_operator_3.py
[2023-02-02 17:24:05,933] {processor.py:654} INFO - DAG(s) dict_keys(['example_branch_dop_operator_v3']) retrieved from /home/airflow/.local/lib/python3.7/site-packages/airflow/example_dags/example_branch_python_dop_operator_3.py
[2023-02-02 17:24:05,995] {logging_mixin.py:109} INFO - [2023-02-02 17:24:05,995] {dag.py:2396} INFO - Sync 1 DAGs
[2023-02-02 17:24:06,111] {logging_mixin.py:109} INFO - [2023-02-02 17:24:06,110] {dag.py:2935} INFO - Setting next_dagrun for example_branch_dop_operator_v3 to 2023-02-02T17:23:00+00:00
[2023-02-02 17:24:06,145] {processor.py:171} INFO - Processing /home/airflow/.local/lib/python3.7/site-packages/airflow/example_dags/example_branch_python_dop_operator_3.py took 0.327 seconds
[2023-02-02 17:24:37,000] {processor.py:163} INFO - Started process (PID=626) to work on /home/airflow/.local/lib/python3.7/site-packages/airflow/example_dags/example_branch_python_dop_operator_3.py
[2023-02-02 17:24:37,006] {processor.py:642} INFO - Processing file /home/airflow/.local/lib/python3.7/site-packages/airflow/example_dags/example_branch_python_dop_operator_3.py for tasks to queue
[2023-02-02 17:24:37,010] {logging_mixin.py:109} INFO - [2023-02-02 17:24:37,009] {dagbag.py:500} INFO - Filling up the DagBag from /home/airflow/.local/lib/python3.7/site-packages/airflow/example_dags/example_branch_python_dop_operator_3.py
[2023-02-02 17:24:37,176] {processor.py:654} INFO - DAG(s) dict_keys(['example_branch_dop_operator_v3']) retrieved from /home/airflow/.local/lib/python3.7/site-packages/airflow/example_dags/example_branch_python_dop_operator_3.py
[2023-02-02 17:24:37,202] {logging_mixin.py:109} INFO - [2023-02-02 17:24:37,202] {dag.py:2396} INFO - Sync 1 DAGs
[2023-02-02 17:24:37,272] {logging_mixin.py:109} INFO - [2023-02-02 17:24:37,272] {dag.py:2935} INFO - Setting next_dagrun for example_branch_dop_operator_v3 to 2023-02-02T17:23:00+00:00
[2023-02-02 17:24:37,343] {processor.py:171} INFO - Processing /home/airflow/.local/lib/python3.7/site-packages/airflow/example_dags/example_branch_python_dop_operator_3.py took 0.354 seconds
[2023-02-02 17:25:07,606] {processor.py:163} INFO - Started process (PID=666) to work on /home/airflow/.local/lib/python3.7/site-packages/airflow/example_dags/example_branch_python_dop_operator_3.py
[2023-02-02 17:25:07,609] {processor.py:642} INFO - Processing file /home/airflow/.local/lib/python3.7/site-packages/airflow/example_dags/example_branch_python_dop_operator_3.py for tasks to queue
[2023-02-02 17:25:07,610] {logging_mixin.py:109} INFO - [2023-02-02 17:25:07,610] {dagbag.py:500} INFO - Filling up the DagBag from /home/airflow/.local/lib/python3.7/site-packages/airflow/example_dags/example_branch_python_dop_operator_3.py
[2023-02-02 17:25:07,901] {processor.py:654} INFO - DAG(s) dict_keys(['example_branch_dop_operator_v3']) retrieved from /home/airflow/.local/lib/python3.7/site-packages/airflow/example_dags/example_branch_python_dop_operator_3.py
[2023-02-02 17:25:07,988] {logging_mixin.py:109} INFO - [2023-02-02 17:25:07,988] {dag.py:2396} INFO - Sync 1 DAGs
[2023-02-02 17:25:08,175] {logging_mixin.py:109} INFO - [2023-02-02 17:25:08,175] {dag.py:2935} INFO - Setting next_dagrun for example_branch_dop_operator_v3 to 2023-02-02T17:24:00+00:00
[2023-02-02 17:25:08,228] {processor.py:171} INFO - Processing /home/airflow/.local/lib/python3.7/site-packages/airflow/example_dags/example_branch_python_dop_operator_3.py took 0.632 seconds
[2023-02-02 17:25:39,119] {processor.py:163} INFO - Started process (PID=716) to work on /home/airflow/.local/lib/python3.7/site-packages/airflow/example_dags/example_branch_python_dop_operator_3.py
[2023-02-02 17:25:39,126] {processor.py:642} INFO - Processing file /home/airflow/.local/lib/python3.7/site-packages/airflow/example_dags/example_branch_python_dop_operator_3.py for tasks to queue
[2023-02-02 17:25:39,127] {logging_mixin.py:109} INFO - [2023-02-02 17:25:39,127] {dagbag.py:500} INFO - Filling up the DagBag from /home/airflow/.local/lib/python3.7/site-packages/airflow/example_dags/example_branch_python_dop_operator_3.py
[2023-02-02 17:25:39,217] {processor.py:654} INFO - DAG(s) dict_keys(['example_branch_dop_operator_v3']) retrieved from /home/airflow/.local/lib/python3.7/site-packages/airflow/example_dags/example_branch_python_dop_operator_3.py
[2023-02-02 17:25:39,247] {logging_mixin.py:109} INFO - [2023-02-02 17:25:39,246] {dag.py:2396} INFO - Sync 1 DAGs
[2023-02-02 17:25:39,315] {logging_mixin.py:109} INFO - [2023-02-02 17:25:39,315] {dag.py:2935} INFO - Setting next_dagrun for example_branch_dop_operator_v3 to 2023-02-02T17:24:00+00:00
[2023-02-02 17:25:39,357] {processor.py:171} INFO - Processing /home/airflow/.local/lib/python3.7/site-packages/airflow/example_dags/example_branch_python_dop_operator_3.py took 0.253 seconds
[2023-02-02 17:26:09,997] {processor.py:163} INFO - Started process (PID=763) to work on /home/airflow/.local/lib/python3.7/site-packages/airflow/example_dags/example_branch_python_dop_operator_3.py
[2023-02-02 17:26:09,998] {processor.py:642} INFO - Processing file /home/airflow/.local/lib/python3.7/site-packages/airflow/example_dags/example_branch_python_dop_operator_3.py for tasks to queue
[2023-02-02 17:26:09,999] {logging_mixin.py:109} INFO - [2023-02-02 17:26:09,999] {dagbag.py:500} INFO - Filling up the DagBag from /home/airflow/.local/lib/python3.7/site-packages/airflow/example_dags/example_branch_python_dop_operator_3.py
[2023-02-02 17:26:10,175] {processor.py:654} INFO - DAG(s) dict_keys(['example_branch_dop_operator_v3']) retrieved from /home/airflow/.local/lib/python3.7/site-packages/airflow/example_dags/example_branch_python_dop_operator_3.py
[2023-02-02 17:26:10,200] {logging_mixin.py:109} INFO - [2023-02-02 17:26:10,200] {dag.py:2396} INFO - Sync 1 DAGs
[2023-02-02 17:26:10,290] {logging_mixin.py:109} INFO - [2023-02-02 17:26:10,288] {dag.py:2935} INFO - Setting next_dagrun for example_branch_dop_operator_v3 to 2023-02-02T17:25:00+00:00
[2023-02-02 17:26:10,321] {processor.py:171} INFO - Processing /home/airflow/.local/lib/python3.7/site-packages/airflow/example_dags/example_branch_python_dop_operator_3.py took 0.410 seconds
[2023-02-02 17:26:41,852] {processor.py:163} INFO - Started process (PID=806) to work on /home/airflow/.local/lib/python3.7/site-packages/airflow/example_dags/example_branch_python_dop_operator_3.py
[2023-02-02 17:26:41,858] {processor.py:642} INFO - Processing file /home/airflow/.local/lib/python3.7/site-packages/airflow/example_dags/example_branch_python_dop_operator_3.py for tasks to queue
[2023-02-02 17:26:41,859] {logging_mixin.py:109} INFO - [2023-02-02 17:26:41,858] {dagbag.py:500} INFO - Filling up the DagBag from /home/airflow/.local/lib/python3.7/site-packages/airflow/example_dags/example_branch_python_dop_operator_3.py
[2023-02-02 17:26:41,971] {processor.py:654} INFO - DAG(s) dict_keys(['example_branch_dop_operator_v3']) retrieved from /home/airflow/.local/lib/python3.7/site-packages/airflow/example_dags/example_branch_python_dop_operator_3.py
[2023-02-02 17:26:42,011] {logging_mixin.py:109} INFO - [2023-02-02 17:26:42,011] {dag.py:2396} INFO - Sync 1 DAGs
[2023-02-02 17:26:42,084] {logging_mixin.py:109} INFO - [2023-02-02 17:26:42,083] {dag.py:2935} INFO - Setting next_dagrun for example_branch_dop_operator_v3 to 2023-02-02T17:25:00+00:00
[2023-02-02 17:26:42,114] {processor.py:171} INFO - Processing /home/airflow/.local/lib/python3.7/site-packages/airflow/example_dags/example_branch_python_dop_operator_3.py took 0.272 seconds
[2023-02-02 17:27:15,376] {processor.py:163} INFO - Started process (PID=856) to work on /home/airflow/.local/lib/python3.7/site-packages/airflow/example_dags/example_branch_python_dop_operator_3.py
[2023-02-02 17:27:15,378] {processor.py:642} INFO - Processing file /home/airflow/.local/lib/python3.7/site-packages/airflow/example_dags/example_branch_python_dop_operator_3.py for tasks to queue
[2023-02-02 17:27:15,381] {logging_mixin.py:109} INFO - [2023-02-02 17:27:15,381] {dagbag.py:500} INFO - Filling up the DagBag from /home/airflow/.local/lib/python3.7/site-packages/airflow/example_dags/example_branch_python_dop_operator_3.py
[2023-02-02 17:27:15,679] {processor.py:654} INFO - DAG(s) dict_keys(['example_branch_dop_operator_v3']) retrieved from /home/airflow/.local/lib/python3.7/site-packages/airflow/example_dags/example_branch_python_dop_operator_3.py
[2023-02-02 17:27:15,778] {logging_mixin.py:109} INFO - [2023-02-02 17:27:15,778] {dag.py:2396} INFO - Sync 1 DAGs
[2023-02-02 17:27:15,960] {logging_mixin.py:109} INFO - [2023-02-02 17:27:15,960] {dag.py:2935} INFO - Setting next_dagrun for example_branch_dop_operator_v3 to 2023-02-02T17:26:00+00:00
[2023-02-02 17:27:16,057] {processor.py:171} INFO - Processing /home/airflow/.local/lib/python3.7/site-packages/airflow/example_dags/example_branch_python_dop_operator_3.py took 0.730 seconds
[2023-02-02 17:27:46,777] {processor.py:163} INFO - Started process (PID=896) to work on /home/airflow/.local/lib/python3.7/site-packages/airflow/example_dags/example_branch_python_dop_operator_3.py
[2023-02-02 17:27:46,786] {processor.py:642} INFO - Processing file /home/airflow/.local/lib/python3.7/site-packages/airflow/example_dags/example_branch_python_dop_operator_3.py for tasks to queue
[2023-02-02 17:27:46,787] {logging_mixin.py:109} INFO - [2023-02-02 17:27:46,787] {dagbag.py:500} INFO - Filling up the DagBag from /home/airflow/.local/lib/python3.7/site-packages/airflow/example_dags/example_branch_python_dop_operator_3.py
[2023-02-02 17:27:47,013] {processor.py:654} INFO - DAG(s) dict_keys(['example_branch_dop_operator_v3']) retrieved from /home/airflow/.local/lib/python3.7/site-packages/airflow/example_dags/example_branch_python_dop_operator_3.py
[2023-02-02 17:27:47,105] {logging_mixin.py:109} INFO - [2023-02-02 17:27:47,105] {dag.py:2396} INFO - Sync 1 DAGs
[2023-02-02 17:27:47,235] {logging_mixin.py:109} INFO - [2023-02-02 17:27:47,232] {dag.py:2935} INFO - Setting next_dagrun for example_branch_dop_operator_v3 to 2023-02-02T17:26:00+00:00
[2023-02-02 17:27:47,290] {processor.py:171} INFO - Processing /home/airflow/.local/lib/python3.7/site-packages/airflow/example_dags/example_branch_python_dop_operator_3.py took 0.567 seconds
[2023-02-02 17:28:17,447] {processor.py:163} INFO - Started process (PID=945) to work on /home/airflow/.local/lib/python3.7/site-packages/airflow/example_dags/example_branch_python_dop_operator_3.py
[2023-02-02 17:28:17,458] {processor.py:642} INFO - Processing file /home/airflow/.local/lib/python3.7/site-packages/airflow/example_dags/example_branch_python_dop_operator_3.py for tasks to queue
[2023-02-02 17:28:17,459] {logging_mixin.py:109} INFO - [2023-02-02 17:28:17,458] {dagbag.py:500} INFO - Filling up the DagBag from /home/airflow/.local/lib/python3.7/site-packages/airflow/example_dags/example_branch_python_dop_operator_3.py
[2023-02-02 17:28:17,598] {processor.py:654} INFO - DAG(s) dict_keys(['example_branch_dop_operator_v3']) retrieved from /home/airflow/.local/lib/python3.7/site-packages/airflow/example_dags/example_branch_python_dop_operator_3.py
[2023-02-02 17:28:17,614] {logging_mixin.py:109} INFO - [2023-02-02 17:28:17,614] {dag.py:2396} INFO - Sync 1 DAGs
[2023-02-02 17:28:17,695] {logging_mixin.py:109} INFO - [2023-02-02 17:28:17,695] {dag.py:2935} INFO - Setting next_dagrun for example_branch_dop_operator_v3 to 2023-02-02T17:27:00+00:00
[2023-02-02 17:28:17,760] {processor.py:171} INFO - Processing /home/airflow/.local/lib/python3.7/site-packages/airflow/example_dags/example_branch_python_dop_operator_3.py took 0.336 seconds
[2023-02-02 17:28:47,929] {processor.py:163} INFO - Started process (PID=992) to work on /home/airflow/.local/lib/python3.7/site-packages/airflow/example_dags/example_branch_python_dop_operator_3.py
[2023-02-02 17:28:47,938] {processor.py:642} INFO - Processing file /home/airflow/.local/lib/python3.7/site-packages/airflow/example_dags/example_branch_python_dop_operator_3.py for tasks to queue
[2023-02-02 17:28:47,939] {logging_mixin.py:109} INFO - [2023-02-02 17:28:47,939] {dagbag.py:500} INFO - Filling up the DagBag from /home/airflow/.local/lib/python3.7/site-packages/airflow/example_dags/example_branch_python_dop_operator_3.py
[2023-02-02 17:28:48,066] {processor.py:654} INFO - DAG(s) dict_keys(['example_branch_dop_operator_v3']) retrieved from /home/airflow/.local/lib/python3.7/site-packages/airflow/example_dags/example_branch_python_dop_operator_3.py
[2023-02-02 17:28:48,110] {logging_mixin.py:109} INFO - [2023-02-02 17:28:48,110] {dag.py:2396} INFO - Sync 1 DAGs
[2023-02-02 17:28:48,177] {logging_mixin.py:109} INFO - [2023-02-02 17:28:48,177] {dag.py:2935} INFO - Setting next_dagrun for example_branch_dop_operator_v3 to 2023-02-02T17:27:00+00:00
[2023-02-02 17:28:48,221] {processor.py:171} INFO - Processing /home/airflow/.local/lib/python3.7/site-packages/airflow/example_dags/example_branch_python_dop_operator_3.py took 0.304 seconds
[2023-02-02 17:29:18,735] {processor.py:163} INFO - Started process (PID=1035) to work on /home/airflow/.local/lib/python3.7/site-packages/airflow/example_dags/example_branch_python_dop_operator_3.py
[2023-02-02 17:29:18,738] {processor.py:642} INFO - Processing file /home/airflow/.local/lib/python3.7/site-packages/airflow/example_dags/example_branch_python_dop_operator_3.py for tasks to queue
[2023-02-02 17:29:18,740] {logging_mixin.py:109} INFO - [2023-02-02 17:29:18,740] {dagbag.py:500} INFO - Filling up the DagBag from /home/airflow/.local/lib/python3.7/site-packages/airflow/example_dags/example_branch_python_dop_operator_3.py
[2023-02-02 17:29:18,812] {processor.py:654} INFO - DAG(s) dict_keys(['example_branch_dop_operator_v3']) retrieved from /home/airflow/.local/lib/python3.7/site-packages/airflow/example_dags/example_branch_python_dop_operator_3.py
[2023-02-02 17:29:18,844] {logging_mixin.py:109} INFO - [2023-02-02 17:29:18,843] {dag.py:2396} INFO - Sync 1 DAGs
[2023-02-02 17:29:18,896] {logging_mixin.py:109} INFO - [2023-02-02 17:29:18,896] {dag.py:2935} INFO - Setting next_dagrun for example_branch_dop_operator_v3 to 2023-02-02T17:28:00+00:00
[2023-02-02 17:29:18,919] {processor.py:171} INFO - Processing /home/airflow/.local/lib/python3.7/site-packages/airflow/example_dags/example_branch_python_dop_operator_3.py took 0.192 seconds
[2023-02-02 17:29:49,248] {processor.py:163} INFO - Started process (PID=1085) to work on /home/airflow/.local/lib/python3.7/site-packages/airflow/example_dags/example_branch_python_dop_operator_3.py
[2023-02-02 17:29:49,259] {processor.py:642} INFO - Processing file /home/airflow/.local/lib/python3.7/site-packages/airflow/example_dags/example_branch_python_dop_operator_3.py for tasks to queue
[2023-02-02 17:29:49,260] {logging_mixin.py:109} INFO - [2023-02-02 17:29:49,260] {dagbag.py:500} INFO - Filling up the DagBag from /home/airflow/.local/lib/python3.7/site-packages/airflow/example_dags/example_branch_python_dop_operator_3.py
[2023-02-02 17:29:49,423] {processor.py:654} INFO - DAG(s) dict_keys(['example_branch_dop_operator_v3']) retrieved from /home/airflow/.local/lib/python3.7/site-packages/airflow/example_dags/example_branch_python_dop_operator_3.py
[2023-02-02 17:29:49,480] {logging_mixin.py:109} INFO - [2023-02-02 17:29:49,480] {dag.py:2396} INFO - Sync 1 DAGs
[2023-02-02 17:29:49,643] {logging_mixin.py:109} INFO - [2023-02-02 17:29:49,643] {dag.py:2935} INFO - Setting next_dagrun for example_branch_dop_operator_v3 to 2023-02-02T17:28:00+00:00
[2023-02-02 17:29:49,728] {processor.py:171} INFO - Processing /home/airflow/.local/lib/python3.7/site-packages/airflow/example_dags/example_branch_python_dop_operator_3.py took 0.501 seconds
[2023-02-02 17:30:19,809] {processor.py:163} INFO - Started process (PID=1126) to work on /home/airflow/.local/lib/python3.7/site-packages/airflow/example_dags/example_branch_python_dop_operator_3.py
[2023-02-02 17:30:19,813] {processor.py:642} INFO - Processing file /home/airflow/.local/lib/python3.7/site-packages/airflow/example_dags/example_branch_python_dop_operator_3.py for tasks to queue
[2023-02-02 17:30:19,814] {logging_mixin.py:109} INFO - [2023-02-02 17:30:19,814] {dagbag.py:500} INFO - Filling up the DagBag from /home/airflow/.local/lib/python3.7/site-packages/airflow/example_dags/example_branch_python_dop_operator_3.py
[2023-02-02 17:30:19,885] {processor.py:654} INFO - DAG(s) dict_keys(['example_branch_dop_operator_v3']) retrieved from /home/airflow/.local/lib/python3.7/site-packages/airflow/example_dags/example_branch_python_dop_operator_3.py
[2023-02-02 17:30:19,908] {logging_mixin.py:109} INFO - [2023-02-02 17:30:19,908] {dag.py:2396} INFO - Sync 1 DAGs
[2023-02-02 17:30:19,971] {logging_mixin.py:109} INFO - [2023-02-02 17:30:19,971] {dag.py:2935} INFO - Setting next_dagrun for example_branch_dop_operator_v3 to 2023-02-02T17:29:00+00:00
[2023-02-02 17:30:20,001] {processor.py:171} INFO - Processing /home/airflow/.local/lib/python3.7/site-packages/airflow/example_dags/example_branch_python_dop_operator_3.py took 0.198 seconds
[2023-02-02 17:30:50,717] {processor.py:163} INFO - Started process (PID=1176) to work on /home/airflow/.local/lib/python3.7/site-packages/airflow/example_dags/example_branch_python_dop_operator_3.py
[2023-02-02 17:30:50,722] {processor.py:642} INFO - Processing file /home/airflow/.local/lib/python3.7/site-packages/airflow/example_dags/example_branch_python_dop_operator_3.py for tasks to queue
[2023-02-02 17:30:50,724] {logging_mixin.py:109} INFO - [2023-02-02 17:30:50,724] {dagbag.py:500} INFO - Filling up the DagBag from /home/airflow/.local/lib/python3.7/site-packages/airflow/example_dags/example_branch_python_dop_operator_3.py
[2023-02-02 17:30:50,947] {processor.py:654} INFO - DAG(s) dict_keys(['example_branch_dop_operator_v3']) retrieved from /home/airflow/.local/lib/python3.7/site-packages/airflow/example_dags/example_branch_python_dop_operator_3.py
[2023-02-02 17:30:51,128] {logging_mixin.py:109} INFO - [2023-02-02 17:30:51,128] {dag.py:2396} INFO - Sync 1 DAGs
[2023-02-02 17:30:51,243] {logging_mixin.py:109} INFO - [2023-02-02 17:30:51,242] {dag.py:2935} INFO - Setting next_dagrun for example_branch_dop_operator_v3 to 2023-02-02T17:29:00+00:00
[2023-02-02 17:30:51,277] {processor.py:171} INFO - Processing /home/airflow/.local/lib/python3.7/site-packages/airflow/example_dags/example_branch_python_dop_operator_3.py took 0.592 seconds
[2023-02-02 17:31:21,720] {processor.py:163} INFO - Started process (PID=1217) to work on /home/airflow/.local/lib/python3.7/site-packages/airflow/example_dags/example_branch_python_dop_operator_3.py
[2023-02-02 17:31:21,725] {processor.py:642} INFO - Processing file /home/airflow/.local/lib/python3.7/site-packages/airflow/example_dags/example_branch_python_dop_operator_3.py for tasks to queue
[2023-02-02 17:31:21,726] {logging_mixin.py:109} INFO - [2023-02-02 17:31:21,726] {dagbag.py:500} INFO - Filling up the DagBag from /home/airflow/.local/lib/python3.7/site-packages/airflow/example_dags/example_branch_python_dop_operator_3.py
[2023-02-02 17:31:21,799] {processor.py:654} INFO - DAG(s) dict_keys(['example_branch_dop_operator_v3']) retrieved from /home/airflow/.local/lib/python3.7/site-packages/airflow/example_dags/example_branch_python_dop_operator_3.py
[2023-02-02 17:31:21,826] {logging_mixin.py:109} INFO - [2023-02-02 17:31:21,825] {dag.py:2396} INFO - Sync 1 DAGs
[2023-02-02 17:31:21,884] {logging_mixin.py:109} INFO - [2023-02-02 17:31:21,884] {dag.py:2935} INFO - Setting next_dagrun for example_branch_dop_operator_v3 to 2023-02-02T17:30:00+00:00
[2023-02-02 17:31:22,101] {processor.py:171} INFO - Processing /home/airflow/.local/lib/python3.7/site-packages/airflow/example_dags/example_branch_python_dop_operator_3.py took 0.390 seconds
[2023-02-02 17:31:52,407] {processor.py:163} INFO - Started process (PID=1267) to work on /home/airflow/.local/lib/python3.7/site-packages/airflow/example_dags/example_branch_python_dop_operator_3.py
[2023-02-02 17:31:52,429] {processor.py:642} INFO - Processing file /home/airflow/.local/lib/python3.7/site-packages/airflow/example_dags/example_branch_python_dop_operator_3.py for tasks to queue
[2023-02-02 17:31:52,431] {logging_mixin.py:109} INFO - [2023-02-02 17:31:52,431] {dagbag.py:500} INFO - Filling up the DagBag from /home/airflow/.local/lib/python3.7/site-packages/airflow/example_dags/example_branch_python_dop_operator_3.py
[2023-02-02 17:31:52,560] {processor.py:654} INFO - DAG(s) dict_keys(['example_branch_dop_operator_v3']) retrieved from /home/airflow/.local/lib/python3.7/site-packages/airflow/example_dags/example_branch_python_dop_operator_3.py
[2023-02-02 17:31:52,625] {logging_mixin.py:109} INFO - [2023-02-02 17:31:52,625] {dag.py:2396} INFO - Sync 1 DAGs
[2023-02-02 17:31:53,407] {logging_mixin.py:109} INFO - [2023-02-02 17:31:53,406] {dag.py:2935} INFO - Setting next_dagrun for example_branch_dop_operator_v3 to 2023-02-02T17:30:00+00:00
[2023-02-02 17:31:53,463] {processor.py:171} INFO - Processing /home/airflow/.local/lib/python3.7/site-packages/airflow/example_dags/example_branch_python_dop_operator_3.py took 1.062 seconds
[2023-02-02 17:32:23,734] {processor.py:163} INFO - Started process (PID=1307) to work on /home/airflow/.local/lib/python3.7/site-packages/airflow/example_dags/example_branch_python_dop_operator_3.py
[2023-02-02 17:32:23,742] {processor.py:642} INFO - Processing file /home/airflow/.local/lib/python3.7/site-packages/airflow/example_dags/example_branch_python_dop_operator_3.py for tasks to queue
[2023-02-02 17:32:23,743] {logging_mixin.py:109} INFO - [2023-02-02 17:32:23,743] {dagbag.py:500} INFO - Filling up the DagBag from /home/airflow/.local/lib/python3.7/site-packages/airflow/example_dags/example_branch_python_dop_operator_3.py
[2023-02-02 17:32:23,837] {processor.py:654} INFO - DAG(s) dict_keys(['example_branch_dop_operator_v3']) retrieved from /home/airflow/.local/lib/python3.7/site-packages/airflow/example_dags/example_branch_python_dop_operator_3.py
[2023-02-02 17:32:23,877] {logging_mixin.py:109} INFO - [2023-02-02 17:32:23,877] {dag.py:2396} INFO - Sync 1 DAGs
[2023-02-02 17:32:24,234] {logging_mixin.py:109} INFO - [2023-02-02 17:32:24,234] {dag.py:2935} INFO - Setting next_dagrun for example_branch_dop_operator_v3 to 2023-02-02T17:31:00+00:00
[2023-02-02 17:32:24,261] {processor.py:171} INFO - Processing /home/airflow/.local/lib/python3.7/site-packages/airflow/example_dags/example_branch_python_dop_operator_3.py took 0.536 seconds
[2023-02-02 17:32:57,170] {processor.py:163} INFO - Started process (PID=1356) to work on /home/airflow/.local/lib/python3.7/site-packages/airflow/example_dags/example_branch_python_dop_operator_3.py
[2023-02-02 17:32:57,180] {processor.py:642} INFO - Processing file /home/airflow/.local/lib/python3.7/site-packages/airflow/example_dags/example_branch_python_dop_operator_3.py for tasks to queue
[2023-02-02 17:32:57,184] {logging_mixin.py:109} INFO - [2023-02-02 17:32:57,184] {dagbag.py:500} INFO - Filling up the DagBag from /home/airflow/.local/lib/python3.7/site-packages/airflow/example_dags/example_branch_python_dop_operator_3.py
[2023-02-02 17:32:57,409] {processor.py:654} INFO - DAG(s) dict_keys(['example_branch_dop_operator_v3']) retrieved from /home/airflow/.local/lib/python3.7/site-packages/airflow/example_dags/example_branch_python_dop_operator_3.py
[2023-02-02 17:32:57,443] {logging_mixin.py:109} INFO - [2023-02-02 17:32:57,443] {dag.py:2396} INFO - Sync 1 DAGs
[2023-02-02 17:32:57,831] {logging_mixin.py:109} INFO - [2023-02-02 17:32:57,831] {dag.py:2935} INFO - Setting next_dagrun for example_branch_dop_operator_v3 to 2023-02-02T17:31:00+00:00
[2023-02-02 17:32:57,878] {processor.py:171} INFO - Processing /home/airflow/.local/lib/python3.7/site-packages/airflow/example_dags/example_branch_python_dop_operator_3.py took 0.759 seconds
[2023-02-02 17:33:28,243] {processor.py:163} INFO - Started process (PID=1405) to work on /home/airflow/.local/lib/python3.7/site-packages/airflow/example_dags/example_branch_python_dop_operator_3.py
[2023-02-02 17:33:28,244] {processor.py:642} INFO - Processing file /home/airflow/.local/lib/python3.7/site-packages/airflow/example_dags/example_branch_python_dop_operator_3.py for tasks to queue
[2023-02-02 17:33:28,257] {logging_mixin.py:109} INFO - [2023-02-02 17:33:28,257] {dagbag.py:500} INFO - Filling up the DagBag from /home/airflow/.local/lib/python3.7/site-packages/airflow/example_dags/example_branch_python_dop_operator_3.py
[2023-02-02 17:33:28,348] {processor.py:654} INFO - DAG(s) dict_keys(['example_branch_dop_operator_v3']) retrieved from /home/airflow/.local/lib/python3.7/site-packages/airflow/example_dags/example_branch_python_dop_operator_3.py
[2023-02-02 17:33:28,544] {logging_mixin.py:109} INFO - [2023-02-02 17:33:28,544] {dag.py:2396} INFO - Sync 1 DAGs
[2023-02-02 17:33:28,574] {logging_mixin.py:109} INFO - [2023-02-02 17:33:28,574] {dag.py:2935} INFO - Setting next_dagrun for example_branch_dop_operator_v3 to 2023-02-02T17:32:00+00:00
[2023-02-02 17:33:28,590] {processor.py:171} INFO - Processing /home/airflow/.local/lib/python3.7/site-packages/airflow/example_dags/example_branch_python_dop_operator_3.py took 0.352 seconds
