[2023-02-02 17:18:39,003] {processor.py:163} INFO - Started process (PID=97) to work on /home/airflow/.local/lib/python3.7/site-packages/airflow/example_dags/example_task_group.py
[2023-02-02 17:18:39,017] {processor.py:642} INFO - Processing file /home/airflow/.local/lib/python3.7/site-packages/airflow/example_dags/example_task_group.py for tasks to queue
[2023-02-02 17:18:39,018] {logging_mixin.py:109} INFO - [2023-02-02 17:18:39,017] {dagbag.py:500} INFO - Filling up the DagBag from /home/airflow/.local/lib/python3.7/site-packages/airflow/example_dags/example_task_group.py
[2023-02-02 17:18:39,195] {processor.py:654} INFO - DAG(s) dict_keys(['example_task_group']) retrieved from /home/airflow/.local/lib/python3.7/site-packages/airflow/example_dags/example_task_group.py
[2023-02-02 17:18:39,279] {logging_mixin.py:109} INFO - [2023-02-02 17:18:39,279] {dag.py:2396} INFO - Sync 1 DAGs
[2023-02-02 17:18:39,414] {logging_mixin.py:109} INFO - [2023-02-02 17:18:39,414] {dag.py:2935} INFO - Setting next_dagrun for example_task_group to 2023-02-01T17:18:39.414188+00:00
[2023-02-02 17:18:39,534] {processor.py:171} INFO - Processing /home/airflow/.local/lib/python3.7/site-packages/airflow/example_dags/example_task_group.py took 0.545 seconds
[2023-02-02 17:19:12,441] {processor.py:163} INFO - Started process (PID=147) to work on /home/airflow/.local/lib/python3.7/site-packages/airflow/example_dags/example_task_group.py
[2023-02-02 17:19:12,456] {processor.py:642} INFO - Processing file /home/airflow/.local/lib/python3.7/site-packages/airflow/example_dags/example_task_group.py for tasks to queue
[2023-02-02 17:19:12,457] {logging_mixin.py:109} INFO - [2023-02-02 17:19:12,457] {dagbag.py:500} INFO - Filling up the DagBag from /home/airflow/.local/lib/python3.7/site-packages/airflow/example_dags/example_task_group.py
[2023-02-02 17:19:12,728] {processor.py:654} INFO - DAG(s) dict_keys(['example_task_group']) retrieved from /home/airflow/.local/lib/python3.7/site-packages/airflow/example_dags/example_task_group.py
[2023-02-02 17:19:12,866] {logging_mixin.py:109} INFO - [2023-02-02 17:19:12,865] {dag.py:2396} INFO - Sync 1 DAGs
[2023-02-02 17:19:12,952] {logging_mixin.py:109} INFO - [2023-02-02 17:19:12,952] {dag.py:2935} INFO - Setting next_dagrun for example_task_group to 2023-02-01T17:19:12.951963+00:00
[2023-02-02 17:19:12,993] {processor.py:171} INFO - Processing /home/airflow/.local/lib/python3.7/site-packages/airflow/example_dags/example_task_group.py took 0.600 seconds
[2023-02-02 17:19:43,690] {processor.py:163} INFO - Started process (PID=188) to work on /home/airflow/.local/lib/python3.7/site-packages/airflow/example_dags/example_task_group.py
[2023-02-02 17:19:43,692] {processor.py:642} INFO - Processing file /home/airflow/.local/lib/python3.7/site-packages/airflow/example_dags/example_task_group.py for tasks to queue
[2023-02-02 17:19:43,693] {logging_mixin.py:109} INFO - [2023-02-02 17:19:43,692] {dagbag.py:500} INFO - Filling up the DagBag from /home/airflow/.local/lib/python3.7/site-packages/airflow/example_dags/example_task_group.py
[2023-02-02 17:19:43,736] {processor.py:654} INFO - DAG(s) dict_keys(['example_task_group']) retrieved from /home/airflow/.local/lib/python3.7/site-packages/airflow/example_dags/example_task_group.py
[2023-02-02 17:19:43,764] {logging_mixin.py:109} INFO - [2023-02-02 17:19:43,764] {dag.py:2396} INFO - Sync 1 DAGs
[2023-02-02 17:19:43,788] {logging_mixin.py:109} INFO - [2023-02-02 17:19:43,788] {dag.py:2935} INFO - Setting next_dagrun for example_task_group to 2023-02-01T17:19:43.788157+00:00
[2023-02-02 17:19:43,806] {processor.py:171} INFO - Processing /home/airflow/.local/lib/python3.7/site-packages/airflow/example_dags/example_task_group.py took 0.121 seconds
[2023-02-02 17:20:16,451] {processor.py:163} INFO - Started process (PID=237) to work on /home/airflow/.local/lib/python3.7/site-packages/airflow/example_dags/example_task_group.py
[2023-02-02 17:20:16,454] {processor.py:642} INFO - Processing file /home/airflow/.local/lib/python3.7/site-packages/airflow/example_dags/example_task_group.py for tasks to queue
[2023-02-02 17:20:16,459] {logging_mixin.py:109} INFO - [2023-02-02 17:20:16,459] {dagbag.py:500} INFO - Filling up the DagBag from /home/airflow/.local/lib/python3.7/site-packages/airflow/example_dags/example_task_group.py
[2023-02-02 17:20:16,602] {processor.py:654} INFO - DAG(s) dict_keys(['example_task_group']) retrieved from /home/airflow/.local/lib/python3.7/site-packages/airflow/example_dags/example_task_group.py
[2023-02-02 17:20:16,644] {logging_mixin.py:109} INFO - [2023-02-02 17:20:16,644] {dag.py:2396} INFO - Sync 1 DAGs
[2023-02-02 17:20:16,719] {logging_mixin.py:109} INFO - [2023-02-02 17:20:16,719] {dag.py:2935} INFO - Setting next_dagrun for example_task_group to 2023-02-01T17:20:16.716817+00:00
[2023-02-02 17:20:16,788] {processor.py:171} INFO - Processing /home/airflow/.local/lib/python3.7/site-packages/airflow/example_dags/example_task_group.py took 0.360 seconds
[2023-02-02 17:20:48,753] {processor.py:163} INFO - Started process (PID=286) to work on /home/airflow/.local/lib/python3.7/site-packages/airflow/example_dags/example_task_group.py
[2023-02-02 17:20:48,754] {processor.py:642} INFO - Processing file /home/airflow/.local/lib/python3.7/site-packages/airflow/example_dags/example_task_group.py for tasks to queue
[2023-02-02 17:20:48,755] {logging_mixin.py:109} INFO - [2023-02-02 17:20:48,755] {dagbag.py:500} INFO - Filling up the DagBag from /home/airflow/.local/lib/python3.7/site-packages/airflow/example_dags/example_task_group.py
[2023-02-02 17:20:48,933] {processor.py:654} INFO - DAG(s) dict_keys(['example_task_group']) retrieved from /home/airflow/.local/lib/python3.7/site-packages/airflow/example_dags/example_task_group.py
[2023-02-02 17:20:48,983] {logging_mixin.py:109} INFO - [2023-02-02 17:20:48,983] {dag.py:2396} INFO - Sync 1 DAGs
[2023-02-02 17:20:49,051] {logging_mixin.py:109} INFO - [2023-02-02 17:20:49,050] {dag.py:2935} INFO - Setting next_dagrun for example_task_group to 2023-02-01T17:20:49.049111+00:00
[2023-02-02 17:20:49,182] {processor.py:171} INFO - Processing /home/airflow/.local/lib/python3.7/site-packages/airflow/example_dags/example_task_group.py took 0.478 seconds
[2023-02-02 17:21:19,365] {processor.py:163} INFO - Started process (PID=326) to work on /home/airflow/.local/lib/python3.7/site-packages/airflow/example_dags/example_task_group.py
[2023-02-02 17:21:19,371] {processor.py:642} INFO - Processing file /home/airflow/.local/lib/python3.7/site-packages/airflow/example_dags/example_task_group.py for tasks to queue
[2023-02-02 17:21:19,374] {logging_mixin.py:109} INFO - [2023-02-02 17:21:19,373] {dagbag.py:500} INFO - Filling up the DagBag from /home/airflow/.local/lib/python3.7/site-packages/airflow/example_dags/example_task_group.py
[2023-02-02 17:21:19,452] {processor.py:654} INFO - DAG(s) dict_keys(['example_task_group']) retrieved from /home/airflow/.local/lib/python3.7/site-packages/airflow/example_dags/example_task_group.py
[2023-02-02 17:21:19,483] {logging_mixin.py:109} INFO - [2023-02-02 17:21:19,483] {dag.py:2396} INFO - Sync 1 DAGs
[2023-02-02 17:21:19,591] {logging_mixin.py:109} INFO - [2023-02-02 17:21:19,590] {dag.py:2935} INFO - Setting next_dagrun for example_task_group to 2023-02-01T17:21:19.590390+00:00
[2023-02-02 17:21:19,687] {processor.py:171} INFO - Processing /home/airflow/.local/lib/python3.7/site-packages/airflow/example_dags/example_task_group.py took 0.329 seconds
[2023-02-02 17:21:50,097] {processor.py:163} INFO - Started process (PID=374) to work on /home/airflow/.local/lib/python3.7/site-packages/airflow/example_dags/example_task_group.py
[2023-02-02 17:21:50,100] {processor.py:642} INFO - Processing file /home/airflow/.local/lib/python3.7/site-packages/airflow/example_dags/example_task_group.py for tasks to queue
[2023-02-02 17:21:50,105] {logging_mixin.py:109} INFO - [2023-02-02 17:21:50,105] {dagbag.py:500} INFO - Filling up the DagBag from /home/airflow/.local/lib/python3.7/site-packages/airflow/example_dags/example_task_group.py
[2023-02-02 17:21:50,390] {processor.py:654} INFO - DAG(s) dict_keys(['example_task_group']) retrieved from /home/airflow/.local/lib/python3.7/site-packages/airflow/example_dags/example_task_group.py
[2023-02-02 17:21:50,475] {logging_mixin.py:109} INFO - [2023-02-02 17:21:50,474] {dag.py:2396} INFO - Sync 1 DAGs
[2023-02-02 17:21:50,543] {logging_mixin.py:109} INFO - [2023-02-02 17:21:50,543] {dag.py:2935} INFO - Setting next_dagrun for example_task_group to 2023-02-01T17:21:50.542731+00:00
[2023-02-02 17:21:50,590] {processor.py:171} INFO - Processing /home/airflow/.local/lib/python3.7/site-packages/airflow/example_dags/example_task_group.py took 0.552 seconds
[2023-02-02 17:22:21,021] {processor.py:163} INFO - Started process (PID=415) to work on /home/airflow/.local/lib/python3.7/site-packages/airflow/example_dags/example_task_group.py
[2023-02-02 17:22:21,040] {processor.py:642} INFO - Processing file /home/airflow/.local/lib/python3.7/site-packages/airflow/example_dags/example_task_group.py for tasks to queue
[2023-02-02 17:22:21,042] {logging_mixin.py:109} INFO - [2023-02-02 17:22:21,041] {dagbag.py:500} INFO - Filling up the DagBag from /home/airflow/.local/lib/python3.7/site-packages/airflow/example_dags/example_task_group.py
[2023-02-02 17:22:21,233] {processor.py:654} INFO - DAG(s) dict_keys(['example_task_group']) retrieved from /home/airflow/.local/lib/python3.7/site-packages/airflow/example_dags/example_task_group.py
[2023-02-02 17:22:21,271] {logging_mixin.py:109} INFO - [2023-02-02 17:22:21,270] {dag.py:2396} INFO - Sync 1 DAGs
[2023-02-02 17:22:21,375] {logging_mixin.py:109} INFO - [2023-02-02 17:22:21,374] {dag.py:2935} INFO - Setting next_dagrun for example_task_group to 2023-02-01T17:22:21.374279+00:00
[2023-02-02 17:22:21,417] {processor.py:171} INFO - Processing /home/airflow/.local/lib/python3.7/site-packages/airflow/example_dags/example_task_group.py took 0.412 seconds
[2023-02-02 17:22:51,718] {processor.py:163} INFO - Started process (PID=465) to work on /home/airflow/.local/lib/python3.7/site-packages/airflow/example_dags/example_task_group.py
[2023-02-02 17:22:51,733] {processor.py:642} INFO - Processing file /home/airflow/.local/lib/python3.7/site-packages/airflow/example_dags/example_task_group.py for tasks to queue
[2023-02-02 17:22:51,735] {logging_mixin.py:109} INFO - [2023-02-02 17:22:51,734] {dagbag.py:500} INFO - Filling up the DagBag from /home/airflow/.local/lib/python3.7/site-packages/airflow/example_dags/example_task_group.py
[2023-02-02 17:22:51,886] {processor.py:654} INFO - DAG(s) dict_keys(['example_task_group']) retrieved from /home/airflow/.local/lib/python3.7/site-packages/airflow/example_dags/example_task_group.py
[2023-02-02 17:22:51,983] {logging_mixin.py:109} INFO - [2023-02-02 17:22:51,983] {dag.py:2396} INFO - Sync 1 DAGs
[2023-02-02 17:22:52,147] {logging_mixin.py:109} INFO - [2023-02-02 17:22:52,146] {dag.py:2935} INFO - Setting next_dagrun for example_task_group to 2023-02-01T17:22:52.146185+00:00
[2023-02-02 17:22:52,203] {processor.py:171} INFO - Processing /home/airflow/.local/lib/python3.7/site-packages/airflow/example_dags/example_task_group.py took 0.508 seconds
[2023-02-02 17:23:22,811] {processor.py:163} INFO - Started process (PID=515) to work on /home/airflow/.local/lib/python3.7/site-packages/airflow/example_dags/example_task_group.py
[2023-02-02 17:23:22,814] {processor.py:642} INFO - Processing file /home/airflow/.local/lib/python3.7/site-packages/airflow/example_dags/example_task_group.py for tasks to queue
[2023-02-02 17:23:22,816] {logging_mixin.py:109} INFO - [2023-02-02 17:23:22,816] {dagbag.py:500} INFO - Filling up the DagBag from /home/airflow/.local/lib/python3.7/site-packages/airflow/example_dags/example_task_group.py
[2023-02-02 17:23:22,942] {processor.py:654} INFO - DAG(s) dict_keys(['example_task_group']) retrieved from /home/airflow/.local/lib/python3.7/site-packages/airflow/example_dags/example_task_group.py
[2023-02-02 17:23:22,991] {logging_mixin.py:109} INFO - [2023-02-02 17:23:22,991] {dag.py:2396} INFO - Sync 1 DAGs
[2023-02-02 17:23:23,051] {logging_mixin.py:109} INFO - [2023-02-02 17:23:23,050] {dag.py:2935} INFO - Setting next_dagrun for example_task_group to 2023-02-01T17:23:23.050405+00:00
[2023-02-02 17:23:23,093] {processor.py:171} INFO - Processing /home/airflow/.local/lib/python3.7/site-packages/airflow/example_dags/example_task_group.py took 0.296 seconds
[2023-02-02 17:23:53,640] {processor.py:163} INFO - Started process (PID=556) to work on /home/airflow/.local/lib/python3.7/site-packages/airflow/example_dags/example_task_group.py
[2023-02-02 17:23:53,656] {processor.py:642} INFO - Processing file /home/airflow/.local/lib/python3.7/site-packages/airflow/example_dags/example_task_group.py for tasks to queue
[2023-02-02 17:23:53,657] {logging_mixin.py:109} INFO - [2023-02-02 17:23:53,657] {dagbag.py:500} INFO - Filling up the DagBag from /home/airflow/.local/lib/python3.7/site-packages/airflow/example_dags/example_task_group.py
[2023-02-02 17:23:53,851] {processor.py:654} INFO - DAG(s) dict_keys(['example_task_group']) retrieved from /home/airflow/.local/lib/python3.7/site-packages/airflow/example_dags/example_task_group.py
[2023-02-02 17:23:53,932] {logging_mixin.py:109} INFO - [2023-02-02 17:23:53,931] {dag.py:2396} INFO - Sync 1 DAGs
[2023-02-02 17:23:54,051] {logging_mixin.py:109} INFO - [2023-02-02 17:23:54,051] {dag.py:2935} INFO - Setting next_dagrun for example_task_group to 2023-02-01T17:23:54.050954+00:00
[2023-02-02 17:23:54,095] {processor.py:171} INFO - Processing /home/airflow/.local/lib/python3.7/site-packages/airflow/example_dags/example_task_group.py took 0.476 seconds
[2023-02-02 17:24:24,218] {processor.py:163} INFO - Started process (PID=607) to work on /home/airflow/.local/lib/python3.7/site-packages/airflow/example_dags/example_task_group.py
[2023-02-02 17:24:24,228] {processor.py:642} INFO - Processing file /home/airflow/.local/lib/python3.7/site-packages/airflow/example_dags/example_task_group.py for tasks to queue
[2023-02-02 17:24:24,229] {logging_mixin.py:109} INFO - [2023-02-02 17:24:24,229] {dagbag.py:500} INFO - Filling up the DagBag from /home/airflow/.local/lib/python3.7/site-packages/airflow/example_dags/example_task_group.py
[2023-02-02 17:24:24,346] {processor.py:654} INFO - DAG(s) dict_keys(['example_task_group']) retrieved from /home/airflow/.local/lib/python3.7/site-packages/airflow/example_dags/example_task_group.py
[2023-02-02 17:24:24,393] {logging_mixin.py:109} INFO - [2023-02-02 17:24:24,392] {dag.py:2396} INFO - Sync 1 DAGs
[2023-02-02 17:24:24,438] {logging_mixin.py:109} INFO - [2023-02-02 17:24:24,437] {dag.py:2935} INFO - Setting next_dagrun for example_task_group to 2023-02-01T17:24:24.437332+00:00
[2023-02-02 17:24:24,508] {processor.py:171} INFO - Processing /home/airflow/.local/lib/python3.7/site-packages/airflow/example_dags/example_task_group.py took 0.314 seconds
[2023-02-02 17:24:54,833] {processor.py:163} INFO - Started process (PID=655) to work on /home/airflow/.local/lib/python3.7/site-packages/airflow/example_dags/example_task_group.py
[2023-02-02 17:24:54,835] {processor.py:642} INFO - Processing file /home/airflow/.local/lib/python3.7/site-packages/airflow/example_dags/example_task_group.py for tasks to queue
[2023-02-02 17:24:54,842] {logging_mixin.py:109} INFO - [2023-02-02 17:24:54,842] {dagbag.py:500} INFO - Filling up the DagBag from /home/airflow/.local/lib/python3.7/site-packages/airflow/example_dags/example_task_group.py
[2023-02-02 17:24:54,916] {processor.py:654} INFO - DAG(s) dict_keys(['example_task_group']) retrieved from /home/airflow/.local/lib/python3.7/site-packages/airflow/example_dags/example_task_group.py
[2023-02-02 17:24:54,988] {logging_mixin.py:109} INFO - [2023-02-02 17:24:54,988] {dag.py:2396} INFO - Sync 1 DAGs
[2023-02-02 17:24:55,035] {logging_mixin.py:109} INFO - [2023-02-02 17:24:55,034] {dag.py:2935} INFO - Setting next_dagrun for example_task_group to 2023-02-01T17:24:55.032737+00:00
[2023-02-02 17:24:55,068] {processor.py:171} INFO - Processing /home/airflow/.local/lib/python3.7/site-packages/airflow/example_dags/example_task_group.py took 0.254 seconds
[2023-02-02 17:25:25,321] {processor.py:163} INFO - Started process (PID=698) to work on /home/airflow/.local/lib/python3.7/site-packages/airflow/example_dags/example_task_group.py
[2023-02-02 17:25:25,326] {processor.py:642} INFO - Processing file /home/airflow/.local/lib/python3.7/site-packages/airflow/example_dags/example_task_group.py for tasks to queue
[2023-02-02 17:25:25,327] {logging_mixin.py:109} INFO - [2023-02-02 17:25:25,327] {dagbag.py:500} INFO - Filling up the DagBag from /home/airflow/.local/lib/python3.7/site-packages/airflow/example_dags/example_task_group.py
[2023-02-02 17:25:25,457] {processor.py:654} INFO - DAG(s) dict_keys(['example_task_group']) retrieved from /home/airflow/.local/lib/python3.7/site-packages/airflow/example_dags/example_task_group.py
[2023-02-02 17:25:25,496] {logging_mixin.py:109} INFO - [2023-02-02 17:25:25,496] {dag.py:2396} INFO - Sync 1 DAGs
[2023-02-02 17:25:25,570] {logging_mixin.py:109} INFO - [2023-02-02 17:25:25,570] {dag.py:2935} INFO - Setting next_dagrun for example_task_group to 2023-02-01T17:25:25.569428+00:00
[2023-02-02 17:25:25,649] {processor.py:171} INFO - Processing /home/airflow/.local/lib/python3.7/site-packages/airflow/example_dags/example_task_group.py took 0.335 seconds
[2023-02-02 17:25:56,182] {processor.py:163} INFO - Started process (PID=748) to work on /home/airflow/.local/lib/python3.7/site-packages/airflow/example_dags/example_task_group.py
[2023-02-02 17:25:56,185] {processor.py:642} INFO - Processing file /home/airflow/.local/lib/python3.7/site-packages/airflow/example_dags/example_task_group.py for tasks to queue
[2023-02-02 17:25:56,187] {logging_mixin.py:109} INFO - [2023-02-02 17:25:56,186] {dagbag.py:500} INFO - Filling up the DagBag from /home/airflow/.local/lib/python3.7/site-packages/airflow/example_dags/example_task_group.py
[2023-02-02 17:25:56,288] {processor.py:654} INFO - DAG(s) dict_keys(['example_task_group']) retrieved from /home/airflow/.local/lib/python3.7/site-packages/airflow/example_dags/example_task_group.py
[2023-02-02 17:25:56,319] {logging_mixin.py:109} INFO - [2023-02-02 17:25:56,318] {dag.py:2396} INFO - Sync 1 DAGs
[2023-02-02 17:25:56,432] {logging_mixin.py:109} INFO - [2023-02-02 17:25:56,431] {dag.py:2935} INFO - Setting next_dagrun for example_task_group to 2023-02-01T17:25:56.431334+00:00
[2023-02-02 17:25:56,480] {processor.py:171} INFO - Processing /home/airflow/.local/lib/python3.7/site-packages/airflow/example_dags/example_task_group.py took 0.306 seconds
[2023-02-02 17:26:27,135] {processor.py:163} INFO - Started process (PID=788) to work on /home/airflow/.local/lib/python3.7/site-packages/airflow/example_dags/example_task_group.py
[2023-02-02 17:26:27,139] {processor.py:642} INFO - Processing file /home/airflow/.local/lib/python3.7/site-packages/airflow/example_dags/example_task_group.py for tasks to queue
[2023-02-02 17:26:27,143] {logging_mixin.py:109} INFO - [2023-02-02 17:26:27,142] {dagbag.py:500} INFO - Filling up the DagBag from /home/airflow/.local/lib/python3.7/site-packages/airflow/example_dags/example_task_group.py
[2023-02-02 17:26:27,278] {processor.py:654} INFO - DAG(s) dict_keys(['example_task_group']) retrieved from /home/airflow/.local/lib/python3.7/site-packages/airflow/example_dags/example_task_group.py
[2023-02-02 17:26:27,304] {logging_mixin.py:109} INFO - [2023-02-02 17:26:27,303] {dag.py:2396} INFO - Sync 1 DAGs
[2023-02-02 17:26:27,341] {logging_mixin.py:109} INFO - [2023-02-02 17:26:27,340] {dag.py:2935} INFO - Setting next_dagrun for example_task_group to 2023-02-01T17:26:27.340274+00:00
[2023-02-02 17:26:27,374] {processor.py:171} INFO - Processing /home/airflow/.local/lib/python3.7/site-packages/airflow/example_dags/example_task_group.py took 0.244 seconds
[2023-02-02 17:26:57,808] {processor.py:163} INFO - Started process (PID=838) to work on /home/airflow/.local/lib/python3.7/site-packages/airflow/example_dags/example_task_group.py
[2023-02-02 17:26:57,829] {processor.py:642} INFO - Processing file /home/airflow/.local/lib/python3.7/site-packages/airflow/example_dags/example_task_group.py for tasks to queue
[2023-02-02 17:26:57,830] {logging_mixin.py:109} INFO - [2023-02-02 17:26:57,829] {dagbag.py:500} INFO - Filling up the DagBag from /home/airflow/.local/lib/python3.7/site-packages/airflow/example_dags/example_task_group.py
[2023-02-02 17:26:58,081] {processor.py:654} INFO - DAG(s) dict_keys(['example_task_group']) retrieved from /home/airflow/.local/lib/python3.7/site-packages/airflow/example_dags/example_task_group.py
[2023-02-02 17:26:58,171] {logging_mixin.py:109} INFO - [2023-02-02 17:26:58,170] {dag.py:2396} INFO - Sync 1 DAGs
[2023-02-02 17:26:58,300] {logging_mixin.py:109} INFO - [2023-02-02 17:26:58,299] {dag.py:2935} INFO - Setting next_dagrun for example_task_group to 2023-02-01T17:26:58.299494+00:00
[2023-02-02 17:26:58,354] {processor.py:171} INFO - Processing /home/airflow/.local/lib/python3.7/site-packages/airflow/example_dags/example_task_group.py took 0.553 seconds
[2023-02-02 17:27:28,924] {processor.py:163} INFO - Started process (PID=885) to work on /home/airflow/.local/lib/python3.7/site-packages/airflow/example_dags/example_task_group.py
[2023-02-02 17:27:28,941] {processor.py:642} INFO - Processing file /home/airflow/.local/lib/python3.7/site-packages/airflow/example_dags/example_task_group.py for tasks to queue
[2023-02-02 17:27:28,943] {logging_mixin.py:109} INFO - [2023-02-02 17:27:28,942] {dagbag.py:500} INFO - Filling up the DagBag from /home/airflow/.local/lib/python3.7/site-packages/airflow/example_dags/example_task_group.py
[2023-02-02 17:27:29,071] {processor.py:654} INFO - DAG(s) dict_keys(['example_task_group']) retrieved from /home/airflow/.local/lib/python3.7/site-packages/airflow/example_dags/example_task_group.py
[2023-02-02 17:27:29,105] {logging_mixin.py:109} INFO - [2023-02-02 17:27:29,105] {dag.py:2396} INFO - Sync 1 DAGs
[2023-02-02 17:27:29,171] {logging_mixin.py:109} INFO - [2023-02-02 17:27:29,171] {dag.py:2935} INFO - Setting next_dagrun for example_task_group to 2023-02-01T17:27:29.169933+00:00
[2023-02-02 17:27:29,255] {processor.py:171} INFO - Processing /home/airflow/.local/lib/python3.7/site-packages/airflow/example_dags/example_task_group.py took 0.345 seconds
[2023-02-02 17:27:59,887] {processor.py:163} INFO - Started process (PID=928) to work on /home/airflow/.local/lib/python3.7/site-packages/airflow/example_dags/example_task_group.py
[2023-02-02 17:27:59,889] {processor.py:642} INFO - Processing file /home/airflow/.local/lib/python3.7/site-packages/airflow/example_dags/example_task_group.py for tasks to queue
[2023-02-02 17:27:59,890] {logging_mixin.py:109} INFO - [2023-02-02 17:27:59,890] {dagbag.py:500} INFO - Filling up the DagBag from /home/airflow/.local/lib/python3.7/site-packages/airflow/example_dags/example_task_group.py
[2023-02-02 17:27:59,995] {processor.py:654} INFO - DAG(s) dict_keys(['example_task_group']) retrieved from /home/airflow/.local/lib/python3.7/site-packages/airflow/example_dags/example_task_group.py
[2023-02-02 17:28:00,028] {logging_mixin.py:109} INFO - [2023-02-02 17:28:00,028] {dag.py:2396} INFO - Sync 1 DAGs
[2023-02-02 17:28:00,085] {logging_mixin.py:109} INFO - [2023-02-02 17:28:00,085] {dag.py:2935} INFO - Setting next_dagrun for example_task_group to 2023-02-01T17:28:00.081911+00:00
[2023-02-02 17:28:00,137] {processor.py:171} INFO - Processing /home/airflow/.local/lib/python3.7/site-packages/airflow/example_dags/example_task_group.py took 0.262 seconds
[2023-02-02 17:28:30,844] {processor.py:163} INFO - Started process (PID=978) to work on /home/airflow/.local/lib/python3.7/site-packages/airflow/example_dags/example_task_group.py
[2023-02-02 17:28:30,880] {processor.py:642} INFO - Processing file /home/airflow/.local/lib/python3.7/site-packages/airflow/example_dags/example_task_group.py for tasks to queue
[2023-02-02 17:28:30,885] {logging_mixin.py:109} INFO - [2023-02-02 17:28:30,881] {dagbag.py:500} INFO - Filling up the DagBag from /home/airflow/.local/lib/python3.7/site-packages/airflow/example_dags/example_task_group.py
[2023-02-02 17:28:31,090] {processor.py:654} INFO - DAG(s) dict_keys(['example_task_group']) retrieved from /home/airflow/.local/lib/python3.7/site-packages/airflow/example_dags/example_task_group.py
[2023-02-02 17:28:31,120] {logging_mixin.py:109} INFO - [2023-02-02 17:28:31,120] {dag.py:2396} INFO - Sync 1 DAGs
[2023-02-02 17:28:31,168] {logging_mixin.py:109} INFO - [2023-02-02 17:28:31,168] {dag.py:2935} INFO - Setting next_dagrun for example_task_group to 2023-02-01T17:28:31.167535+00:00
[2023-02-02 17:28:31,201] {processor.py:171} INFO - Processing /home/airflow/.local/lib/python3.7/site-packages/airflow/example_dags/example_task_group.py took 0.401 seconds
[2023-02-02 17:29:01,527] {processor.py:163} INFO - Started process (PID=1018) to work on /home/airflow/.local/lib/python3.7/site-packages/airflow/example_dags/example_task_group.py
[2023-02-02 17:29:01,529] {processor.py:642} INFO - Processing file /home/airflow/.local/lib/python3.7/site-packages/airflow/example_dags/example_task_group.py for tasks to queue
[2023-02-02 17:29:01,531] {logging_mixin.py:109} INFO - [2023-02-02 17:29:01,530] {dagbag.py:500} INFO - Filling up the DagBag from /home/airflow/.local/lib/python3.7/site-packages/airflow/example_dags/example_task_group.py
[2023-02-02 17:29:01,635] {processor.py:654} INFO - DAG(s) dict_keys(['example_task_group']) retrieved from /home/airflow/.local/lib/python3.7/site-packages/airflow/example_dags/example_task_group.py
[2023-02-02 17:29:01,672] {logging_mixin.py:109} INFO - [2023-02-02 17:29:01,672] {dag.py:2396} INFO - Sync 1 DAGs
[2023-02-02 17:29:01,713] {logging_mixin.py:109} INFO - [2023-02-02 17:29:01,712] {dag.py:2935} INFO - Setting next_dagrun for example_task_group to 2023-02-01T17:29:01.710482+00:00
[2023-02-02 17:29:01,738] {processor.py:171} INFO - Processing /home/airflow/.local/lib/python3.7/site-packages/airflow/example_dags/example_task_group.py took 0.218 seconds
[2023-02-02 17:29:32,296] {processor.py:163} INFO - Started process (PID=1066) to work on /home/airflow/.local/lib/python3.7/site-packages/airflow/example_dags/example_task_group.py
[2023-02-02 17:29:32,321] {processor.py:642} INFO - Processing file /home/airflow/.local/lib/python3.7/site-packages/airflow/example_dags/example_task_group.py for tasks to queue
[2023-02-02 17:29:32,323] {logging_mixin.py:109} INFO - [2023-02-02 17:29:32,323] {dagbag.py:500} INFO - Filling up the DagBag from /home/airflow/.local/lib/python3.7/site-packages/airflow/example_dags/example_task_group.py
[2023-02-02 17:29:32,429] {processor.py:654} INFO - DAG(s) dict_keys(['example_task_group']) retrieved from /home/airflow/.local/lib/python3.7/site-packages/airflow/example_dags/example_task_group.py
[2023-02-02 17:29:32,481] {logging_mixin.py:109} INFO - [2023-02-02 17:29:32,481] {dag.py:2396} INFO - Sync 1 DAGs
[2023-02-02 17:29:32,670] {logging_mixin.py:109} INFO - [2023-02-02 17:29:32,669] {dag.py:2935} INFO - Setting next_dagrun for example_task_group to 2023-02-01T17:29:32.669273+00:00
[2023-02-02 17:29:32,748] {processor.py:171} INFO - Processing /home/airflow/.local/lib/python3.7/site-packages/airflow/example_dags/example_task_group.py took 0.498 seconds
[2023-02-02 17:30:03,268] {processor.py:163} INFO - Started process (PID=1107) to work on /home/airflow/.local/lib/python3.7/site-packages/airflow/example_dags/example_task_group.py
[2023-02-02 17:30:03,272] {processor.py:642} INFO - Processing file /home/airflow/.local/lib/python3.7/site-packages/airflow/example_dags/example_task_group.py for tasks to queue
[2023-02-02 17:30:03,276] {logging_mixin.py:109} INFO - [2023-02-02 17:30:03,275] {dagbag.py:500} INFO - Filling up the DagBag from /home/airflow/.local/lib/python3.7/site-packages/airflow/example_dags/example_task_group.py
[2023-02-02 17:30:03,374] {processor.py:654} INFO - DAG(s) dict_keys(['example_task_group']) retrieved from /home/airflow/.local/lib/python3.7/site-packages/airflow/example_dags/example_task_group.py
[2023-02-02 17:30:03,399] {logging_mixin.py:109} INFO - [2023-02-02 17:30:03,399] {dag.py:2396} INFO - Sync 1 DAGs
[2023-02-02 17:30:03,439] {logging_mixin.py:109} INFO - [2023-02-02 17:30:03,439] {dag.py:2935} INFO - Setting next_dagrun for example_task_group to 2023-02-01T17:30:03.439242+00:00
[2023-02-02 17:30:03,465] {processor.py:171} INFO - Processing /home/airflow/.local/lib/python3.7/site-packages/airflow/example_dags/example_task_group.py took 0.206 seconds
[2023-02-02 17:30:34,281] {processor.py:163} INFO - Started process (PID=1157) to work on /home/airflow/.local/lib/python3.7/site-packages/airflow/example_dags/example_task_group.py
[2023-02-02 17:30:34,314] {processor.py:642} INFO - Processing file /home/airflow/.local/lib/python3.7/site-packages/airflow/example_dags/example_task_group.py for tasks to queue
[2023-02-02 17:30:34,327] {logging_mixin.py:109} INFO - [2023-02-02 17:30:34,326] {dagbag.py:500} INFO - Filling up the DagBag from /home/airflow/.local/lib/python3.7/site-packages/airflow/example_dags/example_task_group.py
[2023-02-02 17:30:34,530] {processor.py:654} INFO - DAG(s) dict_keys(['example_task_group']) retrieved from /home/airflow/.local/lib/python3.7/site-packages/airflow/example_dags/example_task_group.py
[2023-02-02 17:30:34,672] {logging_mixin.py:109} INFO - [2023-02-02 17:30:34,672] {dag.py:2396} INFO - Sync 1 DAGs
[2023-02-02 17:30:34,788] {logging_mixin.py:109} INFO - [2023-02-02 17:30:34,787] {dag.py:2935} INFO - Setting next_dagrun for example_task_group to 2023-02-01T17:30:34.787148+00:00
[2023-02-02 17:30:34,893] {processor.py:171} INFO - Processing /home/airflow/.local/lib/python3.7/site-packages/airflow/example_dags/example_task_group.py took 0.687 seconds
[2023-02-02 17:31:05,224] {processor.py:163} INFO - Started process (PID=1197) to work on /home/airflow/.local/lib/python3.7/site-packages/airflow/example_dags/example_task_group.py
[2023-02-02 17:31:05,226] {processor.py:642} INFO - Processing file /home/airflow/.local/lib/python3.7/site-packages/airflow/example_dags/example_task_group.py for tasks to queue
[2023-02-02 17:31:05,227] {logging_mixin.py:109} INFO - [2023-02-02 17:31:05,227] {dagbag.py:500} INFO - Filling up the DagBag from /home/airflow/.local/lib/python3.7/site-packages/airflow/example_dags/example_task_group.py
[2023-02-02 17:31:05,317] {processor.py:654} INFO - DAG(s) dict_keys(['example_task_group']) retrieved from /home/airflow/.local/lib/python3.7/site-packages/airflow/example_dags/example_task_group.py
[2023-02-02 17:31:05,348] {logging_mixin.py:109} INFO - [2023-02-02 17:31:05,348] {dag.py:2396} INFO - Sync 1 DAGs
[2023-02-02 17:31:05,401] {logging_mixin.py:109} INFO - [2023-02-02 17:31:05,400] {dag.py:2935} INFO - Setting next_dagrun for example_task_group to 2023-02-01T17:31:05.400262+00:00
[2023-02-02 17:31:05,788] {processor.py:171} INFO - Processing /home/airflow/.local/lib/python3.7/site-packages/airflow/example_dags/example_task_group.py took 0.596 seconds
[2023-02-02 17:31:38,007] {processor.py:163} INFO - Started process (PID=1247) to work on /home/airflow/.local/lib/python3.7/site-packages/airflow/example_dags/example_task_group.py
[2023-02-02 17:31:38,015] {processor.py:642} INFO - Processing file /home/airflow/.local/lib/python3.7/site-packages/airflow/example_dags/example_task_group.py for tasks to queue
[2023-02-02 17:31:38,024] {logging_mixin.py:109} INFO - [2023-02-02 17:31:38,024] {dagbag.py:500} INFO - Filling up the DagBag from /home/airflow/.local/lib/python3.7/site-packages/airflow/example_dags/example_task_group.py
[2023-02-02 17:31:38,206] {processor.py:654} INFO - DAG(s) dict_keys(['example_task_group']) retrieved from /home/airflow/.local/lib/python3.7/site-packages/airflow/example_dags/example_task_group.py
[2023-02-02 17:31:38,239] {logging_mixin.py:109} INFO - [2023-02-02 17:31:38,239] {dag.py:2396} INFO - Sync 1 DAGs
[2023-02-02 17:31:38,771] {logging_mixin.py:109} INFO - [2023-02-02 17:31:38,771] {dag.py:2935} INFO - Setting next_dagrun for example_task_group to 2023-02-01T17:31:38.771276+00:00
[2023-02-02 17:31:38,800] {processor.py:171} INFO - Processing /home/airflow/.local/lib/python3.7/site-packages/airflow/example_dags/example_task_group.py took 0.808 seconds
[2023-02-02 17:32:09,174] {processor.py:163} INFO - Started process (PID=1296) to work on /home/airflow/.local/lib/python3.7/site-packages/airflow/example_dags/example_task_group.py
[2023-02-02 17:32:09,181] {processor.py:642} INFO - Processing file /home/airflow/.local/lib/python3.7/site-packages/airflow/example_dags/example_task_group.py for tasks to queue
[2023-02-02 17:32:09,182] {logging_mixin.py:109} INFO - [2023-02-02 17:32:09,182] {dagbag.py:500} INFO - Filling up the DagBag from /home/airflow/.local/lib/python3.7/site-packages/airflow/example_dags/example_task_group.py
[2023-02-02 17:32:09,445] {processor.py:654} INFO - DAG(s) dict_keys(['example_task_group']) retrieved from /home/airflow/.local/lib/python3.7/site-packages/airflow/example_dags/example_task_group.py
[2023-02-02 17:32:09,522] {logging_mixin.py:109} INFO - [2023-02-02 17:32:09,521] {dag.py:2396} INFO - Sync 1 DAGs
[2023-02-02 17:32:10,303] {logging_mixin.py:109} INFO - [2023-02-02 17:32:10,302] {dag.py:2935} INFO - Setting next_dagrun for example_task_group to 2023-02-01T17:32:10.302505+00:00
[2023-02-02 17:32:10,419] {processor.py:171} INFO - Processing /home/airflow/.local/lib/python3.7/site-packages/airflow/example_dags/example_task_group.py took 1.299 seconds
[2023-02-02 17:32:40,810] {processor.py:163} INFO - Started process (PID=1335) to work on /home/airflow/.local/lib/python3.7/site-packages/airflow/example_dags/example_task_group.py
[2023-02-02 17:32:40,814] {processor.py:642} INFO - Processing file /home/airflow/.local/lib/python3.7/site-packages/airflow/example_dags/example_task_group.py for tasks to queue
[2023-02-02 17:32:40,821] {logging_mixin.py:109} INFO - [2023-02-02 17:32:40,820] {dagbag.py:500} INFO - Filling up the DagBag from /home/airflow/.local/lib/python3.7/site-packages/airflow/example_dags/example_task_group.py
[2023-02-02 17:32:40,902] {processor.py:654} INFO - DAG(s) dict_keys(['example_task_group']) retrieved from /home/airflow/.local/lib/python3.7/site-packages/airflow/example_dags/example_task_group.py
[2023-02-02 17:32:40,925] {logging_mixin.py:109} INFO - [2023-02-02 17:32:40,925] {dag.py:2396} INFO - Sync 1 DAGs
[2023-02-02 17:32:41,199] {logging_mixin.py:109} INFO - [2023-02-02 17:32:41,199] {dag.py:2935} INFO - Setting next_dagrun for example_task_group to 2023-02-01T17:32:41.199067+00:00
[2023-02-02 17:32:41,240] {processor.py:171} INFO - Processing /home/airflow/.local/lib/python3.7/site-packages/airflow/example_dags/example_task_group.py took 0.444 seconds
[2023-02-02 17:33:14,036] {processor.py:163} INFO - Started process (PID=1384) to work on /home/airflow/.local/lib/python3.7/site-packages/airflow/example_dags/example_task_group.py
[2023-02-02 17:33:14,038] {processor.py:642} INFO - Processing file /home/airflow/.local/lib/python3.7/site-packages/airflow/example_dags/example_task_group.py for tasks to queue
[2023-02-02 17:33:14,061] {logging_mixin.py:109} INFO - [2023-02-02 17:33:14,060] {dagbag.py:500} INFO - Filling up the DagBag from /home/airflow/.local/lib/python3.7/site-packages/airflow/example_dags/example_task_group.py
[2023-02-02 17:33:14,319] {processor.py:654} INFO - DAG(s) dict_keys(['example_task_group']) retrieved from /home/airflow/.local/lib/python3.7/site-packages/airflow/example_dags/example_task_group.py
[2023-02-02 17:33:14,473] {logging_mixin.py:109} INFO - [2023-02-02 17:33:14,473] {dag.py:2396} INFO - Sync 1 DAGs
[2023-02-02 17:33:15,201] {logging_mixin.py:109} INFO - [2023-02-02 17:33:15,200] {dag.py:2935} INFO - Setting next_dagrun for example_task_group to 2023-02-01T17:33:15.200377+00:00
[2023-02-02 17:33:15,262] {processor.py:171} INFO - Processing /home/airflow/.local/lib/python3.7/site-packages/airflow/example_dags/example_task_group.py took 1.277 seconds
[2023-02-02 17:33:45,520] {processor.py:163} INFO - Started process (PID=1434) to work on /home/airflow/.local/lib/python3.7/site-packages/airflow/example_dags/example_task_group.py
[2023-02-02 17:33:45,522] {processor.py:642} INFO - Processing file /home/airflow/.local/lib/python3.7/site-packages/airflow/example_dags/example_task_group.py for tasks to queue
[2023-02-02 17:33:45,523] {logging_mixin.py:109} INFO - [2023-02-02 17:33:45,522] {dagbag.py:500} INFO - Filling up the DagBag from /home/airflow/.local/lib/python3.7/site-packages/airflow/example_dags/example_task_group.py
[2023-02-02 17:33:45,724] {processor.py:654} INFO - DAG(s) dict_keys(['example_task_group']) retrieved from /home/airflow/.local/lib/python3.7/site-packages/airflow/example_dags/example_task_group.py
[2023-02-02 17:33:45,749] {logging_mixin.py:109} INFO - [2023-02-02 17:33:45,749] {dag.py:2396} INFO - Sync 1 DAGs
[2023-02-02 17:33:45,810] {logging_mixin.py:109} INFO - [2023-02-02 17:33:45,810] {dag.py:2935} INFO - Setting next_dagrun for example_task_group to 2023-02-01T17:33:45.810058+00:00
[2023-02-02 17:33:45,869] {processor.py:171} INFO - Processing /home/airflow/.local/lib/python3.7/site-packages/airflow/example_dags/example_task_group.py took 0.356 seconds
