[2023-02-02 17:18:29,973] {processor.py:163} INFO - Started process (PID=88) to work on /home/airflow/.local/lib/python3.7/site-packages/airflow/example_dags/tutorial_etl_dag.py
[2023-02-02 17:18:29,975] {processor.py:642} INFO - Processing file /home/airflow/.local/lib/python3.7/site-packages/airflow/example_dags/tutorial_etl_dag.py for tasks to queue
[2023-02-02 17:18:29,976] {logging_mixin.py:109} INFO - [2023-02-02 17:18:29,976] {dagbag.py:500} INFO - Filling up the DagBag from /home/airflow/.local/lib/python3.7/site-packages/airflow/example_dags/tutorial_etl_dag.py
[2023-02-02 17:18:30,489] {processor.py:654} INFO - DAG(s) dict_keys(['tutorial_etl_dag']) retrieved from /home/airflow/.local/lib/python3.7/site-packages/airflow/example_dags/tutorial_etl_dag.py
[2023-02-02 17:18:30,572] {logging_mixin.py:109} INFO - [2023-02-02 17:18:30,572] {dag.py:2396} INFO - Sync 1 DAGs
[2023-02-02 17:18:30,716] {logging_mixin.py:109} INFO - [2023-02-02 17:18:30,716] {dag.py:2935} INFO - Setting next_dagrun for tutorial_etl_dag to None
[2023-02-02 17:18:30,789] {processor.py:171} INFO - Processing /home/airflow/.local/lib/python3.7/site-packages/airflow/example_dags/tutorial_etl_dag.py took 0.870 seconds
[2023-02-02 17:19:02,557] {processor.py:163} INFO - Started process (PID=131) to work on /home/airflow/.local/lib/python3.7/site-packages/airflow/example_dags/tutorial_etl_dag.py
[2023-02-02 17:19:02,560] {processor.py:642} INFO - Processing file /home/airflow/.local/lib/python3.7/site-packages/airflow/example_dags/tutorial_etl_dag.py for tasks to queue
[2023-02-02 17:19:02,569] {logging_mixin.py:109} INFO - [2023-02-02 17:19:02,569] {dagbag.py:500} INFO - Filling up the DagBag from /home/airflow/.local/lib/python3.7/site-packages/airflow/example_dags/tutorial_etl_dag.py
[2023-02-02 17:19:02,736] {processor.py:654} INFO - DAG(s) dict_keys(['tutorial_etl_dag']) retrieved from /home/airflow/.local/lib/python3.7/site-packages/airflow/example_dags/tutorial_etl_dag.py
[2023-02-02 17:19:02,835] {logging_mixin.py:109} INFO - [2023-02-02 17:19:02,835] {dag.py:2396} INFO - Sync 1 DAGs
[2023-02-02 17:19:03,079] {logging_mixin.py:109} INFO - [2023-02-02 17:19:03,079] {dag.py:2935} INFO - Setting next_dagrun for tutorial_etl_dag to None
[2023-02-02 17:19:03,172] {processor.py:171} INFO - Processing /home/airflow/.local/lib/python3.7/site-packages/airflow/example_dags/tutorial_etl_dag.py took 0.656 seconds
[2023-02-02 17:19:33,704] {processor.py:163} INFO - Started process (PID=181) to work on /home/airflow/.local/lib/python3.7/site-packages/airflow/example_dags/tutorial_etl_dag.py
[2023-02-02 17:19:33,706] {processor.py:642} INFO - Processing file /home/airflow/.local/lib/python3.7/site-packages/airflow/example_dags/tutorial_etl_dag.py for tasks to queue
[2023-02-02 17:19:33,708] {logging_mixin.py:109} INFO - [2023-02-02 17:19:33,707] {dagbag.py:500} INFO - Filling up the DagBag from /home/airflow/.local/lib/python3.7/site-packages/airflow/example_dags/tutorial_etl_dag.py
[2023-02-02 17:19:33,933] {processor.py:654} INFO - DAG(s) dict_keys(['tutorial_etl_dag']) retrieved from /home/airflow/.local/lib/python3.7/site-packages/airflow/example_dags/tutorial_etl_dag.py
[2023-02-02 17:19:34,003] {logging_mixin.py:109} INFO - [2023-02-02 17:19:34,003] {dag.py:2396} INFO - Sync 1 DAGs
[2023-02-02 17:19:34,131] {logging_mixin.py:109} INFO - [2023-02-02 17:19:34,131] {dag.py:2935} INFO - Setting next_dagrun for tutorial_etl_dag to None
[2023-02-02 17:19:34,182] {processor.py:171} INFO - Processing /home/airflow/.local/lib/python3.7/site-packages/airflow/example_dags/tutorial_etl_dag.py took 0.505 seconds
[2023-02-02 17:20:04,392] {processor.py:163} INFO - Started process (PID=221) to work on /home/airflow/.local/lib/python3.7/site-packages/airflow/example_dags/tutorial_etl_dag.py
[2023-02-02 17:20:04,396] {processor.py:642} INFO - Processing file /home/airflow/.local/lib/python3.7/site-packages/airflow/example_dags/tutorial_etl_dag.py for tasks to queue
[2023-02-02 17:20:04,398] {logging_mixin.py:109} INFO - [2023-02-02 17:20:04,397] {dagbag.py:500} INFO - Filling up the DagBag from /home/airflow/.local/lib/python3.7/site-packages/airflow/example_dags/tutorial_etl_dag.py
[2023-02-02 17:20:04,525] {processor.py:654} INFO - DAG(s) dict_keys(['tutorial_etl_dag']) retrieved from /home/airflow/.local/lib/python3.7/site-packages/airflow/example_dags/tutorial_etl_dag.py
[2023-02-02 17:20:04,564] {logging_mixin.py:109} INFO - [2023-02-02 17:20:04,563] {dag.py:2396} INFO - Sync 1 DAGs
[2023-02-02 17:20:04,631] {logging_mixin.py:109} INFO - [2023-02-02 17:20:04,631] {dag.py:2935} INFO - Setting next_dagrun for tutorial_etl_dag to None
[2023-02-02 17:20:04,685] {processor.py:171} INFO - Processing /home/airflow/.local/lib/python3.7/site-packages/airflow/example_dags/tutorial_etl_dag.py took 0.342 seconds
[2023-02-02 17:20:35,080] {processor.py:163} INFO - Started process (PID=271) to work on /home/airflow/.local/lib/python3.7/site-packages/airflow/example_dags/tutorial_etl_dag.py
[2023-02-02 17:20:35,082] {processor.py:642} INFO - Processing file /home/airflow/.local/lib/python3.7/site-packages/airflow/example_dags/tutorial_etl_dag.py for tasks to queue
[2023-02-02 17:20:35,083] {logging_mixin.py:109} INFO - [2023-02-02 17:20:35,083] {dagbag.py:500} INFO - Filling up the DagBag from /home/airflow/.local/lib/python3.7/site-packages/airflow/example_dags/tutorial_etl_dag.py
[2023-02-02 17:20:35,242] {processor.py:654} INFO - DAG(s) dict_keys(['tutorial_etl_dag']) retrieved from /home/airflow/.local/lib/python3.7/site-packages/airflow/example_dags/tutorial_etl_dag.py
[2023-02-02 17:20:35,268] {logging_mixin.py:109} INFO - [2023-02-02 17:20:35,268] {dag.py:2396} INFO - Sync 1 DAGs
[2023-02-02 17:20:35,323] {logging_mixin.py:109} INFO - [2023-02-02 17:20:35,323] {dag.py:2935} INFO - Setting next_dagrun for tutorial_etl_dag to None
[2023-02-02 17:20:35,358] {processor.py:171} INFO - Processing /home/airflow/.local/lib/python3.7/site-packages/airflow/example_dags/tutorial_etl_dag.py took 0.307 seconds
[2023-02-02 17:21:05,762] {processor.py:163} INFO - Started process (PID=311) to work on /home/airflow/.local/lib/python3.7/site-packages/airflow/example_dags/tutorial_etl_dag.py
[2023-02-02 17:21:05,766] {processor.py:642} INFO - Processing file /home/airflow/.local/lib/python3.7/site-packages/airflow/example_dags/tutorial_etl_dag.py for tasks to queue
[2023-02-02 17:21:05,768] {logging_mixin.py:109} INFO - [2023-02-02 17:21:05,767] {dagbag.py:500} INFO - Filling up the DagBag from /home/airflow/.local/lib/python3.7/site-packages/airflow/example_dags/tutorial_etl_dag.py
[2023-02-02 17:21:05,912] {processor.py:654} INFO - DAG(s) dict_keys(['tutorial_etl_dag']) retrieved from /home/airflow/.local/lib/python3.7/site-packages/airflow/example_dags/tutorial_etl_dag.py
[2023-02-02 17:21:05,956] {logging_mixin.py:109} INFO - [2023-02-02 17:21:05,955] {dag.py:2396} INFO - Sync 1 DAGs
[2023-02-02 17:21:06,010] {logging_mixin.py:109} INFO - [2023-02-02 17:21:06,010] {dag.py:2935} INFO - Setting next_dagrun for tutorial_etl_dag to None
[2023-02-02 17:21:06,047] {processor.py:171} INFO - Processing /home/airflow/.local/lib/python3.7/site-packages/airflow/example_dags/tutorial_etl_dag.py took 0.300 seconds
[2023-02-02 17:21:37,102] {processor.py:163} INFO - Started process (PID=361) to work on /home/airflow/.local/lib/python3.7/site-packages/airflow/example_dags/tutorial_etl_dag.py
[2023-02-02 17:21:37,110] {processor.py:642} INFO - Processing file /home/airflow/.local/lib/python3.7/site-packages/airflow/example_dags/tutorial_etl_dag.py for tasks to queue
[2023-02-02 17:21:37,112] {logging_mixin.py:109} INFO - [2023-02-02 17:21:37,111] {dagbag.py:500} INFO - Filling up the DagBag from /home/airflow/.local/lib/python3.7/site-packages/airflow/example_dags/tutorial_etl_dag.py
[2023-02-02 17:21:37,197] {processor.py:654} INFO - DAG(s) dict_keys(['tutorial_etl_dag']) retrieved from /home/airflow/.local/lib/python3.7/site-packages/airflow/example_dags/tutorial_etl_dag.py
[2023-02-02 17:21:37,233] {logging_mixin.py:109} INFO - [2023-02-02 17:21:37,233] {dag.py:2396} INFO - Sync 1 DAGs
[2023-02-02 17:21:37,293] {logging_mixin.py:109} INFO - [2023-02-02 17:21:37,293] {dag.py:2935} INFO - Setting next_dagrun for tutorial_etl_dag to None
[2023-02-02 17:21:37,328] {processor.py:171} INFO - Processing /home/airflow/.local/lib/python3.7/site-packages/airflow/example_dags/tutorial_etl_dag.py took 0.235 seconds
[2023-02-02 17:22:07,976] {processor.py:163} INFO - Started process (PID=410) to work on /home/airflow/.local/lib/python3.7/site-packages/airflow/example_dags/tutorial_etl_dag.py
[2023-02-02 17:22:07,984] {processor.py:642} INFO - Processing file /home/airflow/.local/lib/python3.7/site-packages/airflow/example_dags/tutorial_etl_dag.py for tasks to queue
[2023-02-02 17:22:07,986] {logging_mixin.py:109} INFO - [2023-02-02 17:22:07,986] {dagbag.py:500} INFO - Filling up the DagBag from /home/airflow/.local/lib/python3.7/site-packages/airflow/example_dags/tutorial_etl_dag.py
[2023-02-02 17:22:08,074] {processor.py:654} INFO - DAG(s) dict_keys(['tutorial_etl_dag']) retrieved from /home/airflow/.local/lib/python3.7/site-packages/airflow/example_dags/tutorial_etl_dag.py
[2023-02-02 17:22:08,105] {logging_mixin.py:109} INFO - [2023-02-02 17:22:08,104] {dag.py:2396} INFO - Sync 1 DAGs
[2023-02-02 17:22:08,146] {logging_mixin.py:109} INFO - [2023-02-02 17:22:08,146] {dag.py:2935} INFO - Setting next_dagrun for tutorial_etl_dag to None
[2023-02-02 17:22:08,174] {processor.py:171} INFO - Processing /home/airflow/.local/lib/python3.7/site-packages/airflow/example_dags/tutorial_etl_dag.py took 0.217 seconds
[2023-02-02 17:22:38,681] {processor.py:163} INFO - Started process (PID=451) to work on /home/airflow/.local/lib/python3.7/site-packages/airflow/example_dags/tutorial_etl_dag.py
[2023-02-02 17:22:38,693] {processor.py:642} INFO - Processing file /home/airflow/.local/lib/python3.7/site-packages/airflow/example_dags/tutorial_etl_dag.py for tasks to queue
[2023-02-02 17:22:38,694] {logging_mixin.py:109} INFO - [2023-02-02 17:22:38,694] {dagbag.py:500} INFO - Filling up the DagBag from /home/airflow/.local/lib/python3.7/site-packages/airflow/example_dags/tutorial_etl_dag.py
[2023-02-02 17:22:38,847] {processor.py:654} INFO - DAG(s) dict_keys(['tutorial_etl_dag']) retrieved from /home/airflow/.local/lib/python3.7/site-packages/airflow/example_dags/tutorial_etl_dag.py
[2023-02-02 17:22:38,870] {logging_mixin.py:109} INFO - [2023-02-02 17:22:38,869] {dag.py:2396} INFO - Sync 1 DAGs
[2023-02-02 17:22:38,911] {logging_mixin.py:109} INFO - [2023-02-02 17:22:38,911] {dag.py:2935} INFO - Setting next_dagrun for tutorial_etl_dag to None
[2023-02-02 17:22:38,956] {processor.py:171} INFO - Processing /home/airflow/.local/lib/python3.7/site-packages/airflow/example_dags/tutorial_etl_dag.py took 0.300 seconds
[2023-02-02 17:23:11,046] {processor.py:163} INFO - Started process (PID=501) to work on /home/airflow/.local/lib/python3.7/site-packages/airflow/example_dags/tutorial_etl_dag.py
[2023-02-02 17:23:11,054] {processor.py:642} INFO - Processing file /home/airflow/.local/lib/python3.7/site-packages/airflow/example_dags/tutorial_etl_dag.py for tasks to queue
[2023-02-02 17:23:11,055] {logging_mixin.py:109} INFO - [2023-02-02 17:23:11,055] {dagbag.py:500} INFO - Filling up the DagBag from /home/airflow/.local/lib/python3.7/site-packages/airflow/example_dags/tutorial_etl_dag.py
[2023-02-02 17:23:11,152] {processor.py:654} INFO - DAG(s) dict_keys(['tutorial_etl_dag']) retrieved from /home/airflow/.local/lib/python3.7/site-packages/airflow/example_dags/tutorial_etl_dag.py
[2023-02-02 17:23:11,195] {logging_mixin.py:109} INFO - [2023-02-02 17:23:11,194] {dag.py:2396} INFO - Sync 1 DAGs
[2023-02-02 17:23:11,246] {logging_mixin.py:109} INFO - [2023-02-02 17:23:11,246] {dag.py:2935} INFO - Setting next_dagrun for tutorial_etl_dag to None
[2023-02-02 17:23:11,301] {processor.py:171} INFO - Processing /home/airflow/.local/lib/python3.7/site-packages/airflow/example_dags/tutorial_etl_dag.py took 0.263 seconds
[2023-02-02 17:23:41,877] {processor.py:163} INFO - Started process (PID=551) to work on /home/airflow/.local/lib/python3.7/site-packages/airflow/example_dags/tutorial_etl_dag.py
[2023-02-02 17:23:41,882] {processor.py:642} INFO - Processing file /home/airflow/.local/lib/python3.7/site-packages/airflow/example_dags/tutorial_etl_dag.py for tasks to queue
[2023-02-02 17:23:41,883] {logging_mixin.py:109} INFO - [2023-02-02 17:23:41,883] {dagbag.py:500} INFO - Filling up the DagBag from /home/airflow/.local/lib/python3.7/site-packages/airflow/example_dags/tutorial_etl_dag.py
[2023-02-02 17:23:41,933] {processor.py:654} INFO - DAG(s) dict_keys(['tutorial_etl_dag']) retrieved from /home/airflow/.local/lib/python3.7/site-packages/airflow/example_dags/tutorial_etl_dag.py
[2023-02-02 17:23:41,954] {logging_mixin.py:109} INFO - [2023-02-02 17:23:41,953] {dag.py:2396} INFO - Sync 1 DAGs
[2023-02-02 17:23:41,988] {logging_mixin.py:109} INFO - [2023-02-02 17:23:41,987] {dag.py:2935} INFO - Setting next_dagrun for tutorial_etl_dag to None
[2023-02-02 17:23:42,055] {processor.py:171} INFO - Processing /home/airflow/.local/lib/python3.7/site-packages/airflow/example_dags/tutorial_etl_dag.py took 0.183 seconds
[2023-02-02 17:24:15,456] {processor.py:163} INFO - Started process (PID=593) to work on /home/airflow/.local/lib/python3.7/site-packages/airflow/example_dags/tutorial_etl_dag.py
[2023-02-02 17:24:15,462] {processor.py:642} INFO - Processing file /home/airflow/.local/lib/python3.7/site-packages/airflow/example_dags/tutorial_etl_dag.py for tasks to queue
[2023-02-02 17:24:15,463] {logging_mixin.py:109} INFO - [2023-02-02 17:24:15,463] {dagbag.py:500} INFO - Filling up the DagBag from /home/airflow/.local/lib/python3.7/site-packages/airflow/example_dags/tutorial_etl_dag.py
[2023-02-02 17:24:15,636] {processor.py:654} INFO - DAG(s) dict_keys(['tutorial_etl_dag']) retrieved from /home/airflow/.local/lib/python3.7/site-packages/airflow/example_dags/tutorial_etl_dag.py
[2023-02-02 17:24:15,713] {logging_mixin.py:109} INFO - [2023-02-02 17:24:15,713] {dag.py:2396} INFO - Sync 1 DAGs
[2023-02-02 17:24:15,858] {logging_mixin.py:109} INFO - [2023-02-02 17:24:15,858] {dag.py:2935} INFO - Setting next_dagrun for tutorial_etl_dag to None
[2023-02-02 17:24:15,939] {processor.py:171} INFO - Processing /home/airflow/.local/lib/python3.7/site-packages/airflow/example_dags/tutorial_etl_dag.py took 0.515 seconds
[2023-02-02 17:24:46,495] {processor.py:163} INFO - Started process (PID=643) to work on /home/airflow/.local/lib/python3.7/site-packages/airflow/example_dags/tutorial_etl_dag.py
[2023-02-02 17:24:46,503] {processor.py:642} INFO - Processing file /home/airflow/.local/lib/python3.7/site-packages/airflow/example_dags/tutorial_etl_dag.py for tasks to queue
[2023-02-02 17:24:46,504] {logging_mixin.py:109} INFO - [2023-02-02 17:24:46,504] {dagbag.py:500} INFO - Filling up the DagBag from /home/airflow/.local/lib/python3.7/site-packages/airflow/example_dags/tutorial_etl_dag.py
[2023-02-02 17:24:46,642] {processor.py:654} INFO - DAG(s) dict_keys(['tutorial_etl_dag']) retrieved from /home/airflow/.local/lib/python3.7/site-packages/airflow/example_dags/tutorial_etl_dag.py
[2023-02-02 17:24:46,708] {logging_mixin.py:109} INFO - [2023-02-02 17:24:46,708] {dag.py:2396} INFO - Sync 1 DAGs
[2023-02-02 17:24:46,799] {logging_mixin.py:109} INFO - [2023-02-02 17:24:46,799] {dag.py:2935} INFO - Setting next_dagrun for tutorial_etl_dag to None
[2023-02-02 17:24:46,863] {processor.py:171} INFO - Processing /home/airflow/.local/lib/python3.7/site-packages/airflow/example_dags/tutorial_etl_dag.py took 0.373 seconds
[2023-02-02 17:25:17,730] {processor.py:163} INFO - Started process (PID=693) to work on /home/airflow/.local/lib/python3.7/site-packages/airflow/example_dags/tutorial_etl_dag.py
[2023-02-02 17:25:17,738] {processor.py:642} INFO - Processing file /home/airflow/.local/lib/python3.7/site-packages/airflow/example_dags/tutorial_etl_dag.py for tasks to queue
[2023-02-02 17:25:17,740] {logging_mixin.py:109} INFO - [2023-02-02 17:25:17,739] {dagbag.py:500} INFO - Filling up the DagBag from /home/airflow/.local/lib/python3.7/site-packages/airflow/example_dags/tutorial_etl_dag.py
[2023-02-02 17:25:17,897] {processor.py:654} INFO - DAG(s) dict_keys(['tutorial_etl_dag']) retrieved from /home/airflow/.local/lib/python3.7/site-packages/airflow/example_dags/tutorial_etl_dag.py
[2023-02-02 17:25:17,942] {logging_mixin.py:109} INFO - [2023-02-02 17:25:17,942] {dag.py:2396} INFO - Sync 1 DAGs
[2023-02-02 17:25:18,041] {logging_mixin.py:109} INFO - [2023-02-02 17:25:18,041] {dag.py:2935} INFO - Setting next_dagrun for tutorial_etl_dag to None
[2023-02-02 17:25:18,076] {processor.py:171} INFO - Processing /home/airflow/.local/lib/python3.7/site-packages/airflow/example_dags/tutorial_etl_dag.py took 0.353 seconds
[2023-02-02 17:25:48,170] {processor.py:163} INFO - Started process (PID=733) to work on /home/airflow/.local/lib/python3.7/site-packages/airflow/example_dags/tutorial_etl_dag.py
[2023-02-02 17:25:48,173] {processor.py:642} INFO - Processing file /home/airflow/.local/lib/python3.7/site-packages/airflow/example_dags/tutorial_etl_dag.py for tasks to queue
[2023-02-02 17:25:48,174] {logging_mixin.py:109} INFO - [2023-02-02 17:25:48,174] {dagbag.py:500} INFO - Filling up the DagBag from /home/airflow/.local/lib/python3.7/site-packages/airflow/example_dags/tutorial_etl_dag.py
[2023-02-02 17:25:48,240] {processor.py:654} INFO - DAG(s) dict_keys(['tutorial_etl_dag']) retrieved from /home/airflow/.local/lib/python3.7/site-packages/airflow/example_dags/tutorial_etl_dag.py
[2023-02-02 17:25:48,267] {logging_mixin.py:109} INFO - [2023-02-02 17:25:48,267] {dag.py:2396} INFO - Sync 1 DAGs
[2023-02-02 17:25:48,320] {logging_mixin.py:109} INFO - [2023-02-02 17:25:48,320] {dag.py:2935} INFO - Setting next_dagrun for tutorial_etl_dag to None
[2023-02-02 17:25:48,353] {processor.py:171} INFO - Processing /home/airflow/.local/lib/python3.7/site-packages/airflow/example_dags/tutorial_etl_dag.py took 0.199 seconds
[2023-02-02 17:26:20,009] {processor.py:163} INFO - Started process (PID=782) to work on /home/airflow/.local/lib/python3.7/site-packages/airflow/example_dags/tutorial_etl_dag.py
[2023-02-02 17:26:20,024] {processor.py:642} INFO - Processing file /home/airflow/.local/lib/python3.7/site-packages/airflow/example_dags/tutorial_etl_dag.py for tasks to queue
[2023-02-02 17:26:20,037] {logging_mixin.py:109} INFO - [2023-02-02 17:26:20,037] {dagbag.py:500} INFO - Filling up the DagBag from /home/airflow/.local/lib/python3.7/site-packages/airflow/example_dags/tutorial_etl_dag.py
[2023-02-02 17:26:20,188] {processor.py:654} INFO - DAG(s) dict_keys(['tutorial_etl_dag']) retrieved from /home/airflow/.local/lib/python3.7/site-packages/airflow/example_dags/tutorial_etl_dag.py
[2023-02-02 17:26:20,222] {logging_mixin.py:109} INFO - [2023-02-02 17:26:20,222] {dag.py:2396} INFO - Sync 1 DAGs
[2023-02-02 17:26:20,300] {logging_mixin.py:109} INFO - [2023-02-02 17:26:20,300] {dag.py:2935} INFO - Setting next_dagrun for tutorial_etl_dag to None
[2023-02-02 17:26:20,351] {processor.py:171} INFO - Processing /home/airflow/.local/lib/python3.7/site-packages/airflow/example_dags/tutorial_etl_dag.py took 0.354 seconds
[2023-02-02 17:26:50,707] {processor.py:163} INFO - Started process (PID=831) to work on /home/airflow/.local/lib/python3.7/site-packages/airflow/example_dags/tutorial_etl_dag.py
[2023-02-02 17:26:50,714] {processor.py:642} INFO - Processing file /home/airflow/.local/lib/python3.7/site-packages/airflow/example_dags/tutorial_etl_dag.py for tasks to queue
[2023-02-02 17:26:50,715] {logging_mixin.py:109} INFO - [2023-02-02 17:26:50,715] {dagbag.py:500} INFO - Filling up the DagBag from /home/airflow/.local/lib/python3.7/site-packages/airflow/example_dags/tutorial_etl_dag.py
[2023-02-02 17:26:50,961] {processor.py:654} INFO - DAG(s) dict_keys(['tutorial_etl_dag']) retrieved from /home/airflow/.local/lib/python3.7/site-packages/airflow/example_dags/tutorial_etl_dag.py
[2023-02-02 17:26:51,076] {logging_mixin.py:109} INFO - [2023-02-02 17:26:51,076] {dag.py:2396} INFO - Sync 1 DAGs
[2023-02-02 17:26:51,254] {logging_mixin.py:109} INFO - [2023-02-02 17:26:51,254] {dag.py:2935} INFO - Setting next_dagrun for tutorial_etl_dag to None
[2023-02-02 17:26:51,334] {processor.py:171} INFO - Processing /home/airflow/.local/lib/python3.7/site-packages/airflow/example_dags/tutorial_etl_dag.py took 0.644 seconds
[2023-02-02 17:27:22,011] {processor.py:163} INFO - Started process (PID=872) to work on /home/airflow/.local/lib/python3.7/site-packages/airflow/example_dags/tutorial_etl_dag.py
[2023-02-02 17:27:22,013] {processor.py:642} INFO - Processing file /home/airflow/.local/lib/python3.7/site-packages/airflow/example_dags/tutorial_etl_dag.py for tasks to queue
[2023-02-02 17:27:22,014] {logging_mixin.py:109} INFO - [2023-02-02 17:27:22,014] {dagbag.py:500} INFO - Filling up the DagBag from /home/airflow/.local/lib/python3.7/site-packages/airflow/example_dags/tutorial_etl_dag.py
[2023-02-02 17:27:22,097] {processor.py:654} INFO - DAG(s) dict_keys(['tutorial_etl_dag']) retrieved from /home/airflow/.local/lib/python3.7/site-packages/airflow/example_dags/tutorial_etl_dag.py
[2023-02-02 17:27:22,126] {logging_mixin.py:109} INFO - [2023-02-02 17:27:22,126] {dag.py:2396} INFO - Sync 1 DAGs
[2023-02-02 17:27:22,175] {logging_mixin.py:109} INFO - [2023-02-02 17:27:22,175] {dag.py:2935} INFO - Setting next_dagrun for tutorial_etl_dag to None
[2023-02-02 17:27:22,204] {processor.py:171} INFO - Processing /home/airflow/.local/lib/python3.7/site-packages/airflow/example_dags/tutorial_etl_dag.py took 0.209 seconds
[2023-02-02 17:27:53,868] {processor.py:163} INFO - Started process (PID=920) to work on /home/airflow/.local/lib/python3.7/site-packages/airflow/example_dags/tutorial_etl_dag.py
[2023-02-02 17:27:53,878] {processor.py:642} INFO - Processing file /home/airflow/.local/lib/python3.7/site-packages/airflow/example_dags/tutorial_etl_dag.py for tasks to queue
[2023-02-02 17:27:53,879] {logging_mixin.py:109} INFO - [2023-02-02 17:27:53,878] {dagbag.py:500} INFO - Filling up the DagBag from /home/airflow/.local/lib/python3.7/site-packages/airflow/example_dags/tutorial_etl_dag.py
[2023-02-02 17:27:54,088] {processor.py:654} INFO - DAG(s) dict_keys(['tutorial_etl_dag']) retrieved from /home/airflow/.local/lib/python3.7/site-packages/airflow/example_dags/tutorial_etl_dag.py
[2023-02-02 17:27:54,163] {logging_mixin.py:109} INFO - [2023-02-02 17:27:54,162] {dag.py:2396} INFO - Sync 1 DAGs
[2023-02-02 17:27:54,238] {logging_mixin.py:109} INFO - [2023-02-02 17:27:54,237] {dag.py:2935} INFO - Setting next_dagrun for tutorial_etl_dag to None
[2023-02-02 17:27:54,323] {processor.py:171} INFO - Processing /home/airflow/.local/lib/python3.7/site-packages/airflow/example_dags/tutorial_etl_dag.py took 0.488 seconds
[2023-02-02 17:28:25,040] {processor.py:163} INFO - Started process (PID=961) to work on /home/airflow/.local/lib/python3.7/site-packages/airflow/example_dags/tutorial_etl_dag.py
[2023-02-02 17:28:25,047] {processor.py:642} INFO - Processing file /home/airflow/.local/lib/python3.7/site-packages/airflow/example_dags/tutorial_etl_dag.py for tasks to queue
[2023-02-02 17:28:25,048] {logging_mixin.py:109} INFO - [2023-02-02 17:28:25,048] {dagbag.py:500} INFO - Filling up the DagBag from /home/airflow/.local/lib/python3.7/site-packages/airflow/example_dags/tutorial_etl_dag.py
[2023-02-02 17:28:25,200] {processor.py:654} INFO - DAG(s) dict_keys(['tutorial_etl_dag']) retrieved from /home/airflow/.local/lib/python3.7/site-packages/airflow/example_dags/tutorial_etl_dag.py
[2023-02-02 17:28:25,276] {logging_mixin.py:109} INFO - [2023-02-02 17:28:25,275] {dag.py:2396} INFO - Sync 1 DAGs
[2023-02-02 17:28:25,368] {logging_mixin.py:109} INFO - [2023-02-02 17:28:25,368] {dag.py:2935} INFO - Setting next_dagrun for tutorial_etl_dag to None
[2023-02-02 17:28:25,413] {processor.py:171} INFO - Processing /home/airflow/.local/lib/python3.7/site-packages/airflow/example_dags/tutorial_etl_dag.py took 0.388 seconds
[2023-02-02 17:28:56,080] {processor.py:163} INFO - Started process (PID=1011) to work on /home/airflow/.local/lib/python3.7/site-packages/airflow/example_dags/tutorial_etl_dag.py
[2023-02-02 17:28:56,094] {processor.py:642} INFO - Processing file /home/airflow/.local/lib/python3.7/site-packages/airflow/example_dags/tutorial_etl_dag.py for tasks to queue
[2023-02-02 17:28:56,095] {logging_mixin.py:109} INFO - [2023-02-02 17:28:56,094] {dagbag.py:500} INFO - Filling up the DagBag from /home/airflow/.local/lib/python3.7/site-packages/airflow/example_dags/tutorial_etl_dag.py
[2023-02-02 17:28:56,310] {processor.py:654} INFO - DAG(s) dict_keys(['tutorial_etl_dag']) retrieved from /home/airflow/.local/lib/python3.7/site-packages/airflow/example_dags/tutorial_etl_dag.py
[2023-02-02 17:28:56,373] {logging_mixin.py:109} INFO - [2023-02-02 17:28:56,373] {dag.py:2396} INFO - Sync 1 DAGs
[2023-02-02 17:28:56,525] {logging_mixin.py:109} INFO - [2023-02-02 17:28:56,525] {dag.py:2935} INFO - Setting next_dagrun for tutorial_etl_dag to None
[2023-02-02 17:28:56,607] {processor.py:171} INFO - Processing /home/airflow/.local/lib/python3.7/site-packages/airflow/example_dags/tutorial_etl_dag.py took 0.542 seconds
[2023-02-02 17:29:26,734] {processor.py:163} INFO - Started process (PID=1051) to work on /home/airflow/.local/lib/python3.7/site-packages/airflow/example_dags/tutorial_etl_dag.py
[2023-02-02 17:29:26,741] {processor.py:642} INFO - Processing file /home/airflow/.local/lib/python3.7/site-packages/airflow/example_dags/tutorial_etl_dag.py for tasks to queue
[2023-02-02 17:29:26,748] {logging_mixin.py:109} INFO - [2023-02-02 17:29:26,747] {dagbag.py:500} INFO - Filling up the DagBag from /home/airflow/.local/lib/python3.7/site-packages/airflow/example_dags/tutorial_etl_dag.py
[2023-02-02 17:29:26,948] {processor.py:654} INFO - DAG(s) dict_keys(['tutorial_etl_dag']) retrieved from /home/airflow/.local/lib/python3.7/site-packages/airflow/example_dags/tutorial_etl_dag.py
[2023-02-02 17:29:26,984] {logging_mixin.py:109} INFO - [2023-02-02 17:29:26,984] {dag.py:2396} INFO - Sync 1 DAGs
[2023-02-02 17:29:27,041] {logging_mixin.py:109} INFO - [2023-02-02 17:29:27,041] {dag.py:2935} INFO - Setting next_dagrun for tutorial_etl_dag to None
[2023-02-02 17:29:27,070] {processor.py:171} INFO - Processing /home/airflow/.local/lib/python3.7/site-packages/airflow/example_dags/tutorial_etl_dag.py took 0.345 seconds
[2023-02-02 17:29:57,734] {processor.py:163} INFO - Started process (PID=1101) to work on /home/airflow/.local/lib/python3.7/site-packages/airflow/example_dags/tutorial_etl_dag.py
[2023-02-02 17:29:57,736] {processor.py:642} INFO - Processing file /home/airflow/.local/lib/python3.7/site-packages/airflow/example_dags/tutorial_etl_dag.py for tasks to queue
[2023-02-02 17:29:57,743] {logging_mixin.py:109} INFO - [2023-02-02 17:29:57,742] {dagbag.py:500} INFO - Filling up the DagBag from /home/airflow/.local/lib/python3.7/site-packages/airflow/example_dags/tutorial_etl_dag.py
[2023-02-02 17:29:57,902] {processor.py:654} INFO - DAG(s) dict_keys(['tutorial_etl_dag']) retrieved from /home/airflow/.local/lib/python3.7/site-packages/airflow/example_dags/tutorial_etl_dag.py
[2023-02-02 17:29:57,947] {logging_mixin.py:109} INFO - [2023-02-02 17:29:57,947] {dag.py:2396} INFO - Sync 1 DAGs
[2023-02-02 17:29:58,079] {logging_mixin.py:109} INFO - [2023-02-02 17:29:58,078] {dag.py:2935} INFO - Setting next_dagrun for tutorial_etl_dag to None
[2023-02-02 17:29:58,206] {processor.py:171} INFO - Processing /home/airflow/.local/lib/python3.7/site-packages/airflow/example_dags/tutorial_etl_dag.py took 0.486 seconds
[2023-02-02 17:30:29,030] {processor.py:163} INFO - Started process (PID=1150) to work on /home/airflow/.local/lib/python3.7/site-packages/airflow/example_dags/tutorial_etl_dag.py
[2023-02-02 17:30:29,034] {processor.py:642} INFO - Processing file /home/airflow/.local/lib/python3.7/site-packages/airflow/example_dags/tutorial_etl_dag.py for tasks to queue
[2023-02-02 17:30:29,035] {logging_mixin.py:109} INFO - [2023-02-02 17:30:29,035] {dagbag.py:500} INFO - Filling up the DagBag from /home/airflow/.local/lib/python3.7/site-packages/airflow/example_dags/tutorial_etl_dag.py
[2023-02-02 17:30:29,310] {processor.py:654} INFO - DAG(s) dict_keys(['tutorial_etl_dag']) retrieved from /home/airflow/.local/lib/python3.7/site-packages/airflow/example_dags/tutorial_etl_dag.py
[2023-02-02 17:30:29,382] {logging_mixin.py:109} INFO - [2023-02-02 17:30:29,382] {dag.py:2396} INFO - Sync 1 DAGs
[2023-02-02 17:30:29,509] {logging_mixin.py:109} INFO - [2023-02-02 17:30:29,509] {dag.py:2935} INFO - Setting next_dagrun for tutorial_etl_dag to None
[2023-02-02 17:30:29,594] {processor.py:171} INFO - Processing /home/airflow/.local/lib/python3.7/site-packages/airflow/example_dags/tutorial_etl_dag.py took 0.612 seconds
[2023-02-02 17:31:00,201] {processor.py:163} INFO - Started process (PID=1191) to work on /home/airflow/.local/lib/python3.7/site-packages/airflow/example_dags/tutorial_etl_dag.py
[2023-02-02 17:31:00,206] {processor.py:642} INFO - Processing file /home/airflow/.local/lib/python3.7/site-packages/airflow/example_dags/tutorial_etl_dag.py for tasks to queue
[2023-02-02 17:31:00,207] {logging_mixin.py:109} INFO - [2023-02-02 17:31:00,207] {dagbag.py:500} INFO - Filling up the DagBag from /home/airflow/.local/lib/python3.7/site-packages/airflow/example_dags/tutorial_etl_dag.py
[2023-02-02 17:31:00,293] {processor.py:654} INFO - DAG(s) dict_keys(['tutorial_etl_dag']) retrieved from /home/airflow/.local/lib/python3.7/site-packages/airflow/example_dags/tutorial_etl_dag.py
[2023-02-02 17:31:00,316] {logging_mixin.py:109} INFO - [2023-02-02 17:31:00,316] {dag.py:2396} INFO - Sync 1 DAGs
[2023-02-02 17:31:00,365] {logging_mixin.py:109} INFO - [2023-02-02 17:31:00,364] {dag.py:2935} INFO - Setting next_dagrun for tutorial_etl_dag to None
[2023-02-02 17:31:00,394] {processor.py:171} INFO - Processing /home/airflow/.local/lib/python3.7/site-packages/airflow/example_dags/tutorial_etl_dag.py took 0.201 seconds
[2023-02-02 17:31:34,003] {processor.py:163} INFO - Started process (PID=1241) to work on /home/airflow/.local/lib/python3.7/site-packages/airflow/example_dags/tutorial_etl_dag.py
[2023-02-02 17:31:34,025] {processor.py:642} INFO - Processing file /home/airflow/.local/lib/python3.7/site-packages/airflow/example_dags/tutorial_etl_dag.py for tasks to queue
[2023-02-02 17:31:34,026] {logging_mixin.py:109} INFO - [2023-02-02 17:31:34,025] {dagbag.py:500} INFO - Filling up the DagBag from /home/airflow/.local/lib/python3.7/site-packages/airflow/example_dags/tutorial_etl_dag.py
[2023-02-02 17:31:34,366] {processor.py:654} INFO - DAG(s) dict_keys(['tutorial_etl_dag']) retrieved from /home/airflow/.local/lib/python3.7/site-packages/airflow/example_dags/tutorial_etl_dag.py
[2023-02-02 17:31:34,446] {logging_mixin.py:109} INFO - [2023-02-02 17:31:34,446] {dag.py:2396} INFO - Sync 1 DAGs
[2023-02-02 17:31:34,637] {logging_mixin.py:109} INFO - [2023-02-02 17:31:34,636] {dag.py:2935} INFO - Setting next_dagrun for tutorial_etl_dag to None
[2023-02-02 17:31:35,228] {processor.py:171} INFO - Processing /home/airflow/.local/lib/python3.7/site-packages/airflow/example_dags/tutorial_etl_dag.py took 1.237 seconds
[2023-02-02 17:32:05,775] {processor.py:163} INFO - Started process (PID=1282) to work on /home/airflow/.local/lib/python3.7/site-packages/airflow/example_dags/tutorial_etl_dag.py
[2023-02-02 17:32:05,777] {processor.py:642} INFO - Processing file /home/airflow/.local/lib/python3.7/site-packages/airflow/example_dags/tutorial_etl_dag.py for tasks to queue
[2023-02-02 17:32:05,779] {logging_mixin.py:109} INFO - [2023-02-02 17:32:05,778] {dagbag.py:500} INFO - Filling up the DagBag from /home/airflow/.local/lib/python3.7/site-packages/airflow/example_dags/tutorial_etl_dag.py
[2023-02-02 17:32:05,906] {processor.py:654} INFO - DAG(s) dict_keys(['tutorial_etl_dag']) retrieved from /home/airflow/.local/lib/python3.7/site-packages/airflow/example_dags/tutorial_etl_dag.py
[2023-02-02 17:32:05,964] {logging_mixin.py:109} INFO - [2023-02-02 17:32:05,964] {dag.py:2396} INFO - Sync 1 DAGs
[2023-02-02 17:32:06,482] {logging_mixin.py:109} INFO - [2023-02-02 17:32:06,481] {dag.py:2935} INFO - Setting next_dagrun for tutorial_etl_dag to None
[2023-02-02 17:32:06,542] {processor.py:171} INFO - Processing /home/airflow/.local/lib/python3.7/site-packages/airflow/example_dags/tutorial_etl_dag.py took 0.774 seconds
[2023-02-02 17:32:37,058] {processor.py:163} INFO - Started process (PID=1330) to work on /home/airflow/.local/lib/python3.7/site-packages/airflow/example_dags/tutorial_etl_dag.py
[2023-02-02 17:32:37,059] {processor.py:642} INFO - Processing file /home/airflow/.local/lib/python3.7/site-packages/airflow/example_dags/tutorial_etl_dag.py for tasks to queue
[2023-02-02 17:32:37,060] {logging_mixin.py:109} INFO - [2023-02-02 17:32:37,060] {dagbag.py:500} INFO - Filling up the DagBag from /home/airflow/.local/lib/python3.7/site-packages/airflow/example_dags/tutorial_etl_dag.py
[2023-02-02 17:32:37,332] {processor.py:654} INFO - DAG(s) dict_keys(['tutorial_etl_dag']) retrieved from /home/airflow/.local/lib/python3.7/site-packages/airflow/example_dags/tutorial_etl_dag.py
[2023-02-02 17:32:37,412] {logging_mixin.py:109} INFO - [2023-02-02 17:32:37,411] {dag.py:2396} INFO - Sync 1 DAGs
[2023-02-02 17:32:38,270] {logging_mixin.py:109} INFO - [2023-02-02 17:32:38,269] {dag.py:2935} INFO - Setting next_dagrun for tutorial_etl_dag to None
[2023-02-02 17:32:38,373] {processor.py:171} INFO - Processing /home/airflow/.local/lib/python3.7/site-packages/airflow/example_dags/tutorial_etl_dag.py took 1.381 seconds
[2023-02-02 17:33:08,924] {processor.py:163} INFO - Started process (PID=1379) to work on /home/airflow/.local/lib/python3.7/site-packages/airflow/example_dags/tutorial_etl_dag.py
[2023-02-02 17:33:08,937] {processor.py:642} INFO - Processing file /home/airflow/.local/lib/python3.7/site-packages/airflow/example_dags/tutorial_etl_dag.py for tasks to queue
[2023-02-02 17:33:08,938] {logging_mixin.py:109} INFO - [2023-02-02 17:33:08,938] {dagbag.py:500} INFO - Filling up the DagBag from /home/airflow/.local/lib/python3.7/site-packages/airflow/example_dags/tutorial_etl_dag.py
[2023-02-02 17:33:09,049] {processor.py:654} INFO - DAG(s) dict_keys(['tutorial_etl_dag']) retrieved from /home/airflow/.local/lib/python3.7/site-packages/airflow/example_dags/tutorial_etl_dag.py
[2023-02-02 17:33:09,150] {logging_mixin.py:109} INFO - [2023-02-02 17:33:09,150] {dag.py:2396} INFO - Sync 1 DAGs
[2023-02-02 17:33:10,666] {logging_mixin.py:109} INFO - [2023-02-02 17:33:10,665] {dag.py:2935} INFO - Setting next_dagrun for tutorial_etl_dag to None
[2023-02-02 17:33:10,754] {processor.py:171} INFO - Processing /home/airflow/.local/lib/python3.7/site-packages/airflow/example_dags/tutorial_etl_dag.py took 1.845 seconds
[2023-02-02 17:33:41,462] {processor.py:163} INFO - Started process (PID=1419) to work on /home/airflow/.local/lib/python3.7/site-packages/airflow/example_dags/tutorial_etl_dag.py
[2023-02-02 17:33:41,463] {processor.py:642} INFO - Processing file /home/airflow/.local/lib/python3.7/site-packages/airflow/example_dags/tutorial_etl_dag.py for tasks to queue
[2023-02-02 17:33:41,464] {logging_mixin.py:109} INFO - [2023-02-02 17:33:41,464] {dagbag.py:500} INFO - Filling up the DagBag from /home/airflow/.local/lib/python3.7/site-packages/airflow/example_dags/tutorial_etl_dag.py
[2023-02-02 17:33:41,634] {processor.py:654} INFO - DAG(s) dict_keys(['tutorial_etl_dag']) retrieved from /home/airflow/.local/lib/python3.7/site-packages/airflow/example_dags/tutorial_etl_dag.py
[2023-02-02 17:33:41,648] {logging_mixin.py:109} INFO - [2023-02-02 17:33:41,648] {dag.py:2396} INFO - Sync 1 DAGs
[2023-02-02 17:33:41,675] {logging_mixin.py:109} INFO - [2023-02-02 17:33:41,674] {dag.py:2935} INFO - Setting next_dagrun for tutorial_etl_dag to None
[2023-02-02 17:33:41,698] {processor.py:171} INFO - Processing /home/airflow/.local/lib/python3.7/site-packages/airflow/example_dags/tutorial_etl_dag.py took 0.240 seconds
